Loading plugins phase: Elapsed time ==> 0s.236ms
Initializing data phase: Elapsed time ==> 0s.000ms
<CYPRESSTAG name="CyDsfit arguments...">
cydsfit arguments: -.fdsnotice -.fdswarpdepfile=warp_dependencies.txt -.fdselabdepfile=elab_dependencies.txt -.fdsbldfile=generated_files.txt -p C:\Users\Snufkin\Documents\PSoC Creator\CRT_timer\CRT_timer.cydsn\CRT_timer.cyprj -d CY8C4245AXI-483 -s C:\Users\Snufkin\Documents\PSoC Creator\CRT_timer\CRT_timer.cydsn\Generated_Source\PSoC4 -- -yv2 -q10 -ygs -o2 -v3 -.fftcfgtype=LE</CYPRESSTAG>
<CYPRESSTAG name="Design elaboration results...">
</CYPRESSTAG>
Elaboration phase: Elapsed time ==> 2s.851ms
<CYPRESSTAG name="HDL generation results...">
</CYPRESSTAG>
HDL generation phase: Elapsed time ==> 0s.093ms
<CYPRESSTAG name="Synthesis results...">

     | | | | | | |
   _________________
  -|               |-
  -|               |-
  -|               |-
  -|    CYPRESS    |-
  -|               |-
  -|               |-   Warp Verilog Synthesis Compiler: Version 6.3 IR 41
  -|               |-   Copyright (C) 1991-2001 Cypress Semiconductor
   |_______________|
     | | | | | | |

======================================================================
Compiling:  CRT_timer.v
Program  :   C:\Program Files (x86)\Cypress\PSoC Creator\3.1\PSoC Creator\warp\bin/warp.exe
Options  :    -yv2 -q10 -ygs -o2 -v3 -.fftcfgtype=LE -ya -.fftprj=C:\Users\Snufkin\Documents\PSoC Creator\CRT_timer\CRT_timer.cydsn\CRT_timer.cyprj -dcpsoc3 CRT_timer.v -verilog
======================================================================

======================================================================
Compiling:  CRT_timer.v
Program  :   C:\Program Files (x86)\Cypress\PSoC Creator\3.1\PSoC Creator\warp\bin/warp.exe
Options  :    -yv2 -q10 -ygs -o2 -v3 -.fftcfgtype=LE -ya -.fftprj=C:\Users\Snufkin\Documents\PSoC Creator\CRT_timer\CRT_timer.cydsn\CRT_timer.cyprj -dcpsoc3 CRT_timer.v -verilog
======================================================================

======================================================================
Compiling:  CRT_timer.v
Program  :   vlogfe
Options  :    -yv2 -q10 -ygs -o2 -v3 -.fftcfgtype=LE -ya -.fftprj=C:\Users\Snufkin\Documents\PSoC Creator\CRT_timer\CRT_timer.cydsn\CRT_timer.cyprj -dcpsoc3 -verilog CRT_timer.v
======================================================================

vlogfe V6.3 IR 41:  Verilog parser
Wed Mar 11 00:13:12 2015


======================================================================
Compiling:  CRT_timer.v
Program  :   vpp
Options  :    -yv2 -q10 CRT_timer.v
======================================================================

vpp V6.3 IR 41:  Verilog Pre-Processor
Wed Mar 11 00:13:12 2015

Flattening file 'C:\Program Files (x86)\Cypress\PSoC Creator\3.1\PSoC Creator\warp\..\psoc\content\cyprimitives\CyPrimitives.cylib\ZeroTerminal\ZeroTerminal.v'
Flattening file 'C:\Program Files (x86)\Cypress\PSoC Creator\3.1\PSoC Creator\warp\..\psoc\content\cycomponentlibrary\CyComponentLibrary.cylib\B_Timer_v2_70\B_Timer_v2_70.v'
Flattening file 'C:\Program Files (x86)\Cypress\PSoC Creator\3.1\PSoC Creator\warp\lib\common\cypress.v'
Flattening file 'C:\Program Files (x86)\Cypress\PSoC Creator\3.1\PSoC Creator\warp\lib\common\cy_psoc3_inc.v'
Flattening file 'C:\Program Files (x86)\Cypress\PSoC Creator\3.1\PSoC Creator\warp\..\psoc\content\cyprimitives\CyPrimitives.cylib\or_v1_0\or_v1_0.v'
Flattening file 'C:\Program Files (x86)\Cypress\PSoC Creator\3.1\PSoC Creator\warp\..\psoc\content\cyprimitives\CyPrimitives.cylib\cy_analog_virtualmux_v1_0\cy_analog_virtualmux_v1_0.v'
Flattening file 'C:\Program Files (x86)\Cypress\PSoC Creator\3.1\PSoC Creator\warp\..\psoc\content\cycomponentlibrary\CyComponentLibrary.cylib\Bus_Connect_v2_0\Bus_Connect_v2_0.v'
Flattening file 'C:\Program Files (x86)\Cypress\PSoC Creator\3.1\PSoC Creator\warp\lib\common\cypress.v'
Flattening file 'C:\Program Files (x86)\Cypress\PSoC Creator\3.1\PSoC Creator\warp\..\psoc\content\cyprimitives\CyPrimitives.cylib\cy_virtualmux_v1_0\cy_virtualmux_v1_0.v'
Flattening file 'C:\Program Files (x86)\Cypress\PSoC Creator\3.1\PSoC Creator\warp\..\psoc\content\cycomponentlibrary\CyComponentLibrary.cylib\Debouncer_v1_0\Debouncer_v1_0.v'
Flattening file 'C:\Program Files (x86)\Cypress\PSoC Creator\3.1\PSoC Creator\warp\lib\common\cypress.v'

vpp:  No errors.

Library 'work' => directory 'lcpsoc3'
General_symbol_table
General_symbol_table
Linking 'C:\Program Files (x86)\Cypress\PSoC Creator\3.1\PSoC Creator\warp\lib\common\std.vhd'.
Linking 'C:\Program Files (x86)\Cypress\PSoC Creator\3.1\PSoC Creator\warp\lib\common\cypress.vhd'.
Linking 'C:\Program Files (x86)\Cypress\PSoC Creator\3.1\PSoC Creator\warp\lib\common\work\cypress.vif'.
Linking 'C:\Program Files (x86)\Cypress\PSoC Creator\3.1\PSoC Creator\warp\lib\ieee\work\stdlogic.vif'.
Linking 'C:\Program Files (x86)\Cypress\PSoC Creator\3.1\PSoC Creator\warp\lib\common\stdlogic\lpmpkg.vif'.
Linking 'C:\Program Files (x86)\Cypress\PSoC Creator\3.1\PSoC Creator\warp\lib\common\stdlogic\rtlpkg.vif'.
Linking 'C:\Program Files (x86)\Cypress\PSoC Creator\3.1\PSoC Creator\warp\lib\common\stdlogic\mod_cnst.vif'.
Linking 'C:\Program Files (x86)\Cypress\PSoC Creator\3.1\PSoC Creator\warp\lib\common\stdlogic\mod_mthv.vif'.
Linking 'C:\Program Files (x86)\Cypress\PSoC Creator\3.1\PSoC Creator\warp\lib\common\stdlogic\mod_genv.vif'.
Using control file 'CRT_timer.ctl'.
C:\Program Files (x86)\Cypress\PSoC Creator\3.1\PSoC Creator\warp\..\psoc\content\cycomponentlibrary\CyComponentLibrary.cylib\B_Timer_v2_70\B_Timer_v2_70.v (line 368, col 46):  Note: Substituting module 'cmp_vv_vv' for '='.
C:\Program Files (x86)\Cypress\PSoC Creator\3.1\PSoC Creator\warp\..\psoc\content\cycomponentlibrary\CyComponentLibrary.cylib\B_Timer_v2_70\B_Timer_v2_70.v (line 374, col 62):  Note: Substituting module 'add_vv_vv' for '+'.
Linking 'C:\Program Files (x86)\Cypress\PSoC Creator\3.1\PSoC Creator\warp\lib\common\stdlogic\cy_psoc3pkg.vif'.
Linking 'C:\Program Files (x86)\Cypress\PSoC Creator\3.1\PSoC Creator\warp\lib\common\stdlogic\cy_psoc3.vif'.

vlogfe:  No errors.


======================================================================
Compiling:  CRT_timer.v
Program  :   tovif
Options  :    -yv2 -q10 -ygs -o2 -v3 -.fftcfgtype=LE -ya -.fftprj=C:\Users\Snufkin\Documents\PSoC Creator\CRT_timer\CRT_timer.cydsn\CRT_timer.cyprj -dcpsoc3 -verilog CRT_timer.v
======================================================================

tovif V6.3 IR 41:  High-level synthesis
Wed Mar 11 00:13:13 2015

Linking 'C:\Program Files (x86)\Cypress\PSoC Creator\3.1\PSoC Creator\warp\lib\common\std.vhd'.
Linking 'C:\Program Files (x86)\Cypress\PSoC Creator\3.1\PSoC Creator\warp\lib\common\cypress.vhd'.
Linking 'C:\Program Files (x86)\Cypress\PSoC Creator\3.1\PSoC Creator\warp\lib\common\work\cypress.vif'.
Linking 'C:\Program Files (x86)\Cypress\PSoC Creator\3.1\PSoC Creator\warp\lib\ieee\work\stdlogic.vif'.
Linking 'C:\Program Files (x86)\Cypress\PSoC Creator\3.1\PSoC Creator\warp\lib\common\stdlogic\lpmpkg.vif'.
Linking 'C:\Program Files (x86)\Cypress\PSoC Creator\3.1\PSoC Creator\warp\lib\common\stdlogic\rtlpkg.vif'.
Linking 'C:\Program Files (x86)\Cypress\PSoC Creator\3.1\PSoC Creator\warp\lib\common\stdlogic\mod_cnst.vif'.
Linking 'C:\Program Files (x86)\Cypress\PSoC Creator\3.1\PSoC Creator\warp\lib\common\stdlogic\mod_mthv.vif'.
Linking 'C:\Program Files (x86)\Cypress\PSoC Creator\3.1\PSoC Creator\warp\lib\common\stdlogic\mod_genv.vif'.
Linking 'C:\Users\Snufkin\Documents\PSoC Creator\CRT_timer\CRT_timer.cydsn\codegentemp\CRT_timer.ctl'.
Linking 'C:\Program Files (x86)\Cypress\PSoC Creator\3.1\PSoC Creator\psoc\content\cyprimitives\CyPrimitives.cylib\ZeroTerminal\ZeroTerminal.v'.
Linking 'C:\Users\Snufkin\Documents\PSoC Creator\CRT_timer\CRT_timer.cydsn\codegentemp\CRT_timer.v'.
Linking 'C:\Program Files (x86)\Cypress\PSoC Creator\3.1\PSoC Creator\psoc\content\cycomponentlibrary\CyComponentLibrary.cylib\B_Timer_v2_70\B_Timer_v2_70.v'.
Linking 'C:\Program Files (x86)\Cypress\PSoC Creator\3.1\PSoC Creator\warp\lib\common\cypress.v'.
Linking 'C:\Program Files (x86)\Cypress\PSoC Creator\3.1\PSoC Creator\warp\lib\common\cy_psoc3_inc.v'.
Linking 'C:\Program Files (x86)\Cypress\PSoC Creator\3.1\PSoC Creator\psoc\content\cyprimitives\CyPrimitives.cylib\or_v1_0\or_v1_0.v'.
Linking 'C:\Program Files (x86)\Cypress\PSoC Creator\3.1\PSoC Creator\psoc\content\cyprimitives\CyPrimitives.cylib\cy_analog_virtualmux_v1_0\cy_analog_virtualmux_v1_0.v'.
Linking 'C:\Program Files (x86)\Cypress\PSoC Creator\3.1\PSoC Creator\psoc\content\cycomponentlibrary\CyComponentLibrary.cylib\Bus_Connect_v2_0\Bus_Connect_v2_0.v'.
Linking 'C:\Program Files (x86)\Cypress\PSoC Creator\3.1\PSoC Creator\psoc\content\cyprimitives\CyPrimitives.cylib\cy_virtualmux_v1_0\cy_virtualmux_v1_0.v'.
Linking 'C:\Program Files (x86)\Cypress\PSoC Creator\3.1\PSoC Creator\psoc\content\cycomponentlibrary\CyComponentLibrary.cylib\Debouncer_v1_0\Debouncer_v1_0.v'.
Linking 'C:\Program Files (x86)\Cypress\PSoC Creator\3.1\PSoC Creator\warp\lib\common\stdlogic\cy_psoc3pkg.vif'.
Linking 'C:\Program Files (x86)\Cypress\PSoC Creator\3.1\PSoC Creator\warp\lib\common\stdlogic\cy_psoc3.vif'.

tovif:  No errors.


======================================================================
Compiling:  CRT_timer.v
Program  :   topld
Options  :    -yv2 -q10 -ygs -o2 -v3 -.fftcfgtype=LE -ya -.fftprj=C:\Users\Snufkin\Documents\PSoC Creator\CRT_timer\CRT_timer.cydsn\CRT_timer.cyprj -dcpsoc3 -verilog CRT_timer.v
======================================================================

topld V6.3 IR 41:  Synthesis and optimization
Wed Mar 11 00:13:13 2015

Linking 'C:\Program Files (x86)\Cypress\PSoC Creator\3.1\PSoC Creator\warp\lib\common\std.vhd'.
Linking 'C:\Program Files (x86)\Cypress\PSoC Creator\3.1\PSoC Creator\warp\lib\common\cypress.vhd'.
Linking 'C:\Program Files (x86)\Cypress\PSoC Creator\3.1\PSoC Creator\warp\lib\common\work\cypress.vif'.
Linking 'C:\Program Files (x86)\Cypress\PSoC Creator\3.1\PSoC Creator\warp\lib\ieee\work\stdlogic.vif'.
Linking 'C:\Program Files (x86)\Cypress\PSoC Creator\3.1\PSoC Creator\warp\lib\common\stdlogic\lpmpkg.vif'.
Linking 'C:\Program Files (x86)\Cypress\PSoC Creator\3.1\PSoC Creator\warp\lib\common\stdlogic\rtlpkg.vif'.
Linking 'C:\Program Files (x86)\Cypress\PSoC Creator\3.1\PSoC Creator\warp\lib\common\stdlogic\mod_cnst.vif'.
Linking 'C:\Program Files (x86)\Cypress\PSoC Creator\3.1\PSoC Creator\warp\lib\common\stdlogic\mod_mthv.vif'.
Linking 'C:\Program Files (x86)\Cypress\PSoC Creator\3.1\PSoC Creator\warp\lib\common\stdlogic\mod_genv.vif'.
Linking 'C:\Users\Snufkin\Documents\PSoC Creator\CRT_timer\CRT_timer.cydsn\codegentemp\CRT_timer.ctl'.
Linking 'C:\Program Files (x86)\Cypress\PSoC Creator\3.1\PSoC Creator\psoc\content\cyprimitives\CyPrimitives.cylib\ZeroTerminal\ZeroTerminal.v'.
Linking 'C:\Users\Snufkin\Documents\PSoC Creator\CRT_timer\CRT_timer.cydsn\codegentemp\CRT_timer.v'.
Linking 'C:\Program Files (x86)\Cypress\PSoC Creator\3.1\PSoC Creator\psoc\content\cycomponentlibrary\CyComponentLibrary.cylib\B_Timer_v2_70\B_Timer_v2_70.v'.
Linking 'C:\Program Files (x86)\Cypress\PSoC Creator\3.1\PSoC Creator\warp\lib\common\cypress.v'.
Linking 'C:\Program Files (x86)\Cypress\PSoC Creator\3.1\PSoC Creator\warp\lib\common\cy_psoc3_inc.v'.
Linking 'C:\Program Files (x86)\Cypress\PSoC Creator\3.1\PSoC Creator\psoc\content\cyprimitives\CyPrimitives.cylib\or_v1_0\or_v1_0.v'.
Linking 'C:\Program Files (x86)\Cypress\PSoC Creator\3.1\PSoC Creator\psoc\content\cyprimitives\CyPrimitives.cylib\cy_analog_virtualmux_v1_0\cy_analog_virtualmux_v1_0.v'.
Linking 'C:\Program Files (x86)\Cypress\PSoC Creator\3.1\PSoC Creator\psoc\content\cycomponentlibrary\CyComponentLibrary.cylib\Bus_Connect_v2_0\Bus_Connect_v2_0.v'.
Linking 'C:\Program Files (x86)\Cypress\PSoC Creator\3.1\PSoC Creator\psoc\content\cyprimitives\CyPrimitives.cylib\cy_virtualmux_v1_0\cy_virtualmux_v1_0.v'.
Linking 'C:\Program Files (x86)\Cypress\PSoC Creator\3.1\PSoC Creator\psoc\content\cycomponentlibrary\CyComponentLibrary.cylib\Debouncer_v1_0\Debouncer_v1_0.v'.
Linking 'C:\Program Files (x86)\Cypress\PSoC Creator\3.1\PSoC Creator\warp\lib\common\stdlogic\cy_psoc3pkg.vif'.
Linking 'C:\Program Files (x86)\Cypress\PSoC Creator\3.1\PSoC Creator\warp\lib\common\stdlogic\cy_psoc3.vif'.
Linking 'C:\Program Files (x86)\Cypress\PSoC Creator\3.1\PSoC Creator\warp\lib\lcpsoc3\stdlogic\cpsoc3.vif'.

----------------------------------------------------------
Detecting unused logic.
----------------------------------------------------------
    User names
	\Timer_1:TimerUDB:ctrl_ten\
	\Timer_1:TimerUDB:ctrl_cmode_0\
	\Timer_1:TimerUDB:ctrl_tmode_1\
	\Timer_1:TimerUDB:ctrl_tmode_0\
	\Timer_1:TimerUDB:ctrl_ic_1\
	\Timer_1:TimerUDB:ctrl_ic_0\
	Net_966
	Net_965
	\ADC_1:Net_3125\
	\ADC_1:Net_3126\
	Net_516
	\UART_1:Net_682\
	\UART_1:uncfg_rx_irq\
	\UART_1:Net_754\
	\UART_1:Net_767\
	\UART_1:Net_547\
	\UART_1:Net_891\
	\UART_1:Net_474\
	\UART_1:Net_899\


Deleted 19 User equations/components.
Deleted 0 Synthesized equations/components.

------------------------------------------------------
Alias Detection
------------------------------------------------------
Aliasing zero to Net_12
Aliasing \Timer_1:TimerUDB:ctrl_cmode_1\ to Net_12
Aliasing \Timer_1:TimerUDB:trigger_enable\ to one
Aliasing \Timer_1:TimerUDB:status_6\ to Net_12
Aliasing \Timer_1:TimerUDB:status_5\ to Net_12
Aliasing \Timer_1:TimerUDB:status_4\ to Net_12
Aliasing \Timer_1:TimerUDB:status_0\ to \Timer_1:TimerUDB:tc_i\
Aliasing tmpOE__A_press_net_0 to one
Aliasing tmpOE__SW2_net_0 to one
Aliasing tmpOE__V_in_net_0 to one
Aliasing \ADC_1:Net_3107\ to Net_12
Aliasing \ADC_1:Net_3106\ to Net_12
Aliasing \ADC_1:Net_3105\ to Net_12
Aliasing \ADC_1:Net_3104\ to Net_12
Aliasing \ADC_1:Net_3103\ to Net_12
Aliasing \ADC_1:Net_3207_1\ to Net_12
Aliasing \ADC_1:Net_3207_0\ to Net_12
Aliasing \ADC_1:Net_3235\ to Net_12
Aliasing \UART_1:Net_459\ to Net_12
Aliasing \UART_1:Net_452\ to Net_12
Aliasing \UART_1:Net_676\ to Net_12
Aliasing \UART_1:Net_245\ to Net_12
Aliasing \UART_1:Net_416\ to Net_12
Aliasing \UART_1:tmpOE__tx_net_0\ to one
Aliasing \UART_1:Net_747\ to Net_12
Aliasing \Timer_1:TimerUDB:capture_last\\D\ to Net_12
Aliasing \Timer_1:TimerUDB:hwEnable_reg\\D\ to \Timer_1:TimerUDB:run_mode\
Aliasing \Timer_1:TimerUDB:capture_out_reg_i\\D\ to \Timer_1:TimerUDB:capt_fifo_load_int\
Aliasing Net_681D to Net_12
Aliasing Net_680D to Net_12
Removing Lhs of wire zero[9] = Net_12[2]
Removing Lhs of wire \Timer_1:TimerUDB:ctrl_enable\[18] = \Timer_1:TimerUDB:control_7\[10]
Removing Lhs of wire \Timer_1:TimerUDB:ctrl_cmode_1\[20] = Net_12[2]
Removing Rhs of wire \Timer_1:TimerUDB:timer_enable\[29] = \Timer_1:TimerUDB:runmode_enable\[42]
Removing Rhs of wire \Timer_1:TimerUDB:run_mode\[30] = \Timer_1:TimerUDB:hwEnable\[31]
Removing Lhs of wire \Timer_1:TimerUDB:run_mode\[30] = \Timer_1:TimerUDB:control_7\[10]
Removing Lhs of wire \Timer_1:TimerUDB:trigger_enable\[33] = one[4]
Removing Lhs of wire \Timer_1:TimerUDB:tc_i\[35] = \Timer_1:TimerUDB:status_tc\[32]
Removing Lhs of wire \Timer_1:TimerUDB:capt_fifo_load_int\[41] = \Timer_1:TimerUDB:capt_fifo_load\[28]
Removing Lhs of wire \Timer_1:TimerUDB:status_6\[44] = Net_12[2]
Removing Lhs of wire \Timer_1:TimerUDB:status_5\[45] = Net_12[2]
Removing Lhs of wire \Timer_1:TimerUDB:status_4\[46] = Net_12[2]
Removing Lhs of wire \Timer_1:TimerUDB:status_0\[47] = \Timer_1:TimerUDB:status_tc\[32]
Removing Lhs of wire \Timer_1:TimerUDB:status_1\[48] = \Timer_1:TimerUDB:capt_fifo_load\[28]
Removing Rhs of wire \Timer_1:TimerUDB:status_2\[49] = \Timer_1:TimerUDB:fifo_full\[50]
Removing Rhs of wire \Timer_1:TimerUDB:status_3\[51] = \Timer_1:TimerUDB:fifo_nempty\[52]
Removing Lhs of wire \Timer_1:TimerUDB:cs_addr_2\[55] = Net_12[2]
Removing Lhs of wire \Timer_1:TimerUDB:cs_addr_1\[56] = \Timer_1:TimerUDB:trig_reg\[43]
Removing Lhs of wire \Timer_1:TimerUDB:cs_addr_0\[57] = \Timer_1:TimerUDB:per_zero\[34]
Removing Lhs of wire tmpOE__A_press_net_0[233] = one[4]
Removing Lhs of wire tmpOE__SW2_net_0[239] = one[4]
Removing Lhs of wire tmpOE__V_in_net_0[247] = one[4]
Removing Lhs of wire \ADC_1:Net_3107\[324] = Net_12[2]
Removing Lhs of wire \ADC_1:Net_3106\[325] = Net_12[2]
Removing Lhs of wire \ADC_1:Net_3105\[326] = Net_12[2]
Removing Lhs of wire \ADC_1:Net_3104\[327] = Net_12[2]
Removing Lhs of wire \ADC_1:Net_3103\[328] = Net_12[2]
Removing Lhs of wire \ADC_1:Net_17\[370] = \ADC_1:Net_1845\[255]
Removing Lhs of wire \ADC_1:Net_3207_1\[392] = Net_12[2]
Removing Lhs of wire \ADC_1:Net_3207_0\[393] = Net_12[2]
Removing Lhs of wire \ADC_1:Net_3235\[394] = Net_12[2]
Removing Lhs of wire \UART_1:Net_459\[473] = Net_12[2]
Removing Lhs of wire \UART_1:Net_652\[474] = Net_12[2]
Removing Lhs of wire \UART_1:Net_452\[475] = Net_12[2]
Removing Lhs of wire \UART_1:Net_676\[476] = Net_12[2]
Removing Lhs of wire \UART_1:Net_245\[477] = Net_12[2]
Removing Lhs of wire \UART_1:Net_416\[478] = Net_12[2]
Removing Lhs of wire \UART_1:Net_654\[479] = Net_12[2]
Removing Lhs of wire \UART_1:SCBclock\[482] = \UART_1:Net_847\[472]
Removing Lhs of wire \UART_1:Net_653\[483] = Net_12[2]
Removing Lhs of wire \UART_1:Net_909\[484] = Net_12[2]
Removing Lhs of wire \UART_1:Net_663\[485] = Net_12[2]
Removing Lhs of wire \UART_1:tmpOE__tx_net_0\[487] = one[4]
Removing Lhs of wire \UART_1:Net_739\[495] = Net_12[2]
Removing Lhs of wire \UART_1:Net_747\[496] = Net_12[2]
Removing Lhs of wire \Timer_1:TimerUDB:capture_last\\D\[520] = Net_12[2]
Removing Lhs of wire \Timer_1:TimerUDB:tc_reg_i\\D\[521] = \Timer_1:TimerUDB:status_tc\[32]
Removing Lhs of wire \Timer_1:TimerUDB:hwEnable_reg\\D\[522] = \Timer_1:TimerUDB:control_7\[10]
Removing Lhs of wire \Timer_1:TimerUDB:capture_out_reg_i\\D\[523] = \Timer_1:TimerUDB:capt_fifo_load\[28]
Removing Lhs of wire \Debouncer_1:DEBOUNCER[0]:d_sync_0\\D\[525] = Net_514[240]
Removing Lhs of wire \Debouncer_1:DEBOUNCER[0]:d_sync_1\\D\[526] = \Debouncer_1:DEBOUNCER[0]:d_sync_0\[466]
Removing Lhs of wire Net_681D[527] = Net_12[2]
Removing Lhs of wire Net_680D[528] = Net_12[2]

------------------------------------------------------
Aliased 0 equations, 53 wires.
------------------------------------------------------

----------------------------------------------------------
Circuit simplification
----------------------------------------------------------

Substituting virtuals - pass 1:

Note:  Expanding virtual equation for 'Net_12' (cost = 0):
Net_12 <=  ('0') ;

Note:  Expanding virtual equation for 'one' (cost = 0):
one <=  ('1') ;

Note:  Expanding virtual equation for '\Timer_1:TimerUDB:fifo_load_polarized\' (cost = 0):
\Timer_1:TimerUDB:fifo_load_polarized\ <=  ('0') ;

Note:  Expanding virtual equation for '\Timer_1:TimerUDB:timer_enable\' (cost = 0):
\Timer_1:TimerUDB:timer_enable\ <= (\Timer_1:TimerUDB:control_7\);


Substituting virtuals - pass 2:


----------------------------------------------------------
Circuit simplification results:

	Expanded 4 signals.
	Turned 0 signals into soft nodes.
	Maximum default expansion cost was set at 3.
----------------------------------------------------------

------------------------------------------------------
Alias Detection
------------------------------------------------------
Aliasing \Timer_1:TimerUDB:capt_fifo_load\ to Net_12
Removing Lhs of wire \Timer_1:TimerUDB:capt_fifo_load\[28] = Net_12[2]
Removing Lhs of wire \Timer_1:TimerUDB:trig_reg\[43] = \Timer_1:TimerUDB:control_7\[10]

------------------------------------------------------
Aliased 0 equations, 2 wires.
------------------------------------------------------

----------------------------------------------------------
Circuit simplification
----------------------------------------------------------

Eliminating unused logic - pass 1:


Eliminating unused logic - pass 2:


Substituting virtuals - pass 1:


----------------------------------------------------------
Circuit simplification results:

	Expanded 0 signals.
	Turned 0 signals into soft nodes.
	Maximum default expansion cost was set at 3.
----------------------------------------------------------

topld:  No errors.

CYPRESS_DIR    : C:\Program Files (x86)\Cypress\PSoC Creator\3.1\PSoC Creator\warp
Warp Program   : C:\Program Files (x86)\Cypress\PSoC Creator\3.1\PSoC Creator\warp\bin/warp.exe
Warp Arguments : -yv2 -q10 -ygs -o2 -v3 -.fftcfgtype=LE -ya "-.fftprj=C:\Users\Snufkin\Documents\PSoC Creator\CRT_timer\CRT_timer.cydsn\CRT_timer.cyprj" -dcpsoc3 CRT_timer.v -verilog
</CYPRESSTAG>
Warp synthesis phase: Elapsed time ==> 1s.512ms
<CYPRESSTAG name="Fitter results...">
<CYPRESSTAG name="Fitter startup details...">
cyp3fit: V3.1.0.1722, Family: PSoC3, Started at: Wednesday, 11 March 2015 00:13:14
Options: -yv2 -q10 -ygs -o2 -v3 -.fftcfgtype=LE -ya -.fftprj=C:\Users\Snufkin\Documents\PSoC Creator\CRT_timer\CRT_timer.cydsn\CRT_timer.cyprj -d CY8C4245AXI-483 CRT_timer.v -verilog
</CYPRESSTAG>
<CYPRESSTAG name="Design parsing">
Design parsing phase: Elapsed time ==> 0s.017ms
</CYPRESSTAG>
<CYPRESSTAG name="Tech mapping">
<CYPRESSTAG name="Initial Mapping" icon="FILE_RPT_TECHM">
    Converted constant MacroCell: Net_680 from registered to combinatorial
    Converted constant MacroCell: Net_681 from registered to combinatorial
    Converted constant MacroCell: \Timer_1:TimerUDB:capture_last\ from registered to combinatorial
    Converted constant MacroCell: \Timer_1:TimerUDB:capture_out_reg_i\ from registered to combinatorial
Assigning clock timer_clock to clock HFCLK because it is a pass-through

Removing unused cells resulting from optimization
Done removing unused cells.
<CYPRESSTAG name="Global Clock Selection" icon="FILE_RPT_TECHM">
    Fixed Function Clock 7: Automatic-assigning  clock 'ADC_1_intClock'. Signal=\ADC_1:Net_1845_ff7\
    Fixed Function Clock 2: Automatic-assigning  clock 'UART_1_SCBCLK'. Signal=\UART_1:Net_847_ff2\
    Digital Clock 0: Automatic-assigning  clock 'cl_deb'. Fanout=1, Signal=Net_515_digital
<CYPRESSTAG name="UDB Clock/Enable Remapping Results">
    UDB Clk/Enable \Debouncer_1:ClkSync\: with output requested to be synchronous
        ClockIn: ClockGenBlock:m0s8clockgenblockcell.gen_clk_out_0 was determined to be a global clock that is synchronous to HFCLK
        EnableIn: Constant 1 was determined to be synchronous to ClockIn
        ClockOut: ClockGenBlock:m0s8clockgenblockcell.gen_clk_out_0, EnableOut: Constant 1
    UDB Clk/Enable \Timer_1:TimerUDB:clock_enable_block\: with output requested to be synchronous
        ClockIn: HFCLK was determined to be a global clock that is synchronous to HFCLK
        EnableIn: Constant 1 was determined to be synchronous to ClockIn
        ClockOut: HFCLK, EnableOut: Constant 1
    UDB Clk/Enable \Timer_1:TimerUDB:sCTRLReg:SyncCtl:cy_psoc3_udb_Ctl_Clk_Sync\: with output requested to be synchronous
        ClockIn: HFCLK was determined to be a global clock that is synchronous to HFCLK
        EnableIn: Constant 1 was determined to be synchronous to ClockIn
        ClockOut: HFCLK, EnableOut: Constant 1
</CYPRESSTAG>
</CYPRESSTAG>

Removing unused cells resulting from optimization
Done removing unused cells.
<CYPRESSTAG name="Duplicate Macrocell detection">
</CYPRESSTAG>
</CYPRESSTAG>
<CYPRESSTAG name="Duplicate Macrocell detection">
</CYPRESSTAG>
<CYPRESSTAG name="Design Equations" icon="FILE_RPT_EQUATION">

------------------------------------------------------------
Design Equations
------------------------------------------------------------
    <CYPRESSTAG name="Pin listing">

    ------------------------------------------------------------
    Pin listing
    ------------------------------------------------------------

    Pin : Name = A_press(0)
        Attributes:
            In Group/Port: True
            In Sync Option: AUTO
            Out Sync Option: NOSYNC
            Interrupt generated: False
            Interrupt mode: NONE
            Drive mode: CMOS_OUT
            VTrip: EITHER
            Slew: FAST
            Input Sync needed: False
            Output Sync needed: False
            SC shield enabled: False
            POR State: ANY
            LCD Mode: COMMON
            Register Mode: RegComb
            CaSense Mode: NEITHER
            Treat as pin: True
            Is OE Registered: False
            Uses Analog: False
            Can contain Digital: True
            Is SIO: False
            SIO Output Buf: NONREGULATED
            SIO Input Buf: SINGLE_ENDED
            SIO HiFreq: LOW
            SIO Hyst: DISABLED
            SIO Vtrip: MULTIPLIER_0_5
            SIO RefSel: VCC_IO
            Required Capabilitites: DIGITAL
            Initial Value: 0
            IO Voltage: 0
        PORT MAP (
            pa_out => A_press(0)__PA ,
            pad => A_press(0)_PAD );
        Properties:
        {
        }

    Pin : Name = SW2(0)
        Attributes:
            In Group/Port: True
            In Sync Option: SYNC
            Out Sync Option: AUTO
            Interrupt generated: False
            Interrupt mode: NONE
            Drive mode: RES_PULL_UP
            VTrip: CMOS
            Slew: FAST
            Input Sync needed: True
            Output Sync needed: False
            SC shield enabled: False
            POR State: ANY
            LCD Mode: COMMON
            Register Mode: RegComb
            CaSense Mode: NEITHER
            Treat as pin: True
            Is OE Registered: False
            Uses Analog: False
            Can contain Digital: True
            Is SIO: False
            SIO Output Buf: NONREGULATED
            SIO Input Buf: SINGLE_ENDED
            SIO HiFreq: LOW
            SIO Hyst: DISABLED
            SIO Vtrip: MULTIPLIER_0_5
            SIO RefSel: VCC_IO
            Required Capabilitites: DIGITAL, ROUTABLE
            Initial Value: 1
            IO Voltage: 0
        PORT MAP (
            pa_out => SW2(0)__PA ,
            fb => Net_514 ,
            pad => SW2(0)_PAD );
        Properties:
        {
        }

    Pin : Name = V_in(0)
        Attributes:
            In Group/Port: True
            In Sync Option: AUTO
            Out Sync Option: AUTO
            Interrupt generated: False
            Interrupt mode: NONE
            Drive mode: HI_Z_ANALOG
            VTrip: EITHER
            Slew: FAST
            Input Sync needed: False
            Output Sync needed: False
            SC shield enabled: False
            POR State: ANY
            LCD Mode: COMMON
            Register Mode: RegComb
            CaSense Mode: NEITHER
            Treat as pin: True
            Is OE Registered: False
            Uses Analog: True
            Can contain Digital: False
            Is SIO: False
            SIO Output Buf: NONREGULATED
            SIO Input Buf: SINGLE_ENDED
            SIO HiFreq: LOW
            SIO Hyst: DISABLED
            SIO Vtrip: MULTIPLIER_0_5
            SIO RefSel: VCC_IO
            Required Capabilitites: ANALOG
            Initial Value: 1
            IO Voltage: 0
        PORT MAP (
            pa_out => V_in(0)__PA ,
            analog_term => \ADC_1:Net_2020\ ,
            pad => V_in(0)_PAD );
        Properties:
        {
        }

    Pin : Name = \UART_1:tx(0)\
        Attributes:
            In Group/Port: True
            In Sync Option: NOSYNC
            Out Sync Option: NOSYNC
            Interrupt generated: False
            Interrupt mode: NONE
            Drive mode: CMOS_OUT
            VTrip: CMOS
            Slew: FAST
            Input Sync needed: False
            Output Sync needed: False
            SC shield enabled: False
            POR State: ANY
            LCD Mode: COMMON
            Register Mode: RegComb
            CaSense Mode: NEITHER
            Treat as pin: True
            Is OE Registered: False
            Uses Analog: False
            Can contain Digital: True
            Is SIO: False
            SIO Output Buf: NONREGULATED
            SIO Input Buf: SINGLE_ENDED
            SIO HiFreq: LOW
            SIO Hyst: DISABLED
            SIO Vtrip: MULTIPLIER_0_5
            SIO RefSel: VCC_IO
            Required Capabilitites: DIGITAL, SCB_UART_TX
            Initial Value: 1
            IO Voltage: 0
        PORT MAP (
            pa_out => \UART_1:tx(0)\__PA ,
            input => \UART_1:Net_656\ ,
            pad => \UART_1:tx(0)_PAD\ );
        Properties:
        {
        }
    </CYPRESSTAG>
    <CYPRESSTAG name="Macrocell listing" icon="FILE_RPT_EQUATION">

    ------------------------------------------------------------
    Macrocell listing
    ------------------------------------------------------------

    MacroCell: Name=Net_679, Mode=(D-Register)
        Total # of inputs        : 2
        Total # of product terms : 1
        List of special equations: 
            Clock  = (Net_515_digital) => Global
            Clock Enable: True
        Main Equation            : 1 pterm
        (
              !\Debouncer_1:DEBOUNCER[0]:d_sync_0\ * 
              \Debouncer_1:DEBOUNCER[0]:d_sync_1\
        );
        Output = Net_679 (fanout=1)

    MacroCell: Name=\Debouncer_1:DEBOUNCER[0]:d_sync_0\, Mode=(D-Register)
        Total # of inputs        : 1
        Total # of product terms : 1
        List of special equations: 
            Clock  = (Net_515_digital) => Global
            Clock Enable: True
        Main Equation            : 1 pterm
        (
              Net_514
        );
        Output = \Debouncer_1:DEBOUNCER[0]:d_sync_0\ (fanout=2)

    MacroCell: Name=\Debouncer_1:DEBOUNCER[0]:d_sync_1\, Mode=(D-Register)
        Total # of inputs        : 1
        Total # of product terms : 1
        List of special equations: 
            Clock  = (Net_515_digital) => Global
            Clock Enable: True
        Main Equation            : 1 pterm
        (
              \Debouncer_1:DEBOUNCER[0]:d_sync_0\
        );
        Output = \Debouncer_1:DEBOUNCER[0]:d_sync_1\ (fanout=1)

    MacroCell: Name=\Timer_1:TimerUDB:status_tc\, Mode=(Combinatorial)
        Total # of inputs        : 2
        Total # of product terms : 1
            Clock Enable: True
        Main Equation            : 1 pterm
        (
              \Timer_1:TimerUDB:control_7\ * \Timer_1:TimerUDB:per_zero\
        );
        Output = \Timer_1:TimerUDB:status_tc\ (fanout=1)
    </CYPRESSTAG>
    <CYPRESSTAG name="Datapath listing">

    ------------------------------------------------------------
    Datapath listing
    ------------------------------------------------------------

    datapathcell: Name =\Timer_1:TimerUDB:sT32:timerdp:u0\
        PORT MAP (
            clock => ClockBlock_HFCLK ,
            cs_addr_1 => \Timer_1:TimerUDB:control_7\ ,
            cs_addr_0 => \Timer_1:TimerUDB:per_zero\ ,
            chain_out => \Timer_1:TimerUDB:sT32:timerdp:carry0\ );
        Properties:
        {
            a0_init = "00000000"
            a1_init = "00000000"
            ce0_sync = 1
            ce1_sync = 1
            cl0_sync = 1
            cl1_sync = 1
            cmsb_sync = 1
            co_msb_sync = 1
            cy_dpconfig = "0000000001000000000000000100000001000000010000000000000010000000000000001000000000000000100000000000000010000000000000001000000011111111000000001111111111111111000000000000000000000001000000000000000000011000"
            d0_init = "00000000"
            d1_init = "00000000"
            f0_blk_sync = 1
            f0_bus_sync = 1
            f1_blk_sync = 1
            f1_bus_sync = 1
            ff0_sync = 1
            ff1_sync = 1
            ov_msb_sync = 1
            so_sync = 1
            z0_sync = 1
            z1_sync = 1
        }
        Clock Polarity: Active High
        Clock Enable: True
        Next in chain : \Timer_1:TimerUDB:sT32:timerdp:u1\

    datapathcell: Name =\Timer_1:TimerUDB:sT32:timerdp:u1\
        PORT MAP (
            clock => ClockBlock_HFCLK ,
            cs_addr_1 => \Timer_1:TimerUDB:control_7\ ,
            cs_addr_0 => \Timer_1:TimerUDB:per_zero\ ,
            chain_in => \Timer_1:TimerUDB:sT32:timerdp:carry0\ ,
            chain_out => \Timer_1:TimerUDB:sT32:timerdp:carry1\ );
        Properties:
        {
            a0_init = "00000000"
            a1_init = "00000000"
            ce0_sync = 1
            ce1_sync = 1
            cl0_sync = 1
            cl1_sync = 1
            cmsb_sync = 1
            co_msb_sync = 1
            cy_dpconfig = "0000000001000000000000000100000001000000010000000000000010000000000000001000000000000000100000000000000010000000000000001000000011111111000000001111111111111111100000110000000000000001000000110000000000011000"
            d0_init = "00000000"
            d1_init = "00000000"
            f0_blk_sync = 1
            f0_bus_sync = 1
            f1_blk_sync = 1
            f1_bus_sync = 1
            ff0_sync = 1
            ff1_sync = 1
            ov_msb_sync = 1
            so_sync = 1
            z0_sync = 1
            z1_sync = 1
        }
        Clock Polarity: Active High
        Clock Enable: True
        Previous in chain : \Timer_1:TimerUDB:sT32:timerdp:u0\
        Next in chain : \Timer_1:TimerUDB:sT32:timerdp:u2\

    datapathcell: Name =\Timer_1:TimerUDB:sT32:timerdp:u2\
        PORT MAP (
            clock => ClockBlock_HFCLK ,
            cs_addr_1 => \Timer_1:TimerUDB:control_7\ ,
            cs_addr_0 => \Timer_1:TimerUDB:per_zero\ ,
            chain_in => \Timer_1:TimerUDB:sT32:timerdp:carry1\ ,
            chain_out => \Timer_1:TimerUDB:sT32:timerdp:carry2\ );
        Properties:
        {
            a0_init = "00000000"
            a1_init = "00000000"
            ce0_sync = 1
            ce1_sync = 1
            cl0_sync = 1
            cl1_sync = 1
            cmsb_sync = 1
            co_msb_sync = 1
            cy_dpconfig = "0000000001000000000000000100000001000000010000000000000010000000000000001000000000000000100000000000000010000000000000001000000011111111000000001111111111111111100000110000000000000001000000110000000000011000"
            d0_init = "00000000"
            d1_init = "00000000"
            f0_blk_sync = 1
            f0_bus_sync = 1
            f1_blk_sync = 1
            f1_bus_sync = 1
            ff0_sync = 1
            ff1_sync = 1
            ov_msb_sync = 1
            so_sync = 1
            z0_sync = 1
            z1_sync = 1
        }
        Clock Polarity: Active High
        Clock Enable: True
        Previous in chain : \Timer_1:TimerUDB:sT32:timerdp:u1\
        Next in chain : \Timer_1:TimerUDB:sT32:timerdp:u3\

    datapathcell: Name =\Timer_1:TimerUDB:sT32:timerdp:u3\
        PORT MAP (
            clock => ClockBlock_HFCLK ,
            cs_addr_1 => \Timer_1:TimerUDB:control_7\ ,
            cs_addr_0 => \Timer_1:TimerUDB:per_zero\ ,
            z0_comb => \Timer_1:TimerUDB:per_zero\ ,
            f0_bus_stat_comb => \Timer_1:TimerUDB:status_3\ ,
            f0_blk_stat_comb => \Timer_1:TimerUDB:status_2\ ,
            chain_in => \Timer_1:TimerUDB:sT32:timerdp:carry2\ );
        Properties:
        {
            a0_init = "00000000"
            a1_init = "00000000"
            ce0_sync = 1
            ce1_sync = 1
            cl0_sync = 1
            cl1_sync = 1
            cmsb_sync = 1
            co_msb_sync = 1
            cy_dpconfig = "0000000001000000000000000100000001000000010000000000000010000000000000001000000000000000100000000000000010000000000000001000000011111111000000001111111111111111100000110000000000000001000000110000000000011000"
            d0_init = "00000000"
            d1_init = "00000000"
            f0_blk_sync = 1
            f0_bus_sync = 1
            f1_blk_sync = 1
            f1_bus_sync = 1
            ff0_sync = 1
            ff1_sync = 1
            ov_msb_sync = 1
            so_sync = 1
            z0_sync = 1
            z1_sync = 1
        }
        Clock Polarity: Active High
        Clock Enable: True
        Previous in chain : \Timer_1:TimerUDB:sT32:timerdp:u2\
    </CYPRESSTAG>
    <CYPRESSTAG name="Status register listing">
    </CYPRESSTAG>
    <CYPRESSTAG name="StatusI register listing">

    ------------------------------------------------------------
    StatusI register listing
    ------------------------------------------------------------

    statusicell: Name =\Timer_1:TimerUDB:rstSts:stsreg\
        PORT MAP (
            clock => ClockBlock_HFCLK ,
            status_3 => \Timer_1:TimerUDB:status_3\ ,
            status_2 => \Timer_1:TimerUDB:status_2\ ,
            status_0 => \Timer_1:TimerUDB:status_tc\ );
        Properties:
        {
            cy_force_order = 1
            cy_int_mask = "1111111"
            cy_md_select = "0000011"
        }
        Clock Polarity: Active High
        Clock Enable: True
    </CYPRESSTAG>
    <CYPRESSTAG name="Sync listing">
    </CYPRESSTAG>
    <CYPRESSTAG name="Control register listing">

    ------------------------------------------------------------
    Control register listing
    ------------------------------------------------------------

    controlcell: Name =\Timer_1:TimerUDB:sCTRLReg:SyncCtl:ctrlreg\
        PORT MAP (
            clock => ClockBlock_HFCLK ,
            control_7 => \Timer_1:TimerUDB:control_7\ ,
            control_6 => \Timer_1:TimerUDB:control_6\ ,
            control_5 => \Timer_1:TimerUDB:control_5\ ,
            control_4 => \Timer_1:TimerUDB:control_4\ ,
            control_3 => \Timer_1:TimerUDB:control_3\ ,
            control_2 => \Timer_1:TimerUDB:control_2\ ,
            control_1 => \Timer_1:TimerUDB:control_1\ ,
            control_0 => \Timer_1:TimerUDB:control_0\ );
        Properties:
        {
            cy_ctrl_mode_0 = "11111111"
            cy_ctrl_mode_1 = "00000000"
            cy_ext_reset = 0
            cy_force_order = 1
            cy_init_value = "00000000"
        }
        Clock Polarity: Active High
        Clock Enable: True
    </CYPRESSTAG>
    <CYPRESSTAG name="Count7 listing">
    </CYPRESSTAG>
    <CYPRESSTAG name="DRQ listing">
    </CYPRESSTAG>
    <CYPRESSTAG name="Interrupt listing">

    ------------------------------------------------------------
    Interrupt listing
    ------------------------------------------------------------

    interrupt: Name =\ADC_1:IRQ\
        PORT MAP (
            interrupt => \ADC_1:Net_3112\ );
        Properties:
        {
            int_type = "10"
        }

    interrupt: Name =sw_int
        PORT MAP (
            interrupt => Net_679 );
        Properties:
        {
            int_type = "10"
        }
    </CYPRESSTAG>
</CYPRESSTAG>
<CYPRESSTAG name="Technology mapping summary" expanded>

------------------------------------------------------------
Technology mapping summary
------------------------------------------------------------

Resource Type                 : Used : Free :  Max :  % Used
============================================================
Digital clock dividers        :    1 :    3 :    4 :  25.00%
Pins                          :    6 :   30 :   36 :  16.67%
UDB Macrocells                :    4 :   28 :   32 :  12.50%
UDB Unique Pterms             :    4 :   60 :   64 :   6.25%
UDB Total Pterms              :    4 :      :      : 
UDB Datapath Cells            :    4 :    0 :    4 : 100.00%
UDB Status Cells              :    1 :    3 :    4 :  25.00%
            StatusI Registers :    1 
UDB Control Cells             :    1 :    3 :    4 :  25.00%
            Control Registers :    1 
Interrupts                    :    2 :   30 :   32 :   6.25%
Comparator/Opamp Fixed Blocks :    0 :    2 :    2 :   0.00%
SAR Fixed Blocks              :    1 :    0 :    1 : 100.00%
CSD Fixed Blocks              :    0 :    1 :    1 :   0.00%
CapSense Blocks               :    0 :    1 :    1 :   0.00%
8-bit CapSense IDACs          :    0 :    1 :    1 :   0.00%
7-bit CapSense IDACs          :    0 :    1 :    1 :   0.00%
Temperature Sensors           :    0 :    1 :    1 :   0.00%
Low Power Comparators         :    0 :    2 :    2 :   0.00%
TCPWM Blocks                  :    0 :    4 :    4 :   0.00%
Serial Communication Blocks   :    1 :    1 :    2 :  50.00%
Segment LCD Blocks            :    0 :    1 :    1 :   0.00%
</CYPRESSTAG>
Technology Mapping: Elapsed time ==> 0s.501ms
Tech mapping phase: Elapsed time ==> 0s.527ms
</CYPRESSTAG>
<CYPRESSTAG name="Analog Placement">
<CYPRESSTAG name="Analog Placement">
Elapsed time ==> 0.0131924s
</CYPRESSTAG>
Analog Placement phase: Elapsed time ==> 0s.034ms
</CYPRESSTAG>
<CYPRESSTAG name="Analog Routing">
<CYPRESSTAG name="Analog Routing">
Route success=True, Iterations=1 Elapsed=0.0025723 secs
</CYPRESSTAG>
Analog Routing phase: Elapsed time ==> 0s.003ms
</CYPRESSTAG>
<CYPRESSTAG name="Analog Code Generation">
============ Analog Final Answer Routes ============
Dump of CyAnalogRoutingResultsDB
Map of net to items {
  Net: \ADC_1:Net_124\ {
  }
  Net: \ADC_1:Net_2020\ {
    p2_3
    SARMUX0_sw3
    sarmux_vplus
  }
  Net: \ADC_1:Net_3016\ {
  }
  Net: \ADC_1:Net_3046\ {
  }
  Net: \ADC_1:Net_8\ {
  }
}
Map of item to net {
  p2_3                                             -> \ADC_1:Net_2020\
  SARMUX0_sw3                                      -> \ADC_1:Net_2020\
  sarmux_vplus                                     -> \ADC_1:Net_2020\
}
Mux Info {
}
Analog Code Generation phase: Elapsed time ==> 0s.133ms
</CYPRESSTAG>
<CYPRESSTAG name="Digital Placement">
<CYPRESSTAG name="Detailed placement messages">
I2076: Total run-time: 0.3 sec.

</CYPRESSTAG>
<CYPRESSTAG name="PLD Packing">
<CYPRESSTAG name="PLD Packing Summary" expanded>

------------------------------------------------------------
PLD Packing Summary
------------------------------------------------------------
            Resource Type : Used : Free :  Max :  % Used
    ====================================================
                     PLDs :    2 :    6 :    8 :  25.00%

<CYPRESSTAG name="PLD Statistics">

        PLD Resource Type :     Average/LAB
    =======================================
                   Inputs :            2.50
                   Pterms :            2.00
               Macrocells :            2.00
</CYPRESSTAG>
<CYPRESSTAG name="Packed PLD Contents">
Packed PLD Contents not displayed at this verbose level.</CYPRESSTAG>
</CYPRESSTAG>
PLD Packing: Elapsed time ==> 0s.001ms
</CYPRESSTAG>
<CYPRESSTAG name="Partitioning">
<CYPRESSTAG name="Initial Partitioning Summary">
Initial Partitioning Summary not displayed at this verbose level.</CYPRESSTAG>
<CYPRESSTAG name="Final Partitioning Summary">
Final Partitioning Summary not displayed at this verbose level.</CYPRESSTAG>
Partitioning: Elapsed time ==> 0s.015ms
</CYPRESSTAG>
<CYPRESSTAG name="Simulated Annealing">
Annealing: Elapsed time ==> 0s.002ms
<CYPRESSTAG name="Simulated Annealing Results">
The seed used for moves was 114161200.
Inital cost was 56, final cost is 56 (0.00% improvement).</CYPRESSTAG>
</CYPRESSTAG>
<CYPRESSTAG name="Final Placement Summary">

------------------------------------------------------------
Final Placement Summary
------------------------------------------------------------

       Resource Type :      Count : Avg Inputs : Avg Outputs
    ========================================================
                 UDB :          4 :       1.25 :       1.00
<CYPRESSTAG name="Final Placement Details">
<CYPRESSTAG name="Component Details">

------------------------------------------------------------
Component Placement Details
------------------------------------------------------------
UDB [UDB=(0,0)] contents:
LAB@[UDB=(0,0)][LB=0] #macrocells=1, #inputs=2, #pterms=1
{
    [McSlotId=0]:     MacroCell: Name=\Timer_1:TimerUDB:status_tc\, Mode=(Combinatorial) @ [UDB=(0,0)][LB=0][MC=0]
        Total # of inputs        : 2
        Total # of product terms : 1
            Clock Enable: True
        Main Equation            : 1 pterm
        (
              \Timer_1:TimerUDB:control_7\ * \Timer_1:TimerUDB:per_zero\
        );
        Output = \Timer_1:TimerUDB:status_tc\ (fanout=1)
        Properties               : 
        {
        }

    [McSlotId=1]: (empty)
    [McSlotId=2]: (empty)
    [McSlotId=3]: (empty)
}

datapathcell: Name =\Timer_1:TimerUDB:sT32:timerdp:u3\
    PORT MAP (
        clock => ClockBlock_HFCLK ,
        cs_addr_1 => \Timer_1:TimerUDB:control_7\ ,
        cs_addr_0 => \Timer_1:TimerUDB:per_zero\ ,
        z0_comb => \Timer_1:TimerUDB:per_zero\ ,
        f0_bus_stat_comb => \Timer_1:TimerUDB:status_3\ ,
        f0_blk_stat_comb => \Timer_1:TimerUDB:status_2\ ,
        chain_in => \Timer_1:TimerUDB:sT32:timerdp:carry2\ );
    Properties:
    {
        a0_init = "00000000"
        a1_init = "00000000"
        ce0_sync = 1
        ce1_sync = 1
        cl0_sync = 1
        cl1_sync = 1
        cmsb_sync = 1
        co_msb_sync = 1
        cy_dpconfig = "0000000001000000000000000100000001000000010000000000000010000000000000001000000000000000100000000000000010000000000000001000000011111111000000001111111111111111100000110000000000000001000000110000000000011000"
        d0_init = "00000000"
        d1_init = "00000000"
        f0_blk_sync = 1
        f0_bus_sync = 1
        f1_blk_sync = 1
        f1_bus_sync = 1
        ff0_sync = 1
        ff1_sync = 1
        ov_msb_sync = 1
        so_sync = 1
        z0_sync = 1
        z1_sync = 1
    }
    Clock Polarity: Active High
    Clock Enable: True
    Previous in chain : \Timer_1:TimerUDB:sT32:timerdp:u2\

statusicell: Name =\Timer_1:TimerUDB:rstSts:stsreg\
    PORT MAP (
        clock => ClockBlock_HFCLK ,
        status_3 => \Timer_1:TimerUDB:status_3\ ,
        status_2 => \Timer_1:TimerUDB:status_2\ ,
        status_0 => \Timer_1:TimerUDB:status_tc\ );
    Properties:
    {
        cy_force_order = 1
        cy_int_mask = "1111111"
        cy_md_select = "0000011"
    }
    Clock Polarity: Active High
    Clock Enable: True

UDB [UDB=(0,1)] contents:
datapathcell: Name =\Timer_1:TimerUDB:sT32:timerdp:u0\
    PORT MAP (
        clock => ClockBlock_HFCLK ,
        cs_addr_1 => \Timer_1:TimerUDB:control_7\ ,
        cs_addr_0 => \Timer_1:TimerUDB:per_zero\ ,
        chain_out => \Timer_1:TimerUDB:sT32:timerdp:carry0\ );
    Properties:
    {
        a0_init = "00000000"
        a1_init = "00000000"
        ce0_sync = 1
        ce1_sync = 1
        cl0_sync = 1
        cl1_sync = 1
        cmsb_sync = 1
        co_msb_sync = 1
        cy_dpconfig = "0000000001000000000000000100000001000000010000000000000010000000000000001000000000000000100000000000000010000000000000001000000011111111000000001111111111111111000000000000000000000001000000000000000000011000"
        d0_init = "00000000"
        d1_init = "00000000"
        f0_blk_sync = 1
        f0_bus_sync = 1
        f1_blk_sync = 1
        f1_bus_sync = 1
        ff0_sync = 1
        ff1_sync = 1
        ov_msb_sync = 1
        so_sync = 1
        z0_sync = 1
        z1_sync = 1
    }
    Clock Polarity: Active High
    Clock Enable: True
    Next in chain : \Timer_1:TimerUDB:sT32:timerdp:u1\

controlcell: Name =\Timer_1:TimerUDB:sCTRLReg:SyncCtl:ctrlreg\
    PORT MAP (
        clock => ClockBlock_HFCLK ,
        control_7 => \Timer_1:TimerUDB:control_7\ ,
        control_6 => \Timer_1:TimerUDB:control_6\ ,
        control_5 => \Timer_1:TimerUDB:control_5\ ,
        control_4 => \Timer_1:TimerUDB:control_4\ ,
        control_3 => \Timer_1:TimerUDB:control_3\ ,
        control_2 => \Timer_1:TimerUDB:control_2\ ,
        control_1 => \Timer_1:TimerUDB:control_1\ ,
        control_0 => \Timer_1:TimerUDB:control_0\ );
    Properties:
    {
        cy_ctrl_mode_0 = "11111111"
        cy_ctrl_mode_1 = "00000000"
        cy_ext_reset = 0
        cy_force_order = 1
        cy_init_value = "00000000"
    }
    Clock Polarity: Active High
    Clock Enable: True

UDB [UDB=(1,0)] contents:
datapathcell: Name =\Timer_1:TimerUDB:sT32:timerdp:u2\
    PORT MAP (
        clock => ClockBlock_HFCLK ,
        cs_addr_1 => \Timer_1:TimerUDB:control_7\ ,
        cs_addr_0 => \Timer_1:TimerUDB:per_zero\ ,
        chain_in => \Timer_1:TimerUDB:sT32:timerdp:carry1\ ,
        chain_out => \Timer_1:TimerUDB:sT32:timerdp:carry2\ );
    Properties:
    {
        a0_init = "00000000"
        a1_init = "00000000"
        ce0_sync = 1
        ce1_sync = 1
        cl0_sync = 1
        cl1_sync = 1
        cmsb_sync = 1
        co_msb_sync = 1
        cy_dpconfig = "0000000001000000000000000100000001000000010000000000000010000000000000001000000000000000100000000000000010000000000000001000000011111111000000001111111111111111100000110000000000000001000000110000000000011000"
        d0_init = "00000000"
        d1_init = "00000000"
        f0_blk_sync = 1
        f0_bus_sync = 1
        f1_blk_sync = 1
        f1_bus_sync = 1
        ff0_sync = 1
        ff1_sync = 1
        ov_msb_sync = 1
        so_sync = 1
        z0_sync = 1
        z1_sync = 1
    }
    Clock Polarity: Active High
    Clock Enable: True
    Previous in chain : \Timer_1:TimerUDB:sT32:timerdp:u1\
    Next in chain : \Timer_1:TimerUDB:sT32:timerdp:u3\

UDB [UDB=(1,1)] contents:
LAB@[UDB=(1,1)][LB=0] #macrocells=3, #inputs=3, #pterms=3
{
    [McSlotId=0]: (empty)
    [McSlotId=1]:     MacroCell: Name=Net_679, Mode=(D-Register) @ [UDB=(1,1)][LB=0][MC=1]
        Total # of inputs        : 2
        Total # of product terms : 1
        List of special equations: 
            Clock  = (Net_515_digital) => Global
            Clock Enable: True
        Main Equation            : 1 pterm
        (
              !\Debouncer_1:DEBOUNCER[0]:d_sync_0\ * 
              \Debouncer_1:DEBOUNCER[0]:d_sync_1\
        );
        Output = Net_679 (fanout=1)
        Properties               : 
        {
        }

    [McSlotId=2]:     MacroCell: Name=\Debouncer_1:DEBOUNCER[0]:d_sync_1\, Mode=(D-Register) @ [UDB=(1,1)][LB=0][MC=2]
        Total # of inputs        : 1
        Total # of product terms : 1
        List of special equations: 
            Clock  = (Net_515_digital) => Global
            Clock Enable: True
        Main Equation            : 1 pterm
        (
              \Debouncer_1:DEBOUNCER[0]:d_sync_0\
        );
        Output = \Debouncer_1:DEBOUNCER[0]:d_sync_1\ (fanout=1)
        Properties               : 
        {
        }

    [McSlotId=3]:     MacroCell: Name=\Debouncer_1:DEBOUNCER[0]:d_sync_0\, Mode=(D-Register) @ [UDB=(1,1)][LB=0][MC=3]
        Total # of inputs        : 1
        Total # of product terms : 1
        List of special equations: 
            Clock  = (Net_515_digital) => Global
            Clock Enable: True
        Main Equation            : 1 pterm
        (
              Net_514
        );
        Output = \Debouncer_1:DEBOUNCER[0]:d_sync_0\ (fanout=2)
        Properties               : 
        {
        }
}

datapathcell: Name =\Timer_1:TimerUDB:sT32:timerdp:u1\
    PORT MAP (
        clock => ClockBlock_HFCLK ,
        cs_addr_1 => \Timer_1:TimerUDB:control_7\ ,
        cs_addr_0 => \Timer_1:TimerUDB:per_zero\ ,
        chain_in => \Timer_1:TimerUDB:sT32:timerdp:carry0\ ,
        chain_out => \Timer_1:TimerUDB:sT32:timerdp:carry1\ );
    Properties:
    {
        a0_init = "00000000"
        a1_init = "00000000"
        ce0_sync = 1
        ce1_sync = 1
        cl0_sync = 1
        cl1_sync = 1
        cmsb_sync = 1
        co_msb_sync = 1
        cy_dpconfig = "0000000001000000000000000100000001000000010000000000000010000000000000001000000000000000100000000000000010000000000000001000000011111111000000001111111111111111100000110000000000000001000000110000000000011000"
        d0_init = "00000000"
        d1_init = "00000000"
        f0_blk_sync = 1
        f0_bus_sync = 1
        f1_blk_sync = 1
        f1_bus_sync = 1
        ff0_sync = 1
        ff1_sync = 1
        ov_msb_sync = 1
        so_sync = 1
        z0_sync = 1
        z1_sync = 1
    }
    Clock Polarity: Active High
    Clock Enable: True
    Previous in chain : \Timer_1:TimerUDB:sT32:timerdp:u0\
    Next in chain : \Timer_1:TimerUDB:sT32:timerdp:u2\

Intr hod @ [IntrHod=(0)]: 
  Intr@ [IntrHod=(0)][IntrId=(0)] 
    interrupt: Name =sw_int
        PORT MAP (
            interrupt => Net_679 );
        Properties:
        {
            int_type = "10"
        }
  Intr@ [IntrHod=(0)][IntrId=(14)] 
    interrupt: Name =\ADC_1:IRQ\
        PORT MAP (
            interrupt => \ADC_1:Net_3112\ );
        Properties:
        {
            int_type = "10"
        }
Port 0 contains the following IO cells:
[IoId=1]: 
Pin : Name = A_press(0)
    Attributes:
        In Group/Port: True
        In Sync Option: AUTO
        Out Sync Option: NOSYNC
        Interrupt generated: False
        Interrupt mode: NONE
        Drive mode: CMOS_OUT
        VTrip: EITHER
        Slew: FAST
        Input Sync needed: False
        Output Sync needed: False
        SC shield enabled: False
        POR State: ANY
        LCD Mode: COMMON
        Register Mode: RegComb
        CaSense Mode: NEITHER
        Treat as pin: True
        Is OE Registered: False
        Uses Analog: False
        Can contain Digital: True
        Is SIO: False
        SIO Output Buf: NONREGULATED
        SIO Input Buf: SINGLE_ENDED
        SIO HiFreq: LOW
        SIO Hyst: DISABLED
        SIO Vtrip: MULTIPLIER_0_5
        SIO RefSel: VCC_IO
        Required Capabilitites: DIGITAL
        Initial Value: 0
        IO Voltage: 0
    PORT MAP (
        pa_out => A_press(0)__PA ,
        pad => A_press(0)_PAD );
    Properties:
    {
    }

[IoId=5]: 
Pin : Name = \UART_1:tx(0)\
    Attributes:
        In Group/Port: True
        In Sync Option: NOSYNC
        Out Sync Option: NOSYNC
        Interrupt generated: False
        Interrupt mode: NONE
        Drive mode: CMOS_OUT
        VTrip: CMOS
        Slew: FAST
        Input Sync needed: False
        Output Sync needed: False
        SC shield enabled: False
        POR State: ANY
        LCD Mode: COMMON
        Register Mode: RegComb
        CaSense Mode: NEITHER
        Treat as pin: True
        Is OE Registered: False
        Uses Analog: False
        Can contain Digital: True
        Is SIO: False
        SIO Output Buf: NONREGULATED
        SIO Input Buf: SINGLE_ENDED
        SIO HiFreq: LOW
        SIO Hyst: DISABLED
        SIO Vtrip: MULTIPLIER_0_5
        SIO RefSel: VCC_IO
        Required Capabilitites: DIGITAL, SCB_UART_TX
        Initial Value: 1
        IO Voltage: 0
    PORT MAP (
        pa_out => \UART_1:tx(0)\__PA ,
        input => \UART_1:Net_656\ ,
        pad => \UART_1:tx(0)_PAD\ );
    Properties:
    {
    }

[IoId=7]: 
Pin : Name = SW2(0)
    Attributes:
        In Group/Port: True
        In Sync Option: SYNC
        Out Sync Option: AUTO
        Interrupt generated: False
        Interrupt mode: NONE
        Drive mode: RES_PULL_UP
        VTrip: CMOS
        Slew: FAST
        Input Sync needed: True
        Output Sync needed: False
        SC shield enabled: False
        POR State: ANY
        LCD Mode: COMMON
        Register Mode: RegComb
        CaSense Mode: NEITHER
        Treat as pin: True
        Is OE Registered: False
        Uses Analog: False
        Can contain Digital: True
        Is SIO: False
        SIO Output Buf: NONREGULATED
        SIO Input Buf: SINGLE_ENDED
        SIO HiFreq: LOW
        SIO Hyst: DISABLED
        SIO Vtrip: MULTIPLIER_0_5
        SIO RefSel: VCC_IO
        Required Capabilitites: DIGITAL, ROUTABLE
        Initial Value: 1
        IO Voltage: 0
    PORT MAP (
        pa_out => SW2(0)__PA ,
        fb => Net_514 ,
        pad => SW2(0)_PAD );
    Properties:
    {
    }

Port 1 is empty
Port 2 contains the following IO cells:
[IoId=3]: 
Pin : Name = V_in(0)
    Attributes:
        In Group/Port: True
        In Sync Option: AUTO
        Out Sync Option: AUTO
        Interrupt generated: False
        Interrupt mode: NONE
        Drive mode: HI_Z_ANALOG
        VTrip: EITHER
        Slew: FAST
        Input Sync needed: False
        Output Sync needed: False
        SC shield enabled: False
        POR State: ANY
        LCD Mode: COMMON
        Register Mode: RegComb
        CaSense Mode: NEITHER
        Treat as pin: True
        Is OE Registered: False
        Uses Analog: True
        Can contain Digital: False
        Is SIO: False
        SIO Output Buf: NONREGULATED
        SIO Input Buf: SINGLE_ENDED
        SIO HiFreq: LOW
        SIO Hyst: DISABLED
        SIO Vtrip: MULTIPLIER_0_5
        SIO RefSel: VCC_IO
        Required Capabilitites: ANALOG
        Initial Value: 1
        IO Voltage: 0
    PORT MAP (
        pa_out => V_in(0)__PA ,
        analog_term => \ADC_1:Net_2020\ ,
        pad => V_in(0)_PAD );
    Properties:
    {
    }

Port 3 is empty
Port 4 is empty
Clock group 0: 
    M0S8 Clock Block @ [FFB(Clock,0)]: 
    m0s8clockblockcell: Name =ClockBlock
        PORT MAP (
            dsi_in_0 => ClockBlock_Routed1 ,
            lfclk => ClockBlock_LFCLK ,
            ilo => ClockBlock_ILO ,
            sysclk => ClockBlock_SYSCLK ,
            ext => ClockBlock_EXTCLK ,
            imo => ClockBlock_IMO ,
            hfclk => ClockBlock_HFCLK ,
            ff_div_7 => \ADC_1:Net_1845_ff7\ ,
            ff_div_2 => \UART_1:Net_847_ff2\ ,
            udb_div_0 => dclk_to_genclk );
        Properties:
        {
        }
PM group 0: empty
SPC group 0: empty
WDT group 0: empty
FSS group 0: empty
Low Power Comparator group 0: empty
Serial Communication Block group 0: 
    Scb Block @ [FFB(SCB,1)]: 
    m0s8scbcell: Name =\UART_1:SCB\
        PORT MAP (
            clock => \UART_1:Net_847_ff2\ ,
            interrupt => Net_410 ,
            tx => \UART_1:Net_656\ ,
            rts => \UART_1:Net_751\ ,
            mosi_m => \UART_1:Net_660\ ,
            select_m_3 => \UART_1:ss_3\ ,
            select_m_2 => \UART_1:ss_2\ ,
            select_m_1 => \UART_1:ss_1\ ,
            select_m_0 => \UART_1:ss_0\ ,
            sclk_m => \UART_1:Net_687\ ,
            miso_s => \UART_1:Net_703\ ,
            tx_req => \UART_1:Net_823\ ,
            rx_req => \UART_1:Net_824\ );
        Properties:
        {
            cy_registers = ""
            scb_mode = 2
        }
CSD Fixed Block group 0: empty
8-bit CapSense IDAC group 0: empty
7-bit CapSense IDAC group 0: empty
TCPWM Block group 0: empty
Comparator/Opamp Fixed Block group 0: empty
Temperature Sensor group 0: empty
SAR Fixed Block group 0: 
    PSoC4 SAR Fixed Block @ [FFB(SARADC,0)]:
        p4sarcell: Name =\ADC_1:cy_psoc4_sar\
            PORT MAP (
                vplus => \ADC_1:Net_2020\ ,
                vminus => \ADC_1:Net_124\ ,
                vref => \ADC_1:Net_8\ ,
                ext_vref => \ADC_1:Net_43\ ,
                clock => \ADC_1:Net_1845_ff7\ ,
                sample_done => Net_969 ,
                chan_id_valid => \ADC_1:Net_3108\ ,
                chan_id_3 => \ADC_1:Net_3109_3\ ,
                chan_id_2 => \ADC_1:Net_3109_2\ ,
                chan_id_1 => \ADC_1:Net_3109_1\ ,
                chan_id_0 => \ADC_1:Net_3109_0\ ,
                data_valid => \ADC_1:Net_3110\ ,
                data_11 => \ADC_1:Net_3111_11\ ,
                data_10 => \ADC_1:Net_3111_10\ ,
                data_9 => \ADC_1:Net_3111_9\ ,
                data_8 => \ADC_1:Net_3111_8\ ,
                data_7 => \ADC_1:Net_3111_7\ ,
                data_6 => \ADC_1:Net_3111_6\ ,
                data_5 => \ADC_1:Net_3111_5\ ,
                data_4 => \ADC_1:Net_3111_4\ ,
                data_3 => \ADC_1:Net_3111_3\ ,
                data_2 => \ADC_1:Net_3111_2\ ,
                data_1 => \ADC_1:Net_3111_1\ ,
                data_0 => \ADC_1:Net_3111_0\ ,
                eos_intr => Net_970 ,
                irq => \ADC_1:Net_3112\ );
            Properties:
            {
                cy_registers = ""
            }
Segment LCD Block group 0: empty
CLK_GEN group 0: 
    M0S8 Clock Gen Block @ [FFB(CLK_GEN,0)]: 
    m0s8clockgenblockcell: Name =ClockGenBlock
        PORT MAP (
            gen_clk_out_0 => Net_515_digital ,
            gen_clk_in_0 => dclk_to_genclk );
        Properties:
        {
        }
LPCOMPBLOCK group 0: empty
CTBMBLOCK group 0: empty
ANAPUMP group 0: empty
</CYPRESSTAG>
<CYPRESSTAG name="Port Configuration Details">

------------------------------------------------------------
Port Configuration report
------------------------------------------------------------
     |     |       | Interrupt |                  |                | 
Port | Pin | Fixed |      Type |       Drive Mode |           Name | Connections
-----+-----+-------+-----------+------------------+----------------+-------------------------
   0 |   1 |     * |      NONE |         CMOS_OUT |     A_press(0) | 
     |   5 |     * |      NONE |         CMOS_OUT | \UART_1:tx(0)\ | In(\UART_1:Net_656\)
     |   7 |     * |      NONE |      RES_PULL_UP |         SW2(0) | FB(Net_514)
-----+-----+-------+-----------+------------------+----------------+-------------------------
   2 |   3 |     * |      NONE |      HI_Z_ANALOG |        V_in(0) | Analog(\ADC_1:Net_2020\)
---------------------------------------------------------------------------------------------
</CYPRESSTAG>
</CYPRESSTAG>
</CYPRESSTAG>
Digital component placer commit/Report: Elapsed time ==> 0s.002ms
Digital Placement phase: Elapsed time ==> 0s.515ms
</CYPRESSTAG>
<CYPRESSTAG name="Digital Routing">
Routing successful.
Digital Routing phase: Elapsed time ==> 0s.533ms
</CYPRESSTAG>
<CYPRESSTAG name="Bitstream and API generation">
Bitstream and API generation phase: Elapsed time ==> 0s.115ms
</CYPRESSTAG>
<CYPRESSTAG name="Bitstream verification">
Bitstream verification phase: Elapsed time ==> 0s.035ms
</CYPRESSTAG>
<CYPRESSTAG name="Static timing analysis">
Timing report is in CRT_timer_timing.html.
Static timing analysis phase: Elapsed time ==> 0s.240ms
</CYPRESSTAG>
<CYPRESSTAG name="Data reporting">
Data reporting phase: Elapsed time ==> 0s.000ms
</CYPRESSTAG>
<CYPRESSTAG name="Database update...">
Design database save phase: Elapsed time ==> 0s.172ms
</CYPRESSTAG>
cydsfit: Elapsed time ==> 2s.349ms
</CYPRESSTAG>
Fitter phase: Elapsed time ==> 2s.399ms
API generation phase: Elapsed time ==> 0s.839ms
Dependency generation phase: Elapsed time ==> 0s.015ms
Cleanup phase: Elapsed time ==> 0s.001ms
