--------------- Rebuild Started: 04/09/2015 09:11:43 Project: CRT_timer, Configuration: ARM GCC 4.8.4 Debug ---------------
Deleting file ".\CortexM0\ARM_GCC_484\Debug\main.o"
Deleting file ".\CortexM0\ARM_GCC_484\Debug\menus.o"
Deleting file ".\CortexM0\ARM_GCC_484\Debug\cyfitter_cfg.o"
Deleting file ".\CortexM0\ARM_GCC_484\Debug\cymetadata.o"
Deleting file ".\CortexM0\ARM_GCC_484\Debug\Timer_1.o"
Deleting file ".\CortexM0\ARM_GCC_484\Debug\Timer_1_PM.o"
Deleting file ".\CortexM0\ARM_GCC_484\Debug\SW2.o"
Deleting file ".\CortexM0\ARM_GCC_484\Debug\sw_int.o"
Deleting file ".\CortexM0\ARM_GCC_484\Debug\Cm0Start.o"
Deleting file ".\CortexM0\ARM_GCC_484\Debug\CyBootAsmGnu.o"
Deleting file ".\CortexM0\ARM_GCC_484\Debug\CyFlash.o"
Deleting file ".\CortexM0\ARM_GCC_484\Debug\CyLib.o"
Deleting file ".\CortexM0\ARM_GCC_484\Debug\cyPm.o"
Deleting file ".\CortexM0\ARM_GCC_484\Debug\cyutils.o"
Deleting file ".\CortexM0\ARM_GCC_484\Debug\UART_1.o"
Deleting file ".\CortexM0\ARM_GCC_484\Debug\UART_1_SPI_UART.o"
Deleting file ".\CortexM0\ARM_GCC_484\Debug\UART_1_SPI_UART_INT.o"
Deleting file ".\CortexM0\ARM_GCC_484\Debug\UART_1_PM.o"
Deleting file ".\CortexM0\ARM_GCC_484\Debug\UART_1_UART.o"
Deleting file ".\CortexM0\ARM_GCC_484\Debug\UART_1_BOOT.o"
Deleting file ".\CortexM0\ARM_GCC_484\Debug\UART_1_UART_BOOT.o"
Deleting file ".\CortexM0\ARM_GCC_484\Debug\UART_1_SCBCLK.o"
Deleting file ".\CortexM0\ARM_GCC_484\Debug\UART_1_tx.o"
Deleting file ".\CortexM0\ARM_GCC_484\Debug\cl_deb.o"
Deleting file ".\CortexM0\ARM_GCC_484\Debug\A0.o"
Deleting file ".\CortexM0\ARM_GCC_484\Debug\LCD.o"
Deleting file ".\CortexM0\ARM_GCC_484\Debug\LCD_PM.o"
Deleting file ".\CortexM0\ARM_GCC_484\Debug\LCD_CustChars.o"
Deleting file ".\CortexM0\ARM_GCC_484\Debug\RS.o"
Deleting file ".\CortexM0\ARM_GCC_484\Debug\E.o"
Deleting file ".\CortexM0\ARM_GCC_484\Debug\D4.o"
Deleting file ".\CortexM0\ARM_GCC_484\Debug\D5.o"
Deleting file ".\CortexM0\ARM_GCC_484\Debug\D6.o"
Deleting file ".\CortexM0\ARM_GCC_484\Debug\D7.o"
Deleting file ".\CortexM0\ARM_GCC_484\Debug\LCD_Cntl_Port.o"
Deleting file ".\CortexM0\ARM_GCC_484\Debug\ADC.o"
Deleting file ".\CortexM0\ARM_GCC_484\Debug\ADC_PM.o"
Deleting file ".\CortexM0\ARM_GCC_484\Debug\ADC_INT.o"
Deleting file ".\CortexM0\ARM_GCC_484\Debug\ADC_IRQ.o"
Deleting file ".\CortexM0\ARM_GCC_484\Debug\ADC_intClock.o"
Deleting file ".\CortexM0\ARM_GCC_484\Debug\B_press.o"
Deleting file ".\CortexM0\ARM_GCC_484\Debug\Opamp.o"
Deleting file ".\CortexM0\ARM_GCC_484\Debug\Opamp_PM.o"
Deleting file ".\CortexM0\ARM_GCC_484\Debug\GND.o"
Deleting file ".\CortexM0\ARM_GCC_484\Debug\TIA_in.o"
Deleting file ".\CortexM0\ARM_GCC_484\Debug\TIA_out.o"
Deleting file ".\CortexM0\ARM_GCC_484\Debug\CRT_timer.hex"
Deleting file ".\CortexM0\ARM_GCC_484\Debug\CRT_timer.elf"
Deleting file ".\CortexM0\ARM_GCC_484\Debug\CRT_timer.map"
Deleting file ".\CRT_timer.cycdx"
Deleting file ".\CRT_timer.svd"
Deleting file ".\CRT_timer.rpt"
Deleting file ".\CRT_timer_timing.html"
Deleting file ".\CortexM0\ARM_GCC_484\Debug\.deps\C_FILE.P"
Deleting file ".\CortexM0\ARM_GCC_484\Debug\.deps\ARM_C_FILE.P"
Deleting file ".\CortexM0\ARM_GCC_484\Debug\.deps\GNU_ARM_ASM_FILE.P"
cydsfit.exe -.appdatapath "C:\Users\Snufkin\AppData\Local\Cypress Semiconductor\PSoC Creator\3.1" -.fdsnotice -.fdswarpdepfile=warp_dependencies.txt -.fdselabdepfile=elab_dependencies.txt -.fdsbldfile=generated_files.txt -p C:\Users\Snufkin\Documents\GitHub\KingFunk2\CRT_timer\CRT_timer.cydsn\CRT_timer.cyprj -d CY8C4245AXI-483 -s C:\Users\Snufkin\Documents\GitHub\KingFunk2\CRT_timer\CRT_timer.cydsn\Generated_Source\PSoC4 -- -yv2 -q10 -ygs -o2 -v3 -.fftcfgtype=LE
Elaborating Design...
ADD: sdb.M0061: information: Info from component: ADC. The actual sample rate (111111 SPS) differs from the desired sample rate (125000 SPS) due to the clock configuration in the DWR.
 * C:\Users\Snufkin\Documents\GitHub\KingFunk2\CRT_timer\CRT_timer.cydsn\TopDesign\TopDesign.cysch (Instance:ADC)
HDL Generation ...
Synthesis ...
Place and Route ...
Tech mapping ...
Analog Placement ...
Analog Routing ...
Analog Code Generation ...
Digital Placement ...
Digital Routing ...
Bitstream Generation ...
Static timing analysis ...
API Generation ...
Dependency Generation ...
Clean Temporary Files ...
arm-none-eabi-gcc.exe -mcpu=cortex-m0 -mthumb -Wno-main -I. -I.\Generated_Source\PSoC4 -Wa,-alh=.\CortexM0\ARM_GCC_484\Debug/main.lst -g -D DEBUG -Wall -ffunction-sections -O0 -c .\main.c -o .\CortexM0\ARM_GCC_484\Debug\main.o
arm-none-eabi-gcc.exe -mcpu=cortex-m0 -mthumb -Wno-main -I. -I.\Generated_Source\PSoC4 -Wa,-alh=.\CortexM0\ARM_GCC_484\Debug/menus.lst -g -D DEBUG -Wall -ffunction-sections -O0 -c .\menus.c -o .\CortexM0\ARM_GCC_484\Debug\menus.o
arm-none-eabi-gcc.exe -mcpu=cortex-m0 -mthumb -Wno-main -I. -I.\Generated_Source\PSoC4 -Wa,-alh=.\CortexM0\ARM_GCC_484\Debug/cyfitter_cfg.lst -g -D DEBUG -Wall -ffunction-sections -O0 -c .\Generated_Source\PSoC4\cyfitter_cfg.c -o .\CortexM0\ARM_GCC_484\Debug\cyfitter_cfg.o
arm-none-eabi-gcc.exe -mcpu=cortex-m0 -mthumb -Wno-main -I. -I.\Generated_Source\PSoC4 -Wa,-alh=.\CortexM0\ARM_GCC_484\Debug/cymetadata.lst -g -D DEBUG -Wall -ffunction-sections -O0 -c .\Generated_Source\PSoC4\cymetadata.c -o .\CortexM0\ARM_GCC_484\Debug\cymetadata.o
arm-none-eabi-gcc.exe -mcpu=cortex-m0 -mthumb -Wno-main -I. -I.\Generated_Source\PSoC4 -Wa,-alh=.\CortexM0\ARM_GCC_484\Debug/Timer_1.lst -g -D DEBUG -Wall -ffunction-sections -O0 -c .\Generated_Source\PSoC4\Timer_1.c -o .\CortexM0\ARM_GCC_484\Debug\Timer_1.o
arm-none-eabi-gcc.exe -mcpu=cortex-m0 -mthumb -Wno-main -I. -I.\Generated_Source\PSoC4 -Wa,-alh=.\CortexM0\ARM_GCC_484\Debug/Timer_1_PM.lst -g -D DEBUG -Wall -ffunction-sections -O0 -c .\Generated_Source\PSoC4\Timer_1_PM.c -o .\CortexM0\ARM_GCC_484\Debug\Timer_1_PM.o
arm-none-eabi-gcc.exe -mcpu=cortex-m0 -mthumb -Wno-main -I. -I.\Generated_Source\PSoC4 -Wa,-alh=.\CortexM0\ARM_GCC_484\Debug/SW2.lst -g -D DEBUG -Wall -ffunction-sections -O0 -c .\Generated_Source\PSoC4\SW2.c -o .\CortexM0\ARM_GCC_484\Debug\SW2.o
arm-none-eabi-gcc.exe -mcpu=cortex-m0 -mthumb -Wno-main -I. -I.\Generated_Source\PSoC4 -Wa,-alh=.\CortexM0\ARM_GCC_484\Debug/sw_int.lst -g -D DEBUG -Wall -ffunction-sections -O0 -c .\Generated_Source\PSoC4\sw_int.c -o .\CortexM0\ARM_GCC_484\Debug\sw_int.o
arm-none-eabi-gcc.exe -mcpu=cortex-m0 -mthumb -Wno-main -I. -I.\Generated_Source\PSoC4 -Wa,-alh=.\CortexM0\ARM_GCC_484\Debug/Cm0Start.lst -g -D DEBUG -Wall -ffunction-sections -O0 -c .\Generated_Source\PSoC4\Cm0Start.c -o .\CortexM0\ARM_GCC_484\Debug\Cm0Start.o
arm-none-eabi-as.exe -mcpu=cortex-m0 -mthumb -I. -I.\Generated_Source\PSoC4 -alh=.\CortexM0\ARM_GCC_484\Debug/CyBootAsmGnu.lst -g -W -o .\CortexM0\ARM_GCC_484\Debug\CyBootAsmGnu.o .\Generated_Source\PSoC4\CyBootAsmGnu.s
arm-none-eabi-gcc.exe -mcpu=cortex-m0 -mthumb -Wno-main -I. -I.\Generated_Source\PSoC4 -Wa,-alh=.\CortexM0\ARM_GCC_484\Debug/CyFlash.lst -g -D DEBUG -Wall -ffunction-sections -O0 -c .\Generated_Source\PSoC4\CyFlash.c -o .\CortexM0\ARM_GCC_484\Debug\CyFlash.o
arm-none-eabi-gcc.exe -mcpu=cortex-m0 -mthumb -Wno-main -I. -I.\Generated_Source\PSoC4 -Wa,-alh=.\CortexM0\ARM_GCC_484\Debug/CyLib.lst -g -D DEBUG -Wall -ffunction-sections -O0 -c .\Generated_Source\PSoC4\CyLib.c -o .\CortexM0\ARM_GCC_484\Debug\CyLib.o
arm-none-eabi-gcc.exe -mcpu=cortex-m0 -mthumb -Wno-main -I. -I.\Generated_Source\PSoC4 -Wa,-alh=.\CortexM0\ARM_GCC_484\Debug/cyPm.lst -g -D DEBUG -Wall -ffunction-sections -O0 -c .\Generated_Source\PSoC4\cyPm.c -o .\CortexM0\ARM_GCC_484\Debug\cyPm.o
arm-none-eabi-gcc.exe -mcpu=cortex-m0 -mthumb -Wno-main -I. -I.\Generated_Source\PSoC4 -Wa,-alh=.\CortexM0\ARM_GCC_484\Debug/cyutils.lst -g -D DEBUG -Wall -ffunction-sections -O0 -c .\Generated_Source\PSoC4\cyutils.c -o .\CortexM0\ARM_GCC_484\Debug\cyutils.o
arm-none-eabi-gcc.exe -mcpu=cortex-m0 -mthumb -Wno-main -I. -I.\Generated_Source\PSoC4 -Wa,-alh=.\CortexM0\ARM_GCC_484\Debug/UART_1.lst -g -D DEBUG -Wall -ffunction-sections -O0 -c .\Generated_Source\PSoC4\UART_1.c -o .\CortexM0\ARM_GCC_484\Debug\UART_1.o
arm-none-eabi-gcc.exe -mcpu=cortex-m0 -mthumb -Wno-main -I. -I.\Generated_Source\PSoC4 -Wa,-alh=.\CortexM0\ARM_GCC_484\Debug/UART_1_SPI_UART.lst -g -D DEBUG -Wall -ffunction-sections -O0 -c .\Generated_Source\PSoC4\UART_1_SPI_UART.c -o .\CortexM0\ARM_GCC_484\Debug\UART_1_SPI_UART.o
arm-none-eabi-gcc.exe -mcpu=cortex-m0 -mthumb -Wno-main -I. -I.\Generated_Source\PSoC4 -Wa,-alh=.\CortexM0\ARM_GCC_484\Debug/UART_1_SPI_UART_INT.lst -g -D DEBUG -Wall -ffunction-sections -O0 -c .\Generated_Source\PSoC4\UART_1_SPI_UART_INT.c -o .\CortexM0\ARM_GCC_484\Debug\UART_1_SPI_UART_INT.o
arm-none-eabi-gcc.exe -mcpu=cortex-m0 -mthumb -Wno-main -I. -I.\Generated_Source\PSoC4 -Wa,-alh=.\CortexM0\ARM_GCC_484\Debug/UART_1_PM.lst -g -D DEBUG -Wall -ffunction-sections -O0 -c .\Generated_Source\PSoC4\UART_1_PM.c -o .\CortexM0\ARM_GCC_484\Debug\UART_1_PM.o
arm-none-eabi-gcc.exe -mcpu=cortex-m0 -mthumb -Wno-main -I. -I.\Generated_Source\PSoC4 -Wa,-alh=.\CortexM0\ARM_GCC_484\Debug/UART_1_UART.lst -g -D DEBUG -Wall -ffunction-sections -O0 -c .\Generated_Source\PSoC4\UART_1_UART.c -o .\CortexM0\ARM_GCC_484\Debug\UART_1_UART.o
arm-none-eabi-gcc.exe -mcpu=cortex-m0 -mthumb -Wno-main -I. -I.\Generated_Source\PSoC4 -Wa,-alh=.\CortexM0\ARM_GCC_484\Debug/UART_1_BOOT.lst -g -D DEBUG -Wall -ffunction-sections -O0 -c .\Generated_Source\PSoC4\UART_1_BOOT.c -o .\CortexM0\ARM_GCC_484\Debug\UART_1_BOOT.o
arm-none-eabi-gcc.exe -mcpu=cortex-m0 -mthumb -Wno-main -I. -I.\Generated_Source\PSoC4 -Wa,-alh=.\CortexM0\ARM_GCC_484\Debug/UART_1_UART_BOOT.lst -g -D DEBUG -Wall -ffunction-sections -O0 -c .\Generated_Source\PSoC4\UART_1_UART_BOOT.c -o .\CortexM0\ARM_GCC_484\Debug\UART_1_UART_BOOT.o
arm-none-eabi-gcc.exe -mcpu=cortex-m0 -mthumb -Wno-main -I. -I.\Generated_Source\PSoC4 -Wa,-alh=.\CortexM0\ARM_GCC_484\Debug/UART_1_SCBCLK.lst -g -D DEBUG -Wall -ffunction-sections -O0 -c .\Generated_Source\PSoC4\UART_1_SCBCLK.c -o .\CortexM0\ARM_GCC_484\Debug\UART_1_SCBCLK.o
arm-none-eabi-gcc.exe -mcpu=cortex-m0 -mthumb -Wno-main -I. -I.\Generated_Source\PSoC4 -Wa,-alh=.\CortexM0\ARM_GCC_484\Debug/UART_1_tx.lst -g -D DEBUG -Wall -ffunction-sections -O0 -c .\Generated_Source\PSoC4\UART_1_tx.c -o .\CortexM0\ARM_GCC_484\Debug\UART_1_tx.o
arm-none-eabi-gcc.exe -mcpu=cortex-m0 -mthumb -Wno-main -I. -I.\Generated_Source\PSoC4 -Wa,-alh=.\CortexM0\ARM_GCC_484\Debug/cl_deb.lst -g -D DEBUG -Wall -ffunction-sections -O0 -c .\Generated_Source\PSoC4\cl_deb.c -o .\CortexM0\ARM_GCC_484\Debug\cl_deb.o
arm-none-eabi-gcc.exe -mcpu=cortex-m0 -mthumb -Wno-main -I. -I.\Generated_Source\PSoC4 -Wa,-alh=.\CortexM0\ARM_GCC_484\Debug/A0.lst -g -D DEBUG -Wall -ffunction-sections -O0 -c .\Generated_Source\PSoC4\A0.c -o .\CortexM0\ARM_GCC_484\Debug\A0.o
arm-none-eabi-gcc.exe -mcpu=cortex-m0 -mthumb -Wno-main -I. -I.\Generated_Source\PSoC4 -Wa,-alh=.\CortexM0\ARM_GCC_484\Debug/LCD.lst -g -D DEBUG -Wall -ffunction-sections -O0 -c .\Generated_Source\PSoC4\LCD.c -o .\CortexM0\ARM_GCC_484\Debug\LCD.o
arm-none-eabi-gcc.exe -mcpu=cortex-m0 -mthumb -Wno-main -I. -I.\Generated_Source\PSoC4 -Wa,-alh=.\CortexM0\ARM_GCC_484\Debug/LCD_PM.lst -g -D DEBUG -Wall -ffunction-sections -O0 -c .\Generated_Source\PSoC4\LCD_PM.c -o .\CortexM0\ARM_GCC_484\Debug\LCD_PM.o
arm-none-eabi-gcc.exe -mcpu=cortex-m0 -mthumb -Wno-main -I. -I.\Generated_Source\PSoC4 -Wa,-alh=.\CortexM0\ARM_GCC_484\Debug/LCD_CustChars.lst -g -D DEBUG -Wall -ffunction-sections -O0 -c .\Generated_Source\PSoC4\LCD_CustChars.c -o .\CortexM0\ARM_GCC_484\Debug\LCD_CustChars.o
arm-none-eabi-gcc.exe -mcpu=cortex-m0 -mthumb -Wno-main -I. -I.\Generated_Source\PSoC4 -Wa,-alh=.\CortexM0\ARM_GCC_484\Debug/RS.lst -g -D DEBUG -Wall -ffunction-sections -O0 -c .\Generated_Source\PSoC4\RS.c -o .\CortexM0\ARM_GCC_484\Debug\RS.o
arm-none-eabi-gcc.exe -mcpu=cortex-m0 -mthumb -Wno-main -I. -I.\Generated_Source\PSoC4 -Wa,-alh=.\CortexM0\ARM_GCC_484\Debug/E.lst -g -D DEBUG -Wall -ffunction-sections -O0 -c .\Generated_Source\PSoC4\E.c -o .\CortexM0\ARM_GCC_484\Debug\E.o
arm-none-eabi-gcc.exe -mcpu=cortex-m0 -mthumb -Wno-main -I. -I.\Generated_Source\PSoC4 -Wa,-alh=.\CortexM0\ARM_GCC_484\Debug/D4.lst -g -D DEBUG -Wall -ffunction-sections -O0 -c .\Generated_Source\PSoC4\D4.c -o .\CortexM0\ARM_GCC_484\Debug\D4.o
arm-none-eabi-gcc.exe -mcpu=cortex-m0 -mthumb -Wno-main -I. -I.\Generated_Source\PSoC4 -Wa,-alh=.\CortexM0\ARM_GCC_484\Debug/D5.lst -g -D DEBUG -Wall -ffunction-sections -O0 -c .\Generated_Source\PSoC4\D5.c -o .\CortexM0\ARM_GCC_484\Debug\D5.o
arm-none-eabi-gcc.exe -mcpu=cortex-m0 -mthumb -Wno-main -I. -I.\Generated_Source\PSoC4 -Wa,-alh=.\CortexM0\ARM_GCC_484\Debug/D6.lst -g -D DEBUG -Wall -ffunction-sections -O0 -c .\Generated_Source\PSoC4\D6.c -o .\CortexM0\ARM_GCC_484\Debug\D6.o
arm-none-eabi-gcc.exe -mcpu=cortex-m0 -mthumb -Wno-main -I. -I.\Generated_Source\PSoC4 -Wa,-alh=.\CortexM0\ARM_GCC_484\Debug/D7.lst -g -D DEBUG -Wall -ffunction-sections -O0 -c .\Generated_Source\PSoC4\D7.c -o .\CortexM0\ARM_GCC_484\Debug\D7.o
arm-none-eabi-gcc.exe -mcpu=cortex-m0 -mthumb -Wno-main -I. -I.\Generated_Source\PSoC4 -Wa,-alh=.\CortexM0\ARM_GCC_484\Debug/LCD_Cntl_Port.lst -g -D DEBUG -Wall -ffunction-sections -O0 -c .\Generated_Source\PSoC4\LCD_Cntl_Port.c -o .\CortexM0\ARM_GCC_484\Debug\LCD_Cntl_Port.o
arm-none-eabi-gcc.exe -mcpu=cortex-m0 -mthumb -Wno-main -I. -I.\Generated_Source\PSoC4 -Wa,-alh=.\CortexM0\ARM_GCC_484\Debug/ADC.lst -g -D DEBUG -Wall -ffunction-sections -O0 -c .\Generated_Source\PSoC4\ADC.c -o .\CortexM0\ARM_GCC_484\Debug\ADC.o
arm-none-eabi-gcc.exe -mcpu=cortex-m0 -mthumb -Wno-main -I. -I.\Generated_Source\PSoC4 -Wa,-alh=.\CortexM0\ARM_GCC_484\Debug/ADC_PM.lst -g -D DEBUG -Wall -ffunction-sections -O0 -c .\Generated_Source\PSoC4\ADC_PM.c -o .\CortexM0\ARM_GCC_484\Debug\ADC_PM.o
arm-none-eabi-gcc.exe -mcpu=cortex-m0 -mthumb -Wno-main -I. -I.\Generated_Source\PSoC4 -Wa,-alh=.\CortexM0\ARM_GCC_484\Debug/ADC_INT.lst -g -D DEBUG -Wall -ffunction-sections -O0 -c .\Generated_Source\PSoC4\ADC_INT.c -o .\CortexM0\ARM_GCC_484\Debug\ADC_INT.o
arm-none-eabi-gcc.exe -mcpu=cortex-m0 -mthumb -Wno-main -I. -I.\Generated_Source\PSoC4 -Wa,-alh=.\CortexM0\ARM_GCC_484\Debug/ADC_IRQ.lst -g -D DEBUG -Wall -ffunction-sections -O0 -c .\Generated_Source\PSoC4\ADC_IRQ.c -o .\CortexM0\ARM_GCC_484\Debug\ADC_IRQ.o
arm-none-eabi-gcc.exe -mcpu=cortex-m0 -mthumb -Wno-main -I. -I.\Generated_Source\PSoC4 -Wa,-alh=.\CortexM0\ARM_GCC_484\Debug/ADC_intClock.lst -g -D DEBUG -Wall -ffunction-sections -O0 -c .\Generated_Source\PSoC4\ADC_intClock.c -o .\CortexM0\ARM_GCC_484\Debug\ADC_intClock.o
arm-none-eabi-gcc.exe -mcpu=cortex-m0 -mthumb -Wno-main -I. -I.\Generated_Source\PSoC4 -Wa,-alh=.\CortexM0\ARM_GCC_484\Debug/B_press.lst -g -D DEBUG -Wall -ffunction-sections -O0 -c .\Generated_Source\PSoC4\B_press.c -o .\CortexM0\ARM_GCC_484\Debug\B_press.o
arm-none-eabi-gcc.exe -mcpu=cortex-m0 -mthumb -Wno-main -I. -I.\Generated_Source\PSoC4 -Wa,-alh=.\CortexM0\ARM_GCC_484\Debug/Opamp.lst -g -D DEBUG -Wall -ffunction-sections -O0 -c .\Generated_Source\PSoC4\Opamp.c -o .\CortexM0\ARM_GCC_484\Debug\Opamp.o
arm-none-eabi-gcc.exe -mcpu=cortex-m0 -mthumb -Wno-main -I. -I.\Generated_Source\PSoC4 -Wa,-alh=.\CortexM0\ARM_GCC_484\Debug/Opamp_PM.lst -g -D DEBUG -Wall -ffunction-sections -O0 -c .\Generated_Source\PSoC4\Opamp_PM.c -o .\CortexM0\ARM_GCC_484\Debug\Opamp_PM.o
arm-none-eabi-gcc.exe -mcpu=cortex-m0 -mthumb -Wno-main -I. -I.\Generated_Source\PSoC4 -Wa,-alh=.\CortexM0\ARM_GCC_484\Debug/GND.lst -g -D DEBUG -Wall -ffunction-sections -O0 -c .\Generated_Source\PSoC4\GND.c -o .\CortexM0\ARM_GCC_484\Debug\GND.o
arm-none-eabi-gcc.exe -mcpu=cortex-m0 -mthumb -Wno-main -I. -I.\Generated_Source\PSoC4 -Wa,-alh=.\CortexM0\ARM_GCC_484\Debug/TIA_in.lst -g -D DEBUG -Wall -ffunction-sections -O0 -c .\Generated_Source\PSoC4\TIA_in.c -o .\CortexM0\ARM_GCC_484\Debug\TIA_in.o
arm-none-eabi-gcc.exe -mcpu=cortex-m0 -mthumb -Wno-main -I. -I.\Generated_Source\PSoC4 -Wa,-alh=.\CortexM0\ARM_GCC_484\Debug/TIA_out.lst -g -D DEBUG -Wall -ffunction-sections -O0 -c .\Generated_Source\PSoC4\TIA_out.c -o .\CortexM0\ARM_GCC_484\Debug\TIA_out.o
arm-none-eabi-ar.exe -rs .\CortexM0\ARM_GCC_484\Debug\CRT_timer.a .\CortexM0\ARM_GCC_484\Debug\cyfitter_cfg.o .\CortexM0\ARM_GCC_484\Debug\Timer_1.o .\CortexM0\ARM_GCC_484\Debug\Timer_1_PM.o .\CortexM0\ARM_GCC_484\Debug\SW2.o .\CortexM0\ARM_GCC_484\Debug\sw_int.o .\CortexM0\ARM_GCC_484\Debug\CyBootAsmGnu.o .\CortexM0\ARM_GCC_484\Debug\CyFlash.o .\CortexM0\ARM_GCC_484\Debug\CyLib.o .\CortexM0\ARM_GCC_484\Debug\cyPm.o .\CortexM0\ARM_GCC_484\Debug\cyutils.o .\CortexM0\ARM_GCC_484\Debug\UART_1.o .\CortexM0\ARM_GCC_484\Debug\UART_1_SPI_UART.o .\CortexM0\ARM_GCC_484\Debug\UART_1_SPI_UART_INT.o .\CortexM0\ARM_GCC_484\Debug\UART_1_PM.o .\CortexM0\ARM_GCC_484\Debug\UART_1_UART.o .\CortexM0\ARM_GCC_484\Debug\UART_1_BOOT.o .\CortexM0\ARM_GCC_484\Debug\UART_1_UART_BOOT.o .\CortexM0\ARM_GCC_484\Debug\UART_1_SCBCLK.o .\CortexM0\ARM_GCC_484\Debug\UART_1_tx.o .\CortexM0\ARM_GCC_484\Debug\cl_deb.o .\CortexM0\ARM_GCC_484\Debug\A0.o .\CortexM0\ARM_GCC_484\Debug\LCD.o .\CortexM0\ARM_GCC_484\Debug\LCD_PM.o .\CortexM0\ARM_GCC_484\Debug\LCD_CustChars.o .\CortexM0\ARM_GCC_484\Debug\RS.o .\CortexM0\ARM_GCC_484\Debug\E.o .\CortexM0\ARM_GCC_484\Debug\D4.o .\CortexM0\ARM_GCC_484\Debug\D5.o .\CortexM0\ARM_GCC_484\Debug\D6.o .\CortexM0\ARM_GCC_484\Debug\D7.o .\CortexM0\ARM_GCC_484\Debug\LCD_Cntl_Port.o .\CortexM0\ARM_GCC_484\Debug\ADC.o .\CortexM0\ARM_GCC_484\Debug\ADC_PM.o .\CortexM0\ARM_GCC_484\Debug\ADC_INT.o .\CortexM0\ARM_GCC_484\Debug\ADC_IRQ.o .\CortexM0\ARM_GCC_484\Debug\ADC_intClock.o .\CortexM0\ARM_GCC_484\Debug\B_press.o .\CortexM0\ARM_GCC_484\Debug\Opamp.o .\CortexM0\ARM_GCC_484\Debug\Opamp_PM.o .\CortexM0\ARM_GCC_484\Debug\GND.o .\CortexM0\ARM_GCC_484\Debug\TIA_in.o .\CortexM0\ARM_GCC_484\Debug\TIA_out.o
arm-none-eabi-ar.exe: creating .\CortexM0\ARM_GCC_484\Debug\CRT_timer.a
arm-none-eabi-gcc.exe -Wl,--start-group -o .\CortexM0\ARM_GCC_484\Debug\CRT_timer.elf .\CortexM0\ARM_GCC_484\Debug\main.o .\CortexM0\ARM_GCC_484\Debug\menus.o .\CortexM0\ARM_GCC_484\Debug\cymetadata.o .\CortexM0\ARM_GCC_484\Debug\Cm0Start.o .\CortexM0\ARM_GCC_484\Debug\CRT_timer.a "C:\Program Files (x86)\Cypress\PSoC Creator\3.1\PSoC Creator\psoc\content\cycomponentlibrary\CyComponentLibrary.cylib\CortexM0\ARM_GCC_484\Debug\CyComponentLibrary.a" -mthumb -march=armv6-m -Wl,-Map,.\CortexM0\ARM_GCC_484\Debug/CRT_timer.map -T .\Generated_Source\PSoC4\cm0gcc.ld -g -specs=nano.specs "-u _printf_float" "" -Wl,--gc-sections -Wl,--end-group
cyelftool.exe -C C:\Users\Snufkin\Documents\GitHub\KingFunk2\CRT_timer\CRT_timer.cydsn\CortexM0\ARM_GCC_484\Debug\CRT_timer.elf --flash_size 32768 --flash_row_size 128
cyelftool.exe -S C:\Users\Snufkin\Documents\GitHub\KingFunk2\CRT_timer\CRT_timer.cydsn\CortexM0\ARM_GCC_484\Debug\CRT_timer.elf
Flash used: 13392 of 32768 bytes (40.9 %).
SRAM used: 1572 of 4096 bytes (38.4 %). Stack: 1024 bytes. Heap: 128 bytes.
--------------- Rebuild Succeeded: 04/09/2015 09:12:00 ---------------
