ARM GAS  C:\Users\Snufkin\AppData\Local\Temp\ccM3hozN.s 			page 1


   1              		.cpu cortex-m0
   2              		.fpu softvfp
   3              		.eabi_attribute 20, 1
   4              		.eabi_attribute 21, 1
   5              		.eabi_attribute 23, 3
   6              		.eabi_attribute 24, 1
   7              		.eabi_attribute 25, 1
   8              		.eabi_attribute 26, 1
   9              		.eabi_attribute 30, 6
  10              		.eabi_attribute 34, 0
  11              		.eabi_attribute 18, 4
  12              		.code	16
  13              		.file	"GC_int.c"
  14              		.text
  15              	.Ltext0:
  16              		.cfi_sections	.debug_frame
  17              		.section	.text.GC_int_Start,"ax",%progbits
  18              		.align	2
  19              		.global	GC_int_Start
  20              		.code	16
  21              		.thumb_func
  22              		.type	GC_int_Start, %function
  23              	GC_int_Start:
  24              	.LFB0:
  25              		.file 1 ".\\Generated_Source\\PSoC4\\GC_int.c"
   1:.\Generated_Source\PSoC4/GC_int.c **** /*******************************************************************************
   2:.\Generated_Source\PSoC4/GC_int.c **** * File Name: GC_int.c  
   3:.\Generated_Source\PSoC4/GC_int.c **** * Version 1.70
   4:.\Generated_Source\PSoC4/GC_int.c **** *
   5:.\Generated_Source\PSoC4/GC_int.c **** *  Description:
   6:.\Generated_Source\PSoC4/GC_int.c **** *   API for controlling the state of an interrupt.
   7:.\Generated_Source\PSoC4/GC_int.c **** *
   8:.\Generated_Source\PSoC4/GC_int.c **** *
   9:.\Generated_Source\PSoC4/GC_int.c **** *  Note:
  10:.\Generated_Source\PSoC4/GC_int.c **** *
  11:.\Generated_Source\PSoC4/GC_int.c **** ********************************************************************************
  12:.\Generated_Source\PSoC4/GC_int.c **** * Copyright 2008-2015, Cypress Semiconductor Corporation.  All rights reserved.
  13:.\Generated_Source\PSoC4/GC_int.c **** * You may use this file only in accordance with the license, terms, conditions, 
  14:.\Generated_Source\PSoC4/GC_int.c **** * disclaimers, and limitations in the end user license agreement accompanying 
  15:.\Generated_Source\PSoC4/GC_int.c **** * the software package with which this file was provided.
  16:.\Generated_Source\PSoC4/GC_int.c **** *******************************************************************************/
  17:.\Generated_Source\PSoC4/GC_int.c **** 
  18:.\Generated_Source\PSoC4/GC_int.c **** 
  19:.\Generated_Source\PSoC4/GC_int.c **** #include <cydevice_trm.h>
  20:.\Generated_Source\PSoC4/GC_int.c **** #include <CyLib.h>
  21:.\Generated_Source\PSoC4/GC_int.c **** #include <GC_int.h>
  22:.\Generated_Source\PSoC4/GC_int.c **** 
  23:.\Generated_Source\PSoC4/GC_int.c **** #if !defined(GC_int__REMOVED) /* Check for removal by optimization */
  24:.\Generated_Source\PSoC4/GC_int.c **** 
  25:.\Generated_Source\PSoC4/GC_int.c **** /*******************************************************************************
  26:.\Generated_Source\PSoC4/GC_int.c **** *  Place your includes, defines and code here 
  27:.\Generated_Source\PSoC4/GC_int.c **** ********************************************************************************/
  28:.\Generated_Source\PSoC4/GC_int.c **** /* `#START GC_int_intc` */
  29:.\Generated_Source\PSoC4/GC_int.c **** 
  30:.\Generated_Source\PSoC4/GC_int.c **** /* `#END` */
  31:.\Generated_Source\PSoC4/GC_int.c **** 
  32:.\Generated_Source\PSoC4/GC_int.c **** extern cyisraddress CyRamVectors[CYINT_IRQ_BASE + CY_NUM_INTERRUPTS];
ARM GAS  C:\Users\Snufkin\AppData\Local\Temp\ccM3hozN.s 			page 2


  33:.\Generated_Source\PSoC4/GC_int.c **** 
  34:.\Generated_Source\PSoC4/GC_int.c **** /* Declared in startup, used to set unused interrupts to. */
  35:.\Generated_Source\PSoC4/GC_int.c **** CY_ISR_PROTO(IntDefaultHandler);
  36:.\Generated_Source\PSoC4/GC_int.c **** 
  37:.\Generated_Source\PSoC4/GC_int.c **** 
  38:.\Generated_Source\PSoC4/GC_int.c **** /*******************************************************************************
  39:.\Generated_Source\PSoC4/GC_int.c **** * Function Name: GC_int_Start
  40:.\Generated_Source\PSoC4/GC_int.c **** ********************************************************************************
  41:.\Generated_Source\PSoC4/GC_int.c **** *
  42:.\Generated_Source\PSoC4/GC_int.c **** * Summary:
  43:.\Generated_Source\PSoC4/GC_int.c **** *  Set up the interrupt and enable it. This function disables the interrupt, 
  44:.\Generated_Source\PSoC4/GC_int.c **** *  sets the default interrupt vector, sets the priority from the value in the
  45:.\Generated_Source\PSoC4/GC_int.c **** *  Design Wide Resources Interrupt Editor, then enables the interrupt to the 
  46:.\Generated_Source\PSoC4/GC_int.c **** *  interrupt controller.
  47:.\Generated_Source\PSoC4/GC_int.c **** *
  48:.\Generated_Source\PSoC4/GC_int.c **** * Parameters:  
  49:.\Generated_Source\PSoC4/GC_int.c **** *   None
  50:.\Generated_Source\PSoC4/GC_int.c **** *
  51:.\Generated_Source\PSoC4/GC_int.c **** * Return:
  52:.\Generated_Source\PSoC4/GC_int.c **** *   None
  53:.\Generated_Source\PSoC4/GC_int.c **** *
  54:.\Generated_Source\PSoC4/GC_int.c **** *******************************************************************************/
  55:.\Generated_Source\PSoC4/GC_int.c **** void GC_int_Start(void)
  56:.\Generated_Source\PSoC4/GC_int.c **** {
  26              		.loc 1 56 0
  27              		.cfi_startproc
  28 0000 80B5     		push	{r7, lr}
  29              		.cfi_def_cfa_offset 8
  30              		.cfi_offset 7, -8
  31              		.cfi_offset 14, -4
  32 0002 00AF     		add	r7, sp, #0
  33              		.cfi_def_cfa_register 7
  57:.\Generated_Source\PSoC4/GC_int.c ****     /* For all we know the interrupt is active. */
  58:.\Generated_Source\PSoC4/GC_int.c ****     GC_int_Disable();
  34              		.loc 1 58 0
  35 0004 FFF7FEFF 		bl	GC_int_Disable
  59:.\Generated_Source\PSoC4/GC_int.c **** 
  60:.\Generated_Source\PSoC4/GC_int.c ****     /* Set the ISR to point to the GC_int Interrupt. */
  61:.\Generated_Source\PSoC4/GC_int.c ****     GC_int_SetVector(&GC_int_Interrupt);
  36              		.loc 1 61 0
  37 0008 054B     		ldr	r3, .L2
  38 000a 181C     		mov	r0, r3
  39 000c FFF7FEFF 		bl	GC_int_SetVector
  62:.\Generated_Source\PSoC4/GC_int.c **** 
  63:.\Generated_Source\PSoC4/GC_int.c ****     /* Set the priority. */
  64:.\Generated_Source\PSoC4/GC_int.c ****     GC_int_SetPriority((uint8)GC_int_INTC_PRIOR_NUMBER);
  40              		.loc 1 64 0
  41 0010 0320     		mov	r0, #3
  42 0012 FFF7FEFF 		bl	GC_int_SetPriority
  65:.\Generated_Source\PSoC4/GC_int.c **** 
  66:.\Generated_Source\PSoC4/GC_int.c ****     /* Enable it. */
  67:.\Generated_Source\PSoC4/GC_int.c ****     GC_int_Enable();
  43              		.loc 1 67 0
  44 0016 FFF7FEFF 		bl	GC_int_Enable
  68:.\Generated_Source\PSoC4/GC_int.c **** }
  45              		.loc 1 68 0
  46 001a BD46     		mov	sp, r7
ARM GAS  C:\Users\Snufkin\AppData\Local\Temp\ccM3hozN.s 			page 3


  47              		@ sp needed
  48 001c 80BD     		pop	{r7, pc}
  49              	.L3:
  50 001e C046     		.align	2
  51              	.L2:
  52 0020 00000000 		.word	GC_int_Interrupt
  53              		.cfi_endproc
  54              	.LFE0:
  55              		.size	GC_int_Start, .-GC_int_Start
  56              		.section	.text.GC_int_StartEx,"ax",%progbits
  57              		.align	2
  58              		.global	GC_int_StartEx
  59              		.code	16
  60              		.thumb_func
  61              		.type	GC_int_StartEx, %function
  62              	GC_int_StartEx:
  63              	.LFB1:
  69:.\Generated_Source\PSoC4/GC_int.c **** 
  70:.\Generated_Source\PSoC4/GC_int.c **** 
  71:.\Generated_Source\PSoC4/GC_int.c **** /*******************************************************************************
  72:.\Generated_Source\PSoC4/GC_int.c **** * Function Name: GC_int_StartEx
  73:.\Generated_Source\PSoC4/GC_int.c **** ********************************************************************************
  74:.\Generated_Source\PSoC4/GC_int.c **** *
  75:.\Generated_Source\PSoC4/GC_int.c **** * Summary:
  76:.\Generated_Source\PSoC4/GC_int.c **** *  Sets up the interrupt and enables it. This function disables the interrupt,
  77:.\Generated_Source\PSoC4/GC_int.c **** *  sets the interrupt vector based on the address passed in, sets the priority 
  78:.\Generated_Source\PSoC4/GC_int.c **** *  from the value in the Design Wide Resources Interrupt Editor, then enables 
  79:.\Generated_Source\PSoC4/GC_int.c **** *  the interrupt to the interrupt controller.
  80:.\Generated_Source\PSoC4/GC_int.c **** *  
  81:.\Generated_Source\PSoC4/GC_int.c **** *  When defining ISR functions, the CY_ISR and CY_ISR_PROTO macros should be 
  82:.\Generated_Source\PSoC4/GC_int.c **** *  used to provide consistent definition across compilers:
  83:.\Generated_Source\PSoC4/GC_int.c **** *  
  84:.\Generated_Source\PSoC4/GC_int.c **** *  Function definition example:
  85:.\Generated_Source\PSoC4/GC_int.c **** *   CY_ISR(MyISR)
  86:.\Generated_Source\PSoC4/GC_int.c **** *   {
  87:.\Generated_Source\PSoC4/GC_int.c **** *   }
  88:.\Generated_Source\PSoC4/GC_int.c **** *   Function prototype example:
  89:.\Generated_Source\PSoC4/GC_int.c **** *   CY_ISR_PROTO(MyISR);
  90:.\Generated_Source\PSoC4/GC_int.c **** *
  91:.\Generated_Source\PSoC4/GC_int.c **** * Parameters:  
  92:.\Generated_Source\PSoC4/GC_int.c **** *   address: Address of the ISR to set in the interrupt vector table.
  93:.\Generated_Source\PSoC4/GC_int.c **** *
  94:.\Generated_Source\PSoC4/GC_int.c **** * Return:
  95:.\Generated_Source\PSoC4/GC_int.c **** *   None
  96:.\Generated_Source\PSoC4/GC_int.c **** *
  97:.\Generated_Source\PSoC4/GC_int.c **** *******************************************************************************/
  98:.\Generated_Source\PSoC4/GC_int.c **** void GC_int_StartEx(cyisraddress address)
  99:.\Generated_Source\PSoC4/GC_int.c **** {
  64              		.loc 1 99 0
  65              		.cfi_startproc
  66 0000 80B5     		push	{r7, lr}
  67              		.cfi_def_cfa_offset 8
  68              		.cfi_offset 7, -8
  69              		.cfi_offset 14, -4
  70 0002 82B0     		sub	sp, sp, #8
  71              		.cfi_def_cfa_offset 16
  72 0004 00AF     		add	r7, sp, #0
ARM GAS  C:\Users\Snufkin\AppData\Local\Temp\ccM3hozN.s 			page 4


  73              		.cfi_def_cfa_register 7
  74 0006 7860     		str	r0, [r7, #4]
 100:.\Generated_Source\PSoC4/GC_int.c ****     /* For all we know the interrupt is active. */
 101:.\Generated_Source\PSoC4/GC_int.c ****     GC_int_Disable();
  75              		.loc 1 101 0
  76 0008 FFF7FEFF 		bl	GC_int_Disable
 102:.\Generated_Source\PSoC4/GC_int.c **** 
 103:.\Generated_Source\PSoC4/GC_int.c ****     /* Set the ISR to point to the GC_int Interrupt. */
 104:.\Generated_Source\PSoC4/GC_int.c ****     GC_int_SetVector(address);
  77              		.loc 1 104 0
  78 000c 7B68     		ldr	r3, [r7, #4]
  79 000e 181C     		mov	r0, r3
  80 0010 FFF7FEFF 		bl	GC_int_SetVector
 105:.\Generated_Source\PSoC4/GC_int.c **** 
 106:.\Generated_Source\PSoC4/GC_int.c ****     /* Set the priority. */
 107:.\Generated_Source\PSoC4/GC_int.c ****     GC_int_SetPriority((uint8)GC_int_INTC_PRIOR_NUMBER);
  81              		.loc 1 107 0
  82 0014 0320     		mov	r0, #3
  83 0016 FFF7FEFF 		bl	GC_int_SetPriority
 108:.\Generated_Source\PSoC4/GC_int.c **** 
 109:.\Generated_Source\PSoC4/GC_int.c ****     /* Enable it. */
 110:.\Generated_Source\PSoC4/GC_int.c ****     GC_int_Enable();
  84              		.loc 1 110 0
  85 001a FFF7FEFF 		bl	GC_int_Enable
 111:.\Generated_Source\PSoC4/GC_int.c **** }
  86              		.loc 1 111 0
  87 001e BD46     		mov	sp, r7
  88 0020 02B0     		add	sp, sp, #8
  89              		@ sp needed
  90 0022 80BD     		pop	{r7, pc}
  91              		.cfi_endproc
  92              	.LFE1:
  93              		.size	GC_int_StartEx, .-GC_int_StartEx
  94              		.section	.text.GC_int_Stop,"ax",%progbits
  95              		.align	2
  96              		.global	GC_int_Stop
  97              		.code	16
  98              		.thumb_func
  99              		.type	GC_int_Stop, %function
 100              	GC_int_Stop:
 101              	.LFB2:
 112:.\Generated_Source\PSoC4/GC_int.c **** 
 113:.\Generated_Source\PSoC4/GC_int.c **** 
 114:.\Generated_Source\PSoC4/GC_int.c **** /*******************************************************************************
 115:.\Generated_Source\PSoC4/GC_int.c **** * Function Name: GC_int_Stop
 116:.\Generated_Source\PSoC4/GC_int.c **** ********************************************************************************
 117:.\Generated_Source\PSoC4/GC_int.c **** *
 118:.\Generated_Source\PSoC4/GC_int.c **** * Summary:
 119:.\Generated_Source\PSoC4/GC_int.c **** *   Disables and removes the interrupt.
 120:.\Generated_Source\PSoC4/GC_int.c **** *
 121:.\Generated_Source\PSoC4/GC_int.c **** * Parameters:  
 122:.\Generated_Source\PSoC4/GC_int.c **** *   None
 123:.\Generated_Source\PSoC4/GC_int.c **** *
 124:.\Generated_Source\PSoC4/GC_int.c **** * Return:
 125:.\Generated_Source\PSoC4/GC_int.c **** *   None
 126:.\Generated_Source\PSoC4/GC_int.c **** *
 127:.\Generated_Source\PSoC4/GC_int.c **** *******************************************************************************/
ARM GAS  C:\Users\Snufkin\AppData\Local\Temp\ccM3hozN.s 			page 5


 128:.\Generated_Source\PSoC4/GC_int.c **** void GC_int_Stop(void)
 129:.\Generated_Source\PSoC4/GC_int.c **** {
 102              		.loc 1 129 0
 103              		.cfi_startproc
 104 0000 80B5     		push	{r7, lr}
 105              		.cfi_def_cfa_offset 8
 106              		.cfi_offset 7, -8
 107              		.cfi_offset 14, -4
 108 0002 00AF     		add	r7, sp, #0
 109              		.cfi_def_cfa_register 7
 130:.\Generated_Source\PSoC4/GC_int.c ****     /* Disable this interrupt. */
 131:.\Generated_Source\PSoC4/GC_int.c ****     GC_int_Disable();
 110              		.loc 1 131 0
 111 0004 FFF7FEFF 		bl	GC_int_Disable
 132:.\Generated_Source\PSoC4/GC_int.c **** 
 133:.\Generated_Source\PSoC4/GC_int.c ****     /* Set the ISR to point to the passive one. */
 134:.\Generated_Source\PSoC4/GC_int.c ****     GC_int_SetVector(&IntDefaultHandler);
 112              		.loc 1 134 0
 113 0008 024B     		ldr	r3, .L6
 114 000a 181C     		mov	r0, r3
 115 000c FFF7FEFF 		bl	GC_int_SetVector
 135:.\Generated_Source\PSoC4/GC_int.c **** }
 116              		.loc 1 135 0
 117 0010 BD46     		mov	sp, r7
 118              		@ sp needed
 119 0012 80BD     		pop	{r7, pc}
 120              	.L7:
 121              		.align	2
 122              	.L6:
 123 0014 00000000 		.word	IntDefaultHandler
 124              		.cfi_endproc
 125              	.LFE2:
 126              		.size	GC_int_Stop, .-GC_int_Stop
 127              		.section	.text.GC_int_Interrupt,"ax",%progbits
 128              		.align	2
 129              		.global	GC_int_Interrupt
 130              		.code	16
 131              		.thumb_func
 132              		.type	GC_int_Interrupt, %function
 133              	GC_int_Interrupt:
 134              	.LFB3:
 136:.\Generated_Source\PSoC4/GC_int.c **** 
 137:.\Generated_Source\PSoC4/GC_int.c **** 
 138:.\Generated_Source\PSoC4/GC_int.c **** /*******************************************************************************
 139:.\Generated_Source\PSoC4/GC_int.c **** * Function Name: GC_int_Interrupt
 140:.\Generated_Source\PSoC4/GC_int.c **** ********************************************************************************
 141:.\Generated_Source\PSoC4/GC_int.c **** *
 142:.\Generated_Source\PSoC4/GC_int.c **** * Summary:
 143:.\Generated_Source\PSoC4/GC_int.c **** *   The default Interrupt Service Routine for GC_int.
 144:.\Generated_Source\PSoC4/GC_int.c **** *
 145:.\Generated_Source\PSoC4/GC_int.c **** *   Add custom code between the START and END comments to keep the next version
 146:.\Generated_Source\PSoC4/GC_int.c **** *   of this file from over-writing your code.
 147:.\Generated_Source\PSoC4/GC_int.c **** *
 148:.\Generated_Source\PSoC4/GC_int.c **** *   Note You may use either the default ISR by using this API, or you may define
 149:.\Generated_Source\PSoC4/GC_int.c **** *   your own separate ISR through ISR_StartEx().
 150:.\Generated_Source\PSoC4/GC_int.c **** *
 151:.\Generated_Source\PSoC4/GC_int.c **** * Parameters:  
ARM GAS  C:\Users\Snufkin\AppData\Local\Temp\ccM3hozN.s 			page 6


 152:.\Generated_Source\PSoC4/GC_int.c **** *   None
 153:.\Generated_Source\PSoC4/GC_int.c **** *
 154:.\Generated_Source\PSoC4/GC_int.c **** * Return:
 155:.\Generated_Source\PSoC4/GC_int.c **** *   None
 156:.\Generated_Source\PSoC4/GC_int.c **** *
 157:.\Generated_Source\PSoC4/GC_int.c **** *******************************************************************************/
 158:.\Generated_Source\PSoC4/GC_int.c **** CY_ISR(GC_int_Interrupt)
 159:.\Generated_Source\PSoC4/GC_int.c **** {
 135              		.loc 1 159 0
 136              		.cfi_startproc
 137 0000 80B5     		push	{r7, lr}
 138              		.cfi_def_cfa_offset 8
 139              		.cfi_offset 7, -8
 140              		.cfi_offset 14, -4
 141 0002 00AF     		add	r7, sp, #0
 142              		.cfi_def_cfa_register 7
 160:.\Generated_Source\PSoC4/GC_int.c ****     /*  Place your Interrupt code here. */
 161:.\Generated_Source\PSoC4/GC_int.c ****     /* `#START GC_int_Interrupt` */
 162:.\Generated_Source\PSoC4/GC_int.c **** 
 163:.\Generated_Source\PSoC4/GC_int.c ****     /* `#END` */
 164:.\Generated_Source\PSoC4/GC_int.c **** }
 143              		.loc 1 164 0
 144 0004 BD46     		mov	sp, r7
 145              		@ sp needed
 146 0006 80BD     		pop	{r7, pc}
 147              		.cfi_endproc
 148              	.LFE3:
 149              		.size	GC_int_Interrupt, .-GC_int_Interrupt
 150              		.section	.text.GC_int_SetVector,"ax",%progbits
 151              		.align	2
 152              		.global	GC_int_SetVector
 153              		.code	16
 154              		.thumb_func
 155              		.type	GC_int_SetVector, %function
 156              	GC_int_SetVector:
 157              	.LFB4:
 165:.\Generated_Source\PSoC4/GC_int.c **** 
 166:.\Generated_Source\PSoC4/GC_int.c **** 
 167:.\Generated_Source\PSoC4/GC_int.c **** /*******************************************************************************
 168:.\Generated_Source\PSoC4/GC_int.c **** * Function Name: GC_int_SetVector
 169:.\Generated_Source\PSoC4/GC_int.c **** ********************************************************************************
 170:.\Generated_Source\PSoC4/GC_int.c **** *
 171:.\Generated_Source\PSoC4/GC_int.c **** * Summary:
 172:.\Generated_Source\PSoC4/GC_int.c **** *   Change the ISR vector for the Interrupt. Note calling GC_int_Start
 173:.\Generated_Source\PSoC4/GC_int.c **** *   will override any effect this method would have had. To set the vector 
 174:.\Generated_Source\PSoC4/GC_int.c **** *   before the component has been started use GC_int_StartEx instead.
 175:.\Generated_Source\PSoC4/GC_int.c **** * 
 176:.\Generated_Source\PSoC4/GC_int.c **** *   When defining ISR functions, the CY_ISR and CY_ISR_PROTO macros should be 
 177:.\Generated_Source\PSoC4/GC_int.c **** *   used to provide consistent definition across compilers:
 178:.\Generated_Source\PSoC4/GC_int.c **** *
 179:.\Generated_Source\PSoC4/GC_int.c **** *   Function definition example:
 180:.\Generated_Source\PSoC4/GC_int.c **** *   CY_ISR(MyISR)
 181:.\Generated_Source\PSoC4/GC_int.c **** *   {
 182:.\Generated_Source\PSoC4/GC_int.c **** *   }
 183:.\Generated_Source\PSoC4/GC_int.c **** *
 184:.\Generated_Source\PSoC4/GC_int.c **** *   Function prototype example:
 185:.\Generated_Source\PSoC4/GC_int.c **** *     CY_ISR_PROTO(MyISR);
ARM GAS  C:\Users\Snufkin\AppData\Local\Temp\ccM3hozN.s 			page 7


 186:.\Generated_Source\PSoC4/GC_int.c **** *
 187:.\Generated_Source\PSoC4/GC_int.c **** * Parameters:
 188:.\Generated_Source\PSoC4/GC_int.c **** *   address: Address of the ISR to set in the interrupt vector table.
 189:.\Generated_Source\PSoC4/GC_int.c **** *
 190:.\Generated_Source\PSoC4/GC_int.c **** * Return:
 191:.\Generated_Source\PSoC4/GC_int.c **** *   None
 192:.\Generated_Source\PSoC4/GC_int.c **** *
 193:.\Generated_Source\PSoC4/GC_int.c **** *******************************************************************************/
 194:.\Generated_Source\PSoC4/GC_int.c **** void GC_int_SetVector(cyisraddress address)
 195:.\Generated_Source\PSoC4/GC_int.c **** {
 158              		.loc 1 195 0
 159              		.cfi_startproc
 160 0000 80B5     		push	{r7, lr}
 161              		.cfi_def_cfa_offset 8
 162              		.cfi_offset 7, -8
 163              		.cfi_offset 14, -4
 164 0002 82B0     		sub	sp, sp, #8
 165              		.cfi_def_cfa_offset 16
 166 0004 00AF     		add	r7, sp, #0
 167              		.cfi_def_cfa_register 7
 168 0006 7860     		str	r0, [r7, #4]
 196:.\Generated_Source\PSoC4/GC_int.c ****     CyRamVectors[CYINT_IRQ_BASE + GC_int__INTC_NUMBER] = address;
 169              		.loc 1 196 0
 170 0008 024B     		ldr	r3, .L10
 171 000a 7A68     		ldr	r2, [r7, #4]
 172 000c 1A64     		str	r2, [r3, #64]
 197:.\Generated_Source\PSoC4/GC_int.c **** }
 173              		.loc 1 197 0
 174 000e BD46     		mov	sp, r7
 175 0010 02B0     		add	sp, sp, #8
 176              		@ sp needed
 177 0012 80BD     		pop	{r7, pc}
 178              	.L11:
 179              		.align	2
 180              	.L10:
 181 0014 00000000 		.word	CyRamVectors
 182              		.cfi_endproc
 183              	.LFE4:
 184              		.size	GC_int_SetVector, .-GC_int_SetVector
 185              		.section	.text.GC_int_GetVector,"ax",%progbits
 186              		.align	2
 187              		.global	GC_int_GetVector
 188              		.code	16
 189              		.thumb_func
 190              		.type	GC_int_GetVector, %function
 191              	GC_int_GetVector:
 192              	.LFB5:
 198:.\Generated_Source\PSoC4/GC_int.c **** 
 199:.\Generated_Source\PSoC4/GC_int.c **** 
 200:.\Generated_Source\PSoC4/GC_int.c **** /*******************************************************************************
 201:.\Generated_Source\PSoC4/GC_int.c **** * Function Name: GC_int_GetVector
 202:.\Generated_Source\PSoC4/GC_int.c **** ********************************************************************************
 203:.\Generated_Source\PSoC4/GC_int.c **** *
 204:.\Generated_Source\PSoC4/GC_int.c **** * Summary:
 205:.\Generated_Source\PSoC4/GC_int.c **** *   Gets the "address" of the current ISR vector for the Interrupt.
 206:.\Generated_Source\PSoC4/GC_int.c **** *
 207:.\Generated_Source\PSoC4/GC_int.c **** * Parameters:
ARM GAS  C:\Users\Snufkin\AppData\Local\Temp\ccM3hozN.s 			page 8


 208:.\Generated_Source\PSoC4/GC_int.c **** *   None
 209:.\Generated_Source\PSoC4/GC_int.c **** *
 210:.\Generated_Source\PSoC4/GC_int.c **** * Return:
 211:.\Generated_Source\PSoC4/GC_int.c **** *   Address of the ISR in the interrupt vector table.
 212:.\Generated_Source\PSoC4/GC_int.c **** *
 213:.\Generated_Source\PSoC4/GC_int.c **** *******************************************************************************/
 214:.\Generated_Source\PSoC4/GC_int.c **** cyisraddress GC_int_GetVector(void)
 215:.\Generated_Source\PSoC4/GC_int.c **** {
 193              		.loc 1 215 0
 194              		.cfi_startproc
 195 0000 80B5     		push	{r7, lr}
 196              		.cfi_def_cfa_offset 8
 197              		.cfi_offset 7, -8
 198              		.cfi_offset 14, -4
 199 0002 00AF     		add	r7, sp, #0
 200              		.cfi_def_cfa_register 7
 216:.\Generated_Source\PSoC4/GC_int.c ****     return CyRamVectors[CYINT_IRQ_BASE + GC_int__INTC_NUMBER];
 201              		.loc 1 216 0
 202 0004 024B     		ldr	r3, .L14
 203 0006 1B6C     		ldr	r3, [r3, #64]
 217:.\Generated_Source\PSoC4/GC_int.c **** }
 204              		.loc 1 217 0
 205 0008 181C     		mov	r0, r3
 206 000a BD46     		mov	sp, r7
 207              		@ sp needed
 208 000c 80BD     		pop	{r7, pc}
 209              	.L15:
 210 000e C046     		.align	2
 211              	.L14:
 212 0010 00000000 		.word	CyRamVectors
 213              		.cfi_endproc
 214              	.LFE5:
 215              		.size	GC_int_GetVector, .-GC_int_GetVector
 216              		.section	.text.GC_int_SetPriority,"ax",%progbits
 217              		.align	2
 218              		.global	GC_int_SetPriority
 219              		.code	16
 220              		.thumb_func
 221              		.type	GC_int_SetPriority, %function
 222              	GC_int_SetPriority:
 223              	.LFB6:
 218:.\Generated_Source\PSoC4/GC_int.c **** 
 219:.\Generated_Source\PSoC4/GC_int.c **** 
 220:.\Generated_Source\PSoC4/GC_int.c **** /*******************************************************************************
 221:.\Generated_Source\PSoC4/GC_int.c **** * Function Name: GC_int_SetPriority
 222:.\Generated_Source\PSoC4/GC_int.c **** ********************************************************************************
 223:.\Generated_Source\PSoC4/GC_int.c **** *
 224:.\Generated_Source\PSoC4/GC_int.c **** * Summary:
 225:.\Generated_Source\PSoC4/GC_int.c **** *   Sets the Priority of the Interrupt. 
 226:.\Generated_Source\PSoC4/GC_int.c **** *
 227:.\Generated_Source\PSoC4/GC_int.c **** *   Note calling GC_int_Start or GC_int_StartEx will 
 228:.\Generated_Source\PSoC4/GC_int.c **** *   override any effect this API would have had. This API should only be called
 229:.\Generated_Source\PSoC4/GC_int.c **** *   after GC_int_Start or GC_int_StartEx has been called. 
 230:.\Generated_Source\PSoC4/GC_int.c **** *   To set the initial priority for the component, use the Design-Wide Resources
 231:.\Generated_Source\PSoC4/GC_int.c **** *   Interrupt Editor.
 232:.\Generated_Source\PSoC4/GC_int.c **** *
 233:.\Generated_Source\PSoC4/GC_int.c **** *   Note This API has no effect on Non-maskable interrupt NMI).
ARM GAS  C:\Users\Snufkin\AppData\Local\Temp\ccM3hozN.s 			page 9


 234:.\Generated_Source\PSoC4/GC_int.c **** *
 235:.\Generated_Source\PSoC4/GC_int.c **** * Parameters:
 236:.\Generated_Source\PSoC4/GC_int.c **** *   priority: Priority of the interrupt, 0 being the highest priority
 237:.\Generated_Source\PSoC4/GC_int.c **** *             PSoC 3 and PSoC 5LP: Priority is from 0 to 7.
 238:.\Generated_Source\PSoC4/GC_int.c **** *             PSoC 4: Priority is from 0 to 3.
 239:.\Generated_Source\PSoC4/GC_int.c **** *
 240:.\Generated_Source\PSoC4/GC_int.c **** * Return:
 241:.\Generated_Source\PSoC4/GC_int.c **** *   None
 242:.\Generated_Source\PSoC4/GC_int.c **** *
 243:.\Generated_Source\PSoC4/GC_int.c **** *******************************************************************************/
 244:.\Generated_Source\PSoC4/GC_int.c **** void GC_int_SetPriority(uint8 priority)
 245:.\Generated_Source\PSoC4/GC_int.c **** {
 224              		.loc 1 245 0
 225              		.cfi_startproc
 226 0000 90B5     		push	{r4, r7, lr}
 227              		.cfi_def_cfa_offset 12
 228              		.cfi_offset 4, -12
 229              		.cfi_offset 7, -8
 230              		.cfi_offset 14, -4
 231 0002 85B0     		sub	sp, sp, #20
 232              		.cfi_def_cfa_offset 32
 233 0004 00AF     		add	r7, sp, #0
 234              		.cfi_def_cfa_register 7
 235 0006 021C     		mov	r2, r0
 236 0008 FB1D     		add	r3, r7, #7
 237 000a 1A70     		strb	r2, [r3]
 246:.\Generated_Source\PSoC4/GC_int.c **** 	uint8 interruptState;
 247:.\Generated_Source\PSoC4/GC_int.c ****     uint32 priorityOffset = ((GC_int__INTC_NUMBER % 4u) * 8u) + 6u;
 238              		.loc 1 247 0
 239 000c 0623     		mov	r3, #6
 240 000e FB60     		str	r3, [r7, #12]
 248:.\Generated_Source\PSoC4/GC_int.c ****     
 249:.\Generated_Source\PSoC4/GC_int.c **** 	interruptState = CyEnterCriticalSection();
 241              		.loc 1 249 0
 242 0010 3C1C     		mov	r4, r7
 243 0012 0B34     		add	r4, r4, #11
 244 0014 FFF7FEFF 		bl	CyEnterCriticalSection
 245 0018 031C     		mov	r3, r0
 246 001a 2370     		strb	r3, [r4]
 250:.\Generated_Source\PSoC4/GC_int.c ****     *GC_int_INTC_PRIOR = (*GC_int_INTC_PRIOR & (uint32)(~GC_int__INTC_PRIOR_MASK)) |
 247              		.loc 1 250 0
 248 001c 0B4B     		ldr	r3, .L17
 249 001e 0B4A     		ldr	r2, .L17
 250 0020 1268     		ldr	r2, [r2]
 251 0022 C021     		mov	r1, #192
 252 0024 101C     		mov	r0, r2
 253 0026 8843     		bic	r0, r1
 254 0028 011C     		mov	r1, r0
 251:.\Generated_Source\PSoC4/GC_int.c ****                                     ((uint32)priority << priorityOffset);
 255              		.loc 1 251 0
 256 002a FA1D     		add	r2, r7, #7
 257 002c 1078     		ldrb	r0, [r2]
 258 002e FA68     		ldr	r2, [r7, #12]
 259 0030 041C     		mov	r4, r0
 260 0032 9440     		lsl	r4, r4, r2
 261 0034 221C     		mov	r2, r4
 250:.\Generated_Source\PSoC4/GC_int.c ****     *GC_int_INTC_PRIOR = (*GC_int_INTC_PRIOR & (uint32)(~GC_int__INTC_PRIOR_MASK)) |
ARM GAS  C:\Users\Snufkin\AppData\Local\Temp\ccM3hozN.s 			page 10


 262              		.loc 1 250 0
 263 0036 0A43     		orr	r2, r1
 264 0038 1A60     		str	r2, [r3]
 252:.\Generated_Source\PSoC4/GC_int.c **** 	CyExitCriticalSection(interruptState);
 265              		.loc 1 252 0
 266 003a 3B1C     		mov	r3, r7
 267 003c 0B33     		add	r3, r3, #11
 268 003e 1B78     		ldrb	r3, [r3]
 269 0040 181C     		mov	r0, r3
 270 0042 FFF7FEFF 		bl	CyExitCriticalSection
 253:.\Generated_Source\PSoC4/GC_int.c **** }
 271              		.loc 1 253 0
 272 0046 BD46     		mov	sp, r7
 273 0048 05B0     		add	sp, sp, #20
 274              		@ sp needed
 275 004a 90BD     		pop	{r4, r7, pc}
 276              	.L18:
 277              		.align	2
 278              	.L17:
 279 004c 00E400E0 		.word	-536812544
 280              		.cfi_endproc
 281              	.LFE6:
 282              		.size	GC_int_SetPriority, .-GC_int_SetPriority
 283              		.section	.text.GC_int_GetPriority,"ax",%progbits
 284              		.align	2
 285              		.global	GC_int_GetPriority
 286              		.code	16
 287              		.thumb_func
 288              		.type	GC_int_GetPriority, %function
 289              	GC_int_GetPriority:
 290              	.LFB7:
 254:.\Generated_Source\PSoC4/GC_int.c **** 
 255:.\Generated_Source\PSoC4/GC_int.c **** 
 256:.\Generated_Source\PSoC4/GC_int.c **** /*******************************************************************************
 257:.\Generated_Source\PSoC4/GC_int.c **** * Function Name: GC_int_GetPriority
 258:.\Generated_Source\PSoC4/GC_int.c **** ********************************************************************************
 259:.\Generated_Source\PSoC4/GC_int.c **** *
 260:.\Generated_Source\PSoC4/GC_int.c **** * Summary:
 261:.\Generated_Source\PSoC4/GC_int.c **** *   Gets the Priority of the Interrupt.
 262:.\Generated_Source\PSoC4/GC_int.c **** *
 263:.\Generated_Source\PSoC4/GC_int.c **** * Parameters:
 264:.\Generated_Source\PSoC4/GC_int.c **** *   None
 265:.\Generated_Source\PSoC4/GC_int.c **** *
 266:.\Generated_Source\PSoC4/GC_int.c **** * Return:
 267:.\Generated_Source\PSoC4/GC_int.c **** *   Priority of the interrupt, 0 being the highest priority
 268:.\Generated_Source\PSoC4/GC_int.c **** *    PSoC 3 and PSoC 5LP: Priority is from 0 to 7.
 269:.\Generated_Source\PSoC4/GC_int.c **** *    PSoC 4: Priority is from 0 to 3.
 270:.\Generated_Source\PSoC4/GC_int.c **** *
 271:.\Generated_Source\PSoC4/GC_int.c **** *******************************************************************************/
 272:.\Generated_Source\PSoC4/GC_int.c **** uint8 GC_int_GetPriority(void)
 273:.\Generated_Source\PSoC4/GC_int.c **** {
 291              		.loc 1 273 0
 292              		.cfi_startproc
 293 0000 80B5     		push	{r7, lr}
 294              		.cfi_def_cfa_offset 8
 295              		.cfi_offset 7, -8
 296              		.cfi_offset 14, -4
ARM GAS  C:\Users\Snufkin\AppData\Local\Temp\ccM3hozN.s 			page 11


 297 0002 82B0     		sub	sp, sp, #8
 298              		.cfi_def_cfa_offset 16
 299 0004 00AF     		add	r7, sp, #0
 300              		.cfi_def_cfa_register 7
 274:.\Generated_Source\PSoC4/GC_int.c ****     uint32 priority;
 275:.\Generated_Source\PSoC4/GC_int.c **** 	uint32 priorityOffset = ((GC_int__INTC_NUMBER % 4u) * 8u) + 6u;
 301              		.loc 1 275 0
 302 0006 0623     		mov	r3, #6
 303 0008 7B60     		str	r3, [r7, #4]
 276:.\Generated_Source\PSoC4/GC_int.c **** 
 277:.\Generated_Source\PSoC4/GC_int.c ****     priority = (*GC_int_INTC_PRIOR & GC_int__INTC_PRIOR_MASK) >> priorityOffset;
 304              		.loc 1 277 0
 305 000a 074B     		ldr	r3, .L21
 306 000c 1A68     		ldr	r2, [r3]
 307 000e C023     		mov	r3, #192
 308 0010 1A40     		and	r2, r3
 309 0012 7B68     		ldr	r3, [r7, #4]
 310 0014 111C     		mov	r1, r2
 311 0016 D940     		lsr	r1, r1, r3
 312 0018 0B1C     		mov	r3, r1
 313 001a 3B60     		str	r3, [r7]
 278:.\Generated_Source\PSoC4/GC_int.c **** 
 279:.\Generated_Source\PSoC4/GC_int.c ****     return (uint8)priority;
 314              		.loc 1 279 0
 315 001c 3B68     		ldr	r3, [r7]
 316 001e DBB2     		uxtb	r3, r3
 280:.\Generated_Source\PSoC4/GC_int.c **** }
 317              		.loc 1 280 0
 318 0020 181C     		mov	r0, r3
 319 0022 BD46     		mov	sp, r7
 320 0024 02B0     		add	sp, sp, #8
 321              		@ sp needed
 322 0026 80BD     		pop	{r7, pc}
 323              	.L22:
 324              		.align	2
 325              	.L21:
 326 0028 00E400E0 		.word	-536812544
 327              		.cfi_endproc
 328              	.LFE7:
 329              		.size	GC_int_GetPriority, .-GC_int_GetPriority
 330              		.section	.text.GC_int_Enable,"ax",%progbits
 331              		.align	2
 332              		.global	GC_int_Enable
 333              		.code	16
 334              		.thumb_func
 335              		.type	GC_int_Enable, %function
 336              	GC_int_Enable:
 337              	.LFB8:
 281:.\Generated_Source\PSoC4/GC_int.c **** 
 282:.\Generated_Source\PSoC4/GC_int.c **** 
 283:.\Generated_Source\PSoC4/GC_int.c **** /*******************************************************************************
 284:.\Generated_Source\PSoC4/GC_int.c **** * Function Name: GC_int_Enable
 285:.\Generated_Source\PSoC4/GC_int.c **** ********************************************************************************
 286:.\Generated_Source\PSoC4/GC_int.c **** *
 287:.\Generated_Source\PSoC4/GC_int.c **** * Summary:
 288:.\Generated_Source\PSoC4/GC_int.c **** *   Enables the interrupt to the interrupt controller. Do not call this function
 289:.\Generated_Source\PSoC4/GC_int.c **** *   unless ISR_Start() has been called or the functionality of the ISR_Start() 
ARM GAS  C:\Users\Snufkin\AppData\Local\Temp\ccM3hozN.s 			page 12


 290:.\Generated_Source\PSoC4/GC_int.c **** *   function, which sets the vector and the priority, has been called.
 291:.\Generated_Source\PSoC4/GC_int.c **** *
 292:.\Generated_Source\PSoC4/GC_int.c **** * Parameters:
 293:.\Generated_Source\PSoC4/GC_int.c **** *   None
 294:.\Generated_Source\PSoC4/GC_int.c **** *
 295:.\Generated_Source\PSoC4/GC_int.c **** * Return:
 296:.\Generated_Source\PSoC4/GC_int.c **** *   None
 297:.\Generated_Source\PSoC4/GC_int.c **** *
 298:.\Generated_Source\PSoC4/GC_int.c **** *******************************************************************************/
 299:.\Generated_Source\PSoC4/GC_int.c **** void GC_int_Enable(void)
 300:.\Generated_Source\PSoC4/GC_int.c **** {
 338              		.loc 1 300 0
 339              		.cfi_startproc
 340 0000 80B5     		push	{r7, lr}
 341              		.cfi_def_cfa_offset 8
 342              		.cfi_offset 7, -8
 343              		.cfi_offset 14, -4
 344 0002 00AF     		add	r7, sp, #0
 345              		.cfi_def_cfa_register 7
 301:.\Generated_Source\PSoC4/GC_int.c ****     /* Enable the general interrupt. */
 302:.\Generated_Source\PSoC4/GC_int.c ****     *GC_int_INTC_SET_EN = GC_int__INTC_MASK;
 346              		.loc 1 302 0
 347 0004 024B     		ldr	r3, .L24
 348 0006 0122     		mov	r2, #1
 349 0008 1A60     		str	r2, [r3]
 303:.\Generated_Source\PSoC4/GC_int.c **** }
 350              		.loc 1 303 0
 351 000a BD46     		mov	sp, r7
 352              		@ sp needed
 353 000c 80BD     		pop	{r7, pc}
 354              	.L25:
 355 000e C046     		.align	2
 356              	.L24:
 357 0010 00E100E0 		.word	-536813312
 358              		.cfi_endproc
 359              	.LFE8:
 360              		.size	GC_int_Enable, .-GC_int_Enable
 361              		.section	.text.GC_int_GetState,"ax",%progbits
 362              		.align	2
 363              		.global	GC_int_GetState
 364              		.code	16
 365              		.thumb_func
 366              		.type	GC_int_GetState, %function
 367              	GC_int_GetState:
 368              	.LFB9:
 304:.\Generated_Source\PSoC4/GC_int.c **** 
 305:.\Generated_Source\PSoC4/GC_int.c **** 
 306:.\Generated_Source\PSoC4/GC_int.c **** /*******************************************************************************
 307:.\Generated_Source\PSoC4/GC_int.c **** * Function Name: GC_int_GetState
 308:.\Generated_Source\PSoC4/GC_int.c **** ********************************************************************************
 309:.\Generated_Source\PSoC4/GC_int.c **** *
 310:.\Generated_Source\PSoC4/GC_int.c **** * Summary:
 311:.\Generated_Source\PSoC4/GC_int.c **** *   Gets the state (enabled, disabled) of the Interrupt.
 312:.\Generated_Source\PSoC4/GC_int.c **** *
 313:.\Generated_Source\PSoC4/GC_int.c **** * Parameters:
 314:.\Generated_Source\PSoC4/GC_int.c **** *   None
 315:.\Generated_Source\PSoC4/GC_int.c **** *
ARM GAS  C:\Users\Snufkin\AppData\Local\Temp\ccM3hozN.s 			page 13


 316:.\Generated_Source\PSoC4/GC_int.c **** * Return:
 317:.\Generated_Source\PSoC4/GC_int.c **** *   1 if enabled, 0 if disabled.
 318:.\Generated_Source\PSoC4/GC_int.c **** *
 319:.\Generated_Source\PSoC4/GC_int.c **** *******************************************************************************/
 320:.\Generated_Source\PSoC4/GC_int.c **** uint8 GC_int_GetState(void)
 321:.\Generated_Source\PSoC4/GC_int.c **** {
 369              		.loc 1 321 0
 370              		.cfi_startproc
 371 0000 80B5     		push	{r7, lr}
 372              		.cfi_def_cfa_offset 8
 373              		.cfi_offset 7, -8
 374              		.cfi_offset 14, -4
 375 0002 00AF     		add	r7, sp, #0
 376              		.cfi_def_cfa_register 7
 322:.\Generated_Source\PSoC4/GC_int.c ****     /* Get the state of the general interrupt. */
 323:.\Generated_Source\PSoC4/GC_int.c ****     return ((*GC_int_INTC_SET_EN & (uint32)GC_int__INTC_MASK) != 0u) ? 1u:0u;
 377              		.loc 1 323 0
 378 0004 044B     		ldr	r3, .L28
 379 0006 1B68     		ldr	r3, [r3]
 380 0008 DAB2     		uxtb	r2, r3
 381 000a 0123     		mov	r3, #1
 382 000c 1340     		and	r3, r2
 383 000e DBB2     		uxtb	r3, r3
 324:.\Generated_Source\PSoC4/GC_int.c **** }
 384              		.loc 1 324 0
 385 0010 181C     		mov	r0, r3
 386 0012 BD46     		mov	sp, r7
 387              		@ sp needed
 388 0014 80BD     		pop	{r7, pc}
 389              	.L29:
 390 0016 C046     		.align	2
 391              	.L28:
 392 0018 00E100E0 		.word	-536813312
 393              		.cfi_endproc
 394              	.LFE9:
 395              		.size	GC_int_GetState, .-GC_int_GetState
 396              		.section	.text.GC_int_Disable,"ax",%progbits
 397              		.align	2
 398              		.global	GC_int_Disable
 399              		.code	16
 400              		.thumb_func
 401              		.type	GC_int_Disable, %function
 402              	GC_int_Disable:
 403              	.LFB10:
 325:.\Generated_Source\PSoC4/GC_int.c **** 
 326:.\Generated_Source\PSoC4/GC_int.c **** 
 327:.\Generated_Source\PSoC4/GC_int.c **** /*******************************************************************************
 328:.\Generated_Source\PSoC4/GC_int.c **** * Function Name: GC_int_Disable
 329:.\Generated_Source\PSoC4/GC_int.c **** ********************************************************************************
 330:.\Generated_Source\PSoC4/GC_int.c **** *
 331:.\Generated_Source\PSoC4/GC_int.c **** * Summary:
 332:.\Generated_Source\PSoC4/GC_int.c **** *   Disables the Interrupt in the interrupt controller.
 333:.\Generated_Source\PSoC4/GC_int.c **** *
 334:.\Generated_Source\PSoC4/GC_int.c **** * Parameters:
 335:.\Generated_Source\PSoC4/GC_int.c **** *   None
 336:.\Generated_Source\PSoC4/GC_int.c **** *
 337:.\Generated_Source\PSoC4/GC_int.c **** * Return:
ARM GAS  C:\Users\Snufkin\AppData\Local\Temp\ccM3hozN.s 			page 14


 338:.\Generated_Source\PSoC4/GC_int.c **** *   None
 339:.\Generated_Source\PSoC4/GC_int.c **** *
 340:.\Generated_Source\PSoC4/GC_int.c **** *******************************************************************************/
 341:.\Generated_Source\PSoC4/GC_int.c **** void GC_int_Disable(void)
 342:.\Generated_Source\PSoC4/GC_int.c **** {
 404              		.loc 1 342 0
 405              		.cfi_startproc
 406 0000 80B5     		push	{r7, lr}
 407              		.cfi_def_cfa_offset 8
 408              		.cfi_offset 7, -8
 409              		.cfi_offset 14, -4
 410 0002 00AF     		add	r7, sp, #0
 411              		.cfi_def_cfa_register 7
 343:.\Generated_Source\PSoC4/GC_int.c ****     /* Disable the general interrupt. */
 344:.\Generated_Source\PSoC4/GC_int.c ****     *GC_int_INTC_CLR_EN = GC_int__INTC_MASK;
 412              		.loc 1 344 0
 413 0004 024B     		ldr	r3, .L31
 414 0006 0122     		mov	r2, #1
 415 0008 1A60     		str	r2, [r3]
 345:.\Generated_Source\PSoC4/GC_int.c **** }
 416              		.loc 1 345 0
 417 000a BD46     		mov	sp, r7
 418              		@ sp needed
 419 000c 80BD     		pop	{r7, pc}
 420              	.L32:
 421 000e C046     		.align	2
 422              	.L31:
 423 0010 80E100E0 		.word	-536813184
 424              		.cfi_endproc
 425              	.LFE10:
 426              		.size	GC_int_Disable, .-GC_int_Disable
 427              		.section	.text.GC_int_SetPending,"ax",%progbits
 428              		.align	2
 429              		.global	GC_int_SetPending
 430              		.code	16
 431              		.thumb_func
 432              		.type	GC_int_SetPending, %function
 433              	GC_int_SetPending:
 434              	.LFB11:
 346:.\Generated_Source\PSoC4/GC_int.c **** 
 347:.\Generated_Source\PSoC4/GC_int.c **** 
 348:.\Generated_Source\PSoC4/GC_int.c **** /*******************************************************************************
 349:.\Generated_Source\PSoC4/GC_int.c **** * Function Name: GC_int_SetPending
 350:.\Generated_Source\PSoC4/GC_int.c **** ********************************************************************************
 351:.\Generated_Source\PSoC4/GC_int.c **** *
 352:.\Generated_Source\PSoC4/GC_int.c **** * Summary:
 353:.\Generated_Source\PSoC4/GC_int.c **** *   Causes the Interrupt to enter the pending state, a software method of
 354:.\Generated_Source\PSoC4/GC_int.c **** *   generating the interrupt.
 355:.\Generated_Source\PSoC4/GC_int.c **** *
 356:.\Generated_Source\PSoC4/GC_int.c **** * Parameters:
 357:.\Generated_Source\PSoC4/GC_int.c **** *   None
 358:.\Generated_Source\PSoC4/GC_int.c **** *
 359:.\Generated_Source\PSoC4/GC_int.c **** * Return:
 360:.\Generated_Source\PSoC4/GC_int.c **** *   None
 361:.\Generated_Source\PSoC4/GC_int.c **** *
 362:.\Generated_Source\PSoC4/GC_int.c **** * Side Effects:
 363:.\Generated_Source\PSoC4/GC_int.c **** *   If interrupts are enabled and the interrupt is set up properly, the ISR is
ARM GAS  C:\Users\Snufkin\AppData\Local\Temp\ccM3hozN.s 			page 15


 364:.\Generated_Source\PSoC4/GC_int.c **** *   entered (depending on the priority of this interrupt and other pending 
 365:.\Generated_Source\PSoC4/GC_int.c **** *   interrupts).
 366:.\Generated_Source\PSoC4/GC_int.c **** *
 367:.\Generated_Source\PSoC4/GC_int.c **** *******************************************************************************/
 368:.\Generated_Source\PSoC4/GC_int.c **** void GC_int_SetPending(void)
 369:.\Generated_Source\PSoC4/GC_int.c **** {
 435              		.loc 1 369 0
 436              		.cfi_startproc
 437 0000 80B5     		push	{r7, lr}
 438              		.cfi_def_cfa_offset 8
 439              		.cfi_offset 7, -8
 440              		.cfi_offset 14, -4
 441 0002 00AF     		add	r7, sp, #0
 442              		.cfi_def_cfa_register 7
 370:.\Generated_Source\PSoC4/GC_int.c ****     *GC_int_INTC_SET_PD = GC_int__INTC_MASK;
 443              		.loc 1 370 0
 444 0004 024B     		ldr	r3, .L34
 445 0006 0122     		mov	r2, #1
 446 0008 1A60     		str	r2, [r3]
 371:.\Generated_Source\PSoC4/GC_int.c **** }
 447              		.loc 1 371 0
 448 000a BD46     		mov	sp, r7
 449              		@ sp needed
 450 000c 80BD     		pop	{r7, pc}
 451              	.L35:
 452 000e C046     		.align	2
 453              	.L34:
 454 0010 00E200E0 		.word	-536813056
 455              		.cfi_endproc
 456              	.LFE11:
 457              		.size	GC_int_SetPending, .-GC_int_SetPending
 458              		.section	.text.GC_int_ClearPending,"ax",%progbits
 459              		.align	2
 460              		.global	GC_int_ClearPending
 461              		.code	16
 462              		.thumb_func
 463              		.type	GC_int_ClearPending, %function
 464              	GC_int_ClearPending:
 465              	.LFB12:
 372:.\Generated_Source\PSoC4/GC_int.c **** 
 373:.\Generated_Source\PSoC4/GC_int.c **** 
 374:.\Generated_Source\PSoC4/GC_int.c **** /*******************************************************************************
 375:.\Generated_Source\PSoC4/GC_int.c **** * Function Name: GC_int_ClearPending
 376:.\Generated_Source\PSoC4/GC_int.c **** ********************************************************************************
 377:.\Generated_Source\PSoC4/GC_int.c **** *
 378:.\Generated_Source\PSoC4/GC_int.c **** * Summary:
 379:.\Generated_Source\PSoC4/GC_int.c **** *   Clears a pending interrupt in the interrupt controller.
 380:.\Generated_Source\PSoC4/GC_int.c **** *
 381:.\Generated_Source\PSoC4/GC_int.c **** *   Note Some interrupt sources are clear-on-read and require the block 
 382:.\Generated_Source\PSoC4/GC_int.c **** *   interrupt/status register to be read/cleared with the appropriate block API 
 383:.\Generated_Source\PSoC4/GC_int.c **** *   (GPIO, UART, and so on). Otherwise the ISR will continue to remain in 
 384:.\Generated_Source\PSoC4/GC_int.c **** *   pending state even though the interrupt itself is cleared using this API.
 385:.\Generated_Source\PSoC4/GC_int.c **** *
 386:.\Generated_Source\PSoC4/GC_int.c **** * Parameters:
 387:.\Generated_Source\PSoC4/GC_int.c **** *   None
 388:.\Generated_Source\PSoC4/GC_int.c **** *
 389:.\Generated_Source\PSoC4/GC_int.c **** * Return:
ARM GAS  C:\Users\Snufkin\AppData\Local\Temp\ccM3hozN.s 			page 16


 390:.\Generated_Source\PSoC4/GC_int.c **** *   None
 391:.\Generated_Source\PSoC4/GC_int.c **** *
 392:.\Generated_Source\PSoC4/GC_int.c **** *******************************************************************************/
 393:.\Generated_Source\PSoC4/GC_int.c **** void GC_int_ClearPending(void)
 394:.\Generated_Source\PSoC4/GC_int.c **** {
 466              		.loc 1 394 0
 467              		.cfi_startproc
 468 0000 80B5     		push	{r7, lr}
 469              		.cfi_def_cfa_offset 8
 470              		.cfi_offset 7, -8
 471              		.cfi_offset 14, -4
 472 0002 00AF     		add	r7, sp, #0
 473              		.cfi_def_cfa_register 7
 395:.\Generated_Source\PSoC4/GC_int.c ****     *GC_int_INTC_CLR_PD = GC_int__INTC_MASK;
 474              		.loc 1 395 0
 475 0004 024B     		ldr	r3, .L37
 476 0006 0122     		mov	r2, #1
 477 0008 1A60     		str	r2, [r3]
 396:.\Generated_Source\PSoC4/GC_int.c **** }
 478              		.loc 1 396 0
 479 000a BD46     		mov	sp, r7
 480              		@ sp needed
 481 000c 80BD     		pop	{r7, pc}
 482              	.L38:
 483 000e C046     		.align	2
 484              	.L37:
 485 0010 80E200E0 		.word	-536812928
 486              		.cfi_endproc
 487              	.LFE12:
 488              		.size	GC_int_ClearPending, .-GC_int_ClearPending
 489              		.text
 490              	.Letext0:
 491              		.file 2 ".\\Generated_Source\\PSoC4/cytypes.h"
 492              		.section	.debug_info,"",%progbits
 493              	.Ldebug_info0:
 494 0000 40020000 		.4byte	0x240
 495 0004 0400     		.2byte	0x4
 496 0006 00000000 		.4byte	.Ldebug_abbrev0
 497 000a 04       		.byte	0x4
 498 000b 01       		.uleb128 0x1
 499 000c 37020000 		.4byte	.LASF33
 500 0010 01       		.byte	0x1
 501 0011 73000000 		.4byte	.LASF34
 502 0015 95000000 		.4byte	.LASF35
 503 0019 00000000 		.4byte	.Ldebug_ranges0+0
 504 001d 00000000 		.4byte	0
 505 0021 00000000 		.4byte	.Ldebug_line0
 506 0025 02       		.uleb128 0x2
 507 0026 01       		.byte	0x1
 508 0027 06       		.byte	0x6
 509 0028 2B020000 		.4byte	.LASF0
 510 002c 02       		.uleb128 0x2
 511 002d 01       		.byte	0x1
 512 002e 08       		.byte	0x8
 513 002f ED000000 		.4byte	.LASF1
 514 0033 02       		.uleb128 0x2
 515 0034 02       		.byte	0x2
ARM GAS  C:\Users\Snufkin\AppData\Local\Temp\ccM3hozN.s 			page 17


 516 0035 05       		.byte	0x5
 517 0036 F7010000 		.4byte	.LASF2
 518 003a 02       		.uleb128 0x2
 519 003b 02       		.byte	0x2
 520 003c 07       		.byte	0x7
 521 003d 27000000 		.4byte	.LASF3
 522 0041 02       		.uleb128 0x2
 523 0042 04       		.byte	0x4
 524 0043 05       		.byte	0x5
 525 0044 22020000 		.4byte	.LASF4
 526 0048 02       		.uleb128 0x2
 527 0049 04       		.byte	0x4
 528 004a 07       		.byte	0x7
 529 004b 0A010000 		.4byte	.LASF5
 530 004f 02       		.uleb128 0x2
 531 0050 08       		.byte	0x8
 532 0051 05       		.byte	0x5
 533 0052 C4010000 		.4byte	.LASF6
 534 0056 02       		.uleb128 0x2
 535 0057 08       		.byte	0x8
 536 0058 07       		.byte	0x7
 537 0059 78010000 		.4byte	.LASF7
 538 005d 03       		.uleb128 0x3
 539 005e 04       		.byte	0x4
 540 005f 05       		.byte	0x5
 541 0060 696E7400 		.ascii	"int\000"
 542 0064 02       		.uleb128 0x2
 543 0065 04       		.byte	0x4
 544 0066 07       		.byte	0x7
 545 0067 63010000 		.4byte	.LASF8
 546 006b 04       		.uleb128 0x4
 547 006c 0D020000 		.4byte	.LASF9
 548 0070 02       		.byte	0x2
 549 0071 A1       		.byte	0xa1
 550 0072 2C000000 		.4byte	0x2c
 551 0076 04       		.uleb128 0x4
 552 0077 5C010000 		.4byte	.LASF10
 553 007b 02       		.byte	0x2
 554 007c A3       		.byte	0xa3
 555 007d 48000000 		.4byte	0x48
 556 0081 02       		.uleb128 0x2
 557 0082 04       		.byte	0x4
 558 0083 04       		.byte	0x4
 559 0084 6D000000 		.4byte	.LASF11
 560 0088 02       		.uleb128 0x2
 561 0089 08       		.byte	0x8
 562 008a 04       		.byte	0x4
 563 008b 34010000 		.4byte	.LASF12
 564 008f 02       		.uleb128 0x2
 565 0090 01       		.byte	0x1
 566 0091 08       		.byte	0x8
 567 0092 D2010000 		.4byte	.LASF13
 568 0096 05       		.uleb128 0x5
 569 0097 00000000 		.4byte	.LASF14
 570 009b 02       		.byte	0x2
 571 009c 4D01     		.2byte	0x14d
 572 009e A2000000 		.4byte	0xa2
ARM GAS  C:\Users\Snufkin\AppData\Local\Temp\ccM3hozN.s 			page 18


 573 00a2 06       		.uleb128 0x6
 574 00a3 76000000 		.4byte	0x76
 575 00a7 05       		.uleb128 0x5
 576 00a8 9D010000 		.4byte	.LASF15
 577 00ac 02       		.byte	0x2
 578 00ad 5D01     		.2byte	0x15d
 579 00af B3000000 		.4byte	0xb3
 580 00b3 07       		.uleb128 0x7
 581 00b4 04       		.byte	0x4
 582 00b5 B9000000 		.4byte	0xb9
 583 00b9 08       		.uleb128 0x8
 584 00ba 02       		.uleb128 0x2
 585 00bb 04       		.byte	0x4
 586 00bc 07       		.byte	0x7
 587 00bd AA010000 		.4byte	.LASF16
 588 00c1 09       		.uleb128 0x9
 589 00c2 4F010000 		.4byte	.LASF17
 590 00c6 01       		.byte	0x1
 591 00c7 37       		.byte	0x37
 592 00c8 00000000 		.4byte	.LFB0
 593 00cc 24000000 		.4byte	.LFE0-.LFB0
 594 00d0 01       		.uleb128 0x1
 595 00d1 9C       		.byte	0x9c
 596 00d2 0A       		.uleb128 0xa
 597 00d3 4D000000 		.4byte	.LASF20
 598 00d7 01       		.byte	0x1
 599 00d8 62       		.byte	0x62
 600 00d9 00000000 		.4byte	.LFB1
 601 00dd 24000000 		.4byte	.LFE1-.LFB1
 602 00e1 01       		.uleb128 0x1
 603 00e2 9C       		.byte	0x9c
 604 00e3 F6000000 		.4byte	0xf6
 605 00e7 0B       		.uleb128 0xb
 606 00e8 70010000 		.4byte	.LASF22
 607 00ec 01       		.byte	0x1
 608 00ed 62       		.byte	0x62
 609 00ee A7000000 		.4byte	0xa7
 610 00f2 02       		.uleb128 0x2
 611 00f3 91       		.byte	0x91
 612 00f4 74       		.sleb128 -12
 613 00f5 00       		.byte	0
 614 00f6 09       		.uleb128 0x9
 615 00f7 01020000 		.4byte	.LASF18
 616 00fb 01       		.byte	0x1
 617 00fc 80       		.byte	0x80
 618 00fd 00000000 		.4byte	.LFB2
 619 0101 18000000 		.4byte	.LFE2-.LFB2
 620 0105 01       		.uleb128 0x1
 621 0106 9C       		.byte	0x9c
 622 0107 0C       		.uleb128 0xc
 623 0108 5C000000 		.4byte	.LASF19
 624 010c 01       		.byte	0x1
 625 010d 9E       		.byte	0x9e
 626 010e 00000000 		.4byte	.LFB3
 627 0112 08000000 		.4byte	.LFE3-.LFB3
 628 0116 01       		.uleb128 0x1
 629 0117 9C       		.byte	0x9c
ARM GAS  C:\Users\Snufkin\AppData\Local\Temp\ccM3hozN.s 			page 19


 630 0118 0D       		.uleb128 0xd
 631 0119 B3010000 		.4byte	.LASF21
 632 011d 01       		.byte	0x1
 633 011e C2       		.byte	0xc2
 634 011f 00000000 		.4byte	.LFB4
 635 0123 18000000 		.4byte	.LFE4-.LFB4
 636 0127 01       		.uleb128 0x1
 637 0128 9C       		.byte	0x9c
 638 0129 3C010000 		.4byte	0x13c
 639 012d 0B       		.uleb128 0xb
 640 012e 70010000 		.4byte	.LASF22
 641 0132 01       		.byte	0x1
 642 0133 C2       		.byte	0xc2
 643 0134 A7000000 		.4byte	0xa7
 644 0138 02       		.uleb128 0x2
 645 0139 91       		.byte	0x91
 646 013a 74       		.sleb128 -12
 647 013b 00       		.byte	0
 648 013c 0E       		.uleb128 0xe
 649 013d 16000000 		.4byte	.LASF28
 650 0141 01       		.byte	0x1
 651 0142 D6       		.byte	0xd6
 652 0143 A7000000 		.4byte	0xa7
 653 0147 00000000 		.4byte	.LFB5
 654 014b 14000000 		.4byte	.LFE5-.LFB5
 655 014f 01       		.uleb128 0x1
 656 0150 9C       		.byte	0x9c
 657 0151 0A       		.uleb128 0xa
 658 0152 3A000000 		.4byte	.LASF23
 659 0156 01       		.byte	0x1
 660 0157 F4       		.byte	0xf4
 661 0158 00000000 		.4byte	.LFB6
 662 015c 50000000 		.4byte	.LFE6-.LFB6
 663 0160 01       		.uleb128 0x1
 664 0161 9C       		.byte	0x9c
 665 0162 91010000 		.4byte	0x191
 666 0166 0B       		.uleb128 0xb
 667 0167 2B010000 		.4byte	.LASF24
 668 016b 01       		.byte	0x1
 669 016c F4       		.byte	0xf4
 670 016d 6B000000 		.4byte	0x6b
 671 0171 02       		.uleb128 0x2
 672 0172 91       		.byte	0x91
 673 0173 67       		.sleb128 -25
 674 0174 0F       		.uleb128 0xf
 675 0175 FB000000 		.4byte	.LASF25
 676 0179 01       		.byte	0x1
 677 017a F6       		.byte	0xf6
 678 017b 6B000000 		.4byte	0x6b
 679 017f 02       		.uleb128 0x2
 680 0180 91       		.byte	0x91
 681 0181 6B       		.sleb128 -21
 682 0182 0F       		.uleb128 0xf
 683 0183 13020000 		.4byte	.LASF26
 684 0187 01       		.byte	0x1
 685 0188 F7       		.byte	0xf7
 686 0189 76000000 		.4byte	0x76
ARM GAS  C:\Users\Snufkin\AppData\Local\Temp\ccM3hozN.s 			page 20


 687 018d 02       		.uleb128 0x2
 688 018e 91       		.byte	0x91
 689 018f 6C       		.sleb128 -20
 690 0190 00       		.byte	0
 691 0191 10       		.uleb128 0x10
 692 0192 D7010000 		.4byte	.LASF36
 693 0196 01       		.byte	0x1
 694 0197 1001     		.2byte	0x110
 695 0199 6B000000 		.4byte	0x6b
 696 019d 00000000 		.4byte	.LFB7
 697 01a1 2C000000 		.4byte	.LFE7-.LFB7
 698 01a5 01       		.uleb128 0x1
 699 01a6 9C       		.byte	0x9c
 700 01a7 CA010000 		.4byte	0x1ca
 701 01ab 11       		.uleb128 0x11
 702 01ac 2B010000 		.4byte	.LASF24
 703 01b0 01       		.byte	0x1
 704 01b1 1201     		.2byte	0x112
 705 01b3 76000000 		.4byte	0x76
 706 01b7 02       		.uleb128 0x2
 707 01b8 91       		.byte	0x91
 708 01b9 70       		.sleb128 -16
 709 01ba 11       		.uleb128 0x11
 710 01bb 13020000 		.4byte	.LASF26
 711 01bf 01       		.byte	0x1
 712 01c0 1301     		.2byte	0x113
 713 01c2 76000000 		.4byte	0x76
 714 01c6 02       		.uleb128 0x2
 715 01c7 91       		.byte	0x91
 716 01c8 74       		.sleb128 -12
 717 01c9 00       		.byte	0
 718 01ca 12       		.uleb128 0x12
 719 01cb 8F010000 		.4byte	.LASF27
 720 01cf 01       		.byte	0x1
 721 01d0 2B01     		.2byte	0x12b
 722 01d2 00000000 		.4byte	.LFB8
 723 01d6 14000000 		.4byte	.LFE8-.LFB8
 724 01da 01       		.uleb128 0x1
 725 01db 9C       		.byte	0x9c
 726 01dc 13       		.uleb128 0x13
 727 01dd 06000000 		.4byte	.LASF29
 728 01e1 01       		.byte	0x1
 729 01e2 4001     		.2byte	0x140
 730 01e4 6B000000 		.4byte	0x6b
 731 01e8 00000000 		.4byte	.LFB9
 732 01ec 1C000000 		.4byte	.LFE9-.LFB9
 733 01f0 01       		.uleb128 0x1
 734 01f1 9C       		.byte	0x9c
 735 01f2 12       		.uleb128 0x12
 736 01f3 1C010000 		.4byte	.LASF30
 737 01f7 01       		.byte	0x1
 738 01f8 5501     		.2byte	0x155
 739 01fa 00000000 		.4byte	.LFB10
 740 01fe 14000000 		.4byte	.LFE10-.LFB10
 741 0202 01       		.uleb128 0x1
 742 0203 9C       		.byte	0x9c
 743 0204 12       		.uleb128 0x12
ARM GAS  C:\Users\Snufkin\AppData\Local\Temp\ccM3hozN.s 			page 21


 744 0205 DB000000 		.4byte	.LASF31
 745 0209 01       		.byte	0x1
 746 020a 7001     		.2byte	0x170
 747 020c 00000000 		.4byte	.LFB11
 748 0210 14000000 		.4byte	.LFE11-.LFB11
 749 0214 01       		.uleb128 0x1
 750 0215 9C       		.byte	0x9c
 751 0216 12       		.uleb128 0x12
 752 0217 3B010000 		.4byte	.LASF32
 753 021b 01       		.byte	0x1
 754 021c 8901     		.2byte	0x189
 755 021e 00000000 		.4byte	.LFB12
 756 0222 14000000 		.4byte	.LFE12-.LFB12
 757 0226 01       		.uleb128 0x1
 758 0227 9C       		.byte	0x9c
 759 0228 14       		.uleb128 0x14
 760 0229 A7000000 		.4byte	0xa7
 761 022d 38020000 		.4byte	0x238
 762 0231 15       		.uleb128 0x15
 763 0232 BA000000 		.4byte	0xba
 764 0236 2F       		.byte	0x2f
 765 0237 00       		.byte	0
 766 0238 16       		.uleb128 0x16
 767 0239 EA010000 		.4byte	.LASF37
 768 023d 01       		.byte	0x1
 769 023e 20       		.byte	0x20
 770 023f 28020000 		.4byte	0x228
 771 0243 00       		.byte	0
 772              		.section	.debug_abbrev,"",%progbits
 773              	.Ldebug_abbrev0:
 774 0000 01       		.uleb128 0x1
 775 0001 11       		.uleb128 0x11
 776 0002 01       		.byte	0x1
 777 0003 25       		.uleb128 0x25
 778 0004 0E       		.uleb128 0xe
 779 0005 13       		.uleb128 0x13
 780 0006 0B       		.uleb128 0xb
 781 0007 03       		.uleb128 0x3
 782 0008 0E       		.uleb128 0xe
 783 0009 1B       		.uleb128 0x1b
 784 000a 0E       		.uleb128 0xe
 785 000b 55       		.uleb128 0x55
 786 000c 17       		.uleb128 0x17
 787 000d 11       		.uleb128 0x11
 788 000e 01       		.uleb128 0x1
 789 000f 10       		.uleb128 0x10
 790 0010 17       		.uleb128 0x17
 791 0011 00       		.byte	0
 792 0012 00       		.byte	0
 793 0013 02       		.uleb128 0x2
 794 0014 24       		.uleb128 0x24
 795 0015 00       		.byte	0
 796 0016 0B       		.uleb128 0xb
 797 0017 0B       		.uleb128 0xb
 798 0018 3E       		.uleb128 0x3e
 799 0019 0B       		.uleb128 0xb
 800 001a 03       		.uleb128 0x3
ARM GAS  C:\Users\Snufkin\AppData\Local\Temp\ccM3hozN.s 			page 22


 801 001b 0E       		.uleb128 0xe
 802 001c 00       		.byte	0
 803 001d 00       		.byte	0
 804 001e 03       		.uleb128 0x3
 805 001f 24       		.uleb128 0x24
 806 0020 00       		.byte	0
 807 0021 0B       		.uleb128 0xb
 808 0022 0B       		.uleb128 0xb
 809 0023 3E       		.uleb128 0x3e
 810 0024 0B       		.uleb128 0xb
 811 0025 03       		.uleb128 0x3
 812 0026 08       		.uleb128 0x8
 813 0027 00       		.byte	0
 814 0028 00       		.byte	0
 815 0029 04       		.uleb128 0x4
 816 002a 16       		.uleb128 0x16
 817 002b 00       		.byte	0
 818 002c 03       		.uleb128 0x3
 819 002d 0E       		.uleb128 0xe
 820 002e 3A       		.uleb128 0x3a
 821 002f 0B       		.uleb128 0xb
 822 0030 3B       		.uleb128 0x3b
 823 0031 0B       		.uleb128 0xb
 824 0032 49       		.uleb128 0x49
 825 0033 13       		.uleb128 0x13
 826 0034 00       		.byte	0
 827 0035 00       		.byte	0
 828 0036 05       		.uleb128 0x5
 829 0037 16       		.uleb128 0x16
 830 0038 00       		.byte	0
 831 0039 03       		.uleb128 0x3
 832 003a 0E       		.uleb128 0xe
 833 003b 3A       		.uleb128 0x3a
 834 003c 0B       		.uleb128 0xb
 835 003d 3B       		.uleb128 0x3b
 836 003e 05       		.uleb128 0x5
 837 003f 49       		.uleb128 0x49
 838 0040 13       		.uleb128 0x13
 839 0041 00       		.byte	0
 840 0042 00       		.byte	0
 841 0043 06       		.uleb128 0x6
 842 0044 35       		.uleb128 0x35
 843 0045 00       		.byte	0
 844 0046 49       		.uleb128 0x49
 845 0047 13       		.uleb128 0x13
 846 0048 00       		.byte	0
 847 0049 00       		.byte	0
 848 004a 07       		.uleb128 0x7
 849 004b 0F       		.uleb128 0xf
 850 004c 00       		.byte	0
 851 004d 0B       		.uleb128 0xb
 852 004e 0B       		.uleb128 0xb
 853 004f 49       		.uleb128 0x49
 854 0050 13       		.uleb128 0x13
 855 0051 00       		.byte	0
 856 0052 00       		.byte	0
 857 0053 08       		.uleb128 0x8
ARM GAS  C:\Users\Snufkin\AppData\Local\Temp\ccM3hozN.s 			page 23


 858 0054 15       		.uleb128 0x15
 859 0055 00       		.byte	0
 860 0056 27       		.uleb128 0x27
 861 0057 19       		.uleb128 0x19
 862 0058 00       		.byte	0
 863 0059 00       		.byte	0
 864 005a 09       		.uleb128 0x9
 865 005b 2E       		.uleb128 0x2e
 866 005c 00       		.byte	0
 867 005d 3F       		.uleb128 0x3f
 868 005e 19       		.uleb128 0x19
 869 005f 03       		.uleb128 0x3
 870 0060 0E       		.uleb128 0xe
 871 0061 3A       		.uleb128 0x3a
 872 0062 0B       		.uleb128 0xb
 873 0063 3B       		.uleb128 0x3b
 874 0064 0B       		.uleb128 0xb
 875 0065 27       		.uleb128 0x27
 876 0066 19       		.uleb128 0x19
 877 0067 11       		.uleb128 0x11
 878 0068 01       		.uleb128 0x1
 879 0069 12       		.uleb128 0x12
 880 006a 06       		.uleb128 0x6
 881 006b 40       		.uleb128 0x40
 882 006c 18       		.uleb128 0x18
 883 006d 9642     		.uleb128 0x2116
 884 006f 19       		.uleb128 0x19
 885 0070 00       		.byte	0
 886 0071 00       		.byte	0
 887 0072 0A       		.uleb128 0xa
 888 0073 2E       		.uleb128 0x2e
 889 0074 01       		.byte	0x1
 890 0075 3F       		.uleb128 0x3f
 891 0076 19       		.uleb128 0x19
 892 0077 03       		.uleb128 0x3
 893 0078 0E       		.uleb128 0xe
 894 0079 3A       		.uleb128 0x3a
 895 007a 0B       		.uleb128 0xb
 896 007b 3B       		.uleb128 0x3b
 897 007c 0B       		.uleb128 0xb
 898 007d 27       		.uleb128 0x27
 899 007e 19       		.uleb128 0x19
 900 007f 11       		.uleb128 0x11
 901 0080 01       		.uleb128 0x1
 902 0081 12       		.uleb128 0x12
 903 0082 06       		.uleb128 0x6
 904 0083 40       		.uleb128 0x40
 905 0084 18       		.uleb128 0x18
 906 0085 9642     		.uleb128 0x2116
 907 0087 19       		.uleb128 0x19
 908 0088 01       		.uleb128 0x1
 909 0089 13       		.uleb128 0x13
 910 008a 00       		.byte	0
 911 008b 00       		.byte	0
 912 008c 0B       		.uleb128 0xb
 913 008d 05       		.uleb128 0x5
 914 008e 00       		.byte	0
ARM GAS  C:\Users\Snufkin\AppData\Local\Temp\ccM3hozN.s 			page 24


 915 008f 03       		.uleb128 0x3
 916 0090 0E       		.uleb128 0xe
 917 0091 3A       		.uleb128 0x3a
 918 0092 0B       		.uleb128 0xb
 919 0093 3B       		.uleb128 0x3b
 920 0094 0B       		.uleb128 0xb
 921 0095 49       		.uleb128 0x49
 922 0096 13       		.uleb128 0x13
 923 0097 02       		.uleb128 0x2
 924 0098 18       		.uleb128 0x18
 925 0099 00       		.byte	0
 926 009a 00       		.byte	0
 927 009b 0C       		.uleb128 0xc
 928 009c 2E       		.uleb128 0x2e
 929 009d 00       		.byte	0
 930 009e 3F       		.uleb128 0x3f
 931 009f 19       		.uleb128 0x19
 932 00a0 03       		.uleb128 0x3
 933 00a1 0E       		.uleb128 0xe
 934 00a2 3A       		.uleb128 0x3a
 935 00a3 0B       		.uleb128 0xb
 936 00a4 3B       		.uleb128 0x3b
 937 00a5 0B       		.uleb128 0xb
 938 00a6 27       		.uleb128 0x27
 939 00a7 19       		.uleb128 0x19
 940 00a8 11       		.uleb128 0x11
 941 00a9 01       		.uleb128 0x1
 942 00aa 12       		.uleb128 0x12
 943 00ab 06       		.uleb128 0x6
 944 00ac 40       		.uleb128 0x40
 945 00ad 18       		.uleb128 0x18
 946 00ae 9742     		.uleb128 0x2117
 947 00b0 19       		.uleb128 0x19
 948 00b1 00       		.byte	0
 949 00b2 00       		.byte	0
 950 00b3 0D       		.uleb128 0xd
 951 00b4 2E       		.uleb128 0x2e
 952 00b5 01       		.byte	0x1
 953 00b6 3F       		.uleb128 0x3f
 954 00b7 19       		.uleb128 0x19
 955 00b8 03       		.uleb128 0x3
 956 00b9 0E       		.uleb128 0xe
 957 00ba 3A       		.uleb128 0x3a
 958 00bb 0B       		.uleb128 0xb
 959 00bc 3B       		.uleb128 0x3b
 960 00bd 0B       		.uleb128 0xb
 961 00be 27       		.uleb128 0x27
 962 00bf 19       		.uleb128 0x19
 963 00c0 11       		.uleb128 0x11
 964 00c1 01       		.uleb128 0x1
 965 00c2 12       		.uleb128 0x12
 966 00c3 06       		.uleb128 0x6
 967 00c4 40       		.uleb128 0x40
 968 00c5 18       		.uleb128 0x18
 969 00c6 9742     		.uleb128 0x2117
 970 00c8 19       		.uleb128 0x19
 971 00c9 01       		.uleb128 0x1
ARM GAS  C:\Users\Snufkin\AppData\Local\Temp\ccM3hozN.s 			page 25


 972 00ca 13       		.uleb128 0x13
 973 00cb 00       		.byte	0
 974 00cc 00       		.byte	0
 975 00cd 0E       		.uleb128 0xe
 976 00ce 2E       		.uleb128 0x2e
 977 00cf 00       		.byte	0
 978 00d0 3F       		.uleb128 0x3f
 979 00d1 19       		.uleb128 0x19
 980 00d2 03       		.uleb128 0x3
 981 00d3 0E       		.uleb128 0xe
 982 00d4 3A       		.uleb128 0x3a
 983 00d5 0B       		.uleb128 0xb
 984 00d6 3B       		.uleb128 0x3b
 985 00d7 0B       		.uleb128 0xb
 986 00d8 27       		.uleb128 0x27
 987 00d9 19       		.uleb128 0x19
 988 00da 49       		.uleb128 0x49
 989 00db 13       		.uleb128 0x13
 990 00dc 11       		.uleb128 0x11
 991 00dd 01       		.uleb128 0x1
 992 00de 12       		.uleb128 0x12
 993 00df 06       		.uleb128 0x6
 994 00e0 40       		.uleb128 0x40
 995 00e1 18       		.uleb128 0x18
 996 00e2 9742     		.uleb128 0x2117
 997 00e4 19       		.uleb128 0x19
 998 00e5 00       		.byte	0
 999 00e6 00       		.byte	0
 1000 00e7 0F       		.uleb128 0xf
 1001 00e8 34       		.uleb128 0x34
 1002 00e9 00       		.byte	0
 1003 00ea 03       		.uleb128 0x3
 1004 00eb 0E       		.uleb128 0xe
 1005 00ec 3A       		.uleb128 0x3a
 1006 00ed 0B       		.uleb128 0xb
 1007 00ee 3B       		.uleb128 0x3b
 1008 00ef 0B       		.uleb128 0xb
 1009 00f0 49       		.uleb128 0x49
 1010 00f1 13       		.uleb128 0x13
 1011 00f2 02       		.uleb128 0x2
 1012 00f3 18       		.uleb128 0x18
 1013 00f4 00       		.byte	0
 1014 00f5 00       		.byte	0
 1015 00f6 10       		.uleb128 0x10
 1016 00f7 2E       		.uleb128 0x2e
 1017 00f8 01       		.byte	0x1
 1018 00f9 3F       		.uleb128 0x3f
 1019 00fa 19       		.uleb128 0x19
 1020 00fb 03       		.uleb128 0x3
 1021 00fc 0E       		.uleb128 0xe
 1022 00fd 3A       		.uleb128 0x3a
 1023 00fe 0B       		.uleb128 0xb
 1024 00ff 3B       		.uleb128 0x3b
 1025 0100 05       		.uleb128 0x5
 1026 0101 27       		.uleb128 0x27
 1027 0102 19       		.uleb128 0x19
 1028 0103 49       		.uleb128 0x49
ARM GAS  C:\Users\Snufkin\AppData\Local\Temp\ccM3hozN.s 			page 26


 1029 0104 13       		.uleb128 0x13
 1030 0105 11       		.uleb128 0x11
 1031 0106 01       		.uleb128 0x1
 1032 0107 12       		.uleb128 0x12
 1033 0108 06       		.uleb128 0x6
 1034 0109 40       		.uleb128 0x40
 1035 010a 18       		.uleb128 0x18
 1036 010b 9742     		.uleb128 0x2117
 1037 010d 19       		.uleb128 0x19
 1038 010e 01       		.uleb128 0x1
 1039 010f 13       		.uleb128 0x13
 1040 0110 00       		.byte	0
 1041 0111 00       		.byte	0
 1042 0112 11       		.uleb128 0x11
 1043 0113 34       		.uleb128 0x34
 1044 0114 00       		.byte	0
 1045 0115 03       		.uleb128 0x3
 1046 0116 0E       		.uleb128 0xe
 1047 0117 3A       		.uleb128 0x3a
 1048 0118 0B       		.uleb128 0xb
 1049 0119 3B       		.uleb128 0x3b
 1050 011a 05       		.uleb128 0x5
 1051 011b 49       		.uleb128 0x49
 1052 011c 13       		.uleb128 0x13
 1053 011d 02       		.uleb128 0x2
 1054 011e 18       		.uleb128 0x18
 1055 011f 00       		.byte	0
 1056 0120 00       		.byte	0
 1057 0121 12       		.uleb128 0x12
 1058 0122 2E       		.uleb128 0x2e
 1059 0123 00       		.byte	0
 1060 0124 3F       		.uleb128 0x3f
 1061 0125 19       		.uleb128 0x19
 1062 0126 03       		.uleb128 0x3
 1063 0127 0E       		.uleb128 0xe
 1064 0128 3A       		.uleb128 0x3a
 1065 0129 0B       		.uleb128 0xb
 1066 012a 3B       		.uleb128 0x3b
 1067 012b 05       		.uleb128 0x5
 1068 012c 27       		.uleb128 0x27
 1069 012d 19       		.uleb128 0x19
 1070 012e 11       		.uleb128 0x11
 1071 012f 01       		.uleb128 0x1
 1072 0130 12       		.uleb128 0x12
 1073 0131 06       		.uleb128 0x6
 1074 0132 40       		.uleb128 0x40
 1075 0133 18       		.uleb128 0x18
 1076 0134 9742     		.uleb128 0x2117
 1077 0136 19       		.uleb128 0x19
 1078 0137 00       		.byte	0
 1079 0138 00       		.byte	0
 1080 0139 13       		.uleb128 0x13
 1081 013a 2E       		.uleb128 0x2e
 1082 013b 00       		.byte	0
 1083 013c 3F       		.uleb128 0x3f
 1084 013d 19       		.uleb128 0x19
 1085 013e 03       		.uleb128 0x3
ARM GAS  C:\Users\Snufkin\AppData\Local\Temp\ccM3hozN.s 			page 27


 1086 013f 0E       		.uleb128 0xe
 1087 0140 3A       		.uleb128 0x3a
 1088 0141 0B       		.uleb128 0xb
 1089 0142 3B       		.uleb128 0x3b
 1090 0143 05       		.uleb128 0x5
 1091 0144 27       		.uleb128 0x27
 1092 0145 19       		.uleb128 0x19
 1093 0146 49       		.uleb128 0x49
 1094 0147 13       		.uleb128 0x13
 1095 0148 11       		.uleb128 0x11
 1096 0149 01       		.uleb128 0x1
 1097 014a 12       		.uleb128 0x12
 1098 014b 06       		.uleb128 0x6
 1099 014c 40       		.uleb128 0x40
 1100 014d 18       		.uleb128 0x18
 1101 014e 9742     		.uleb128 0x2117
 1102 0150 19       		.uleb128 0x19
 1103 0151 00       		.byte	0
 1104 0152 00       		.byte	0
 1105 0153 14       		.uleb128 0x14
 1106 0154 01       		.uleb128 0x1
 1107 0155 01       		.byte	0x1
 1108 0156 49       		.uleb128 0x49
 1109 0157 13       		.uleb128 0x13
 1110 0158 01       		.uleb128 0x1
 1111 0159 13       		.uleb128 0x13
 1112 015a 00       		.byte	0
 1113 015b 00       		.byte	0
 1114 015c 15       		.uleb128 0x15
 1115 015d 21       		.uleb128 0x21
 1116 015e 00       		.byte	0
 1117 015f 49       		.uleb128 0x49
 1118 0160 13       		.uleb128 0x13
 1119 0161 2F       		.uleb128 0x2f
 1120 0162 0B       		.uleb128 0xb
 1121 0163 00       		.byte	0
 1122 0164 00       		.byte	0
 1123 0165 16       		.uleb128 0x16
 1124 0166 34       		.uleb128 0x34
 1125 0167 00       		.byte	0
 1126 0168 03       		.uleb128 0x3
 1127 0169 0E       		.uleb128 0xe
 1128 016a 3A       		.uleb128 0x3a
 1129 016b 0B       		.uleb128 0xb
 1130 016c 3B       		.uleb128 0x3b
 1131 016d 0B       		.uleb128 0xb
 1132 016e 49       		.uleb128 0x49
 1133 016f 13       		.uleb128 0x13
 1134 0170 3F       		.uleb128 0x3f
 1135 0171 19       		.uleb128 0x19
 1136 0172 3C       		.uleb128 0x3c
 1137 0173 19       		.uleb128 0x19
 1138 0174 00       		.byte	0
 1139 0175 00       		.byte	0
 1140 0176 00       		.byte	0
 1141              		.section	.debug_aranges,"",%progbits
 1142 0000 7C000000 		.4byte	0x7c
ARM GAS  C:\Users\Snufkin\AppData\Local\Temp\ccM3hozN.s 			page 28


 1143 0004 0200     		.2byte	0x2
 1144 0006 00000000 		.4byte	.Ldebug_info0
 1145 000a 04       		.byte	0x4
 1146 000b 00       		.byte	0
 1147 000c 0000     		.2byte	0
 1148 000e 0000     		.2byte	0
 1149 0010 00000000 		.4byte	.LFB0
 1150 0014 24000000 		.4byte	.LFE0-.LFB0
 1151 0018 00000000 		.4byte	.LFB1
 1152 001c 24000000 		.4byte	.LFE1-.LFB1
 1153 0020 00000000 		.4byte	.LFB2
 1154 0024 18000000 		.4byte	.LFE2-.LFB2
 1155 0028 00000000 		.4byte	.LFB3
 1156 002c 08000000 		.4byte	.LFE3-.LFB3
 1157 0030 00000000 		.4byte	.LFB4
 1158 0034 18000000 		.4byte	.LFE4-.LFB4
 1159 0038 00000000 		.4byte	.LFB5
 1160 003c 14000000 		.4byte	.LFE5-.LFB5
 1161 0040 00000000 		.4byte	.LFB6
 1162 0044 50000000 		.4byte	.LFE6-.LFB6
 1163 0048 00000000 		.4byte	.LFB7
 1164 004c 2C000000 		.4byte	.LFE7-.LFB7
 1165 0050 00000000 		.4byte	.LFB8
 1166 0054 14000000 		.4byte	.LFE8-.LFB8
 1167 0058 00000000 		.4byte	.LFB9
 1168 005c 1C000000 		.4byte	.LFE9-.LFB9
 1169 0060 00000000 		.4byte	.LFB10
 1170 0064 14000000 		.4byte	.LFE10-.LFB10
 1171 0068 00000000 		.4byte	.LFB11
 1172 006c 14000000 		.4byte	.LFE11-.LFB11
 1173 0070 00000000 		.4byte	.LFB12
 1174 0074 14000000 		.4byte	.LFE12-.LFB12
 1175 0078 00000000 		.4byte	0
 1176 007c 00000000 		.4byte	0
 1177              		.section	.debug_ranges,"",%progbits
 1178              	.Ldebug_ranges0:
 1179 0000 00000000 		.4byte	.LFB0
 1180 0004 24000000 		.4byte	.LFE0
 1181 0008 00000000 		.4byte	.LFB1
 1182 000c 24000000 		.4byte	.LFE1
 1183 0010 00000000 		.4byte	.LFB2
 1184 0014 18000000 		.4byte	.LFE2
 1185 0018 00000000 		.4byte	.LFB3
 1186 001c 08000000 		.4byte	.LFE3
 1187 0020 00000000 		.4byte	.LFB4
 1188 0024 18000000 		.4byte	.LFE4
 1189 0028 00000000 		.4byte	.LFB5
 1190 002c 14000000 		.4byte	.LFE5
 1191 0030 00000000 		.4byte	.LFB6
 1192 0034 50000000 		.4byte	.LFE6
 1193 0038 00000000 		.4byte	.LFB7
 1194 003c 2C000000 		.4byte	.LFE7
 1195 0040 00000000 		.4byte	.LFB8
 1196 0044 14000000 		.4byte	.LFE8
 1197 0048 00000000 		.4byte	.LFB9
 1198 004c 1C000000 		.4byte	.LFE9
 1199 0050 00000000 		.4byte	.LFB10
ARM GAS  C:\Users\Snufkin\AppData\Local\Temp\ccM3hozN.s 			page 29


 1200 0054 14000000 		.4byte	.LFE10
 1201 0058 00000000 		.4byte	.LFB11
 1202 005c 14000000 		.4byte	.LFE11
 1203 0060 00000000 		.4byte	.LFB12
 1204 0064 14000000 		.4byte	.LFE12
 1205 0068 00000000 		.4byte	0
 1206 006c 00000000 		.4byte	0
 1207              		.section	.debug_line,"",%progbits
 1208              	.Ldebug_line0:
 1209 0000 41010000 		.section	.debug_str,"MS",%progbits,1
 1209      02004500 
 1209      00000201 
 1209      FB0E0D00 
 1209      01010101 
 1210              	.LASF14:
 1211 0000 72656733 		.ascii	"reg32\000"
 1211      3200
 1212              	.LASF29:
 1213 0006 47435F69 		.ascii	"GC_int_GetState\000"
 1213      6E745F47 
 1213      65745374 
 1213      61746500 
 1214              	.LASF28:
 1215 0016 47435F69 		.ascii	"GC_int_GetVector\000"
 1215      6E745F47 
 1215      65745665 
 1215      63746F72 
 1215      00
 1216              	.LASF3:
 1217 0027 73686F72 		.ascii	"short unsigned int\000"
 1217      7420756E 
 1217      7369676E 
 1217      65642069 
 1217      6E7400
 1218              	.LASF23:
 1219 003a 47435F69 		.ascii	"GC_int_SetPriority\000"
 1219      6E745F53 
 1219      65745072 
 1219      696F7269 
 1219      747900
 1220              	.LASF20:
 1221 004d 47435F69 		.ascii	"GC_int_StartEx\000"
 1221      6E745F53 
 1221      74617274 
 1221      457800
 1222              	.LASF19:
 1223 005c 47435F69 		.ascii	"GC_int_Interrupt\000"
 1223      6E745F49 
 1223      6E746572 
 1223      72757074 
 1223      00
 1224              	.LASF11:
 1225 006d 666C6F61 		.ascii	"float\000"
 1225      7400
 1226              	.LASF34:
 1227 0073 2E5C4765 		.ascii	".\\Generated_Source\\PSoC4\\GC_int.c\000"
 1227      6E657261 
ARM GAS  C:\Users\Snufkin\AppData\Local\Temp\ccM3hozN.s 			page 30


 1227      7465645F 
 1227      536F7572 
 1227      63655C50 
 1228              	.LASF35:
 1229 0095 433A5C55 		.ascii	"C:\\Users\\Snufkin\\Documents\\GitHub\\KingFunk2\\C"
 1229      73657273 
 1229      5C536E75 
 1229      666B696E 
 1229      5C446F63 
 1230 00c2 52545F74 		.ascii	"RT_timer\\CRT_timer.cydsn\000"
 1230      696D6572 
 1230      5C435254 
 1230      5F74696D 
 1230      65722E63 
 1231              	.LASF31:
 1232 00db 47435F69 		.ascii	"GC_int_SetPending\000"
 1232      6E745F53 
 1232      65745065 
 1232      6E64696E 
 1232      6700
 1233              	.LASF1:
 1234 00ed 756E7369 		.ascii	"unsigned char\000"
 1234      676E6564 
 1234      20636861 
 1234      7200
 1235              	.LASF25:
 1236 00fb 696E7465 		.ascii	"interruptState\000"
 1236      72727570 
 1236      74537461 
 1236      746500
 1237              	.LASF5:
 1238 010a 6C6F6E67 		.ascii	"long unsigned int\000"
 1238      20756E73 
 1238      69676E65 
 1238      6420696E 
 1238      7400
 1239              	.LASF30:
 1240 011c 47435F69 		.ascii	"GC_int_Disable\000"
 1240      6E745F44 
 1240      69736162 
 1240      6C6500
 1241              	.LASF24:
 1242 012b 7072696F 		.ascii	"priority\000"
 1242      72697479 
 1242      00
 1243              	.LASF12:
 1244 0134 646F7562 		.ascii	"double\000"
 1244      6C6500
 1245              	.LASF32:
 1246 013b 47435F69 		.ascii	"GC_int_ClearPending\000"
 1246      6E745F43 
 1246      6C656172 
 1246      50656E64 
 1246      696E6700 
 1247              	.LASF17:
 1248 014f 47435F69 		.ascii	"GC_int_Start\000"
 1248      6E745F53 
ARM GAS  C:\Users\Snufkin\AppData\Local\Temp\ccM3hozN.s 			page 31


 1248      74617274 
 1248      00
 1249              	.LASF10:
 1250 015c 75696E74 		.ascii	"uint32\000"
 1250      333200
 1251              	.LASF8:
 1252 0163 756E7369 		.ascii	"unsigned int\000"
 1252      676E6564 
 1252      20696E74 
 1252      00
 1253              	.LASF22:
 1254 0170 61646472 		.ascii	"address\000"
 1254      65737300 
 1255              	.LASF7:
 1256 0178 6C6F6E67 		.ascii	"long long unsigned int\000"
 1256      206C6F6E 
 1256      6720756E 
 1256      7369676E 
 1256      65642069 
 1257              	.LASF27:
 1258 018f 47435F69 		.ascii	"GC_int_Enable\000"
 1258      6E745F45 
 1258      6E61626C 
 1258      6500
 1259              	.LASF15:
 1260 019d 63796973 		.ascii	"cyisraddress\000"
 1260      72616464 
 1260      72657373 
 1260      00
 1261              	.LASF16:
 1262 01aa 73697A65 		.ascii	"sizetype\000"
 1262      74797065 
 1262      00
 1263              	.LASF21:
 1264 01b3 47435F69 		.ascii	"GC_int_SetVector\000"
 1264      6E745F53 
 1264      65745665 
 1264      63746F72 
 1264      00
 1265              	.LASF6:
 1266 01c4 6C6F6E67 		.ascii	"long long int\000"
 1266      206C6F6E 
 1266      6720696E 
 1266      7400
 1267              	.LASF13:
 1268 01d2 63686172 		.ascii	"char\000"
 1268      00
 1269              	.LASF36:
 1270 01d7 47435F69 		.ascii	"GC_int_GetPriority\000"
 1270      6E745F47 
 1270      65745072 
 1270      696F7269 
 1270      747900
 1271              	.LASF37:
 1272 01ea 43795261 		.ascii	"CyRamVectors\000"
 1272      6D566563 
 1272      746F7273 
ARM GAS  C:\Users\Snufkin\AppData\Local\Temp\ccM3hozN.s 			page 32


 1272      00
 1273              	.LASF2:
 1274 01f7 73686F72 		.ascii	"short int\000"
 1274      7420696E 
 1274      7400
 1275              	.LASF18:
 1276 0201 47435F69 		.ascii	"GC_int_Stop\000"
 1276      6E745F53 
 1276      746F7000 
 1277              	.LASF9:
 1278 020d 75696E74 		.ascii	"uint8\000"
 1278      3800
 1279              	.LASF26:
 1280 0213 7072696F 		.ascii	"priorityOffset\000"
 1280      72697479 
 1280      4F666673 
 1280      657400
 1281              	.LASF4:
 1282 0222 6C6F6E67 		.ascii	"long int\000"
 1282      20696E74 
 1282      00
 1283              	.LASF0:
 1284 022b 7369676E 		.ascii	"signed char\000"
 1284      65642063 
 1284      68617200 
 1285              	.LASF33:
 1286 0237 474E5520 		.ascii	"GNU C 4.8.4 20140526 (release) [ARM/embedded-4_8-br"
 1286      4320342E 
 1286      382E3420 
 1286      32303134 
 1286      30353236 
 1287 026a 616E6368 		.ascii	"anch revision 211358] -mcpu=cortex-m0 -mthumb -g -O"
 1287      20726576 
 1287      6973696F 
 1287      6E203231 
 1287      31333538 
 1288 029d 30202D66 		.ascii	"0 -ffunction-sections\000"
 1288      66756E63 
 1288      74696F6E 
 1288      2D736563 
 1288      74696F6E 
 1289              		.ident	"GCC: (GNU Tools for ARM Embedded Processors) 4.8.4 20140526 (release) [ARM/embedded-4_8-br
