ARM GAS  C:\Users\Snufkin\AppData\Local\Temp\ccxxmm0h.s 			page 1


   1              		.cpu cortex-m0
   2              		.fpu softvfp
   3              		.eabi_attribute 20, 1
   4              		.eabi_attribute 21, 1
   5              		.eabi_attribute 23, 3
   6              		.eabi_attribute 24, 1
   7              		.eabi_attribute 25, 1
   8              		.eabi_attribute 26, 1
   9              		.eabi_attribute 30, 6
  10              		.eabi_attribute 34, 0
  11              		.eabi_attribute 18, 4
  12              		.code	16
  13              		.file	"isr_ADC.c"
  14              		.text
  15              	.Ltext0:
  16              		.cfi_sections	.debug_frame
  17              		.section	.text.isr_ADC_Start,"ax",%progbits
  18              		.align	2
  19              		.global	isr_ADC_Start
  20              		.code	16
  21              		.thumb_func
  22              		.type	isr_ADC_Start, %function
  23              	isr_ADC_Start:
  24              	.LFB0:
  25              		.file 1 ".\\Generated_Source\\PSoC4\\isr_ADC.c"
   1:.\Generated_Source\PSoC4/isr_ADC.c **** /*******************************************************************************
   2:.\Generated_Source\PSoC4/isr_ADC.c **** * File Name: isr_ADC.c  
   3:.\Generated_Source\PSoC4/isr_ADC.c **** * Version 1.70
   4:.\Generated_Source\PSoC4/isr_ADC.c **** *
   5:.\Generated_Source\PSoC4/isr_ADC.c **** *  Description:
   6:.\Generated_Source\PSoC4/isr_ADC.c **** *   API for controlling the state of an interrupt.
   7:.\Generated_Source\PSoC4/isr_ADC.c **** *
   8:.\Generated_Source\PSoC4/isr_ADC.c **** *
   9:.\Generated_Source\PSoC4/isr_ADC.c **** *  Note:
  10:.\Generated_Source\PSoC4/isr_ADC.c **** *
  11:.\Generated_Source\PSoC4/isr_ADC.c **** ********************************************************************************
  12:.\Generated_Source\PSoC4/isr_ADC.c **** * Copyright 2008-2012, Cypress Semiconductor Corporation.  All rights reserved.
  13:.\Generated_Source\PSoC4/isr_ADC.c **** * You may use this file only in accordance with the license, terms, conditions, 
  14:.\Generated_Source\PSoC4/isr_ADC.c **** * disclaimers, and limitations in the end user license agreement accompanying 
  15:.\Generated_Source\PSoC4/isr_ADC.c **** * the software package with which this file was provided.
  16:.\Generated_Source\PSoC4/isr_ADC.c **** *******************************************************************************/
  17:.\Generated_Source\PSoC4/isr_ADC.c **** 
  18:.\Generated_Source\PSoC4/isr_ADC.c **** 
  19:.\Generated_Source\PSoC4/isr_ADC.c **** #include <cydevice_trm.h>
  20:.\Generated_Source\PSoC4/isr_ADC.c **** #include <CyLib.h>
  21:.\Generated_Source\PSoC4/isr_ADC.c **** #include <isr_ADC.h>
  22:.\Generated_Source\PSoC4/isr_ADC.c **** 
  23:.\Generated_Source\PSoC4/isr_ADC.c **** #if !defined(isr_ADC__REMOVED) /* Check for removal by optimization */
  24:.\Generated_Source\PSoC4/isr_ADC.c **** 
  25:.\Generated_Source\PSoC4/isr_ADC.c **** /*******************************************************************************
  26:.\Generated_Source\PSoC4/isr_ADC.c **** *  Place your includes, defines and code here 
  27:.\Generated_Source\PSoC4/isr_ADC.c **** ********************************************************************************/
  28:.\Generated_Source\PSoC4/isr_ADC.c **** /* `#START isr_ADC_intc` */
  29:.\Generated_Source\PSoC4/isr_ADC.c **** 
  30:.\Generated_Source\PSoC4/isr_ADC.c **** /* `#END` */
  31:.\Generated_Source\PSoC4/isr_ADC.c **** 
  32:.\Generated_Source\PSoC4/isr_ADC.c **** extern cyisraddress CyRamVectors[CYINT_IRQ_BASE + CY_NUM_INTERRUPTS];
ARM GAS  C:\Users\Snufkin\AppData\Local\Temp\ccxxmm0h.s 			page 2


  33:.\Generated_Source\PSoC4/isr_ADC.c **** 
  34:.\Generated_Source\PSoC4/isr_ADC.c **** /* Declared in startup, used to set unused interrupts to. */
  35:.\Generated_Source\PSoC4/isr_ADC.c **** CY_ISR_PROTO(IntDefaultHandler);
  36:.\Generated_Source\PSoC4/isr_ADC.c **** 
  37:.\Generated_Source\PSoC4/isr_ADC.c **** 
  38:.\Generated_Source\PSoC4/isr_ADC.c **** /*******************************************************************************
  39:.\Generated_Source\PSoC4/isr_ADC.c **** * Function Name: isr_ADC_Start
  40:.\Generated_Source\PSoC4/isr_ADC.c **** ********************************************************************************
  41:.\Generated_Source\PSoC4/isr_ADC.c **** *
  42:.\Generated_Source\PSoC4/isr_ADC.c **** * Summary:
  43:.\Generated_Source\PSoC4/isr_ADC.c **** *  Set up the interrupt and enable it.
  44:.\Generated_Source\PSoC4/isr_ADC.c **** *
  45:.\Generated_Source\PSoC4/isr_ADC.c **** * Parameters:  
  46:.\Generated_Source\PSoC4/isr_ADC.c **** *   None
  47:.\Generated_Source\PSoC4/isr_ADC.c **** *
  48:.\Generated_Source\PSoC4/isr_ADC.c **** * Return:
  49:.\Generated_Source\PSoC4/isr_ADC.c **** *   None
  50:.\Generated_Source\PSoC4/isr_ADC.c **** *
  51:.\Generated_Source\PSoC4/isr_ADC.c **** *******************************************************************************/
  52:.\Generated_Source\PSoC4/isr_ADC.c **** void isr_ADC_Start(void)
  53:.\Generated_Source\PSoC4/isr_ADC.c **** {
  26              		.loc 1 53 0
  27              		.cfi_startproc
  28 0000 80B5     		push	{r7, lr}
  29              		.cfi_def_cfa_offset 8
  30              		.cfi_offset 7, -8
  31              		.cfi_offset 14, -4
  32 0002 00AF     		add	r7, sp, #0
  33              		.cfi_def_cfa_register 7
  54:.\Generated_Source\PSoC4/isr_ADC.c ****     /* For all we know the interrupt is active. */
  55:.\Generated_Source\PSoC4/isr_ADC.c ****     isr_ADC_Disable();
  34              		.loc 1 55 0
  35 0004 FFF7FEFF 		bl	isr_ADC_Disable
  56:.\Generated_Source\PSoC4/isr_ADC.c **** 
  57:.\Generated_Source\PSoC4/isr_ADC.c ****     /* Set the ISR to point to the isr_ADC Interrupt. */
  58:.\Generated_Source\PSoC4/isr_ADC.c ****     isr_ADC_SetVector(&isr_ADC_Interrupt);
  36              		.loc 1 58 0
  37 0008 054B     		ldr	r3, .L2
  38 000a 181C     		mov	r0, r3
  39 000c FFF7FEFF 		bl	isr_ADC_SetVector
  59:.\Generated_Source\PSoC4/isr_ADC.c **** 
  60:.\Generated_Source\PSoC4/isr_ADC.c ****     /* Set the priority. */
  61:.\Generated_Source\PSoC4/isr_ADC.c ****     isr_ADC_SetPriority((uint8)isr_ADC_INTC_PRIOR_NUMBER);
  40              		.loc 1 61 0
  41 0010 0320     		mov	r0, #3
  42 0012 FFF7FEFF 		bl	isr_ADC_SetPriority
  62:.\Generated_Source\PSoC4/isr_ADC.c **** 
  63:.\Generated_Source\PSoC4/isr_ADC.c ****     /* Enable it. */
  64:.\Generated_Source\PSoC4/isr_ADC.c ****     isr_ADC_Enable();
  43              		.loc 1 64 0
  44 0016 FFF7FEFF 		bl	isr_ADC_Enable
  65:.\Generated_Source\PSoC4/isr_ADC.c **** }
  45              		.loc 1 65 0
  46 001a BD46     		mov	sp, r7
  47              		@ sp needed
  48 001c 80BD     		pop	{r7, pc}
  49              	.L3:
ARM GAS  C:\Users\Snufkin\AppData\Local\Temp\ccxxmm0h.s 			page 3


  50 001e C046     		.align	2
  51              	.L2:
  52 0020 00000000 		.word	isr_ADC_Interrupt
  53              		.cfi_endproc
  54              	.LFE0:
  55              		.size	isr_ADC_Start, .-isr_ADC_Start
  56              		.section	.text.isr_ADC_StartEx,"ax",%progbits
  57              		.align	2
  58              		.global	isr_ADC_StartEx
  59              		.code	16
  60              		.thumb_func
  61              		.type	isr_ADC_StartEx, %function
  62              	isr_ADC_StartEx:
  63              	.LFB1:
  66:.\Generated_Source\PSoC4/isr_ADC.c **** 
  67:.\Generated_Source\PSoC4/isr_ADC.c **** 
  68:.\Generated_Source\PSoC4/isr_ADC.c **** /*******************************************************************************
  69:.\Generated_Source\PSoC4/isr_ADC.c **** * Function Name: isr_ADC_StartEx
  70:.\Generated_Source\PSoC4/isr_ADC.c **** ********************************************************************************
  71:.\Generated_Source\PSoC4/isr_ADC.c **** *
  72:.\Generated_Source\PSoC4/isr_ADC.c **** * Summary:
  73:.\Generated_Source\PSoC4/isr_ADC.c **** *  Set up the interrupt and enable it.
  74:.\Generated_Source\PSoC4/isr_ADC.c **** *
  75:.\Generated_Source\PSoC4/isr_ADC.c **** * Parameters:  
  76:.\Generated_Source\PSoC4/isr_ADC.c **** *   address: Address of the ISR to set in the interrupt vector table.
  77:.\Generated_Source\PSoC4/isr_ADC.c **** *
  78:.\Generated_Source\PSoC4/isr_ADC.c **** * Return:
  79:.\Generated_Source\PSoC4/isr_ADC.c **** *   None
  80:.\Generated_Source\PSoC4/isr_ADC.c **** *
  81:.\Generated_Source\PSoC4/isr_ADC.c **** *******************************************************************************/
  82:.\Generated_Source\PSoC4/isr_ADC.c **** void isr_ADC_StartEx(cyisraddress address)
  83:.\Generated_Source\PSoC4/isr_ADC.c **** {
  64              		.loc 1 83 0
  65              		.cfi_startproc
  66 0000 80B5     		push	{r7, lr}
  67              		.cfi_def_cfa_offset 8
  68              		.cfi_offset 7, -8
  69              		.cfi_offset 14, -4
  70 0002 82B0     		sub	sp, sp, #8
  71              		.cfi_def_cfa_offset 16
  72 0004 00AF     		add	r7, sp, #0
  73              		.cfi_def_cfa_register 7
  74 0006 7860     		str	r0, [r7, #4]
  84:.\Generated_Source\PSoC4/isr_ADC.c ****     /* For all we know the interrupt is active. */
  85:.\Generated_Source\PSoC4/isr_ADC.c ****     isr_ADC_Disable();
  75              		.loc 1 85 0
  76 0008 FFF7FEFF 		bl	isr_ADC_Disable
  86:.\Generated_Source\PSoC4/isr_ADC.c **** 
  87:.\Generated_Source\PSoC4/isr_ADC.c ****     /* Set the ISR to point to the isr_ADC Interrupt. */
  88:.\Generated_Source\PSoC4/isr_ADC.c ****     isr_ADC_SetVector(address);
  77              		.loc 1 88 0
  78 000c 7B68     		ldr	r3, [r7, #4]
  79 000e 181C     		mov	r0, r3
  80 0010 FFF7FEFF 		bl	isr_ADC_SetVector
  89:.\Generated_Source\PSoC4/isr_ADC.c **** 
  90:.\Generated_Source\PSoC4/isr_ADC.c ****     /* Set the priority. */
  91:.\Generated_Source\PSoC4/isr_ADC.c ****     isr_ADC_SetPriority((uint8)isr_ADC_INTC_PRIOR_NUMBER);
ARM GAS  C:\Users\Snufkin\AppData\Local\Temp\ccxxmm0h.s 			page 4


  81              		.loc 1 91 0
  82 0014 0320     		mov	r0, #3
  83 0016 FFF7FEFF 		bl	isr_ADC_SetPriority
  92:.\Generated_Source\PSoC4/isr_ADC.c **** 
  93:.\Generated_Source\PSoC4/isr_ADC.c ****     /* Enable it. */
  94:.\Generated_Source\PSoC4/isr_ADC.c ****     isr_ADC_Enable();
  84              		.loc 1 94 0
  85 001a FFF7FEFF 		bl	isr_ADC_Enable
  95:.\Generated_Source\PSoC4/isr_ADC.c **** }
  86              		.loc 1 95 0
  87 001e BD46     		mov	sp, r7
  88 0020 02B0     		add	sp, sp, #8
  89              		@ sp needed
  90 0022 80BD     		pop	{r7, pc}
  91              		.cfi_endproc
  92              	.LFE1:
  93              		.size	isr_ADC_StartEx, .-isr_ADC_StartEx
  94              		.section	.text.isr_ADC_Stop,"ax",%progbits
  95              		.align	2
  96              		.global	isr_ADC_Stop
  97              		.code	16
  98              		.thumb_func
  99              		.type	isr_ADC_Stop, %function
 100              	isr_ADC_Stop:
 101              	.LFB2:
  96:.\Generated_Source\PSoC4/isr_ADC.c **** 
  97:.\Generated_Source\PSoC4/isr_ADC.c **** 
  98:.\Generated_Source\PSoC4/isr_ADC.c **** /*******************************************************************************
  99:.\Generated_Source\PSoC4/isr_ADC.c **** * Function Name: isr_ADC_Stop
 100:.\Generated_Source\PSoC4/isr_ADC.c **** ********************************************************************************
 101:.\Generated_Source\PSoC4/isr_ADC.c **** *
 102:.\Generated_Source\PSoC4/isr_ADC.c **** * Summary:
 103:.\Generated_Source\PSoC4/isr_ADC.c **** *   Disables and removes the interrupt.
 104:.\Generated_Source\PSoC4/isr_ADC.c **** *
 105:.\Generated_Source\PSoC4/isr_ADC.c **** * Parameters:  
 106:.\Generated_Source\PSoC4/isr_ADC.c **** *
 107:.\Generated_Source\PSoC4/isr_ADC.c **** * Return:
 108:.\Generated_Source\PSoC4/isr_ADC.c **** *   None
 109:.\Generated_Source\PSoC4/isr_ADC.c **** *
 110:.\Generated_Source\PSoC4/isr_ADC.c **** *******************************************************************************/
 111:.\Generated_Source\PSoC4/isr_ADC.c **** void isr_ADC_Stop(void)
 112:.\Generated_Source\PSoC4/isr_ADC.c **** {
 102              		.loc 1 112 0
 103              		.cfi_startproc
 104 0000 80B5     		push	{r7, lr}
 105              		.cfi_def_cfa_offset 8
 106              		.cfi_offset 7, -8
 107              		.cfi_offset 14, -4
 108 0002 00AF     		add	r7, sp, #0
 109              		.cfi_def_cfa_register 7
 113:.\Generated_Source\PSoC4/isr_ADC.c ****     /* Disable this interrupt. */
 114:.\Generated_Source\PSoC4/isr_ADC.c ****     isr_ADC_Disable();
 110              		.loc 1 114 0
 111 0004 FFF7FEFF 		bl	isr_ADC_Disable
 115:.\Generated_Source\PSoC4/isr_ADC.c **** 
 116:.\Generated_Source\PSoC4/isr_ADC.c ****     /* Set the ISR to point to the passive one. */
 117:.\Generated_Source\PSoC4/isr_ADC.c ****     isr_ADC_SetVector(&IntDefaultHandler);
ARM GAS  C:\Users\Snufkin\AppData\Local\Temp\ccxxmm0h.s 			page 5


 112              		.loc 1 117 0
 113 0008 024B     		ldr	r3, .L6
 114 000a 181C     		mov	r0, r3
 115 000c FFF7FEFF 		bl	isr_ADC_SetVector
 118:.\Generated_Source\PSoC4/isr_ADC.c **** }
 116              		.loc 1 118 0
 117 0010 BD46     		mov	sp, r7
 118              		@ sp needed
 119 0012 80BD     		pop	{r7, pc}
 120              	.L7:
 121              		.align	2
 122              	.L6:
 123 0014 00000000 		.word	IntDefaultHandler
 124              		.cfi_endproc
 125              	.LFE2:
 126              		.size	isr_ADC_Stop, .-isr_ADC_Stop
 127              		.section	.text.isr_ADC_Interrupt,"ax",%progbits
 128              		.align	2
 129              		.global	isr_ADC_Interrupt
 130              		.code	16
 131              		.thumb_func
 132              		.type	isr_ADC_Interrupt, %function
 133              	isr_ADC_Interrupt:
 134              	.LFB3:
 119:.\Generated_Source\PSoC4/isr_ADC.c **** 
 120:.\Generated_Source\PSoC4/isr_ADC.c **** 
 121:.\Generated_Source\PSoC4/isr_ADC.c **** /*******************************************************************************
 122:.\Generated_Source\PSoC4/isr_ADC.c **** * Function Name: isr_ADC_Interrupt
 123:.\Generated_Source\PSoC4/isr_ADC.c **** ********************************************************************************
 124:.\Generated_Source\PSoC4/isr_ADC.c **** *
 125:.\Generated_Source\PSoC4/isr_ADC.c **** * Summary:
 126:.\Generated_Source\PSoC4/isr_ADC.c **** *   The default Interrupt Service Routine for isr_ADC.
 127:.\Generated_Source\PSoC4/isr_ADC.c **** *
 128:.\Generated_Source\PSoC4/isr_ADC.c **** *   Add custom code between the coments to keep the next version of this file
 129:.\Generated_Source\PSoC4/isr_ADC.c **** *   from over writting your code.
 130:.\Generated_Source\PSoC4/isr_ADC.c **** *
 131:.\Generated_Source\PSoC4/isr_ADC.c **** * Parameters:  
 132:.\Generated_Source\PSoC4/isr_ADC.c **** *   None
 133:.\Generated_Source\PSoC4/isr_ADC.c **** *
 134:.\Generated_Source\PSoC4/isr_ADC.c **** * Return:
 135:.\Generated_Source\PSoC4/isr_ADC.c **** *   None
 136:.\Generated_Source\PSoC4/isr_ADC.c **** *
 137:.\Generated_Source\PSoC4/isr_ADC.c **** *******************************************************************************/
 138:.\Generated_Source\PSoC4/isr_ADC.c **** CY_ISR(isr_ADC_Interrupt)
 139:.\Generated_Source\PSoC4/isr_ADC.c **** {
 135              		.loc 1 139 0
 136              		.cfi_startproc
 137 0000 80B5     		push	{r7, lr}
 138              		.cfi_def_cfa_offset 8
 139              		.cfi_offset 7, -8
 140              		.cfi_offset 14, -4
 141 0002 00AF     		add	r7, sp, #0
 142              		.cfi_def_cfa_register 7
 140:.\Generated_Source\PSoC4/isr_ADC.c ****     /*  Place your Interrupt code here. */
 141:.\Generated_Source\PSoC4/isr_ADC.c ****     /* `#START isr_ADC_Interrupt` */
 142:.\Generated_Source\PSoC4/isr_ADC.c **** 
 143:.\Generated_Source\PSoC4/isr_ADC.c ****     /* `#END` */
ARM GAS  C:\Users\Snufkin\AppData\Local\Temp\ccxxmm0h.s 			page 6


 144:.\Generated_Source\PSoC4/isr_ADC.c **** }
 143              		.loc 1 144 0
 144 0004 BD46     		mov	sp, r7
 145              		@ sp needed
 146 0006 80BD     		pop	{r7, pc}
 147              		.cfi_endproc
 148              	.LFE3:
 149              		.size	isr_ADC_Interrupt, .-isr_ADC_Interrupt
 150              		.section	.text.isr_ADC_SetVector,"ax",%progbits
 151              		.align	2
 152              		.global	isr_ADC_SetVector
 153              		.code	16
 154              		.thumb_func
 155              		.type	isr_ADC_SetVector, %function
 156              	isr_ADC_SetVector:
 157              	.LFB4:
 145:.\Generated_Source\PSoC4/isr_ADC.c **** 
 146:.\Generated_Source\PSoC4/isr_ADC.c **** 
 147:.\Generated_Source\PSoC4/isr_ADC.c **** /*******************************************************************************
 148:.\Generated_Source\PSoC4/isr_ADC.c **** * Function Name: isr_ADC_SetVector
 149:.\Generated_Source\PSoC4/isr_ADC.c **** ********************************************************************************
 150:.\Generated_Source\PSoC4/isr_ADC.c **** *
 151:.\Generated_Source\PSoC4/isr_ADC.c **** * Summary:
 152:.\Generated_Source\PSoC4/isr_ADC.c **** *   Change the ISR vector for the Interrupt. Note calling isr_ADC_Start
 153:.\Generated_Source\PSoC4/isr_ADC.c **** *   will override any effect this method would have had. To set the vector 
 154:.\Generated_Source\PSoC4/isr_ADC.c **** *   before the component has been started use isr_ADC_StartEx instead.
 155:.\Generated_Source\PSoC4/isr_ADC.c **** *
 156:.\Generated_Source\PSoC4/isr_ADC.c **** * Parameters:
 157:.\Generated_Source\PSoC4/isr_ADC.c **** *   address: Address of the ISR to set in the interrupt vector table.
 158:.\Generated_Source\PSoC4/isr_ADC.c **** *
 159:.\Generated_Source\PSoC4/isr_ADC.c **** * Return:
 160:.\Generated_Source\PSoC4/isr_ADC.c **** *   None
 161:.\Generated_Source\PSoC4/isr_ADC.c **** *
 162:.\Generated_Source\PSoC4/isr_ADC.c **** *******************************************************************************/
 163:.\Generated_Source\PSoC4/isr_ADC.c **** void isr_ADC_SetVector(cyisraddress address)
 164:.\Generated_Source\PSoC4/isr_ADC.c **** {
 158              		.loc 1 164 0
 159              		.cfi_startproc
 160 0000 80B5     		push	{r7, lr}
 161              		.cfi_def_cfa_offset 8
 162              		.cfi_offset 7, -8
 163              		.cfi_offset 14, -4
 164 0002 82B0     		sub	sp, sp, #8
 165              		.cfi_def_cfa_offset 16
 166 0004 00AF     		add	r7, sp, #0
 167              		.cfi_def_cfa_register 7
 168 0006 7860     		str	r0, [r7, #4]
 165:.\Generated_Source\PSoC4/isr_ADC.c ****     CyRamVectors[CYINT_IRQ_BASE + isr_ADC__INTC_NUMBER] = address;
 169              		.loc 1 165 0
 170 0008 024B     		ldr	r3, .L10
 171 000a 7A68     		ldr	r2, [r7, #4]
 172 000c 1A64     		str	r2, [r3, #64]
 166:.\Generated_Source\PSoC4/isr_ADC.c **** }
 173              		.loc 1 166 0
 174 000e BD46     		mov	sp, r7
 175 0010 02B0     		add	sp, sp, #8
 176              		@ sp needed
ARM GAS  C:\Users\Snufkin\AppData\Local\Temp\ccxxmm0h.s 			page 7


 177 0012 80BD     		pop	{r7, pc}
 178              	.L11:
 179              		.align	2
 180              	.L10:
 181 0014 00000000 		.word	CyRamVectors
 182              		.cfi_endproc
 183              	.LFE4:
 184              		.size	isr_ADC_SetVector, .-isr_ADC_SetVector
 185              		.section	.text.isr_ADC_GetVector,"ax",%progbits
 186              		.align	2
 187              		.global	isr_ADC_GetVector
 188              		.code	16
 189              		.thumb_func
 190              		.type	isr_ADC_GetVector, %function
 191              	isr_ADC_GetVector:
 192              	.LFB5:
 167:.\Generated_Source\PSoC4/isr_ADC.c **** 
 168:.\Generated_Source\PSoC4/isr_ADC.c **** 
 169:.\Generated_Source\PSoC4/isr_ADC.c **** /*******************************************************************************
 170:.\Generated_Source\PSoC4/isr_ADC.c **** * Function Name: isr_ADC_GetVector
 171:.\Generated_Source\PSoC4/isr_ADC.c **** ********************************************************************************
 172:.\Generated_Source\PSoC4/isr_ADC.c **** *
 173:.\Generated_Source\PSoC4/isr_ADC.c **** * Summary:
 174:.\Generated_Source\PSoC4/isr_ADC.c **** *   Gets the "address" of the current ISR vector for the Interrupt.
 175:.\Generated_Source\PSoC4/isr_ADC.c **** *
 176:.\Generated_Source\PSoC4/isr_ADC.c **** * Parameters:
 177:.\Generated_Source\PSoC4/isr_ADC.c **** *   None
 178:.\Generated_Source\PSoC4/isr_ADC.c **** *
 179:.\Generated_Source\PSoC4/isr_ADC.c **** * Return:
 180:.\Generated_Source\PSoC4/isr_ADC.c **** *   Address of the ISR in the interrupt vector table.
 181:.\Generated_Source\PSoC4/isr_ADC.c **** *
 182:.\Generated_Source\PSoC4/isr_ADC.c **** *******************************************************************************/
 183:.\Generated_Source\PSoC4/isr_ADC.c **** cyisraddress isr_ADC_GetVector(void)
 184:.\Generated_Source\PSoC4/isr_ADC.c **** {
 193              		.loc 1 184 0
 194              		.cfi_startproc
 195 0000 80B5     		push	{r7, lr}
 196              		.cfi_def_cfa_offset 8
 197              		.cfi_offset 7, -8
 198              		.cfi_offset 14, -4
 199 0002 00AF     		add	r7, sp, #0
 200              		.cfi_def_cfa_register 7
 185:.\Generated_Source\PSoC4/isr_ADC.c ****     return CyRamVectors[CYINT_IRQ_BASE + isr_ADC__INTC_NUMBER];
 201              		.loc 1 185 0
 202 0004 024B     		ldr	r3, .L14
 203 0006 1B6C     		ldr	r3, [r3, #64]
 186:.\Generated_Source\PSoC4/isr_ADC.c **** }
 204              		.loc 1 186 0
 205 0008 181C     		mov	r0, r3
 206 000a BD46     		mov	sp, r7
 207              		@ sp needed
 208 000c 80BD     		pop	{r7, pc}
 209              	.L15:
 210 000e C046     		.align	2
 211              	.L14:
 212 0010 00000000 		.word	CyRamVectors
 213              		.cfi_endproc
ARM GAS  C:\Users\Snufkin\AppData\Local\Temp\ccxxmm0h.s 			page 8


 214              	.LFE5:
 215              		.size	isr_ADC_GetVector, .-isr_ADC_GetVector
 216              		.section	.text.isr_ADC_SetPriority,"ax",%progbits
 217              		.align	2
 218              		.global	isr_ADC_SetPriority
 219              		.code	16
 220              		.thumb_func
 221              		.type	isr_ADC_SetPriority, %function
 222              	isr_ADC_SetPriority:
 223              	.LFB6:
 187:.\Generated_Source\PSoC4/isr_ADC.c **** 
 188:.\Generated_Source\PSoC4/isr_ADC.c **** 
 189:.\Generated_Source\PSoC4/isr_ADC.c **** /*******************************************************************************
 190:.\Generated_Source\PSoC4/isr_ADC.c **** * Function Name: isr_ADC_SetPriority
 191:.\Generated_Source\PSoC4/isr_ADC.c **** ********************************************************************************
 192:.\Generated_Source\PSoC4/isr_ADC.c **** *
 193:.\Generated_Source\PSoC4/isr_ADC.c **** * Summary:
 194:.\Generated_Source\PSoC4/isr_ADC.c **** *   Sets the Priority of the Interrupt. Note calling isr_ADC_Start
 195:.\Generated_Source\PSoC4/isr_ADC.c **** *   or isr_ADC_StartEx will override any effect this method would 
 196:.\Generated_Source\PSoC4/isr_ADC.c **** *   have had. This method should only be called after isr_ADC_Start or 
 197:.\Generated_Source\PSoC4/isr_ADC.c **** *   isr_ADC_StartEx has been called. To set the initial
 198:.\Generated_Source\PSoC4/isr_ADC.c **** *   priority for the component use the cydwr file in the tool.
 199:.\Generated_Source\PSoC4/isr_ADC.c **** *
 200:.\Generated_Source\PSoC4/isr_ADC.c **** * Parameters:
 201:.\Generated_Source\PSoC4/isr_ADC.c **** *   priority: Priority of the interrupt. 0 - 3, 0 being the highest.
 202:.\Generated_Source\PSoC4/isr_ADC.c **** *
 203:.\Generated_Source\PSoC4/isr_ADC.c **** * Return:
 204:.\Generated_Source\PSoC4/isr_ADC.c **** *   None
 205:.\Generated_Source\PSoC4/isr_ADC.c **** *
 206:.\Generated_Source\PSoC4/isr_ADC.c **** *******************************************************************************/
 207:.\Generated_Source\PSoC4/isr_ADC.c **** void isr_ADC_SetPriority(uint8 priority)
 208:.\Generated_Source\PSoC4/isr_ADC.c **** {
 224              		.loc 1 208 0
 225              		.cfi_startproc
 226 0000 90B5     		push	{r4, r7, lr}
 227              		.cfi_def_cfa_offset 12
 228              		.cfi_offset 4, -12
 229              		.cfi_offset 7, -8
 230              		.cfi_offset 14, -4
 231 0002 85B0     		sub	sp, sp, #20
 232              		.cfi_def_cfa_offset 32
 233 0004 00AF     		add	r7, sp, #0
 234              		.cfi_def_cfa_register 7
 235 0006 021C     		mov	r2, r0
 236 0008 FB1D     		add	r3, r7, #7
 237 000a 1A70     		strb	r2, [r3]
 209:.\Generated_Source\PSoC4/isr_ADC.c **** 	uint8 interruptState;
 210:.\Generated_Source\PSoC4/isr_ADC.c ****     uint32 priorityOffset = ((isr_ADC__INTC_NUMBER % 4u) * 8u) + 6u;
 238              		.loc 1 210 0
 239 000c 0623     		mov	r3, #6
 240 000e FB60     		str	r3, [r7, #12]
 211:.\Generated_Source\PSoC4/isr_ADC.c ****     
 212:.\Generated_Source\PSoC4/isr_ADC.c **** 	interruptState = CyEnterCriticalSection();
 241              		.loc 1 212 0
 242 0010 3C1C     		mov	r4, r7
 243 0012 0B34     		add	r4, r4, #11
 244 0014 FFF7FEFF 		bl	CyEnterCriticalSection
ARM GAS  C:\Users\Snufkin\AppData\Local\Temp\ccxxmm0h.s 			page 9


 245 0018 031C     		mov	r3, r0
 246 001a 2370     		strb	r3, [r4]
 213:.\Generated_Source\PSoC4/isr_ADC.c ****     *isr_ADC_INTC_PRIOR = (*isr_ADC_INTC_PRIOR & (uint32)(~isr_ADC__INTC_PRIOR_MASK)) |
 247              		.loc 1 213 0
 248 001c 0B4B     		ldr	r3, .L17
 249 001e 0B4A     		ldr	r2, .L17
 250 0020 1268     		ldr	r2, [r2]
 251 0022 C021     		mov	r1, #192
 252 0024 101C     		mov	r0, r2
 253 0026 8843     		bic	r0, r1
 254 0028 011C     		mov	r1, r0
 214:.\Generated_Source\PSoC4/isr_ADC.c ****                                     ((uint32)priority << priorityOffset);
 255              		.loc 1 214 0
 256 002a FA1D     		add	r2, r7, #7
 257 002c 1078     		ldrb	r0, [r2]
 258 002e FA68     		ldr	r2, [r7, #12]
 259 0030 041C     		mov	r4, r0
 260 0032 9440     		lsl	r4, r4, r2
 261 0034 221C     		mov	r2, r4
 213:.\Generated_Source\PSoC4/isr_ADC.c ****     *isr_ADC_INTC_PRIOR = (*isr_ADC_INTC_PRIOR & (uint32)(~isr_ADC__INTC_PRIOR_MASK)) |
 262              		.loc 1 213 0
 263 0036 0A43     		orr	r2, r1
 264 0038 1A60     		str	r2, [r3]
 215:.\Generated_Source\PSoC4/isr_ADC.c **** 	CyExitCriticalSection(interruptState);
 265              		.loc 1 215 0
 266 003a 3B1C     		mov	r3, r7
 267 003c 0B33     		add	r3, r3, #11
 268 003e 1B78     		ldrb	r3, [r3]
 269 0040 181C     		mov	r0, r3
 270 0042 FFF7FEFF 		bl	CyExitCriticalSection
 216:.\Generated_Source\PSoC4/isr_ADC.c **** }
 271              		.loc 1 216 0
 272 0046 BD46     		mov	sp, r7
 273 0048 05B0     		add	sp, sp, #20
 274              		@ sp needed
 275 004a 90BD     		pop	{r4, r7, pc}
 276              	.L18:
 277              		.align	2
 278              	.L17:
 279 004c 00E400E0 		.word	-536812544
 280              		.cfi_endproc
 281              	.LFE6:
 282              		.size	isr_ADC_SetPriority, .-isr_ADC_SetPriority
 283              		.section	.text.isr_ADC_GetPriority,"ax",%progbits
 284              		.align	2
 285              		.global	isr_ADC_GetPriority
 286              		.code	16
 287              		.thumb_func
 288              		.type	isr_ADC_GetPriority, %function
 289              	isr_ADC_GetPriority:
 290              	.LFB7:
 217:.\Generated_Source\PSoC4/isr_ADC.c **** 
 218:.\Generated_Source\PSoC4/isr_ADC.c **** 
 219:.\Generated_Source\PSoC4/isr_ADC.c **** /*******************************************************************************
 220:.\Generated_Source\PSoC4/isr_ADC.c **** * Function Name: isr_ADC_GetPriority
 221:.\Generated_Source\PSoC4/isr_ADC.c **** ********************************************************************************
 222:.\Generated_Source\PSoC4/isr_ADC.c **** *
ARM GAS  C:\Users\Snufkin\AppData\Local\Temp\ccxxmm0h.s 			page 10


 223:.\Generated_Source\PSoC4/isr_ADC.c **** * Summary:
 224:.\Generated_Source\PSoC4/isr_ADC.c **** *   Gets the Priority of the Interrupt.
 225:.\Generated_Source\PSoC4/isr_ADC.c **** *
 226:.\Generated_Source\PSoC4/isr_ADC.c **** * Parameters:
 227:.\Generated_Source\PSoC4/isr_ADC.c **** *   None
 228:.\Generated_Source\PSoC4/isr_ADC.c **** *
 229:.\Generated_Source\PSoC4/isr_ADC.c **** * Return:
 230:.\Generated_Source\PSoC4/isr_ADC.c **** *   Priority of the interrupt. 0 - 3, 0 being the highest.
 231:.\Generated_Source\PSoC4/isr_ADC.c **** *
 232:.\Generated_Source\PSoC4/isr_ADC.c **** *******************************************************************************/
 233:.\Generated_Source\PSoC4/isr_ADC.c **** uint8 isr_ADC_GetPriority(void)
 234:.\Generated_Source\PSoC4/isr_ADC.c **** {
 291              		.loc 1 234 0
 292              		.cfi_startproc
 293 0000 80B5     		push	{r7, lr}
 294              		.cfi_def_cfa_offset 8
 295              		.cfi_offset 7, -8
 296              		.cfi_offset 14, -4
 297 0002 82B0     		sub	sp, sp, #8
 298              		.cfi_def_cfa_offset 16
 299 0004 00AF     		add	r7, sp, #0
 300              		.cfi_def_cfa_register 7
 235:.\Generated_Source\PSoC4/isr_ADC.c ****     uint32 priority;
 236:.\Generated_Source\PSoC4/isr_ADC.c **** 	uint32 priorityOffset = ((isr_ADC__INTC_NUMBER % 4u) * 8u) + 6u;
 301              		.loc 1 236 0
 302 0006 0623     		mov	r3, #6
 303 0008 7B60     		str	r3, [r7, #4]
 237:.\Generated_Source\PSoC4/isr_ADC.c **** 
 238:.\Generated_Source\PSoC4/isr_ADC.c ****     priority = (*isr_ADC_INTC_PRIOR & isr_ADC__INTC_PRIOR_MASK) >> priorityOffset;
 304              		.loc 1 238 0
 305 000a 074B     		ldr	r3, .L21
 306 000c 1A68     		ldr	r2, [r3]
 307 000e C023     		mov	r3, #192
 308 0010 1A40     		and	r2, r3
 309 0012 7B68     		ldr	r3, [r7, #4]
 310 0014 111C     		mov	r1, r2
 311 0016 D940     		lsr	r1, r1, r3
 312 0018 0B1C     		mov	r3, r1
 313 001a 3B60     		str	r3, [r7]
 239:.\Generated_Source\PSoC4/isr_ADC.c **** 
 240:.\Generated_Source\PSoC4/isr_ADC.c ****     return (uint8)priority;
 314              		.loc 1 240 0
 315 001c 3B68     		ldr	r3, [r7]
 316 001e DBB2     		uxtb	r3, r3
 241:.\Generated_Source\PSoC4/isr_ADC.c **** }
 317              		.loc 1 241 0
 318 0020 181C     		mov	r0, r3
 319 0022 BD46     		mov	sp, r7
 320 0024 02B0     		add	sp, sp, #8
 321              		@ sp needed
 322 0026 80BD     		pop	{r7, pc}
 323              	.L22:
 324              		.align	2
 325              	.L21:
 326 0028 00E400E0 		.word	-536812544
 327              		.cfi_endproc
 328              	.LFE7:
ARM GAS  C:\Users\Snufkin\AppData\Local\Temp\ccxxmm0h.s 			page 11


 329              		.size	isr_ADC_GetPriority, .-isr_ADC_GetPriority
 330              		.section	.text.isr_ADC_Enable,"ax",%progbits
 331              		.align	2
 332              		.global	isr_ADC_Enable
 333              		.code	16
 334              		.thumb_func
 335              		.type	isr_ADC_Enable, %function
 336              	isr_ADC_Enable:
 337              	.LFB8:
 242:.\Generated_Source\PSoC4/isr_ADC.c **** 
 243:.\Generated_Source\PSoC4/isr_ADC.c **** 
 244:.\Generated_Source\PSoC4/isr_ADC.c **** /*******************************************************************************
 245:.\Generated_Source\PSoC4/isr_ADC.c **** * Function Name: isr_ADC_Enable
 246:.\Generated_Source\PSoC4/isr_ADC.c **** ********************************************************************************
 247:.\Generated_Source\PSoC4/isr_ADC.c **** *
 248:.\Generated_Source\PSoC4/isr_ADC.c **** * Summary:
 249:.\Generated_Source\PSoC4/isr_ADC.c **** *   Enables the interrupt.
 250:.\Generated_Source\PSoC4/isr_ADC.c **** *
 251:.\Generated_Source\PSoC4/isr_ADC.c **** * Parameters:
 252:.\Generated_Source\PSoC4/isr_ADC.c **** *   None
 253:.\Generated_Source\PSoC4/isr_ADC.c **** *
 254:.\Generated_Source\PSoC4/isr_ADC.c **** * Return:
 255:.\Generated_Source\PSoC4/isr_ADC.c **** *   None
 256:.\Generated_Source\PSoC4/isr_ADC.c **** *
 257:.\Generated_Source\PSoC4/isr_ADC.c **** *******************************************************************************/
 258:.\Generated_Source\PSoC4/isr_ADC.c **** void isr_ADC_Enable(void)
 259:.\Generated_Source\PSoC4/isr_ADC.c **** {
 338              		.loc 1 259 0
 339              		.cfi_startproc
 340 0000 80B5     		push	{r7, lr}
 341              		.cfi_def_cfa_offset 8
 342              		.cfi_offset 7, -8
 343              		.cfi_offset 14, -4
 344 0002 00AF     		add	r7, sp, #0
 345              		.cfi_def_cfa_register 7
 260:.\Generated_Source\PSoC4/isr_ADC.c ****     /* Enable the general interrupt. */
 261:.\Generated_Source\PSoC4/isr_ADC.c ****     *isr_ADC_INTC_SET_EN = isr_ADC__INTC_MASK;
 346              		.loc 1 261 0
 347 0004 024B     		ldr	r3, .L24
 348 0006 0122     		mov	r2, #1
 349 0008 1A60     		str	r2, [r3]
 262:.\Generated_Source\PSoC4/isr_ADC.c **** }
 350              		.loc 1 262 0
 351 000a BD46     		mov	sp, r7
 352              		@ sp needed
 353 000c 80BD     		pop	{r7, pc}
 354              	.L25:
 355 000e C046     		.align	2
 356              	.L24:
 357 0010 00E100E0 		.word	-536813312
 358              		.cfi_endproc
 359              	.LFE8:
 360              		.size	isr_ADC_Enable, .-isr_ADC_Enable
 361              		.section	.text.isr_ADC_GetState,"ax",%progbits
 362              		.align	2
 363              		.global	isr_ADC_GetState
 364              		.code	16
ARM GAS  C:\Users\Snufkin\AppData\Local\Temp\ccxxmm0h.s 			page 12


 365              		.thumb_func
 366              		.type	isr_ADC_GetState, %function
 367              	isr_ADC_GetState:
 368              	.LFB9:
 263:.\Generated_Source\PSoC4/isr_ADC.c **** 
 264:.\Generated_Source\PSoC4/isr_ADC.c **** 
 265:.\Generated_Source\PSoC4/isr_ADC.c **** /*******************************************************************************
 266:.\Generated_Source\PSoC4/isr_ADC.c **** * Function Name: isr_ADC_GetState
 267:.\Generated_Source\PSoC4/isr_ADC.c **** ********************************************************************************
 268:.\Generated_Source\PSoC4/isr_ADC.c **** *
 269:.\Generated_Source\PSoC4/isr_ADC.c **** * Summary:
 270:.\Generated_Source\PSoC4/isr_ADC.c **** *   Gets the state (enabled, disabled) of the Interrupt.
 271:.\Generated_Source\PSoC4/isr_ADC.c **** *
 272:.\Generated_Source\PSoC4/isr_ADC.c **** * Parameters:
 273:.\Generated_Source\PSoC4/isr_ADC.c **** *   None
 274:.\Generated_Source\PSoC4/isr_ADC.c **** *
 275:.\Generated_Source\PSoC4/isr_ADC.c **** * Return:
 276:.\Generated_Source\PSoC4/isr_ADC.c **** *   1 if enabled, 0 if disabled.
 277:.\Generated_Source\PSoC4/isr_ADC.c **** *
 278:.\Generated_Source\PSoC4/isr_ADC.c **** *******************************************************************************/
 279:.\Generated_Source\PSoC4/isr_ADC.c **** uint8 isr_ADC_GetState(void)
 280:.\Generated_Source\PSoC4/isr_ADC.c **** {
 369              		.loc 1 280 0
 370              		.cfi_startproc
 371 0000 80B5     		push	{r7, lr}
 372              		.cfi_def_cfa_offset 8
 373              		.cfi_offset 7, -8
 374              		.cfi_offset 14, -4
 375 0002 00AF     		add	r7, sp, #0
 376              		.cfi_def_cfa_register 7
 281:.\Generated_Source\PSoC4/isr_ADC.c ****     /* Get the state of the general interrupt. */
 282:.\Generated_Source\PSoC4/isr_ADC.c ****     return ((*isr_ADC_INTC_SET_EN & (uint32)isr_ADC__INTC_MASK) != 0u) ? 1u:0u;
 377              		.loc 1 282 0
 378 0004 044B     		ldr	r3, .L28
 379 0006 1B68     		ldr	r3, [r3]
 380 0008 DAB2     		uxtb	r2, r3
 381 000a 0123     		mov	r3, #1
 382 000c 1340     		and	r3, r2
 383 000e DBB2     		uxtb	r3, r3
 283:.\Generated_Source\PSoC4/isr_ADC.c **** }
 384              		.loc 1 283 0
 385 0010 181C     		mov	r0, r3
 386 0012 BD46     		mov	sp, r7
 387              		@ sp needed
 388 0014 80BD     		pop	{r7, pc}
 389              	.L29:
 390 0016 C046     		.align	2
 391              	.L28:
 392 0018 00E100E0 		.word	-536813312
 393              		.cfi_endproc
 394              	.LFE9:
 395              		.size	isr_ADC_GetState, .-isr_ADC_GetState
 396              		.section	.text.isr_ADC_Disable,"ax",%progbits
 397              		.align	2
 398              		.global	isr_ADC_Disable
 399              		.code	16
 400              		.thumb_func
ARM GAS  C:\Users\Snufkin\AppData\Local\Temp\ccxxmm0h.s 			page 13


 401              		.type	isr_ADC_Disable, %function
 402              	isr_ADC_Disable:
 403              	.LFB10:
 284:.\Generated_Source\PSoC4/isr_ADC.c **** 
 285:.\Generated_Source\PSoC4/isr_ADC.c **** 
 286:.\Generated_Source\PSoC4/isr_ADC.c **** /*******************************************************************************
 287:.\Generated_Source\PSoC4/isr_ADC.c **** * Function Name: isr_ADC_Disable
 288:.\Generated_Source\PSoC4/isr_ADC.c **** ********************************************************************************
 289:.\Generated_Source\PSoC4/isr_ADC.c **** *
 290:.\Generated_Source\PSoC4/isr_ADC.c **** * Summary:
 291:.\Generated_Source\PSoC4/isr_ADC.c **** *   Disables the Interrupt.
 292:.\Generated_Source\PSoC4/isr_ADC.c **** *
 293:.\Generated_Source\PSoC4/isr_ADC.c **** * Parameters:
 294:.\Generated_Source\PSoC4/isr_ADC.c **** *   None
 295:.\Generated_Source\PSoC4/isr_ADC.c **** *
 296:.\Generated_Source\PSoC4/isr_ADC.c **** * Return:
 297:.\Generated_Source\PSoC4/isr_ADC.c **** *   None
 298:.\Generated_Source\PSoC4/isr_ADC.c **** *
 299:.\Generated_Source\PSoC4/isr_ADC.c **** *******************************************************************************/
 300:.\Generated_Source\PSoC4/isr_ADC.c **** void isr_ADC_Disable(void)
 301:.\Generated_Source\PSoC4/isr_ADC.c **** {
 404              		.loc 1 301 0
 405              		.cfi_startproc
 406 0000 80B5     		push	{r7, lr}
 407              		.cfi_def_cfa_offset 8
 408              		.cfi_offset 7, -8
 409              		.cfi_offset 14, -4
 410 0002 00AF     		add	r7, sp, #0
 411              		.cfi_def_cfa_register 7
 302:.\Generated_Source\PSoC4/isr_ADC.c ****     /* Disable the general interrupt. */
 303:.\Generated_Source\PSoC4/isr_ADC.c ****     *isr_ADC_INTC_CLR_EN = isr_ADC__INTC_MASK;
 412              		.loc 1 303 0
 413 0004 024B     		ldr	r3, .L31
 414 0006 0122     		mov	r2, #1
 415 0008 1A60     		str	r2, [r3]
 304:.\Generated_Source\PSoC4/isr_ADC.c **** }
 416              		.loc 1 304 0
 417 000a BD46     		mov	sp, r7
 418              		@ sp needed
 419 000c 80BD     		pop	{r7, pc}
 420              	.L32:
 421 000e C046     		.align	2
 422              	.L31:
 423 0010 80E100E0 		.word	-536813184
 424              		.cfi_endproc
 425              	.LFE10:
 426              		.size	isr_ADC_Disable, .-isr_ADC_Disable
 427              		.section	.text.isr_ADC_SetPending,"ax",%progbits
 428              		.align	2
 429              		.global	isr_ADC_SetPending
 430              		.code	16
 431              		.thumb_func
 432              		.type	isr_ADC_SetPending, %function
 433              	isr_ADC_SetPending:
 434              	.LFB11:
 305:.\Generated_Source\PSoC4/isr_ADC.c **** 
 306:.\Generated_Source\PSoC4/isr_ADC.c **** 
ARM GAS  C:\Users\Snufkin\AppData\Local\Temp\ccxxmm0h.s 			page 14


 307:.\Generated_Source\PSoC4/isr_ADC.c **** /*******************************************************************************
 308:.\Generated_Source\PSoC4/isr_ADC.c **** * Function Name: isr_ADC_SetPending
 309:.\Generated_Source\PSoC4/isr_ADC.c **** ********************************************************************************
 310:.\Generated_Source\PSoC4/isr_ADC.c **** *
 311:.\Generated_Source\PSoC4/isr_ADC.c **** * Summary:
 312:.\Generated_Source\PSoC4/isr_ADC.c **** *   Causes the Interrupt to enter the pending state, a software method of
 313:.\Generated_Source\PSoC4/isr_ADC.c **** *   generating the interrupt.
 314:.\Generated_Source\PSoC4/isr_ADC.c **** *
 315:.\Generated_Source\PSoC4/isr_ADC.c **** * Parameters:
 316:.\Generated_Source\PSoC4/isr_ADC.c **** *   None
 317:.\Generated_Source\PSoC4/isr_ADC.c **** *
 318:.\Generated_Source\PSoC4/isr_ADC.c **** * Return:
 319:.\Generated_Source\PSoC4/isr_ADC.c **** *   None
 320:.\Generated_Source\PSoC4/isr_ADC.c **** *
 321:.\Generated_Source\PSoC4/isr_ADC.c **** *******************************************************************************/
 322:.\Generated_Source\PSoC4/isr_ADC.c **** void isr_ADC_SetPending(void)
 323:.\Generated_Source\PSoC4/isr_ADC.c **** {
 435              		.loc 1 323 0
 436              		.cfi_startproc
 437 0000 80B5     		push	{r7, lr}
 438              		.cfi_def_cfa_offset 8
 439              		.cfi_offset 7, -8
 440              		.cfi_offset 14, -4
 441 0002 00AF     		add	r7, sp, #0
 442              		.cfi_def_cfa_register 7
 324:.\Generated_Source\PSoC4/isr_ADC.c ****     *isr_ADC_INTC_SET_PD = isr_ADC__INTC_MASK;
 443              		.loc 1 324 0
 444 0004 024B     		ldr	r3, .L34
 445 0006 0122     		mov	r2, #1
 446 0008 1A60     		str	r2, [r3]
 325:.\Generated_Source\PSoC4/isr_ADC.c **** }
 447              		.loc 1 325 0
 448 000a BD46     		mov	sp, r7
 449              		@ sp needed
 450 000c 80BD     		pop	{r7, pc}
 451              	.L35:
 452 000e C046     		.align	2
 453              	.L34:
 454 0010 00E200E0 		.word	-536813056
 455              		.cfi_endproc
 456              	.LFE11:
 457              		.size	isr_ADC_SetPending, .-isr_ADC_SetPending
 458              		.section	.text.isr_ADC_ClearPending,"ax",%progbits
 459              		.align	2
 460              		.global	isr_ADC_ClearPending
 461              		.code	16
 462              		.thumb_func
 463              		.type	isr_ADC_ClearPending, %function
 464              	isr_ADC_ClearPending:
 465              	.LFB12:
 326:.\Generated_Source\PSoC4/isr_ADC.c **** 
 327:.\Generated_Source\PSoC4/isr_ADC.c **** 
 328:.\Generated_Source\PSoC4/isr_ADC.c **** /*******************************************************************************
 329:.\Generated_Source\PSoC4/isr_ADC.c **** * Function Name: isr_ADC_ClearPending
 330:.\Generated_Source\PSoC4/isr_ADC.c **** ********************************************************************************
 331:.\Generated_Source\PSoC4/isr_ADC.c **** *
 332:.\Generated_Source\PSoC4/isr_ADC.c **** * Summary:
ARM GAS  C:\Users\Snufkin\AppData\Local\Temp\ccxxmm0h.s 			page 15


 333:.\Generated_Source\PSoC4/isr_ADC.c **** *   Clears a pending interrupt.
 334:.\Generated_Source\PSoC4/isr_ADC.c **** *
 335:.\Generated_Source\PSoC4/isr_ADC.c **** * Parameters:
 336:.\Generated_Source\PSoC4/isr_ADC.c **** *   None
 337:.\Generated_Source\PSoC4/isr_ADC.c **** *
 338:.\Generated_Source\PSoC4/isr_ADC.c **** * Return:
 339:.\Generated_Source\PSoC4/isr_ADC.c **** *   None
 340:.\Generated_Source\PSoC4/isr_ADC.c **** *
 341:.\Generated_Source\PSoC4/isr_ADC.c **** *******************************************************************************/
 342:.\Generated_Source\PSoC4/isr_ADC.c **** void isr_ADC_ClearPending(void)
 343:.\Generated_Source\PSoC4/isr_ADC.c **** {
 466              		.loc 1 343 0
 467              		.cfi_startproc
 468 0000 80B5     		push	{r7, lr}
 469              		.cfi_def_cfa_offset 8
 470              		.cfi_offset 7, -8
 471              		.cfi_offset 14, -4
 472 0002 00AF     		add	r7, sp, #0
 473              		.cfi_def_cfa_register 7
 344:.\Generated_Source\PSoC4/isr_ADC.c ****     *isr_ADC_INTC_CLR_PD = isr_ADC__INTC_MASK;
 474              		.loc 1 344 0
 475 0004 024B     		ldr	r3, .L37
 476 0006 0122     		mov	r2, #1
 477 0008 1A60     		str	r2, [r3]
 345:.\Generated_Source\PSoC4/isr_ADC.c **** }
 478              		.loc 1 345 0
 479 000a BD46     		mov	sp, r7
 480              		@ sp needed
 481 000c 80BD     		pop	{r7, pc}
 482              	.L38:
 483 000e C046     		.align	2
 484              	.L37:
 485 0010 80E200E0 		.word	-536812928
 486              		.cfi_endproc
 487              	.LFE12:
 488              		.size	isr_ADC_ClearPending, .-isr_ADC_ClearPending
 489              		.text
 490              	.Letext0:
 491              		.file 2 ".\\Generated_Source\\PSoC4/cytypes.h"
 492              		.section	.debug_info,"",%progbits
 493              	.Ldebug_info0:
 494 0000 3D020000 		.4byte	0x23d
 495 0004 0400     		.2byte	0x4
 496 0006 00000000 		.4byte	.Ldebug_abbrev0
 497 000a 04       		.byte	0x4
 498 000b 01       		.uleb128 0x1
 499 000c 98000000 		.4byte	.LASF33
 500 0010 01       		.byte	0x1
 501 0011 28000000 		.4byte	.LASF34
 502 0015 14010000 		.4byte	.LASF35
 503 0019 00000000 		.4byte	.Ldebug_ranges0+0
 504 001d 00000000 		.4byte	0
 505 0021 00000000 		.4byte	.Ldebug_line0
 506 0025 02       		.uleb128 0x2
 507 0026 01       		.byte	0x1
 508 0027 06       		.byte	0x6
 509 0028 98020000 		.4byte	.LASF0
ARM GAS  C:\Users\Snufkin\AppData\Local\Temp\ccxxmm0h.s 			page 16


 510 002c 02       		.uleb128 0x2
 511 002d 01       		.byte	0x1
 512 002e 08       		.byte	0x8
 513 002f B2010000 		.4byte	.LASF1
 514 0033 02       		.uleb128 0x2
 515 0034 02       		.byte	0x2
 516 0035 05       		.byte	0x5
 517 0036 43020000 		.4byte	.LASF2
 518 003a 02       		.uleb128 0x2
 519 003b 02       		.byte	0x2
 520 003c 07       		.byte	0x7
 521 003d 4B000000 		.4byte	.LASF3
 522 0041 02       		.uleb128 0x2
 523 0042 04       		.byte	0x4
 524 0043 05       		.byte	0x5
 525 0044 7C020000 		.4byte	.LASF4
 526 0048 02       		.uleb128 0x2
 527 0049 04       		.byte	0x4
 528 004a 07       		.byte	0x7
 529 004b 7D010000 		.4byte	.LASF5
 530 004f 02       		.uleb128 0x2
 531 0050 08       		.byte	0x8
 532 0051 05       		.byte	0x5
 533 0052 30020000 		.4byte	.LASF6
 534 0056 02       		.uleb128 0x2
 535 0057 08       		.byte	0x8
 536 0058 07       		.byte	0x7
 537 0059 03020000 		.4byte	.LASF7
 538 005d 03       		.uleb128 0x3
 539 005e 04       		.byte	0x4
 540 005f 05       		.byte	0x5
 541 0060 696E7400 		.ascii	"int\000"
 542 0064 02       		.uleb128 0x2
 543 0065 04       		.byte	0x4
 544 0066 07       		.byte	0x7
 545 0067 EE010000 		.4byte	.LASF8
 546 006b 04       		.uleb128 0x4
 547 006c 8F010000 		.4byte	.LASF9
 548 0070 02       		.byte	0x2
 549 0071 A1       		.byte	0xa1
 550 0072 2C000000 		.4byte	0x2c
 551 0076 04       		.uleb128 0x4
 552 0077 C7010000 		.4byte	.LASF10
 553 007b 02       		.byte	0x2
 554 007c A3       		.byte	0xa3
 555 007d 48000000 		.4byte	0x48
 556 0081 02       		.uleb128 0x2
 557 0082 04       		.byte	0x4
 558 0083 04       		.byte	0x4
 559 0084 92000000 		.4byte	.LASF11
 560 0088 02       		.uleb128 0x2
 561 0089 08       		.byte	0x8
 562 008a 04       		.byte	0x4
 563 008b C0010000 		.4byte	.LASF12
 564 008f 02       		.uleb128 0x2
 565 0090 01       		.byte	0x1
 566 0091 08       		.byte	0x8
ARM GAS  C:\Users\Snufkin\AppData\Local\Temp\ccxxmm0h.s 			page 17


 567 0092 3E020000 		.4byte	.LASF13
 568 0096 05       		.uleb128 0x5
 569 0097 00000000 		.4byte	.LASF14
 570 009b 02       		.byte	0x2
 571 009c 4D01     		.2byte	0x14d
 572 009e A2000000 		.4byte	0xa2
 573 00a2 06       		.uleb128 0x6
 574 00a3 76000000 		.4byte	0x76
 575 00a7 05       		.uleb128 0x5
 576 00a8 1A020000 		.4byte	.LASF15
 577 00ac 02       		.byte	0x2
 578 00ad 5D01     		.2byte	0x15d
 579 00af B3000000 		.4byte	0xb3
 580 00b3 07       		.uleb128 0x7
 581 00b4 04       		.byte	0x4
 582 00b5 B9000000 		.4byte	0xb9
 583 00b9 08       		.uleb128 0x8
 584 00ba 02       		.uleb128 0x2
 585 00bb 04       		.byte	0x4
 586 00bc 07       		.byte	0x7
 587 00bd 27020000 		.4byte	.LASF16
 588 00c1 09       		.uleb128 0x9
 589 00c2 5F020000 		.4byte	.LASF17
 590 00c6 01       		.byte	0x1
 591 00c7 34       		.byte	0x34
 592 00c8 00000000 		.4byte	.LFB0
 593 00cc 24000000 		.4byte	.LFE0-.LFB0
 594 00d0 01       		.uleb128 0x1
 595 00d1 9C       		.byte	0x9c
 596 00d2 0A       		.uleb128 0xa
 597 00d3 B1020000 		.4byte	.LASF20
 598 00d7 01       		.byte	0x1
 599 00d8 52       		.byte	0x52
 600 00d9 00000000 		.4byte	.LFB1
 601 00dd 24000000 		.4byte	.LFE1-.LFB1
 602 00e1 01       		.uleb128 0x1
 603 00e2 9C       		.byte	0x9c
 604 00e3 F6000000 		.4byte	0xf6
 605 00e7 0B       		.uleb128 0xb
 606 00e8 FB010000 		.4byte	.LASF22
 607 00ec 01       		.byte	0x1
 608 00ed 52       		.byte	0x52
 609 00ee A7000000 		.4byte	0xa7
 610 00f2 02       		.uleb128 0x2
 611 00f3 91       		.byte	0x91
 612 00f4 74       		.sleb128 -12
 613 00f5 00       		.byte	0
 614 00f6 09       		.uleb128 0x9
 615 00f7 A4020000 		.4byte	.LASF18
 616 00fb 01       		.byte	0x1
 617 00fc 6F       		.byte	0x6f
 618 00fd 00000000 		.4byte	.LFB2
 619 0101 18000000 		.4byte	.LFE2-.LFB2
 620 0105 01       		.uleb128 0x1
 621 0106 9C       		.byte	0x9c
 622 0107 0C       		.uleb128 0xc
 623 0108 80000000 		.4byte	.LASF19
ARM GAS  C:\Users\Snufkin\AppData\Local\Temp\ccxxmm0h.s 			page 18


 624 010c 01       		.byte	0x1
 625 010d 8A       		.byte	0x8a
 626 010e 00000000 		.4byte	.LFB3
 627 0112 08000000 		.4byte	.LFE3-.LFB3
 628 0116 01       		.uleb128 0x1
 629 0117 9C       		.byte	0x9c
 630 0118 0D       		.uleb128 0xd
 631 0119 5E000000 		.4byte	.LASF21
 632 011d 01       		.byte	0x1
 633 011e A3       		.byte	0xa3
 634 011f 00000000 		.4byte	.LFB4
 635 0123 18000000 		.4byte	.LFE4-.LFB4
 636 0127 01       		.uleb128 0x1
 637 0128 9C       		.byte	0x9c
 638 0129 3C010000 		.4byte	0x13c
 639 012d 0B       		.uleb128 0xb
 640 012e FB010000 		.4byte	.LASF22
 641 0132 01       		.byte	0x1
 642 0133 A3       		.byte	0xa3
 643 0134 A7000000 		.4byte	0xa7
 644 0138 02       		.uleb128 0x2
 645 0139 91       		.byte	0x91
 646 013a 74       		.sleb128 -12
 647 013b 00       		.byte	0
 648 013c 0E       		.uleb128 0xe
 649 013d 4D020000 		.4byte	.LASF28
 650 0141 01       		.byte	0x1
 651 0142 B7       		.byte	0xb7
 652 0143 A7000000 		.4byte	0xa7
 653 0147 00000000 		.4byte	.LFB5
 654 014b 14000000 		.4byte	.LFE5-.LFB5
 655 014f 01       		.uleb128 0x1
 656 0150 9C       		.byte	0x9c
 657 0151 0A       		.uleb128 0xa
 658 0152 5A010000 		.4byte	.LASF23
 659 0156 01       		.byte	0x1
 660 0157 CF       		.byte	0xcf
 661 0158 00000000 		.4byte	.LFB6
 662 015c 50000000 		.4byte	.LFE6-.LFB6
 663 0160 01       		.uleb128 0x1
 664 0161 9C       		.byte	0x9c
 665 0162 91010000 		.4byte	0x191
 666 0166 0B       		.uleb128 0xb
 667 0167 A9010000 		.4byte	.LASF24
 668 016b 01       		.byte	0x1
 669 016c CF       		.byte	0xcf
 670 016d 6B000000 		.4byte	0x6b
 671 0171 02       		.uleb128 0x2
 672 0172 91       		.byte	0x91
 673 0173 67       		.sleb128 -25
 674 0174 0F       		.uleb128 0xf
 675 0175 6E010000 		.4byte	.LASF25
 676 0179 01       		.byte	0x1
 677 017a D1       		.byte	0xd1
 678 017b 6B000000 		.4byte	0x6b
 679 017f 02       		.uleb128 0x2
 680 0180 91       		.byte	0x91
ARM GAS  C:\Users\Snufkin\AppData\Local\Temp\ccxxmm0h.s 			page 19


 681 0181 6B       		.sleb128 -21
 682 0182 0F       		.uleb128 0xf
 683 0183 6D020000 		.4byte	.LASF26
 684 0187 01       		.byte	0x1
 685 0188 D2       		.byte	0xd2
 686 0189 76000000 		.4byte	0x76
 687 018d 02       		.uleb128 0x2
 688 018e 91       		.byte	0x91
 689 018f 6C       		.sleb128 -20
 690 0190 00       		.byte	0
 691 0191 10       		.uleb128 0x10
 692 0192 95010000 		.4byte	.LASF36
 693 0196 01       		.byte	0x1
 694 0197 E9       		.byte	0xe9
 695 0198 6B000000 		.4byte	0x6b
 696 019c 00000000 		.4byte	.LFB7
 697 01a0 2C000000 		.4byte	.LFE7-.LFB7
 698 01a4 01       		.uleb128 0x1
 699 01a5 9C       		.byte	0x9c
 700 01a6 C7010000 		.4byte	0x1c7
 701 01aa 0F       		.uleb128 0xf
 702 01ab A9010000 		.4byte	.LASF24
 703 01af 01       		.byte	0x1
 704 01b0 EB       		.byte	0xeb
 705 01b1 76000000 		.4byte	0x76
 706 01b5 02       		.uleb128 0x2
 707 01b6 91       		.byte	0x91
 708 01b7 70       		.sleb128 -16
 709 01b8 0F       		.uleb128 0xf
 710 01b9 6D020000 		.4byte	.LASF26
 711 01bd 01       		.byte	0x1
 712 01be EC       		.byte	0xec
 713 01bf 76000000 		.4byte	0x76
 714 01c3 02       		.uleb128 0x2
 715 01c4 91       		.byte	0x91
 716 01c5 74       		.sleb128 -12
 717 01c6 00       		.byte	0
 718 01c7 11       		.uleb128 0x11
 719 01c8 CE010000 		.4byte	.LASF27
 720 01cc 01       		.byte	0x1
 721 01cd 0201     		.2byte	0x102
 722 01cf 00000000 		.4byte	.LFB8
 723 01d3 14000000 		.4byte	.LFE8-.LFB8
 724 01d7 01       		.uleb128 0x1
 725 01d8 9C       		.byte	0x9c
 726 01d9 12       		.uleb128 0x12
 727 01da DD010000 		.4byte	.LASF29
 728 01de 01       		.byte	0x1
 729 01df 1701     		.2byte	0x117
 730 01e1 6B000000 		.4byte	0x6b
 731 01e5 00000000 		.4byte	.LFB9
 732 01e9 1C000000 		.4byte	.LFE9-.LFB9
 733 01ed 01       		.uleb128 0x1
 734 01ee 9C       		.byte	0x9c
 735 01ef 11       		.uleb128 0x11
 736 01f0 70000000 		.4byte	.LASF30
 737 01f4 01       		.byte	0x1
ARM GAS  C:\Users\Snufkin\AppData\Local\Temp\ccxxmm0h.s 			page 20


 738 01f5 2C01     		.2byte	0x12c
 739 01f7 00000000 		.4byte	.LFB10
 740 01fb 14000000 		.4byte	.LFE10-.LFB10
 741 01ff 01       		.uleb128 0x1
 742 0200 9C       		.byte	0x9c
 743 0201 11       		.uleb128 0x11
 744 0202 85020000 		.4byte	.LASF31
 745 0206 01       		.byte	0x1
 746 0207 4201     		.2byte	0x142
 747 0209 00000000 		.4byte	.LFB11
 748 020d 14000000 		.4byte	.LFE11-.LFB11
 749 0211 01       		.uleb128 0x1
 750 0212 9C       		.byte	0x9c
 751 0213 11       		.uleb128 0x11
 752 0214 06000000 		.4byte	.LASF32
 753 0218 01       		.byte	0x1
 754 0219 5601     		.2byte	0x156
 755 021b 00000000 		.4byte	.LFB12
 756 021f 14000000 		.4byte	.LFE12-.LFB12
 757 0223 01       		.uleb128 0x1
 758 0224 9C       		.byte	0x9c
 759 0225 13       		.uleb128 0x13
 760 0226 A7000000 		.4byte	0xa7
 761 022a 35020000 		.4byte	0x235
 762 022e 14       		.uleb128 0x14
 763 022f BA000000 		.4byte	0xba
 764 0233 2F       		.byte	0x2f
 765 0234 00       		.byte	0
 766 0235 15       		.uleb128 0x15
 767 0236 1B000000 		.4byte	.LASF37
 768 023a 01       		.byte	0x1
 769 023b 20       		.byte	0x20
 770 023c 25020000 		.4byte	0x225
 771 0240 00       		.byte	0
 772              		.section	.debug_abbrev,"",%progbits
 773              	.Ldebug_abbrev0:
 774 0000 01       		.uleb128 0x1
 775 0001 11       		.uleb128 0x11
 776 0002 01       		.byte	0x1
 777 0003 25       		.uleb128 0x25
 778 0004 0E       		.uleb128 0xe
 779 0005 13       		.uleb128 0x13
 780 0006 0B       		.uleb128 0xb
 781 0007 03       		.uleb128 0x3
 782 0008 0E       		.uleb128 0xe
 783 0009 1B       		.uleb128 0x1b
 784 000a 0E       		.uleb128 0xe
 785 000b 55       		.uleb128 0x55
 786 000c 17       		.uleb128 0x17
 787 000d 11       		.uleb128 0x11
 788 000e 01       		.uleb128 0x1
 789 000f 10       		.uleb128 0x10
 790 0010 17       		.uleb128 0x17
 791 0011 00       		.byte	0
 792 0012 00       		.byte	0
 793 0013 02       		.uleb128 0x2
 794 0014 24       		.uleb128 0x24
ARM GAS  C:\Users\Snufkin\AppData\Local\Temp\ccxxmm0h.s 			page 21


 795 0015 00       		.byte	0
 796 0016 0B       		.uleb128 0xb
 797 0017 0B       		.uleb128 0xb
 798 0018 3E       		.uleb128 0x3e
 799 0019 0B       		.uleb128 0xb
 800 001a 03       		.uleb128 0x3
 801 001b 0E       		.uleb128 0xe
 802 001c 00       		.byte	0
 803 001d 00       		.byte	0
 804 001e 03       		.uleb128 0x3
 805 001f 24       		.uleb128 0x24
 806 0020 00       		.byte	0
 807 0021 0B       		.uleb128 0xb
 808 0022 0B       		.uleb128 0xb
 809 0023 3E       		.uleb128 0x3e
 810 0024 0B       		.uleb128 0xb
 811 0025 03       		.uleb128 0x3
 812 0026 08       		.uleb128 0x8
 813 0027 00       		.byte	0
 814 0028 00       		.byte	0
 815 0029 04       		.uleb128 0x4
 816 002a 16       		.uleb128 0x16
 817 002b 00       		.byte	0
 818 002c 03       		.uleb128 0x3
 819 002d 0E       		.uleb128 0xe
 820 002e 3A       		.uleb128 0x3a
 821 002f 0B       		.uleb128 0xb
 822 0030 3B       		.uleb128 0x3b
 823 0031 0B       		.uleb128 0xb
 824 0032 49       		.uleb128 0x49
 825 0033 13       		.uleb128 0x13
 826 0034 00       		.byte	0
 827 0035 00       		.byte	0
 828 0036 05       		.uleb128 0x5
 829 0037 16       		.uleb128 0x16
 830 0038 00       		.byte	0
 831 0039 03       		.uleb128 0x3
 832 003a 0E       		.uleb128 0xe
 833 003b 3A       		.uleb128 0x3a
 834 003c 0B       		.uleb128 0xb
 835 003d 3B       		.uleb128 0x3b
 836 003e 05       		.uleb128 0x5
 837 003f 49       		.uleb128 0x49
 838 0040 13       		.uleb128 0x13
 839 0041 00       		.byte	0
 840 0042 00       		.byte	0
 841 0043 06       		.uleb128 0x6
 842 0044 35       		.uleb128 0x35
 843 0045 00       		.byte	0
 844 0046 49       		.uleb128 0x49
 845 0047 13       		.uleb128 0x13
 846 0048 00       		.byte	0
 847 0049 00       		.byte	0
 848 004a 07       		.uleb128 0x7
 849 004b 0F       		.uleb128 0xf
 850 004c 00       		.byte	0
 851 004d 0B       		.uleb128 0xb
ARM GAS  C:\Users\Snufkin\AppData\Local\Temp\ccxxmm0h.s 			page 22


 852 004e 0B       		.uleb128 0xb
 853 004f 49       		.uleb128 0x49
 854 0050 13       		.uleb128 0x13
 855 0051 00       		.byte	0
 856 0052 00       		.byte	0
 857 0053 08       		.uleb128 0x8
 858 0054 15       		.uleb128 0x15
 859 0055 00       		.byte	0
 860 0056 27       		.uleb128 0x27
 861 0057 19       		.uleb128 0x19
 862 0058 00       		.byte	0
 863 0059 00       		.byte	0
 864 005a 09       		.uleb128 0x9
 865 005b 2E       		.uleb128 0x2e
 866 005c 00       		.byte	0
 867 005d 3F       		.uleb128 0x3f
 868 005e 19       		.uleb128 0x19
 869 005f 03       		.uleb128 0x3
 870 0060 0E       		.uleb128 0xe
 871 0061 3A       		.uleb128 0x3a
 872 0062 0B       		.uleb128 0xb
 873 0063 3B       		.uleb128 0x3b
 874 0064 0B       		.uleb128 0xb
 875 0065 27       		.uleb128 0x27
 876 0066 19       		.uleb128 0x19
 877 0067 11       		.uleb128 0x11
 878 0068 01       		.uleb128 0x1
 879 0069 12       		.uleb128 0x12
 880 006a 06       		.uleb128 0x6
 881 006b 40       		.uleb128 0x40
 882 006c 18       		.uleb128 0x18
 883 006d 9642     		.uleb128 0x2116
 884 006f 19       		.uleb128 0x19
 885 0070 00       		.byte	0
 886 0071 00       		.byte	0
 887 0072 0A       		.uleb128 0xa
 888 0073 2E       		.uleb128 0x2e
 889 0074 01       		.byte	0x1
 890 0075 3F       		.uleb128 0x3f
 891 0076 19       		.uleb128 0x19
 892 0077 03       		.uleb128 0x3
 893 0078 0E       		.uleb128 0xe
 894 0079 3A       		.uleb128 0x3a
 895 007a 0B       		.uleb128 0xb
 896 007b 3B       		.uleb128 0x3b
 897 007c 0B       		.uleb128 0xb
 898 007d 27       		.uleb128 0x27
 899 007e 19       		.uleb128 0x19
 900 007f 11       		.uleb128 0x11
 901 0080 01       		.uleb128 0x1
 902 0081 12       		.uleb128 0x12
 903 0082 06       		.uleb128 0x6
 904 0083 40       		.uleb128 0x40
 905 0084 18       		.uleb128 0x18
 906 0085 9642     		.uleb128 0x2116
 907 0087 19       		.uleb128 0x19
 908 0088 01       		.uleb128 0x1
ARM GAS  C:\Users\Snufkin\AppData\Local\Temp\ccxxmm0h.s 			page 23


 909 0089 13       		.uleb128 0x13
 910 008a 00       		.byte	0
 911 008b 00       		.byte	0
 912 008c 0B       		.uleb128 0xb
 913 008d 05       		.uleb128 0x5
 914 008e 00       		.byte	0
 915 008f 03       		.uleb128 0x3
 916 0090 0E       		.uleb128 0xe
 917 0091 3A       		.uleb128 0x3a
 918 0092 0B       		.uleb128 0xb
 919 0093 3B       		.uleb128 0x3b
 920 0094 0B       		.uleb128 0xb
 921 0095 49       		.uleb128 0x49
 922 0096 13       		.uleb128 0x13
 923 0097 02       		.uleb128 0x2
 924 0098 18       		.uleb128 0x18
 925 0099 00       		.byte	0
 926 009a 00       		.byte	0
 927 009b 0C       		.uleb128 0xc
 928 009c 2E       		.uleb128 0x2e
 929 009d 00       		.byte	0
 930 009e 3F       		.uleb128 0x3f
 931 009f 19       		.uleb128 0x19
 932 00a0 03       		.uleb128 0x3
 933 00a1 0E       		.uleb128 0xe
 934 00a2 3A       		.uleb128 0x3a
 935 00a3 0B       		.uleb128 0xb
 936 00a4 3B       		.uleb128 0x3b
 937 00a5 0B       		.uleb128 0xb
 938 00a6 27       		.uleb128 0x27
 939 00a7 19       		.uleb128 0x19
 940 00a8 11       		.uleb128 0x11
 941 00a9 01       		.uleb128 0x1
 942 00aa 12       		.uleb128 0x12
 943 00ab 06       		.uleb128 0x6
 944 00ac 40       		.uleb128 0x40
 945 00ad 18       		.uleb128 0x18
 946 00ae 9742     		.uleb128 0x2117
 947 00b0 19       		.uleb128 0x19
 948 00b1 00       		.byte	0
 949 00b2 00       		.byte	0
 950 00b3 0D       		.uleb128 0xd
 951 00b4 2E       		.uleb128 0x2e
 952 00b5 01       		.byte	0x1
 953 00b6 3F       		.uleb128 0x3f
 954 00b7 19       		.uleb128 0x19
 955 00b8 03       		.uleb128 0x3
 956 00b9 0E       		.uleb128 0xe
 957 00ba 3A       		.uleb128 0x3a
 958 00bb 0B       		.uleb128 0xb
 959 00bc 3B       		.uleb128 0x3b
 960 00bd 0B       		.uleb128 0xb
 961 00be 27       		.uleb128 0x27
 962 00bf 19       		.uleb128 0x19
 963 00c0 11       		.uleb128 0x11
 964 00c1 01       		.uleb128 0x1
 965 00c2 12       		.uleb128 0x12
ARM GAS  C:\Users\Snufkin\AppData\Local\Temp\ccxxmm0h.s 			page 24


 966 00c3 06       		.uleb128 0x6
 967 00c4 40       		.uleb128 0x40
 968 00c5 18       		.uleb128 0x18
 969 00c6 9742     		.uleb128 0x2117
 970 00c8 19       		.uleb128 0x19
 971 00c9 01       		.uleb128 0x1
 972 00ca 13       		.uleb128 0x13
 973 00cb 00       		.byte	0
 974 00cc 00       		.byte	0
 975 00cd 0E       		.uleb128 0xe
 976 00ce 2E       		.uleb128 0x2e
 977 00cf 00       		.byte	0
 978 00d0 3F       		.uleb128 0x3f
 979 00d1 19       		.uleb128 0x19
 980 00d2 03       		.uleb128 0x3
 981 00d3 0E       		.uleb128 0xe
 982 00d4 3A       		.uleb128 0x3a
 983 00d5 0B       		.uleb128 0xb
 984 00d6 3B       		.uleb128 0x3b
 985 00d7 0B       		.uleb128 0xb
 986 00d8 27       		.uleb128 0x27
 987 00d9 19       		.uleb128 0x19
 988 00da 49       		.uleb128 0x49
 989 00db 13       		.uleb128 0x13
 990 00dc 11       		.uleb128 0x11
 991 00dd 01       		.uleb128 0x1
 992 00de 12       		.uleb128 0x12
 993 00df 06       		.uleb128 0x6
 994 00e0 40       		.uleb128 0x40
 995 00e1 18       		.uleb128 0x18
 996 00e2 9742     		.uleb128 0x2117
 997 00e4 19       		.uleb128 0x19
 998 00e5 00       		.byte	0
 999 00e6 00       		.byte	0
 1000 00e7 0F       		.uleb128 0xf
 1001 00e8 34       		.uleb128 0x34
 1002 00e9 00       		.byte	0
 1003 00ea 03       		.uleb128 0x3
 1004 00eb 0E       		.uleb128 0xe
 1005 00ec 3A       		.uleb128 0x3a
 1006 00ed 0B       		.uleb128 0xb
 1007 00ee 3B       		.uleb128 0x3b
 1008 00ef 0B       		.uleb128 0xb
 1009 00f0 49       		.uleb128 0x49
 1010 00f1 13       		.uleb128 0x13
 1011 00f2 02       		.uleb128 0x2
 1012 00f3 18       		.uleb128 0x18
 1013 00f4 00       		.byte	0
 1014 00f5 00       		.byte	0
 1015 00f6 10       		.uleb128 0x10
 1016 00f7 2E       		.uleb128 0x2e
 1017 00f8 01       		.byte	0x1
 1018 00f9 3F       		.uleb128 0x3f
 1019 00fa 19       		.uleb128 0x19
 1020 00fb 03       		.uleb128 0x3
 1021 00fc 0E       		.uleb128 0xe
 1022 00fd 3A       		.uleb128 0x3a
ARM GAS  C:\Users\Snufkin\AppData\Local\Temp\ccxxmm0h.s 			page 25


 1023 00fe 0B       		.uleb128 0xb
 1024 00ff 3B       		.uleb128 0x3b
 1025 0100 0B       		.uleb128 0xb
 1026 0101 27       		.uleb128 0x27
 1027 0102 19       		.uleb128 0x19
 1028 0103 49       		.uleb128 0x49
 1029 0104 13       		.uleb128 0x13
 1030 0105 11       		.uleb128 0x11
 1031 0106 01       		.uleb128 0x1
 1032 0107 12       		.uleb128 0x12
 1033 0108 06       		.uleb128 0x6
 1034 0109 40       		.uleb128 0x40
 1035 010a 18       		.uleb128 0x18
 1036 010b 9742     		.uleb128 0x2117
 1037 010d 19       		.uleb128 0x19
 1038 010e 01       		.uleb128 0x1
 1039 010f 13       		.uleb128 0x13
 1040 0110 00       		.byte	0
 1041 0111 00       		.byte	0
 1042 0112 11       		.uleb128 0x11
 1043 0113 2E       		.uleb128 0x2e
 1044 0114 00       		.byte	0
 1045 0115 3F       		.uleb128 0x3f
 1046 0116 19       		.uleb128 0x19
 1047 0117 03       		.uleb128 0x3
 1048 0118 0E       		.uleb128 0xe
 1049 0119 3A       		.uleb128 0x3a
 1050 011a 0B       		.uleb128 0xb
 1051 011b 3B       		.uleb128 0x3b
 1052 011c 05       		.uleb128 0x5
 1053 011d 27       		.uleb128 0x27
 1054 011e 19       		.uleb128 0x19
 1055 011f 11       		.uleb128 0x11
 1056 0120 01       		.uleb128 0x1
 1057 0121 12       		.uleb128 0x12
 1058 0122 06       		.uleb128 0x6
 1059 0123 40       		.uleb128 0x40
 1060 0124 18       		.uleb128 0x18
 1061 0125 9742     		.uleb128 0x2117
 1062 0127 19       		.uleb128 0x19
 1063 0128 00       		.byte	0
 1064 0129 00       		.byte	0
 1065 012a 12       		.uleb128 0x12
 1066 012b 2E       		.uleb128 0x2e
 1067 012c 00       		.byte	0
 1068 012d 3F       		.uleb128 0x3f
 1069 012e 19       		.uleb128 0x19
 1070 012f 03       		.uleb128 0x3
 1071 0130 0E       		.uleb128 0xe
 1072 0131 3A       		.uleb128 0x3a
 1073 0132 0B       		.uleb128 0xb
 1074 0133 3B       		.uleb128 0x3b
 1075 0134 05       		.uleb128 0x5
 1076 0135 27       		.uleb128 0x27
 1077 0136 19       		.uleb128 0x19
 1078 0137 49       		.uleb128 0x49
 1079 0138 13       		.uleb128 0x13
ARM GAS  C:\Users\Snufkin\AppData\Local\Temp\ccxxmm0h.s 			page 26


 1080 0139 11       		.uleb128 0x11
 1081 013a 01       		.uleb128 0x1
 1082 013b 12       		.uleb128 0x12
 1083 013c 06       		.uleb128 0x6
 1084 013d 40       		.uleb128 0x40
 1085 013e 18       		.uleb128 0x18
 1086 013f 9742     		.uleb128 0x2117
 1087 0141 19       		.uleb128 0x19
 1088 0142 00       		.byte	0
 1089 0143 00       		.byte	0
 1090 0144 13       		.uleb128 0x13
 1091 0145 01       		.uleb128 0x1
 1092 0146 01       		.byte	0x1
 1093 0147 49       		.uleb128 0x49
 1094 0148 13       		.uleb128 0x13
 1095 0149 01       		.uleb128 0x1
 1096 014a 13       		.uleb128 0x13
 1097 014b 00       		.byte	0
 1098 014c 00       		.byte	0
 1099 014d 14       		.uleb128 0x14
 1100 014e 21       		.uleb128 0x21
 1101 014f 00       		.byte	0
 1102 0150 49       		.uleb128 0x49
 1103 0151 13       		.uleb128 0x13
 1104 0152 2F       		.uleb128 0x2f
 1105 0153 0B       		.uleb128 0xb
 1106 0154 00       		.byte	0
 1107 0155 00       		.byte	0
 1108 0156 15       		.uleb128 0x15
 1109 0157 34       		.uleb128 0x34
 1110 0158 00       		.byte	0
 1111 0159 03       		.uleb128 0x3
 1112 015a 0E       		.uleb128 0xe
 1113 015b 3A       		.uleb128 0x3a
 1114 015c 0B       		.uleb128 0xb
 1115 015d 3B       		.uleb128 0x3b
 1116 015e 0B       		.uleb128 0xb
 1117 015f 49       		.uleb128 0x49
 1118 0160 13       		.uleb128 0x13
 1119 0161 3F       		.uleb128 0x3f
 1120 0162 19       		.uleb128 0x19
 1121 0163 3C       		.uleb128 0x3c
 1122 0164 19       		.uleb128 0x19
 1123 0165 00       		.byte	0
 1124 0166 00       		.byte	0
 1125 0167 00       		.byte	0
 1126              		.section	.debug_aranges,"",%progbits
 1127 0000 7C000000 		.4byte	0x7c
 1128 0004 0200     		.2byte	0x2
 1129 0006 00000000 		.4byte	.Ldebug_info0
 1130 000a 04       		.byte	0x4
 1131 000b 00       		.byte	0
 1132 000c 0000     		.2byte	0
 1133 000e 0000     		.2byte	0
 1134 0010 00000000 		.4byte	.LFB0
 1135 0014 24000000 		.4byte	.LFE0-.LFB0
 1136 0018 00000000 		.4byte	.LFB1
ARM GAS  C:\Users\Snufkin\AppData\Local\Temp\ccxxmm0h.s 			page 27


 1137 001c 24000000 		.4byte	.LFE1-.LFB1
 1138 0020 00000000 		.4byte	.LFB2
 1139 0024 18000000 		.4byte	.LFE2-.LFB2
 1140 0028 00000000 		.4byte	.LFB3
 1141 002c 08000000 		.4byte	.LFE3-.LFB3
 1142 0030 00000000 		.4byte	.LFB4
 1143 0034 18000000 		.4byte	.LFE4-.LFB4
 1144 0038 00000000 		.4byte	.LFB5
 1145 003c 14000000 		.4byte	.LFE5-.LFB5
 1146 0040 00000000 		.4byte	.LFB6
 1147 0044 50000000 		.4byte	.LFE6-.LFB6
 1148 0048 00000000 		.4byte	.LFB7
 1149 004c 2C000000 		.4byte	.LFE7-.LFB7
 1150 0050 00000000 		.4byte	.LFB8
 1151 0054 14000000 		.4byte	.LFE8-.LFB8
 1152 0058 00000000 		.4byte	.LFB9
 1153 005c 1C000000 		.4byte	.LFE9-.LFB9
 1154 0060 00000000 		.4byte	.LFB10
 1155 0064 14000000 		.4byte	.LFE10-.LFB10
 1156 0068 00000000 		.4byte	.LFB11
 1157 006c 14000000 		.4byte	.LFE11-.LFB11
 1158 0070 00000000 		.4byte	.LFB12
 1159 0074 14000000 		.4byte	.LFE12-.LFB12
 1160 0078 00000000 		.4byte	0
 1161 007c 00000000 		.4byte	0
 1162              		.section	.debug_ranges,"",%progbits
 1163              	.Ldebug_ranges0:
 1164 0000 00000000 		.4byte	.LFB0
 1165 0004 24000000 		.4byte	.LFE0
 1166 0008 00000000 		.4byte	.LFB1
 1167 000c 24000000 		.4byte	.LFE1
 1168 0010 00000000 		.4byte	.LFB2
 1169 0014 18000000 		.4byte	.LFE2
 1170 0018 00000000 		.4byte	.LFB3
 1171 001c 08000000 		.4byte	.LFE3
 1172 0020 00000000 		.4byte	.LFB4
 1173 0024 18000000 		.4byte	.LFE4
 1174 0028 00000000 		.4byte	.LFB5
 1175 002c 14000000 		.4byte	.LFE5
 1176 0030 00000000 		.4byte	.LFB6
 1177 0034 50000000 		.4byte	.LFE6
 1178 0038 00000000 		.4byte	.LFB7
 1179 003c 2C000000 		.4byte	.LFE7
 1180 0040 00000000 		.4byte	.LFB8
 1181 0044 14000000 		.4byte	.LFE8
 1182 0048 00000000 		.4byte	.LFB9
 1183 004c 1C000000 		.4byte	.LFE9
 1184 0050 00000000 		.4byte	.LFB10
 1185 0054 14000000 		.4byte	.LFE10
 1186 0058 00000000 		.4byte	.LFB11
 1187 005c 14000000 		.4byte	.LFE11
 1188 0060 00000000 		.4byte	.LFB12
 1189 0064 14000000 		.4byte	.LFE12
 1190 0068 00000000 		.4byte	0
 1191 006c 00000000 		.4byte	0
 1192              		.section	.debug_line,"",%progbits
 1193              	.Ldebug_line0:
ARM GAS  C:\Users\Snufkin\AppData\Local\Temp\ccxxmm0h.s 			page 28


 1194 0000 42010000 		.section	.debug_str,"MS",%progbits,1
 1194      02004600 
 1194      00000201 
 1194      FB0E0D00 
 1194      01010101 
 1195              	.LASF14:
 1196 0000 72656733 		.ascii	"reg32\000"
 1196      3200
 1197              	.LASF32:
 1198 0006 6973725F 		.ascii	"isr_ADC_ClearPending\000"
 1198      4144435F 
 1198      436C6561 
 1198      7250656E 
 1198      64696E67 
 1199              	.LASF37:
 1200 001b 43795261 		.ascii	"CyRamVectors\000"
 1200      6D566563 
 1200      746F7273 
 1200      00
 1201              	.LASF34:
 1202 0028 2E5C4765 		.ascii	".\\Generated_Source\\PSoC4\\isr_ADC.c\000"
 1202      6E657261 
 1202      7465645F 
 1202      536F7572 
 1202      63655C50 
 1203              	.LASF3:
 1204 004b 73686F72 		.ascii	"short unsigned int\000"
 1204      7420756E 
 1204      7369676E 
 1204      65642069 
 1204      6E7400
 1205              	.LASF21:
 1206 005e 6973725F 		.ascii	"isr_ADC_SetVector\000"
 1206      4144435F 
 1206      53657456 
 1206      6563746F 
 1206      7200
 1207              	.LASF30:
 1208 0070 6973725F 		.ascii	"isr_ADC_Disable\000"
 1208      4144435F 
 1208      44697361 
 1208      626C6500 
 1209              	.LASF19:
 1210 0080 6973725F 		.ascii	"isr_ADC_Interrupt\000"
 1210      4144435F 
 1210      496E7465 
 1210      72727570 
 1210      7400
 1211              	.LASF11:
 1212 0092 666C6F61 		.ascii	"float\000"
 1212      7400
 1213              	.LASF33:
 1214 0098 474E5520 		.ascii	"GNU C 4.8.4 20140526 (release) [ARM/embedded-4_8-br"
 1214      4320342E 
 1214      382E3420 
 1214      32303134 
 1214      30353236 
ARM GAS  C:\Users\Snufkin\AppData\Local\Temp\ccxxmm0h.s 			page 29


 1215 00cb 616E6368 		.ascii	"anch revision 211358] -mcpu=cortex-m0 -mthumb -g -O"
 1215      20726576 
 1215      6973696F 
 1215      6E203231 
 1215      31333538 
 1216 00fe 30202D66 		.ascii	"0 -ffunction-sections\000"
 1216      66756E63 
 1216      74696F6E 
 1216      2D736563 
 1216      74696F6E 
 1217              	.LASF35:
 1218 0114 433A5C55 		.ascii	"C:\\Users\\Snufkin\\Documents\\GitHub\\KingFunk2\\C"
 1218      73657273 
 1218      5C536E75 
 1218      666B696E 
 1218      5C446F63 
 1219 0141 52545F74 		.ascii	"RT_timer\\CRT_timer.cydsn\000"
 1219      696D6572 
 1219      5C435254 
 1219      5F74696D 
 1219      65722E63 
 1220              	.LASF23:
 1221 015a 6973725F 		.ascii	"isr_ADC_SetPriority\000"
 1221      4144435F 
 1221      53657450 
 1221      72696F72 
 1221      69747900 
 1222              	.LASF25:
 1223 016e 696E7465 		.ascii	"interruptState\000"
 1223      72727570 
 1223      74537461 
 1223      746500
 1224              	.LASF5:
 1225 017d 6C6F6E67 		.ascii	"long unsigned int\000"
 1225      20756E73 
 1225      69676E65 
 1225      6420696E 
 1225      7400
 1226              	.LASF9:
 1227 018f 75696E74 		.ascii	"uint8\000"
 1227      3800
 1228              	.LASF36:
 1229 0195 6973725F 		.ascii	"isr_ADC_GetPriority\000"
 1229      4144435F 
 1229      47657450 
 1229      72696F72 
 1229      69747900 
 1230              	.LASF24:
 1231 01a9 7072696F 		.ascii	"priority\000"
 1231      72697479 
 1231      00
 1232              	.LASF1:
 1233 01b2 756E7369 		.ascii	"unsigned char\000"
 1233      676E6564 
 1233      20636861 
 1233      7200
 1234              	.LASF12:
ARM GAS  C:\Users\Snufkin\AppData\Local\Temp\ccxxmm0h.s 			page 30


 1235 01c0 646F7562 		.ascii	"double\000"
 1235      6C6500
 1236              	.LASF10:
 1237 01c7 75696E74 		.ascii	"uint32\000"
 1237      333200
 1238              	.LASF27:
 1239 01ce 6973725F 		.ascii	"isr_ADC_Enable\000"
 1239      4144435F 
 1239      456E6162 
 1239      6C6500
 1240              	.LASF29:
 1241 01dd 6973725F 		.ascii	"isr_ADC_GetState\000"
 1241      4144435F 
 1241      47657453 
 1241      74617465 
 1241      00
 1242              	.LASF8:
 1243 01ee 756E7369 		.ascii	"unsigned int\000"
 1243      676E6564 
 1243      20696E74 
 1243      00
 1244              	.LASF22:
 1245 01fb 61646472 		.ascii	"address\000"
 1245      65737300 
 1246              	.LASF7:
 1247 0203 6C6F6E67 		.ascii	"long long unsigned int\000"
 1247      206C6F6E 
 1247      6720756E 
 1247      7369676E 
 1247      65642069 
 1248              	.LASF15:
 1249 021a 63796973 		.ascii	"cyisraddress\000"
 1249      72616464 
 1249      72657373 
 1249      00
 1250              	.LASF16:
 1251 0227 73697A65 		.ascii	"sizetype\000"
 1251      74797065 
 1251      00
 1252              	.LASF6:
 1253 0230 6C6F6E67 		.ascii	"long long int\000"
 1253      206C6F6E 
 1253      6720696E 
 1253      7400
 1254              	.LASF13:
 1255 023e 63686172 		.ascii	"char\000"
 1255      00
 1256              	.LASF2:
 1257 0243 73686F72 		.ascii	"short int\000"
 1257      7420696E 
 1257      7400
 1258              	.LASF28:
 1259 024d 6973725F 		.ascii	"isr_ADC_GetVector\000"
 1259      4144435F 
 1259      47657456 
 1259      6563746F 
 1259      7200
ARM GAS  C:\Users\Snufkin\AppData\Local\Temp\ccxxmm0h.s 			page 31


 1260              	.LASF17:
 1261 025f 6973725F 		.ascii	"isr_ADC_Start\000"
 1261      4144435F 
 1261      53746172 
 1261      7400
 1262              	.LASF26:
 1263 026d 7072696F 		.ascii	"priorityOffset\000"
 1263      72697479 
 1263      4F666673 
 1263      657400
 1264              	.LASF4:
 1265 027c 6C6F6E67 		.ascii	"long int\000"
 1265      20696E74 
 1265      00
 1266              	.LASF31:
 1267 0285 6973725F 		.ascii	"isr_ADC_SetPending\000"
 1267      4144435F 
 1267      53657450 
 1267      656E6469 
 1267      6E6700
 1268              	.LASF0:
 1269 0298 7369676E 		.ascii	"signed char\000"
 1269      65642063 
 1269      68617200 
 1270              	.LASF18:
 1271 02a4 6973725F 		.ascii	"isr_ADC_Stop\000"
 1271      4144435F 
 1271      53746F70 
 1271      00
 1272              	.LASF20:
 1273 02b1 6973725F 		.ascii	"isr_ADC_StartEx\000"
 1273      4144435F 
 1273      53746172 
 1273      74457800 
 1274              		.ident	"GCC: (GNU Tools for ARM Embedded Processors) 4.8.4 20140526 (release) [ARM/embedded-4_8-br
