ARM GAS  C:\Users\Snufkin\AppData\Local\Temp\cc05EV3e.s 			page 1


   1              		.cpu cortex-m0
   2              		.fpu softvfp
   3              		.eabi_attribute 20, 1
   4              		.eabi_attribute 21, 1
   5              		.eabi_attribute 23, 3
   6              		.eabi_attribute 24, 1
   7              		.eabi_attribute 25, 1
   8              		.eabi_attribute 26, 1
   9              		.eabi_attribute 30, 6
  10              		.eabi_attribute 34, 0
  11              		.eabi_attribute 18, 4
  12              		.code	16
  13              		.file	"LCD_Cntl_Port.c"
  14              		.text
  15              	.Ltext0:
  16              		.cfi_sections	.debug_frame
  17              		.section	.text.LCD_Cntl_Port_Write,"ax",%progbits
  18              		.align	2
  19              		.global	LCD_Cntl_Port_Write
  20              		.code	16
  21              		.thumb_func
  22              		.type	LCD_Cntl_Port_Write, %function
  23              	LCD_Cntl_Port_Write:
  24              	.LFB0:
  25              		.file 1 ".\\Generated_Source\\PSoC4\\LCD_Cntl_Port.c"
   1:.\Generated_Source\PSoC4/LCD_Cntl_Port.c **** /*******************************************************************************
   2:.\Generated_Source\PSoC4/LCD_Cntl_Port.c **** * File Name: LCD_Cntl_Port.c  
   3:.\Generated_Source\PSoC4/LCD_Cntl_Port.c **** * Version 1.70
   4:.\Generated_Source\PSoC4/LCD_Cntl_Port.c **** *
   5:.\Generated_Source\PSoC4/LCD_Cntl_Port.c **** * Description:
   6:.\Generated_Source\PSoC4/LCD_Cntl_Port.c **** *  This file contains API to enable firmware control of a Control Register.
   7:.\Generated_Source\PSoC4/LCD_Cntl_Port.c **** *
   8:.\Generated_Source\PSoC4/LCD_Cntl_Port.c **** * Note:
   9:.\Generated_Source\PSoC4/LCD_Cntl_Port.c **** *
  10:.\Generated_Source\PSoC4/LCD_Cntl_Port.c **** ********************************************************************************
  11:.\Generated_Source\PSoC4/LCD_Cntl_Port.c **** * Copyright 2008-2012, Cypress Semiconductor Corporation.  All rights reserved.
  12:.\Generated_Source\PSoC4/LCD_Cntl_Port.c **** * You may use this file only in accordance with the license, terms, conditions, 
  13:.\Generated_Source\PSoC4/LCD_Cntl_Port.c **** * disclaimers, and limitations in the end user license agreement accompanying 
  14:.\Generated_Source\PSoC4/LCD_Cntl_Port.c **** * the software package with which this file was provided.
  15:.\Generated_Source\PSoC4/LCD_Cntl_Port.c **** *******************************************************************************/
  16:.\Generated_Source\PSoC4/LCD_Cntl_Port.c **** 
  17:.\Generated_Source\PSoC4/LCD_Cntl_Port.c **** #include "LCD_Cntl_Port.h"
  18:.\Generated_Source\PSoC4/LCD_Cntl_Port.c **** 
  19:.\Generated_Source\PSoC4/LCD_Cntl_Port.c **** #if !defined(LCD_Cntl_Port_Sync_ctrl_reg__REMOVED) /* Check for removal by optimization */
  20:.\Generated_Source\PSoC4/LCD_Cntl_Port.c **** 
  21:.\Generated_Source\PSoC4/LCD_Cntl_Port.c **** /*******************************************************************************
  22:.\Generated_Source\PSoC4/LCD_Cntl_Port.c **** * Function Name: LCD_Cntl_Port_Write
  23:.\Generated_Source\PSoC4/LCD_Cntl_Port.c **** ********************************************************************************
  24:.\Generated_Source\PSoC4/LCD_Cntl_Port.c **** *
  25:.\Generated_Source\PSoC4/LCD_Cntl_Port.c **** * Summary:
  26:.\Generated_Source\PSoC4/LCD_Cntl_Port.c **** *  Write a byte to the Control Register.
  27:.\Generated_Source\PSoC4/LCD_Cntl_Port.c **** *
  28:.\Generated_Source\PSoC4/LCD_Cntl_Port.c **** * Parameters:
  29:.\Generated_Source\PSoC4/LCD_Cntl_Port.c **** *  control:  The value to be assigned to the Control Register.
  30:.\Generated_Source\PSoC4/LCD_Cntl_Port.c **** *
  31:.\Generated_Source\PSoC4/LCD_Cntl_Port.c **** * Return:
  32:.\Generated_Source\PSoC4/LCD_Cntl_Port.c **** *  None.
ARM GAS  C:\Users\Snufkin\AppData\Local\Temp\cc05EV3e.s 			page 2


  33:.\Generated_Source\PSoC4/LCD_Cntl_Port.c **** *
  34:.\Generated_Source\PSoC4/LCD_Cntl_Port.c **** *******************************************************************************/
  35:.\Generated_Source\PSoC4/LCD_Cntl_Port.c **** void LCD_Cntl_Port_Write(uint8 control) 
  36:.\Generated_Source\PSoC4/LCD_Cntl_Port.c **** {
  26              		.loc 1 36 0
  27              		.cfi_startproc
  28 0000 80B5     		push	{r7, lr}
  29              		.cfi_def_cfa_offset 8
  30              		.cfi_offset 7, -8
  31              		.cfi_offset 14, -4
  32 0002 82B0     		sub	sp, sp, #8
  33              		.cfi_def_cfa_offset 16
  34 0004 00AF     		add	r7, sp, #0
  35              		.cfi_def_cfa_register 7
  36 0006 021C     		mov	r2, r0
  37 0008 FB1D     		add	r3, r7, #7
  38 000a 1A70     		strb	r2, [r3]
  37:.\Generated_Source\PSoC4/LCD_Cntl_Port.c ****     LCD_Cntl_Port_Control = control;
  39              		.loc 1 37 0
  40 000c 034B     		ldr	r3, .L2
  41 000e FA1D     		add	r2, r7, #7
  42 0010 1278     		ldrb	r2, [r2]
  43 0012 1A70     		strb	r2, [r3]
  38:.\Generated_Source\PSoC4/LCD_Cntl_Port.c **** }
  44              		.loc 1 38 0
  45 0014 BD46     		mov	sp, r7
  46 0016 02B0     		add	sp, sp, #8
  47              		@ sp needed
  48 0018 80BD     		pop	{r7, pc}
  49              	.L3:
  50 001a C046     		.align	2
  51              	.L2:
  52 001c 70000F40 		.word	1074724976
  53              		.cfi_endproc
  54              	.LFE0:
  55              		.size	LCD_Cntl_Port_Write, .-LCD_Cntl_Port_Write
  56              		.section	.text.LCD_Cntl_Port_Read,"ax",%progbits
  57              		.align	2
  58              		.global	LCD_Cntl_Port_Read
  59              		.code	16
  60              		.thumb_func
  61              		.type	LCD_Cntl_Port_Read, %function
  62              	LCD_Cntl_Port_Read:
  63              	.LFB1:
  39:.\Generated_Source\PSoC4/LCD_Cntl_Port.c **** 
  40:.\Generated_Source\PSoC4/LCD_Cntl_Port.c **** 
  41:.\Generated_Source\PSoC4/LCD_Cntl_Port.c **** /*******************************************************************************
  42:.\Generated_Source\PSoC4/LCD_Cntl_Port.c **** * Function Name: LCD_Cntl_Port_Read
  43:.\Generated_Source\PSoC4/LCD_Cntl_Port.c **** ********************************************************************************
  44:.\Generated_Source\PSoC4/LCD_Cntl_Port.c **** *
  45:.\Generated_Source\PSoC4/LCD_Cntl_Port.c **** * Summary:
  46:.\Generated_Source\PSoC4/LCD_Cntl_Port.c **** *  Reads the current value assigned to the Control Register.
  47:.\Generated_Source\PSoC4/LCD_Cntl_Port.c **** *
  48:.\Generated_Source\PSoC4/LCD_Cntl_Port.c **** * Parameters:
  49:.\Generated_Source\PSoC4/LCD_Cntl_Port.c **** *  None.
  50:.\Generated_Source\PSoC4/LCD_Cntl_Port.c **** *
  51:.\Generated_Source\PSoC4/LCD_Cntl_Port.c **** * Return:
ARM GAS  C:\Users\Snufkin\AppData\Local\Temp\cc05EV3e.s 			page 3


  52:.\Generated_Source\PSoC4/LCD_Cntl_Port.c **** *  Returns the current value in the Control Register.
  53:.\Generated_Source\PSoC4/LCD_Cntl_Port.c **** *
  54:.\Generated_Source\PSoC4/LCD_Cntl_Port.c **** *******************************************************************************/
  55:.\Generated_Source\PSoC4/LCD_Cntl_Port.c **** uint8 LCD_Cntl_Port_Read(void) 
  56:.\Generated_Source\PSoC4/LCD_Cntl_Port.c **** {
  64              		.loc 1 56 0
  65              		.cfi_startproc
  66 0000 80B5     		push	{r7, lr}
  67              		.cfi_def_cfa_offset 8
  68              		.cfi_offset 7, -8
  69              		.cfi_offset 14, -4
  70 0002 00AF     		add	r7, sp, #0
  71              		.cfi_def_cfa_register 7
  57:.\Generated_Source\PSoC4/LCD_Cntl_Port.c ****     return LCD_Cntl_Port_Control;
  72              		.loc 1 57 0
  73 0004 024B     		ldr	r3, .L6
  74 0006 1B78     		ldrb	r3, [r3]
  75 0008 DBB2     		uxtb	r3, r3
  58:.\Generated_Source\PSoC4/LCD_Cntl_Port.c **** }
  76              		.loc 1 58 0
  77 000a 181C     		mov	r0, r3
  78 000c BD46     		mov	sp, r7
  79              		@ sp needed
  80 000e 80BD     		pop	{r7, pc}
  81              	.L7:
  82              		.align	2
  83              	.L6:
  84 0010 70000F40 		.word	1074724976
  85              		.cfi_endproc
  86              	.LFE1:
  87              		.size	LCD_Cntl_Port_Read, .-LCD_Cntl_Port_Read
  88              		.text
  89              	.Letext0:
  90              		.file 2 ".\\Generated_Source\\PSoC4\\cytypes.h"
  91              		.section	.debug_info,"",%progbits
  92              	.Ldebug_info0:
  93 0000 D2000000 		.4byte	0xd2
  94 0004 0400     		.2byte	0x4
  95 0006 00000000 		.4byte	.Ldebug_abbrev0
  96 000a 04       		.byte	0x4
  97 000b 01       		.uleb128 0x1
  98 000c B3000000 		.4byte	.LASF14
  99 0010 01       		.byte	0x1
 100 0011 66010000 		.4byte	.LASF15
 101 0015 06000000 		.4byte	.LASF16
 102 0019 00000000 		.4byte	.Ldebug_ranges0+0
 103 001d 00000000 		.4byte	0
 104 0021 00000000 		.4byte	.Ldebug_line0
 105 0025 02       		.uleb128 0x2
 106 0026 01       		.byte	0x1
 107 0027 06       		.byte	0x6
 108 0028 98010000 		.4byte	.LASF0
 109 002c 02       		.uleb128 0x2
 110 002d 01       		.byte	0x1
 111 002e 08       		.byte	0x8
 112 002f 4C000000 		.4byte	.LASF1
 113 0033 02       		.uleb128 0x2
ARM GAS  C:\Users\Snufkin\AppData\Local\Temp\cc05EV3e.s 			page 4


 114 0034 02       		.byte	0x2
 115 0035 05       		.byte	0x5
 116 0036 56010000 		.4byte	.LASF2
 117 003a 02       		.uleb128 0x2
 118 003b 02       		.byte	0x2
 119 003c 07       		.byte	0x7
 120 003d 84000000 		.4byte	.LASF3
 121 0041 02       		.uleb128 0x2
 122 0042 04       		.byte	0x4
 123 0043 05       		.byte	0x5
 124 0044 8F010000 		.4byte	.LASF4
 125 0048 02       		.uleb128 0x2
 126 0049 04       		.byte	0x4
 127 004a 07       		.byte	0x7
 128 004b 72000000 		.4byte	.LASF5
 129 004f 02       		.uleb128 0x2
 130 0050 08       		.byte	0x8
 131 0051 05       		.byte	0x5
 132 0052 43010000 		.4byte	.LASF6
 133 0056 02       		.uleb128 0x2
 134 0057 08       		.byte	0x8
 135 0058 07       		.byte	0x7
 136 0059 A4010000 		.4byte	.LASF7
 137 005d 03       		.uleb128 0x3
 138 005e 04       		.byte	0x4
 139 005f 05       		.byte	0x5
 140 0060 696E7400 		.ascii	"int\000"
 141 0064 02       		.uleb128 0x2
 142 0065 04       		.byte	0x4
 143 0066 07       		.byte	0x7
 144 0067 A6000000 		.4byte	.LASF8
 145 006b 04       		.uleb128 0x4
 146 006c 60010000 		.4byte	.LASF12
 147 0070 02       		.byte	0x2
 148 0071 A1       		.byte	0xa1
 149 0072 2C000000 		.4byte	0x2c
 150 0076 02       		.uleb128 0x2
 151 0077 04       		.byte	0x4
 152 0078 04       		.byte	0x4
 153 0079 00000000 		.4byte	.LASF9
 154 007d 02       		.uleb128 0x2
 155 007e 08       		.byte	0x8
 156 007f 04       		.byte	0x4
 157 0080 9F000000 		.4byte	.LASF10
 158 0084 02       		.uleb128 0x2
 159 0085 01       		.byte	0x1
 160 0086 08       		.byte	0x8
 161 0087 51010000 		.4byte	.LASF11
 162 008b 05       		.uleb128 0x5
 163 008c 5A000000 		.4byte	.LASF13
 164 0090 02       		.byte	0x2
 165 0091 4B01     		.2byte	0x14b
 166 0093 97000000 		.4byte	0x97
 167 0097 06       		.uleb128 0x6
 168 0098 6B000000 		.4byte	0x6b
 169 009c 07       		.uleb128 0x7
 170 009d 2F010000 		.4byte	.LASF17
ARM GAS  C:\Users\Snufkin\AppData\Local\Temp\cc05EV3e.s 			page 5


 171 00a1 01       		.byte	0x1
 172 00a2 23       		.byte	0x23
 173 00a3 00000000 		.4byte	.LFB0
 174 00a7 20000000 		.4byte	.LFE0-.LFB0
 175 00ab 01       		.uleb128 0x1
 176 00ac 9C       		.byte	0x9c
 177 00ad C0000000 		.4byte	0xc0
 178 00b1 08       		.uleb128 0x8
 179 00b2 97000000 		.4byte	.LASF18
 180 00b6 01       		.byte	0x1
 181 00b7 23       		.byte	0x23
 182 00b8 6B000000 		.4byte	0x6b
 183 00bc 02       		.uleb128 0x2
 184 00bd 91       		.byte	0x91
 185 00be 77       		.sleb128 -9
 186 00bf 00       		.byte	0
 187 00c0 09       		.uleb128 0x9
 188 00c1 5F000000 		.4byte	.LASF19
 189 00c5 01       		.byte	0x1
 190 00c6 37       		.byte	0x37
 191 00c7 6B000000 		.4byte	0x6b
 192 00cb 00000000 		.4byte	.LFB1
 193 00cf 14000000 		.4byte	.LFE1-.LFB1
 194 00d3 01       		.uleb128 0x1
 195 00d4 9C       		.byte	0x9c
 196 00d5 00       		.byte	0
 197              		.section	.debug_abbrev,"",%progbits
 198              	.Ldebug_abbrev0:
 199 0000 01       		.uleb128 0x1
 200 0001 11       		.uleb128 0x11
 201 0002 01       		.byte	0x1
 202 0003 25       		.uleb128 0x25
 203 0004 0E       		.uleb128 0xe
 204 0005 13       		.uleb128 0x13
 205 0006 0B       		.uleb128 0xb
 206 0007 03       		.uleb128 0x3
 207 0008 0E       		.uleb128 0xe
 208 0009 1B       		.uleb128 0x1b
 209 000a 0E       		.uleb128 0xe
 210 000b 55       		.uleb128 0x55
 211 000c 17       		.uleb128 0x17
 212 000d 11       		.uleb128 0x11
 213 000e 01       		.uleb128 0x1
 214 000f 10       		.uleb128 0x10
 215 0010 17       		.uleb128 0x17
 216 0011 00       		.byte	0
 217 0012 00       		.byte	0
 218 0013 02       		.uleb128 0x2
 219 0014 24       		.uleb128 0x24
 220 0015 00       		.byte	0
 221 0016 0B       		.uleb128 0xb
 222 0017 0B       		.uleb128 0xb
 223 0018 3E       		.uleb128 0x3e
 224 0019 0B       		.uleb128 0xb
 225 001a 03       		.uleb128 0x3
 226 001b 0E       		.uleb128 0xe
 227 001c 00       		.byte	0
ARM GAS  C:\Users\Snufkin\AppData\Local\Temp\cc05EV3e.s 			page 6


 228 001d 00       		.byte	0
 229 001e 03       		.uleb128 0x3
 230 001f 24       		.uleb128 0x24
 231 0020 00       		.byte	0
 232 0021 0B       		.uleb128 0xb
 233 0022 0B       		.uleb128 0xb
 234 0023 3E       		.uleb128 0x3e
 235 0024 0B       		.uleb128 0xb
 236 0025 03       		.uleb128 0x3
 237 0026 08       		.uleb128 0x8
 238 0027 00       		.byte	0
 239 0028 00       		.byte	0
 240 0029 04       		.uleb128 0x4
 241 002a 16       		.uleb128 0x16
 242 002b 00       		.byte	0
 243 002c 03       		.uleb128 0x3
 244 002d 0E       		.uleb128 0xe
 245 002e 3A       		.uleb128 0x3a
 246 002f 0B       		.uleb128 0xb
 247 0030 3B       		.uleb128 0x3b
 248 0031 0B       		.uleb128 0xb
 249 0032 49       		.uleb128 0x49
 250 0033 13       		.uleb128 0x13
 251 0034 00       		.byte	0
 252 0035 00       		.byte	0
 253 0036 05       		.uleb128 0x5
 254 0037 16       		.uleb128 0x16
 255 0038 00       		.byte	0
 256 0039 03       		.uleb128 0x3
 257 003a 0E       		.uleb128 0xe
 258 003b 3A       		.uleb128 0x3a
 259 003c 0B       		.uleb128 0xb
 260 003d 3B       		.uleb128 0x3b
 261 003e 05       		.uleb128 0x5
 262 003f 49       		.uleb128 0x49
 263 0040 13       		.uleb128 0x13
 264 0041 00       		.byte	0
 265 0042 00       		.byte	0
 266 0043 06       		.uleb128 0x6
 267 0044 35       		.uleb128 0x35
 268 0045 00       		.byte	0
 269 0046 49       		.uleb128 0x49
 270 0047 13       		.uleb128 0x13
 271 0048 00       		.byte	0
 272 0049 00       		.byte	0
 273 004a 07       		.uleb128 0x7
 274 004b 2E       		.uleb128 0x2e
 275 004c 01       		.byte	0x1
 276 004d 3F       		.uleb128 0x3f
 277 004e 19       		.uleb128 0x19
 278 004f 03       		.uleb128 0x3
 279 0050 0E       		.uleb128 0xe
 280 0051 3A       		.uleb128 0x3a
 281 0052 0B       		.uleb128 0xb
 282 0053 3B       		.uleb128 0x3b
 283 0054 0B       		.uleb128 0xb
 284 0055 27       		.uleb128 0x27
ARM GAS  C:\Users\Snufkin\AppData\Local\Temp\cc05EV3e.s 			page 7


 285 0056 19       		.uleb128 0x19
 286 0057 11       		.uleb128 0x11
 287 0058 01       		.uleb128 0x1
 288 0059 12       		.uleb128 0x12
 289 005a 06       		.uleb128 0x6
 290 005b 40       		.uleb128 0x40
 291 005c 18       		.uleb128 0x18
 292 005d 9742     		.uleb128 0x2117
 293 005f 19       		.uleb128 0x19
 294 0060 01       		.uleb128 0x1
 295 0061 13       		.uleb128 0x13
 296 0062 00       		.byte	0
 297 0063 00       		.byte	0
 298 0064 08       		.uleb128 0x8
 299 0065 05       		.uleb128 0x5
 300 0066 00       		.byte	0
 301 0067 03       		.uleb128 0x3
 302 0068 0E       		.uleb128 0xe
 303 0069 3A       		.uleb128 0x3a
 304 006a 0B       		.uleb128 0xb
 305 006b 3B       		.uleb128 0x3b
 306 006c 0B       		.uleb128 0xb
 307 006d 49       		.uleb128 0x49
 308 006e 13       		.uleb128 0x13
 309 006f 02       		.uleb128 0x2
 310 0070 18       		.uleb128 0x18
 311 0071 00       		.byte	0
 312 0072 00       		.byte	0
 313 0073 09       		.uleb128 0x9
 314 0074 2E       		.uleb128 0x2e
 315 0075 00       		.byte	0
 316 0076 3F       		.uleb128 0x3f
 317 0077 19       		.uleb128 0x19
 318 0078 03       		.uleb128 0x3
 319 0079 0E       		.uleb128 0xe
 320 007a 3A       		.uleb128 0x3a
 321 007b 0B       		.uleb128 0xb
 322 007c 3B       		.uleb128 0x3b
 323 007d 0B       		.uleb128 0xb
 324 007e 27       		.uleb128 0x27
 325 007f 19       		.uleb128 0x19
 326 0080 49       		.uleb128 0x49
 327 0081 13       		.uleb128 0x13
 328 0082 11       		.uleb128 0x11
 329 0083 01       		.uleb128 0x1
 330 0084 12       		.uleb128 0x12
 331 0085 06       		.uleb128 0x6
 332 0086 40       		.uleb128 0x40
 333 0087 18       		.uleb128 0x18
 334 0088 9742     		.uleb128 0x2117
 335 008a 19       		.uleb128 0x19
 336 008b 00       		.byte	0
 337 008c 00       		.byte	0
 338 008d 00       		.byte	0
 339              		.section	.debug_aranges,"",%progbits
 340 0000 24000000 		.4byte	0x24
 341 0004 0200     		.2byte	0x2
ARM GAS  C:\Users\Snufkin\AppData\Local\Temp\cc05EV3e.s 			page 8


 342 0006 00000000 		.4byte	.Ldebug_info0
 343 000a 04       		.byte	0x4
 344 000b 00       		.byte	0
 345 000c 0000     		.2byte	0
 346 000e 0000     		.2byte	0
 347 0010 00000000 		.4byte	.LFB0
 348 0014 20000000 		.4byte	.LFE0-.LFB0
 349 0018 00000000 		.4byte	.LFB1
 350 001c 14000000 		.4byte	.LFE1-.LFB1
 351 0020 00000000 		.4byte	0
 352 0024 00000000 		.4byte	0
 353              		.section	.debug_ranges,"",%progbits
 354              	.Ldebug_ranges0:
 355 0000 00000000 		.4byte	.LFB0
 356 0004 20000000 		.4byte	.LFE0
 357 0008 00000000 		.4byte	.LFB1
 358 000c 14000000 		.4byte	.LFE1
 359 0010 00000000 		.4byte	0
 360 0014 00000000 		.4byte	0
 361              		.section	.debug_line,"",%progbits
 362              	.Ldebug_line0:
 363 0000 74000000 		.section	.debug_str,"MS",%progbits,1
 363      02004C00 
 363      00000201 
 363      FB0E0D00 
 363      01010101 
 364              	.LASF9:
 365 0000 666C6F61 		.ascii	"float\000"
 365      7400
 366              	.LASF16:
 367 0006 433A5C55 		.ascii	"C:\\Users\\Snufkin\\Documents\\GitHub\\KingFunk2\\C"
 367      73657273 
 367      5C536E75 
 367      666B696E 
 367      5C446F63 
 368 0033 52545F74 		.ascii	"RT_timer\\CRT_timer.cydsn\000"
 368      696D6572 
 368      5C435254 
 368      5F74696D 
 368      65722E63 
 369              	.LASF1:
 370 004c 756E7369 		.ascii	"unsigned char\000"
 370      676E6564 
 370      20636861 
 370      7200
 371              	.LASF13:
 372 005a 72656738 		.ascii	"reg8\000"
 372      00
 373              	.LASF19:
 374 005f 4C43445F 		.ascii	"LCD_Cntl_Port_Read\000"
 374      436E746C 
 374      5F506F72 
 374      745F5265 
 374      616400
 375              	.LASF5:
 376 0072 6C6F6E67 		.ascii	"long unsigned int\000"
 376      20756E73 
ARM GAS  C:\Users\Snufkin\AppData\Local\Temp\cc05EV3e.s 			page 9


 376      69676E65 
 376      6420696E 
 376      7400
 377              	.LASF3:
 378 0084 73686F72 		.ascii	"short unsigned int\000"
 378      7420756E 
 378      7369676E 
 378      65642069 
 378      6E7400
 379              	.LASF18:
 380 0097 636F6E74 		.ascii	"control\000"
 380      726F6C00 
 381              	.LASF10:
 382 009f 646F7562 		.ascii	"double\000"
 382      6C6500
 383              	.LASF8:
 384 00a6 756E7369 		.ascii	"unsigned int\000"
 384      676E6564 
 384      20696E74 
 384      00
 385              	.LASF14:
 386 00b3 474E5520 		.ascii	"GNU C 4.8.4 20140526 (release) [ARM/embedded-4_8-br"
 386      4320342E 
 386      382E3420 
 386      32303134 
 386      30353236 
 387 00e6 616E6368 		.ascii	"anch revision 211358] -mcpu=cortex-m0 -mthumb -g -O"
 387      20726576 
 387      6973696F 
 387      6E203231 
 387      31333538 
 388 0119 30202D66 		.ascii	"0 -ffunction-sections\000"
 388      66756E63 
 388      74696F6E 
 388      2D736563 
 388      74696F6E 
 389              	.LASF17:
 390 012f 4C43445F 		.ascii	"LCD_Cntl_Port_Write\000"
 390      436E746C 
 390      5F506F72 
 390      745F5772 
 390      69746500 
 391              	.LASF6:
 392 0143 6C6F6E67 		.ascii	"long long int\000"
 392      206C6F6E 
 392      6720696E 
 392      7400
 393              	.LASF11:
 394 0151 63686172 		.ascii	"char\000"
 394      00
 395              	.LASF2:
 396 0156 73686F72 		.ascii	"short int\000"
 396      7420696E 
 396      7400
 397              	.LASF12:
 398 0160 75696E74 		.ascii	"uint8\000"
 398      3800
ARM GAS  C:\Users\Snufkin\AppData\Local\Temp\cc05EV3e.s 			page 10


 399              	.LASF15:
 400 0166 2E5C4765 		.ascii	".\\Generated_Source\\PSoC4\\LCD_Cntl_Port.c\000"
 400      6E657261 
 400      7465645F 
 400      536F7572 
 400      63655C50 
 401              	.LASF4:
 402 018f 6C6F6E67 		.ascii	"long int\000"
 402      20696E74 
 402      00
 403              	.LASF0:
 404 0198 7369676E 		.ascii	"signed char\000"
 404      65642063 
 404      68617200 
 405              	.LASF7:
 406 01a4 6C6F6E67 		.ascii	"long long unsigned int\000"
 406      206C6F6E 
 406      6720756E 
 406      7369676E 
 406      65642069 
 407              		.ident	"GCC: (GNU Tools for ARM Embedded Processors) 4.8.4 20140526 (release) [ARM/embedded-4_8-br
