ARM GAS  C:\Users\Snufkin\AppData\Local\Temp\ccdHed5r.s 			page 1


   1              		.cpu cortex-m0
   2              		.fpu softvfp
   3              		.eabi_attribute 20, 1
   4              		.eabi_attribute 21, 1
   5              		.eabi_attribute 23, 3
   6              		.eabi_attribute 24, 1
   7              		.eabi_attribute 25, 1
   8              		.eabi_attribute 26, 1
   9              		.eabi_attribute 30, 6
  10              		.eabi_attribute 34, 0
  11              		.eabi_attribute 18, 4
  12              		.code	16
  13              		.file	"menus.c"
  14              		.text
  15              	.Ltext0:
  16              		.cfi_sections	.debug_frame
  17              		.comm	target,2,2
  18              		.global	lightMax
  19              		.bss
  20              		.align	1
  21              		.type	lightMax, %object
  22              		.size	lightMax, 2
  23              	lightMax:
  24 0000 0000     		.space	2
  25              		.data
  26              		.type	currentMenu, %object
  27              		.size	currentMenu, 1
  28              	currentMenu:
  29 0000 03       		.byte	3
  30              		.type	oldMenu, %object
  31              		.size	oldMenu, 1
  32              	oldMenu:
  33 0001 03       		.byte	3
  34              		.section	.text.updateMenu,"ax",%progbits
  35              		.align	2
  36              		.global	updateMenu
  37              		.code	16
  38              		.thumb_func
  39              		.type	updateMenu, %function
  40              	updateMenu:
  41              	.LFB33:
  42              		.file 1 ".\\menus.c"
   1:.\menus.c     **** /* ========================================
   2:.\menus.c     ****  *
   3:.\menus.c     ****  * Copyright YOUR COMPANY, THE YEAR
   4:.\menus.c     ****  * All Rights Reserved
   5:.\menus.c     ****  * UNPUBLISHED, LICENSED SOFTWARE.
   6:.\menus.c     ****  *
   7:.\menus.c     ****  * CONFIDENTIAL AND PROPRIETARY INFORMATION
   8:.\menus.c     ****  * WHICH IS THE PROPERTY OF your company.
   9:.\menus.c     ****  *
  10:.\menus.c     ****  * ========================================
  11:.\menus.c     **** */
  12:.\menus.c     **** 
  13:.\menus.c     **** /* [] END OF FILE */
  14:.\menus.c     **** 
  15:.\menus.c     **** #include <project.h>
ARM GAS  C:\Users\Snufkin\AppData\Local\Temp\ccdHed5r.s 			page 2


  16:.\menus.c     **** #include "menus.h"
  17:.\menus.c     **** #include "keypad.h"
  18:.\menus.c     **** 
  19:.\menus.c     **** uint16 lightMax = 0;
  20:.\menus.c     **** static gui currentMenu = INITIAL;
  21:.\menus.c     **** static gui oldMenu = INITIAL;
  22:.\menus.c     **** 
  23:.\menus.c     **** void clearLine(uint8 row);
  24:.\menus.c     **** void drawMenu(gui);
  25:.\menus.c     **** 
  26:.\menus.c     **** int8 updateMenu(){
  43              		.loc 1 26 0
  44              		.cfi_startproc
  45 0000 90B5     		push	{r4, r7, lr}
  46              		.cfi_def_cfa_offset 12
  47              		.cfi_offset 4, -12
  48              		.cfi_offset 7, -8
  49              		.cfi_offset 14, -4
  50 0002 83B0     		sub	sp, sp, #12
  51              		.cfi_def_cfa_offset 24
  52 0004 00AF     		add	r7, sp, #0
  53              		.cfi_def_cfa_register 7
  27:.\menus.c     ****     BTN_states press = getButton();
  54              		.loc 1 27 0
  55 0006 FC1D     		add	r4, r7, #7
  56 0008 FFF7FEFF 		bl	getButton
  57 000c 031C     		mov	r3, r0
  58 000e 2370     		strb	r3, [r4]
  28:.\menus.c     ****     if (currentMenu == MAIN){
  59              		.loc 1 28 0
  60 0010 344B     		ldr	r3, .L15
  61 0012 1B78     		ldrb	r3, [r3]
  62 0014 002B     		cmp	r3, #0
  63 0016 0FD1     		bne	.L2
  29:.\menus.c     ****         if (press == DOWN){
  64              		.loc 1 29 0
  65 0018 FB1D     		add	r3, r7, #7
  66 001a 1B78     		ldrb	r3, [r3]
  67 001c 032B     		cmp	r3, #3
  68 001e 03D1     		bne	.L3
  30:.\menus.c     ****             currentMenu = CALIBRATION;
  69              		.loc 1 30 0
  70 0020 304B     		ldr	r3, .L15
  71 0022 0122     		mov	r2, #1
  72 0024 1A70     		strb	r2, [r3]
  73 0026 52E0     		b	.L5
  74              	.L3:
  31:.\menus.c     ****         }
  32:.\menus.c     ****         else if(press == UP){
  75              		.loc 1 32 0
  76 0028 FB1D     		add	r3, r7, #7
  77 002a 1B78     		ldrb	r3, [r3]
  78 002c 042B     		cmp	r3, #4
  79 002e 4ED1     		bne	.L5
  33:.\menus.c     ****             currentMenu = RESULTS;
  80              		.loc 1 33 0
  81 0030 2C4B     		ldr	r3, .L15
ARM GAS  C:\Users\Snufkin\AppData\Local\Temp\ccdHed5r.s 			page 3


  82 0032 0222     		mov	r2, #2
  83 0034 1A70     		strb	r2, [r3]
  84 0036 4AE0     		b	.L5
  85              	.L2:
  34:.\menus.c     ****         }
  35:.\menus.c     ****     }
  36:.\menus.c     ****     else if(currentMenu == CALIBRATION){
  86              		.loc 1 36 0
  87 0038 2A4B     		ldr	r3, .L15
  88 003a 1B78     		ldrb	r3, [r3]
  89 003c 012B     		cmp	r3, #1
  90 003e 2BD1     		bne	.L6
  37:.\menus.c     ****         if (press == DOWN){
  91              		.loc 1 37 0
  92 0040 FB1D     		add	r3, r7, #7
  93 0042 1B78     		ldrb	r3, [r3]
  94 0044 032B     		cmp	r3, #3
  95 0046 03D1     		bne	.L7
  38:.\menus.c     ****             currentMenu = RESULTS;
  96              		.loc 1 38 0
  97 0048 264B     		ldr	r3, .L15
  98 004a 0222     		mov	r2, #2
  99 004c 1A70     		strb	r2, [r3]
 100 004e 3EE0     		b	.L5
 101              	.L7:
  39:.\menus.c     ****         }
  40:.\menus.c     ****         else if(press == UP){
 102              		.loc 1 40 0
 103 0050 FB1D     		add	r3, r7, #7
 104 0052 1B78     		ldrb	r3, [r3]
 105 0054 042B     		cmp	r3, #4
 106 0056 03D1     		bne	.L9
  41:.\menus.c     ****             currentMenu = MAIN;
 107              		.loc 1 41 0
 108 0058 224B     		ldr	r3, .L15
 109 005a 0022     		mov	r2, #0
 110 005c 1A70     		strb	r2, [r3]
 111 005e 36E0     		b	.L5
 112              	.L9:
  42:.\menus.c     ****         }
  43:.\menus.c     ****         else if(press == RIGHT){
 113              		.loc 1 43 0
 114 0060 FB1D     		add	r3, r7, #7
 115 0062 1B78     		ldrb	r3, [r3]
 116 0064 052B     		cmp	r3, #5
 117 0066 09D1     		bne	.L10
  44:.\menus.c     ****             target++;
 118              		.loc 1 44 0
 119 0068 1F4B     		ldr	r3, .L15+4
 120 006a 1B88     		ldrh	r3, [r3]
 121 006c 0133     		add	r3, r3, #1
 122 006e 9AB2     		uxth	r2, r3
 123 0070 1D4B     		ldr	r3, .L15+4
 124 0072 1A80     		strh	r2, [r3]
  45:.\menus.c     ****             oldMenu = INITIAL;
 125              		.loc 1 45 0
 126 0074 1D4B     		ldr	r3, .L15+8
ARM GAS  C:\Users\Snufkin\AppData\Local\Temp\ccdHed5r.s 			page 4


 127 0076 0322     		mov	r2, #3
 128 0078 1A70     		strb	r2, [r3]
 129 007a 28E0     		b	.L5
 130              	.L10:
  46:.\menus.c     ****         }
  47:.\menus.c     ****         else if(press == LEFT){
 131              		.loc 1 47 0
 132 007c FB1D     		add	r3, r7, #7
 133 007e 1B78     		ldrb	r3, [r3]
 134 0080 022B     		cmp	r3, #2
 135 0082 24D1     		bne	.L5
  48:.\menus.c     ****             target--;
 136              		.loc 1 48 0
 137 0084 184B     		ldr	r3, .L15+4
 138 0086 1B88     		ldrh	r3, [r3]
 139 0088 013B     		sub	r3, r3, #1
 140 008a 9AB2     		uxth	r2, r3
 141 008c 164B     		ldr	r3, .L15+4
 142 008e 1A80     		strh	r2, [r3]
  49:.\menus.c     ****             oldMenu = INITIAL;
 143              		.loc 1 49 0
 144 0090 164B     		ldr	r3, .L15+8
 145 0092 0322     		mov	r2, #3
 146 0094 1A70     		strb	r2, [r3]
 147 0096 1AE0     		b	.L5
 148              	.L6:
  50:.\menus.c     ****         }
  51:.\menus.c     ****     }
  52:.\menus.c     ****     else if(currentMenu == RESULTS){
 149              		.loc 1 52 0
 150 0098 124B     		ldr	r3, .L15
 151 009a 1B78     		ldrb	r3, [r3]
 152 009c 022B     		cmp	r3, #2
 153 009e 0FD1     		bne	.L11
  53:.\menus.c     ****         if (press == DOWN){
 154              		.loc 1 53 0
 155 00a0 FB1D     		add	r3, r7, #7
 156 00a2 1B78     		ldrb	r3, [r3]
 157 00a4 032B     		cmp	r3, #3
 158 00a6 03D1     		bne	.L12
  54:.\menus.c     ****             currentMenu = MAIN;
 159              		.loc 1 54 0
 160 00a8 0E4B     		ldr	r3, .L15
 161 00aa 0022     		mov	r2, #0
 162 00ac 1A70     		strb	r2, [r3]
 163 00ae 0EE0     		b	.L5
 164              	.L12:
  55:.\menus.c     ****         }
  56:.\menus.c     ****         else if(press == UP){
 165              		.loc 1 56 0
 166 00b0 FB1D     		add	r3, r7, #7
 167 00b2 1B78     		ldrb	r3, [r3]
 168 00b4 042B     		cmp	r3, #4
 169 00b6 0AD1     		bne	.L5
  57:.\menus.c     ****             currentMenu = CALIBRATION;
 170              		.loc 1 57 0
 171 00b8 0A4B     		ldr	r3, .L15
ARM GAS  C:\Users\Snufkin\AppData\Local\Temp\ccdHed5r.s 			page 5


 172 00ba 0122     		mov	r2, #1
 173 00bc 1A70     		strb	r2, [r3]
 174 00be 06E0     		b	.L5
 175              	.L11:
  58:.\menus.c     ****         }
  59:.\menus.c     ****     }
  60:.\menus.c     ****     else if(currentMenu == INITIAL){
 176              		.loc 1 60 0
 177 00c0 084B     		ldr	r3, .L15
 178 00c2 1B78     		ldrb	r3, [r3]
 179 00c4 032B     		cmp	r3, #3
 180 00c6 02D1     		bne	.L5
  61:.\menus.c     ****         currentMenu = MAIN;
 181              		.loc 1 61 0
 182 00c8 064B     		ldr	r3, .L15
 183 00ca 0022     		mov	r2, #0
 184 00cc 1A70     		strb	r2, [r3]
 185              	.L5:
  62:.\menus.c     ****     }
  63:.\menus.c     ****     
  64:.\menus.c     ****     drawMenu(currentMenu);
 186              		.loc 1 64 0
 187 00ce 054B     		ldr	r3, .L15
 188 00d0 1B78     		ldrb	r3, [r3]
 189 00d2 181C     		mov	r0, r3
 190 00d4 FFF7FEFF 		bl	drawMenu
  65:.\menus.c     ****     return 0;
 191              		.loc 1 65 0
 192 00d8 0023     		mov	r3, #0
 193 00da 5BB2     		sxtb	r3, r3
  66:.\menus.c     **** }
 194              		.loc 1 66 0
 195 00dc 181C     		mov	r0, r3
 196 00de BD46     		mov	sp, r7
 197 00e0 03B0     		add	sp, sp, #12
 198              		@ sp needed
 199 00e2 90BD     		pop	{r4, r7, pc}
 200              	.L16:
 201              		.align	2
 202              	.L15:
 203 00e4 00000000 		.word	currentMenu
 204 00e8 00000000 		.word	target
 205 00ec 01000000 		.word	oldMenu
 206              		.cfi_endproc
 207              	.LFE33:
 208              		.size	updateMenu, .-updateMenu
 209              		.section	.rodata
 210              		.align	2
 211              	.LC4:
 212 0000 20202020 		.ascii	"    <MAIN>     \000"
 212      3C4D4149 
 212      4E3E2020 
 212      20202000 
 213              		.align	2
 214              	.LC7:
 215 0010 4D61783A 		.ascii	"Max: \000"
 215      2000
ARM GAS  C:\Users\Snufkin\AppData\Local\Temp\ccdHed5r.s 			page 6


 216 0016 0000     		.align	2
 217              	.LC9:
 218 0018 203C4341 		.ascii	" <CALIBRATION>  \000"
 218      4C494252 
 218      4154494F 
 218      4E3E2020 
 218      00
 219 0029 000000   		.align	2
 220              	.LC11:
 221 002c 74617267 		.ascii	"target: \000"
 221      65743A20 
 221      00
 222 0035 000000   		.align	2
 223              	.LC14:
 224 0038 2020203C 		.ascii	"   <RESULTS>    \000"
 224      52455355 
 224      4C54533E 
 224      20202020 
 224      00
 225 0049 000000   		.align	2
 226              	.LC16:
 227 004c 6C617374 		.ascii	"last timing: \000"
 227      2074696D 
 227      696E673A 
 227      2000
 228              		.section	.text.drawMenu,"ax",%progbits
 229              		.align	2
 230              		.global	drawMenu
 231              		.code	16
 232              		.thumb_func
 233              		.type	drawMenu, %function
 234              	drawMenu:
 235              	.LFB34:
  67:.\menus.c     **** 
  68:.\menus.c     **** void drawMenu(gui menu){
 236              		.loc 1 68 0
 237              		.cfi_startproc
 238 0000 90B5     		push	{r4, r7, lr}
 239              		.cfi_def_cfa_offset 12
 240              		.cfi_offset 4, -12
 241              		.cfi_offset 7, -8
 242              		.cfi_offset 14, -4
 243 0002 85B0     		sub	sp, sp, #20
 244              		.cfi_def_cfa_offset 32
 245 0004 00AF     		add	r7, sp, #0
 246              		.cfi_def_cfa_register 7
 247 0006 021C     		mov	r2, r0
 248 0008 FB1D     		add	r3, r7, #7
 249 000a 1A70     		strb	r2, [r3]
  69:.\menus.c     ****     if (menu == MAIN){
 250              		.loc 1 69 0
 251 000c FB1D     		add	r3, r7, #7
 252 000e 1B78     		ldrb	r3, [r3]
 253 0010 002B     		cmp	r3, #0
 254 0012 34D1     		bne	.L18
 255              	.LBB2:
  70:.\menus.c     ****         int16 temp = ADC_GetResult16(0);
ARM GAS  C:\Users\Snufkin\AppData\Local\Temp\ccdHed5r.s 			page 7


 256              		.loc 1 70 0
 257 0014 3C1C     		mov	r4, r7
 258 0016 0E34     		add	r4, r4, #14
 259 0018 0020     		mov	r0, #0
 260 001a FFF7FEFF 		bl	ADC_GetResult16
 261 001e 031C     		mov	r3, r0
 262 0020 2380     		strh	r3, [r4]
  71:.\menus.c     ****         
  72:.\menus.c     ****         if(menu != oldMenu){
 263              		.loc 1 72 0
 264 0022 3C4B     		ldr	r3, .L26
 265 0024 1B78     		ldrb	r3, [r3]
 266 0026 FA1D     		add	r2, r7, #7
 267 0028 1278     		ldrb	r2, [r2]
 268 002a 9A42     		cmp	r2, r3
 269 002c 06D0     		beq	.L19
  73:.\menus.c     ****             clearLine(0);
 270              		.loc 1 73 0
 271 002e 0020     		mov	r0, #0
 272 0030 FFF7FEFF 		bl	clearLine
  74:.\menus.c     ****             LCD_PrintString("    <MAIN>     ");
 273              		.loc 1 74 0
 274 0034 384B     		ldr	r3, .L26+4
 275 0036 181C     		mov	r0, r3
 276 0038 FFF7FEFF 		bl	LCD_PrintString
 277              	.L19:
  75:.\menus.c     ****         }        
  76:.\menus.c     **** 
  77:.\menus.c     ****         if (temp > lightMax || menu != oldMenu){
 278              		.loc 1 77 0
 279 003c 3B1C     		mov	r3, r7
 280 003e 0E33     		add	r3, r3, #14
 281 0040 0021     		mov	r1, #0
 282 0042 5A5E     		ldrsh	r2, [r3, r1]
 283 0044 354B     		ldr	r3, .L26+8
 284 0046 1B88     		ldrh	r3, [r3]
 285 0048 9A42     		cmp	r2, r3
 286 004a 05DC     		bgt	.L20
 287              		.loc 1 77 0 is_stmt 0 discriminator 1
 288 004c 314B     		ldr	r3, .L26
 289 004e 1B78     		ldrb	r3, [r3]
 290 0050 FA1D     		add	r2, r7, #7
 291 0052 1278     		ldrb	r2, [r2]
 292 0054 9A42     		cmp	r2, r3
 293 0056 11D0     		beq	.L21
 294              	.L20:
  78:.\menus.c     ****             lightMax = temp;
 295              		.loc 1 78 0 is_stmt 1
 296 0058 3B1C     		mov	r3, r7
 297 005a 0E33     		add	r3, r3, #14
 298 005c 1A88     		ldrh	r2, [r3]
 299 005e 2F4B     		ldr	r3, .L26+8
 300 0060 1A80     		strh	r2, [r3]
  79:.\menus.c     ****             clearLine(1);
 301              		.loc 1 79 0
 302 0062 0120     		mov	r0, #1
 303 0064 FFF7FEFF 		bl	clearLine
ARM GAS  C:\Users\Snufkin\AppData\Local\Temp\ccdHed5r.s 			page 8


  80:.\menus.c     ****             LCD_PrintString("Max: ");
 304              		.loc 1 80 0
 305 0068 2D4B     		ldr	r3, .L26+12
 306 006a 181C     		mov	r0, r3
 307 006c FFF7FEFF 		bl	LCD_PrintString
  81:.\menus.c     ****             LCD_PrintNumber(lightMax);
 308              		.loc 1 81 0
 309 0070 2A4B     		ldr	r3, .L26+8
 310 0072 1B88     		ldrh	r3, [r3]
 311 0074 181C     		mov	r0, r3
 312 0076 FFF7FEFF 		bl	LCD_PrintNumber
 313              	.LBE2:
 314 007a 41E0     		b	.L22
 315              	.L21:
 316 007c 40E0     		b	.L22
 317              	.L18:
  82:.\menus.c     ****         }
  83:.\menus.c     ****     }
  84:.\menus.c     ****     else if(menu == CALIBRATION){
 318              		.loc 1 84 0
 319 007e FB1D     		add	r3, r7, #7
 320 0080 1B78     		ldrb	r3, [r3]
 321 0082 012B     		cmp	r3, #1
 322 0084 1DD1     		bne	.L23
  85:.\menus.c     ****         if(menu != oldMenu){
 323              		.loc 1 85 0
 324 0086 234B     		ldr	r3, .L26
 325 0088 1B78     		ldrb	r3, [r3]
 326 008a FA1D     		add	r2, r7, #7
 327 008c 1278     		ldrb	r2, [r2]
 328 008e 9A42     		cmp	r2, r3
 329 0090 0DD0     		beq	.L24
  86:.\menus.c     ****             clearLine(0);
 330              		.loc 1 86 0
 331 0092 0020     		mov	r0, #0
 332 0094 FFF7FEFF 		bl	clearLine
  87:.\menus.c     ****             LCD_PrintString(" <CALIBRATION>  ");
 333              		.loc 1 87 0
 334 0098 224B     		ldr	r3, .L26+16
 335 009a 181C     		mov	r0, r3
 336 009c FFF7FEFF 		bl	LCD_PrintString
  88:.\menus.c     ****             clearLine(1);
 337              		.loc 1 88 0
 338 00a0 0120     		mov	r0, #1
 339 00a2 FFF7FEFF 		bl	clearLine
  89:.\menus.c     ****             LCD_PrintString("target: ");
 340              		.loc 1 89 0
 341 00a6 204B     		ldr	r3, .L26+20
 342 00a8 181C     		mov	r0, r3
 343 00aa FFF7FEFF 		bl	LCD_PrintString
 344              	.L24:
  90:.\menus.c     ****         }
  91:.\menus.c     ****         LCD_Position(1,8);
 345              		.loc 1 91 0
 346 00ae 0120     		mov	r0, #1
 347 00b0 0821     		mov	r1, #8
 348 00b2 FFF7FEFF 		bl	LCD_Position
ARM GAS  C:\Users\Snufkin\AppData\Local\Temp\ccdHed5r.s 			page 9


  92:.\menus.c     ****         LCD_PrintNumber(target);
 349              		.loc 1 92 0
 350 00b6 1D4B     		ldr	r3, .L26+24
 351 00b8 1B88     		ldrh	r3, [r3]
 352 00ba 181C     		mov	r0, r3
 353 00bc FFF7FEFF 		bl	LCD_PrintNumber
 354 00c0 1EE0     		b	.L22
 355              	.L23:
  93:.\menus.c     ****     }
  94:.\menus.c     ****     else if(menu == RESULTS){
 356              		.loc 1 94 0
 357 00c2 FB1D     		add	r3, r7, #7
 358 00c4 1B78     		ldrb	r3, [r3]
 359 00c6 022B     		cmp	r3, #2
 360 00c8 1AD1     		bne	.L22
  95:.\menus.c     ****         if(menu != oldMenu){
 361              		.loc 1 95 0
 362 00ca 124B     		ldr	r3, .L26
 363 00cc 1B78     		ldrb	r3, [r3]
 364 00ce FA1D     		add	r2, r7, #7
 365 00d0 1278     		ldrb	r2, [r2]
 366 00d2 9A42     		cmp	r2, r3
 367 00d4 0DD0     		beq	.L25
  96:.\menus.c     ****             clearLine(0);
 368              		.loc 1 96 0
 369 00d6 0020     		mov	r0, #0
 370 00d8 FFF7FEFF 		bl	clearLine
  97:.\menus.c     ****             LCD_PrintString("   <RESULTS>    ");
 371              		.loc 1 97 0
 372 00dc 144B     		ldr	r3, .L26+28
 373 00de 181C     		mov	r0, r3
 374 00e0 FFF7FEFF 		bl	LCD_PrintString
  98:.\menus.c     ****             clearLine(1);
 375              		.loc 1 98 0
 376 00e4 0120     		mov	r0, #1
 377 00e6 FFF7FEFF 		bl	clearLine
  99:.\menus.c     ****             LCD_PrintString("last timing: ");
 378              		.loc 1 99 0
 379 00ea 124B     		ldr	r3, .L26+32
 380 00ec 181C     		mov	r0, r3
 381 00ee FFF7FEFF 		bl	LCD_PrintString
 382              	.L25:
 100:.\menus.c     ****         }
 101:.\menus.c     ****         LCD_Position(1,13);
 383              		.loc 1 101 0
 384 00f2 0120     		mov	r0, #1
 385 00f4 0D21     		mov	r1, #13
 386 00f6 FFF7FEFF 		bl	LCD_Position
 102:.\menus.c     ****         LCD_PrintNumber(123);
 387              		.loc 1 102 0
 388 00fa 7B20     		mov	r0, #123
 389 00fc FFF7FEFF 		bl	LCD_PrintNumber
 390              	.L22:
 103:.\menus.c     ****     }
 104:.\menus.c     ****     
 105:.\menus.c     ****     oldMenu = menu;
 391              		.loc 1 105 0
ARM GAS  C:\Users\Snufkin\AppData\Local\Temp\ccdHed5r.s 			page 10


 392 0100 044B     		ldr	r3, .L26
 393 0102 FA1D     		add	r2, r7, #7
 394 0104 1278     		ldrb	r2, [r2]
 395 0106 1A70     		strb	r2, [r3]
 106:.\menus.c     ****     CyDelay(15);
 396              		.loc 1 106 0
 397 0108 0F20     		mov	r0, #15
 398 010a FFF7FEFF 		bl	CyDelay
 107:.\menus.c     **** }
 399              		.loc 1 107 0
 400 010e BD46     		mov	sp, r7
 401 0110 05B0     		add	sp, sp, #20
 402              		@ sp needed
 403 0112 90BD     		pop	{r4, r7, pc}
 404              	.L27:
 405              		.align	2
 406              	.L26:
 407 0114 01000000 		.word	oldMenu
 408 0118 00000000 		.word	.LC4
 409 011c 00000000 		.word	lightMax
 410 0120 10000000 		.word	.LC7
 411 0124 18000000 		.word	.LC9
 412 0128 2C000000 		.word	.LC11
 413 012c 00000000 		.word	target
 414 0130 38000000 		.word	.LC14
 415 0134 4C000000 		.word	.LC16
 416              		.cfi_endproc
 417              	.LFE34:
 418              		.size	drawMenu, .-drawMenu
 419              		.section	.rodata
 420 005a 0000     		.align	2
 421              	.LC18:
 422 005c 20202020 		.ascii	"                \000"
 422      20202020 
 422      20202020 
 422      20202020 
 422      00
 423 006d 000000   		.section	.text.clearLine,"ax",%progbits
 424              		.align	2
 425              		.global	clearLine
 426              		.code	16
 427              		.thumb_func
 428              		.type	clearLine, %function
 429              	clearLine:
 430              	.LFB35:
 108:.\menus.c     **** 
 109:.\menus.c     **** void clearLine(uint8 row){
 431              		.loc 1 109 0
 432              		.cfi_startproc
 433 0000 80B5     		push	{r7, lr}
 434              		.cfi_def_cfa_offset 8
 435              		.cfi_offset 7, -8
 436              		.cfi_offset 14, -4
 437 0002 82B0     		sub	sp, sp, #8
 438              		.cfi_def_cfa_offset 16
 439 0004 00AF     		add	r7, sp, #0
 440              		.cfi_def_cfa_register 7
ARM GAS  C:\Users\Snufkin\AppData\Local\Temp\ccdHed5r.s 			page 11


 441 0006 021C     		mov	r2, r0
 442 0008 FB1D     		add	r3, r7, #7
 443 000a 1A70     		strb	r2, [r3]
 110:.\menus.c     ****     LCD_Position(row,0);
 444              		.loc 1 110 0
 445 000c FB1D     		add	r3, r7, #7
 446 000e 1B78     		ldrb	r3, [r3]
 447 0010 181C     		mov	r0, r3
 448 0012 0021     		mov	r1, #0
 449 0014 FFF7FEFF 		bl	LCD_Position
 111:.\menus.c     ****     LCD_PrintString("                ");
 450              		.loc 1 111 0
 451 0018 064B     		ldr	r3, .L29
 452 001a 181C     		mov	r0, r3
 453 001c FFF7FEFF 		bl	LCD_PrintString
 112:.\menus.c     ****     LCD_Position(row,0);
 454              		.loc 1 112 0
 455 0020 FB1D     		add	r3, r7, #7
 456 0022 1B78     		ldrb	r3, [r3]
 457 0024 181C     		mov	r0, r3
 458 0026 0021     		mov	r1, #0
 459 0028 FFF7FEFF 		bl	LCD_Position
 113:.\menus.c     **** }
 460              		.loc 1 113 0
 461 002c BD46     		mov	sp, r7
 462 002e 02B0     		add	sp, sp, #8
 463              		@ sp needed
 464 0030 80BD     		pop	{r7, pc}
 465              	.L30:
 466 0032 C046     		.align	2
 467              	.L29:
 468 0034 5C000000 		.word	.LC18
 469              		.cfi_endproc
 470              	.LFE35:
 471              		.size	clearLine, .-clearLine
 472              		.text
 473              	.Letext0:
 474              		.file 2 ".\\Generated_Source\\PSoC4/cytypes.h"
 475              		.file 3 ".\\menus.h"
 476              		.file 4 ".\\keypad.h"
 477              		.section	.debug_info,"",%progbits
 478              	.Ldebug_info0:
 479 0000 DF010000 		.4byte	0x1df
 480 0004 0400     		.2byte	0x4
 481 0006 00000000 		.4byte	.Ldebug_abbrev0
 482 000a 04       		.byte	0x4
 483 000b 01       		.uleb128 0x1
 484 000c 93000000 		.4byte	.LASF37
 485 0010 01       		.byte	0x1
 486 0011 53010000 		.4byte	.LASF38
 487 0015 1B000000 		.4byte	.LASF39
 488 0019 00000000 		.4byte	.Ldebug_ranges0+0
 489 001d 00000000 		.4byte	0
 490 0021 00000000 		.4byte	.Ldebug_line0
 491 0025 02       		.uleb128 0x2
 492 0026 01       		.byte	0x1
 493 0027 06       		.byte	0x6
ARM GAS  C:\Users\Snufkin\AppData\Local\Temp\ccdHed5r.s 			page 12


 494 0028 16020000 		.4byte	.LASF0
 495 002c 02       		.uleb128 0x2
 496 002d 01       		.byte	0x1
 497 002e 08       		.byte	0x8
 498 002f 22010000 		.4byte	.LASF1
 499 0033 02       		.uleb128 0x2
 500 0034 02       		.byte	0x2
 501 0035 05       		.byte	0x5
 502 0036 FB010000 		.4byte	.LASF2
 503 003a 02       		.uleb128 0x2
 504 003b 02       		.byte	0x2
 505 003c 07       		.byte	0x7
 506 003d 61000000 		.4byte	.LASF3
 507 0041 02       		.uleb128 0x2
 508 0042 04       		.byte	0x4
 509 0043 05       		.byte	0x5
 510 0044 0D020000 		.4byte	.LASF4
 511 0048 02       		.uleb128 0x2
 512 0049 04       		.byte	0x4
 513 004a 07       		.byte	0x7
 514 004b 36010000 		.4byte	.LASF5
 515 004f 02       		.uleb128 0x2
 516 0050 08       		.byte	0x8
 517 0051 05       		.byte	0x5
 518 0052 D2010000 		.4byte	.LASF6
 519 0056 02       		.uleb128 0x2
 520 0057 08       		.byte	0x8
 521 0058 07       		.byte	0x7
 522 0059 A3010000 		.4byte	.LASF7
 523 005d 03       		.uleb128 0x3
 524 005e 04       		.byte	0x4
 525 005f 05       		.byte	0x5
 526 0060 696E7400 		.ascii	"int\000"
 527 0064 02       		.uleb128 0x2
 528 0065 04       		.byte	0x4
 529 0066 07       		.byte	0x7
 530 0067 96010000 		.4byte	.LASF8
 531 006b 04       		.uleb128 0x4
 532 006c 4D010000 		.4byte	.LASF9
 533 0070 02       		.byte	0x2
 534 0071 A1       		.byte	0xa1
 535 0072 2C000000 		.4byte	0x2c
 536 0076 04       		.uleb128 0x4
 537 0077 8A010000 		.4byte	.LASF10
 538 007b 02       		.byte	0x2
 539 007c A2       		.byte	0xa2
 540 007d 3A000000 		.4byte	0x3a
 541 0081 04       		.uleb128 0x4
 542 0082 91010000 		.4byte	.LASF11
 543 0086 02       		.byte	0x2
 544 0087 A4       		.byte	0xa4
 545 0088 25000000 		.4byte	0x25
 546 008c 04       		.uleb128 0x4
 547 008d 30010000 		.4byte	.LASF12
 548 0091 02       		.byte	0x2
 549 0092 A5       		.byte	0xa5
 550 0093 33000000 		.4byte	0x33
ARM GAS  C:\Users\Snufkin\AppData\Local\Temp\ccdHed5r.s 			page 13


 551 0097 02       		.uleb128 0x2
 552 0098 04       		.byte	0x4
 553 0099 04       		.byte	0x4
 554 009a 8D000000 		.4byte	.LASF13
 555 009e 02       		.uleb128 0x2
 556 009f 08       		.byte	0x8
 557 00a0 04       		.byte	0x4
 558 00a1 69010000 		.4byte	.LASF14
 559 00a5 02       		.uleb128 0x2
 560 00a6 01       		.byte	0x1
 561 00a7 08       		.byte	0x8
 562 00a8 E0010000 		.4byte	.LASF15
 563 00ac 02       		.uleb128 0x2
 564 00ad 04       		.byte	0x4
 565 00ae 07       		.byte	0x7
 566 00af C9010000 		.4byte	.LASF16
 567 00b3 05       		.uleb128 0x5
 568 00b4 01       		.byte	0x1
 569 00b5 03       		.byte	0x3
 570 00b6 17       		.byte	0x17
 571 00b7 D4000000 		.4byte	0xd4
 572 00bb 06       		.uleb128 0x6
 573 00bc 70010000 		.4byte	.LASF17
 574 00c0 00       		.sleb128 0
 575 00c1 06       		.uleb128 0x6
 576 00c2 16010000 		.4byte	.LASF18
 577 00c6 01       		.sleb128 1
 578 00c7 06       		.uleb128 0x6
 579 00c8 05020000 		.4byte	.LASF19
 580 00cc 02       		.sleb128 2
 581 00cd 06       		.uleb128 0x6
 582 00ce 74000000 		.4byte	.LASF20
 583 00d2 03       		.sleb128 3
 584 00d3 00       		.byte	0
 585 00d4 07       		.uleb128 0x7
 586 00d5 67756900 		.ascii	"gui\000"
 587 00d9 03       		.byte	0x3
 588 00da 17       		.byte	0x17
 589 00db B3000000 		.4byte	0xb3
 590 00df 05       		.uleb128 0x5
 591 00e0 01       		.byte	0x1
 592 00e1 04       		.byte	0x4
 593 00e2 0F       		.byte	0xf
 594 00e3 0B010000 		.4byte	0x10b
 595 00e7 06       		.uleb128 0x6
 596 00e8 7C000000 		.4byte	.LASF21
 597 00ec 00       		.sleb128 0
 598 00ed 06       		.uleb128 0x6
 599 00ee 0F010000 		.4byte	.LASF22
 600 00f2 01       		.sleb128 1
 601 00f3 06       		.uleb128 0x6
 602 00f4 16000000 		.4byte	.LASF23
 603 00f8 02       		.sleb128 2
 604 00f9 06       		.uleb128 0x6
 605 00fa F6010000 		.4byte	.LASF24
 606 00fe 03       		.sleb128 3
 607 00ff 08       		.uleb128 0x8
ARM GAS  C:\Users\Snufkin\AppData\Local\Temp\ccdHed5r.s 			page 14


 608 0100 555000   		.ascii	"UP\000"
 609 0103 04       		.sleb128 4
 610 0104 06       		.uleb128 0x6
 611 0105 BA010000 		.4byte	.LASF25
 612 0109 05       		.sleb128 5
 613 010a 00       		.byte	0
 614 010b 04       		.uleb128 0x4
 615 010c 0B000000 		.4byte	.LASF26
 616 0110 04       		.byte	0x4
 617 0111 0F       		.byte	0xf
 618 0112 DF000000 		.4byte	0xdf
 619 0116 09       		.uleb128 0x9
 620 0117 7F010000 		.4byte	.LASF27
 621 011b 01       		.byte	0x1
 622 011c 1A       		.byte	0x1a
 623 011d 81000000 		.4byte	0x81
 624 0121 00000000 		.4byte	.LFB33
 625 0125 F0000000 		.4byte	.LFE33-.LFB33
 626 0129 01       		.uleb128 0x1
 627 012a 9C       		.byte	0x9c
 628 012b 3E010000 		.4byte	0x13e
 629 012f 0A       		.uleb128 0xa
 630 0130 05000000 		.4byte	.LASF29
 631 0134 01       		.byte	0x1
 632 0135 1B       		.byte	0x1b
 633 0136 0B010000 		.4byte	0x10b
 634 013a 02       		.uleb128 0x2
 635 013b 91       		.byte	0x91
 636 013c 6F       		.sleb128 -17
 637 013d 00       		.byte	0
 638 013e 0B       		.uleb128 0xb
 639 013f C0010000 		.4byte	.LASF28
 640 0143 01       		.byte	0x1
 641 0144 44       		.byte	0x44
 642 0145 00000000 		.4byte	.LFB34
 643 0149 38010000 		.4byte	.LFE34-.LFB34
 644 014d 01       		.uleb128 0x1
 645 014e 9C       		.byte	0x9c
 646 014f 7A010000 		.4byte	0x17a
 647 0153 0C       		.uleb128 0xc
 648 0154 00000000 		.4byte	.LASF32
 649 0158 01       		.byte	0x1
 650 0159 44       		.byte	0x44
 651 015a D4000000 		.4byte	0xd4
 652 015e 02       		.uleb128 0x2
 653 015f 91       		.byte	0x91
 654 0160 67       		.sleb128 -25
 655 0161 0D       		.uleb128 0xd
 656 0162 14000000 		.4byte	.LBB2
 657 0166 66000000 		.4byte	.LBE2-.LBB2
 658 016a 0A       		.uleb128 0xa
 659 016b 48010000 		.4byte	.LASF30
 660 016f 01       		.byte	0x1
 661 0170 46       		.byte	0x46
 662 0171 8C000000 		.4byte	0x8c
 663 0175 02       		.uleb128 0x2
 664 0176 91       		.byte	0x91
ARM GAS  C:\Users\Snufkin\AppData\Local\Temp\ccdHed5r.s 			page 15


 665 0177 6E       		.sleb128 -18
 666 0178 00       		.byte	0
 667 0179 00       		.byte	0
 668 017a 0B       		.uleb128 0xb
 669 017b 75010000 		.4byte	.LASF31
 670 017f 01       		.byte	0x1
 671 0180 6D       		.byte	0x6d
 672 0181 00000000 		.4byte	.LFB35
 673 0185 38000000 		.4byte	.LFE35-.LFB35
 674 0189 01       		.uleb128 0x1
 675 018a 9C       		.byte	0x9c
 676 018b 9E010000 		.4byte	0x19e
 677 018f 0E       		.uleb128 0xe
 678 0190 726F7700 		.ascii	"row\000"
 679 0194 01       		.byte	0x1
 680 0195 6D       		.byte	0x6d
 681 0196 6B000000 		.4byte	0x6b
 682 019a 02       		.uleb128 0x2
 683 019b 91       		.byte	0x91
 684 019c 77       		.sleb128 -9
 685 019d 00       		.byte	0
 686 019e 0A       		.uleb128 0xa
 687 019f 5D010000 		.4byte	.LASF33
 688 01a3 01       		.byte	0x1
 689 01a4 14       		.byte	0x14
 690 01a5 D4000000 		.4byte	0xd4
 691 01a9 05       		.uleb128 0x5
 692 01aa 03       		.byte	0x3
 693 01ab 00000000 		.4byte	currentMenu
 694 01af 0A       		.uleb128 0xa
 695 01b0 E5010000 		.4byte	.LASF34
 696 01b4 01       		.byte	0x1
 697 01b5 15       		.byte	0x15
 698 01b6 D4000000 		.4byte	0xd4
 699 01ba 05       		.uleb128 0x5
 700 01bb 03       		.byte	0x3
 701 01bc 01000000 		.4byte	oldMenu
 702 01c0 0F       		.uleb128 0xf
 703 01c1 86000000 		.4byte	.LASF35
 704 01c5 03       		.byte	0x3
 705 01c6 13       		.byte	0x13
 706 01c7 76000000 		.4byte	0x76
 707 01cb 05       		.uleb128 0x5
 708 01cc 03       		.byte	0x3
 709 01cd 00000000 		.4byte	target
 710 01d1 0F       		.uleb128 0xf
 711 01d2 ED010000 		.4byte	.LASF36
 712 01d6 01       		.byte	0x1
 713 01d7 13       		.byte	0x13
 714 01d8 76000000 		.4byte	0x76
 715 01dc 05       		.uleb128 0x5
 716 01dd 03       		.byte	0x3
 717 01de 00000000 		.4byte	lightMax
 718 01e2 00       		.byte	0
 719              		.section	.debug_abbrev,"",%progbits
 720              	.Ldebug_abbrev0:
 721 0000 01       		.uleb128 0x1
ARM GAS  C:\Users\Snufkin\AppData\Local\Temp\ccdHed5r.s 			page 16


 722 0001 11       		.uleb128 0x11
 723 0002 01       		.byte	0x1
 724 0003 25       		.uleb128 0x25
 725 0004 0E       		.uleb128 0xe
 726 0005 13       		.uleb128 0x13
 727 0006 0B       		.uleb128 0xb
 728 0007 03       		.uleb128 0x3
 729 0008 0E       		.uleb128 0xe
 730 0009 1B       		.uleb128 0x1b
 731 000a 0E       		.uleb128 0xe
 732 000b 55       		.uleb128 0x55
 733 000c 17       		.uleb128 0x17
 734 000d 11       		.uleb128 0x11
 735 000e 01       		.uleb128 0x1
 736 000f 10       		.uleb128 0x10
 737 0010 17       		.uleb128 0x17
 738 0011 00       		.byte	0
 739 0012 00       		.byte	0
 740 0013 02       		.uleb128 0x2
 741 0014 24       		.uleb128 0x24
 742 0015 00       		.byte	0
 743 0016 0B       		.uleb128 0xb
 744 0017 0B       		.uleb128 0xb
 745 0018 3E       		.uleb128 0x3e
 746 0019 0B       		.uleb128 0xb
 747 001a 03       		.uleb128 0x3
 748 001b 0E       		.uleb128 0xe
 749 001c 00       		.byte	0
 750 001d 00       		.byte	0
 751 001e 03       		.uleb128 0x3
 752 001f 24       		.uleb128 0x24
 753 0020 00       		.byte	0
 754 0021 0B       		.uleb128 0xb
 755 0022 0B       		.uleb128 0xb
 756 0023 3E       		.uleb128 0x3e
 757 0024 0B       		.uleb128 0xb
 758 0025 03       		.uleb128 0x3
 759 0026 08       		.uleb128 0x8
 760 0027 00       		.byte	0
 761 0028 00       		.byte	0
 762 0029 04       		.uleb128 0x4
 763 002a 16       		.uleb128 0x16
 764 002b 00       		.byte	0
 765 002c 03       		.uleb128 0x3
 766 002d 0E       		.uleb128 0xe
 767 002e 3A       		.uleb128 0x3a
 768 002f 0B       		.uleb128 0xb
 769 0030 3B       		.uleb128 0x3b
 770 0031 0B       		.uleb128 0xb
 771 0032 49       		.uleb128 0x49
 772 0033 13       		.uleb128 0x13
 773 0034 00       		.byte	0
 774 0035 00       		.byte	0
 775 0036 05       		.uleb128 0x5
 776 0037 04       		.uleb128 0x4
 777 0038 01       		.byte	0x1
 778 0039 0B       		.uleb128 0xb
ARM GAS  C:\Users\Snufkin\AppData\Local\Temp\ccdHed5r.s 			page 17


 779 003a 0B       		.uleb128 0xb
 780 003b 3A       		.uleb128 0x3a
 781 003c 0B       		.uleb128 0xb
 782 003d 3B       		.uleb128 0x3b
 783 003e 0B       		.uleb128 0xb
 784 003f 01       		.uleb128 0x1
 785 0040 13       		.uleb128 0x13
 786 0041 00       		.byte	0
 787 0042 00       		.byte	0
 788 0043 06       		.uleb128 0x6
 789 0044 28       		.uleb128 0x28
 790 0045 00       		.byte	0
 791 0046 03       		.uleb128 0x3
 792 0047 0E       		.uleb128 0xe
 793 0048 1C       		.uleb128 0x1c
 794 0049 0D       		.uleb128 0xd
 795 004a 00       		.byte	0
 796 004b 00       		.byte	0
 797 004c 07       		.uleb128 0x7
 798 004d 16       		.uleb128 0x16
 799 004e 00       		.byte	0
 800 004f 03       		.uleb128 0x3
 801 0050 08       		.uleb128 0x8
 802 0051 3A       		.uleb128 0x3a
 803 0052 0B       		.uleb128 0xb
 804 0053 3B       		.uleb128 0x3b
 805 0054 0B       		.uleb128 0xb
 806 0055 49       		.uleb128 0x49
 807 0056 13       		.uleb128 0x13
 808 0057 00       		.byte	0
 809 0058 00       		.byte	0
 810 0059 08       		.uleb128 0x8
 811 005a 28       		.uleb128 0x28
 812 005b 00       		.byte	0
 813 005c 03       		.uleb128 0x3
 814 005d 08       		.uleb128 0x8
 815 005e 1C       		.uleb128 0x1c
 816 005f 0D       		.uleb128 0xd
 817 0060 00       		.byte	0
 818 0061 00       		.byte	0
 819 0062 09       		.uleb128 0x9
 820 0063 2E       		.uleb128 0x2e
 821 0064 01       		.byte	0x1
 822 0065 3F       		.uleb128 0x3f
 823 0066 19       		.uleb128 0x19
 824 0067 03       		.uleb128 0x3
 825 0068 0E       		.uleb128 0xe
 826 0069 3A       		.uleb128 0x3a
 827 006a 0B       		.uleb128 0xb
 828 006b 3B       		.uleb128 0x3b
 829 006c 0B       		.uleb128 0xb
 830 006d 49       		.uleb128 0x49
 831 006e 13       		.uleb128 0x13
 832 006f 11       		.uleb128 0x11
 833 0070 01       		.uleb128 0x1
 834 0071 12       		.uleb128 0x12
 835 0072 06       		.uleb128 0x6
ARM GAS  C:\Users\Snufkin\AppData\Local\Temp\ccdHed5r.s 			page 18


 836 0073 40       		.uleb128 0x40
 837 0074 18       		.uleb128 0x18
 838 0075 9642     		.uleb128 0x2116
 839 0077 19       		.uleb128 0x19
 840 0078 01       		.uleb128 0x1
 841 0079 13       		.uleb128 0x13
 842 007a 00       		.byte	0
 843 007b 00       		.byte	0
 844 007c 0A       		.uleb128 0xa
 845 007d 34       		.uleb128 0x34
 846 007e 00       		.byte	0
 847 007f 03       		.uleb128 0x3
 848 0080 0E       		.uleb128 0xe
 849 0081 3A       		.uleb128 0x3a
 850 0082 0B       		.uleb128 0xb
 851 0083 3B       		.uleb128 0x3b
 852 0084 0B       		.uleb128 0xb
 853 0085 49       		.uleb128 0x49
 854 0086 13       		.uleb128 0x13
 855 0087 02       		.uleb128 0x2
 856 0088 18       		.uleb128 0x18
 857 0089 00       		.byte	0
 858 008a 00       		.byte	0
 859 008b 0B       		.uleb128 0xb
 860 008c 2E       		.uleb128 0x2e
 861 008d 01       		.byte	0x1
 862 008e 3F       		.uleb128 0x3f
 863 008f 19       		.uleb128 0x19
 864 0090 03       		.uleb128 0x3
 865 0091 0E       		.uleb128 0xe
 866 0092 3A       		.uleb128 0x3a
 867 0093 0B       		.uleb128 0xb
 868 0094 3B       		.uleb128 0x3b
 869 0095 0B       		.uleb128 0xb
 870 0096 27       		.uleb128 0x27
 871 0097 19       		.uleb128 0x19
 872 0098 11       		.uleb128 0x11
 873 0099 01       		.uleb128 0x1
 874 009a 12       		.uleb128 0x12
 875 009b 06       		.uleb128 0x6
 876 009c 40       		.uleb128 0x40
 877 009d 18       		.uleb128 0x18
 878 009e 9642     		.uleb128 0x2116
 879 00a0 19       		.uleb128 0x19
 880 00a1 01       		.uleb128 0x1
 881 00a2 13       		.uleb128 0x13
 882 00a3 00       		.byte	0
 883 00a4 00       		.byte	0
 884 00a5 0C       		.uleb128 0xc
 885 00a6 05       		.uleb128 0x5
 886 00a7 00       		.byte	0
 887 00a8 03       		.uleb128 0x3
 888 00a9 0E       		.uleb128 0xe
 889 00aa 3A       		.uleb128 0x3a
 890 00ab 0B       		.uleb128 0xb
 891 00ac 3B       		.uleb128 0x3b
 892 00ad 0B       		.uleb128 0xb
ARM GAS  C:\Users\Snufkin\AppData\Local\Temp\ccdHed5r.s 			page 19


 893 00ae 49       		.uleb128 0x49
 894 00af 13       		.uleb128 0x13
 895 00b0 02       		.uleb128 0x2
 896 00b1 18       		.uleb128 0x18
 897 00b2 00       		.byte	0
 898 00b3 00       		.byte	0
 899 00b4 0D       		.uleb128 0xd
 900 00b5 0B       		.uleb128 0xb
 901 00b6 01       		.byte	0x1
 902 00b7 11       		.uleb128 0x11
 903 00b8 01       		.uleb128 0x1
 904 00b9 12       		.uleb128 0x12
 905 00ba 06       		.uleb128 0x6
 906 00bb 00       		.byte	0
 907 00bc 00       		.byte	0
 908 00bd 0E       		.uleb128 0xe
 909 00be 05       		.uleb128 0x5
 910 00bf 00       		.byte	0
 911 00c0 03       		.uleb128 0x3
 912 00c1 08       		.uleb128 0x8
 913 00c2 3A       		.uleb128 0x3a
 914 00c3 0B       		.uleb128 0xb
 915 00c4 3B       		.uleb128 0x3b
 916 00c5 0B       		.uleb128 0xb
 917 00c6 49       		.uleb128 0x49
 918 00c7 13       		.uleb128 0x13
 919 00c8 02       		.uleb128 0x2
 920 00c9 18       		.uleb128 0x18
 921 00ca 00       		.byte	0
 922 00cb 00       		.byte	0
 923 00cc 0F       		.uleb128 0xf
 924 00cd 34       		.uleb128 0x34
 925 00ce 00       		.byte	0
 926 00cf 03       		.uleb128 0x3
 927 00d0 0E       		.uleb128 0xe
 928 00d1 3A       		.uleb128 0x3a
 929 00d2 0B       		.uleb128 0xb
 930 00d3 3B       		.uleb128 0x3b
 931 00d4 0B       		.uleb128 0xb
 932 00d5 49       		.uleb128 0x49
 933 00d6 13       		.uleb128 0x13
 934 00d7 3F       		.uleb128 0x3f
 935 00d8 19       		.uleb128 0x19
 936 00d9 02       		.uleb128 0x2
 937 00da 18       		.uleb128 0x18
 938 00db 00       		.byte	0
 939 00dc 00       		.byte	0
 940 00dd 00       		.byte	0
 941              		.section	.debug_aranges,"",%progbits
 942 0000 2C000000 		.4byte	0x2c
 943 0004 0200     		.2byte	0x2
 944 0006 00000000 		.4byte	.Ldebug_info0
 945 000a 04       		.byte	0x4
 946 000b 00       		.byte	0
 947 000c 0000     		.2byte	0
 948 000e 0000     		.2byte	0
 949 0010 00000000 		.4byte	.LFB33
ARM GAS  C:\Users\Snufkin\AppData\Local\Temp\ccdHed5r.s 			page 20


 950 0014 F0000000 		.4byte	.LFE33-.LFB33
 951 0018 00000000 		.4byte	.LFB34
 952 001c 38010000 		.4byte	.LFE34-.LFB34
 953 0020 00000000 		.4byte	.LFB35
 954 0024 38000000 		.4byte	.LFE35-.LFB35
 955 0028 00000000 		.4byte	0
 956 002c 00000000 		.4byte	0
 957              		.section	.debug_ranges,"",%progbits
 958              	.Ldebug_ranges0:
 959 0000 00000000 		.4byte	.LFB33
 960 0004 F0000000 		.4byte	.LFE33
 961 0008 00000000 		.4byte	.LFB34
 962 000c 38010000 		.4byte	.LFE34
 963 0010 00000000 		.4byte	.LFB35
 964 0014 38000000 		.4byte	.LFE35
 965 0018 00000000 		.4byte	0
 966 001c 00000000 		.4byte	0
 967              		.section	.debug_line,"",%progbits
 968              	.Ldebug_line0:
 969 0000 D9000000 		.section	.debug_str,"MS",%progbits,1
 969      02006100 
 969      00000201 
 969      FB0E0D00 
 969      01010101 
 970              	.LASF32:
 971 0000 6D656E75 		.ascii	"menu\000"
 971      00
 972              	.LASF29:
 973 0005 70726573 		.ascii	"press\000"
 973      7300
 974              	.LASF26:
 975 000b 42544E5F 		.ascii	"BTN_states\000"
 975      73746174 
 975      657300
 976              	.LASF23:
 977 0016 4C454654 		.ascii	"LEFT\000"
 977      00
 978              	.LASF39:
 979 001b 433A5C55 		.ascii	"C:\\Users\\Snufkin\\Documents\\GitHub\\KingFunk2\\C"
 979      73657273 
 979      5C536E75 
 979      666B696E 
 979      5C446F63 
 980 0048 52545F74 		.ascii	"RT_timer\\CRT_timer.cydsn\000"
 980      696D6572 
 980      5C435254 
 980      5F74696D 
 980      65722E63 
 981              	.LASF3:
 982 0061 73686F72 		.ascii	"short unsigned int\000"
 982      7420756E 
 982      7369676E 
 982      65642069 
 982      6E7400
 983              	.LASF20:
 984 0074 494E4954 		.ascii	"INITIAL\000"
 984      49414C00 
ARM GAS  C:\Users\Snufkin\AppData\Local\Temp\ccdHed5r.s 			page 21


 985              	.LASF21:
 986 007c 554E5052 		.ascii	"UNPRESSED\000"
 986      45535345 
 986      4400
 987              	.LASF35:
 988 0086 74617267 		.ascii	"target\000"
 988      657400
 989              	.LASF13:
 990 008d 666C6F61 		.ascii	"float\000"
 990      7400
 991              	.LASF37:
 992 0093 474E5520 		.ascii	"GNU C 4.8.4 20140526 (release) [ARM/embedded-4_8-br"
 992      4320342E 
 992      382E3420 
 992      32303134 
 992      30353236 
 993 00c6 616E6368 		.ascii	"anch revision 211358] -mcpu=cortex-m0 -mthumb -g -O"
 993      20726576 
 993      6973696F 
 993      6E203231 
 993      31333538 
 994 00f9 30202D66 		.ascii	"0 -ffunction-sections\000"
 994      66756E63 
 994      74696F6E 
 994      2D736563 
 994      74696F6E 
 995              	.LASF22:
 996 010f 53454C45 		.ascii	"SELECT\000"
 996      435400
 997              	.LASF18:
 998 0116 43414C49 		.ascii	"CALIBRATION\000"
 998      42524154 
 998      494F4E00 
 999              	.LASF1:
 1000 0122 756E7369 		.ascii	"unsigned char\000"
 1000      676E6564 
 1000      20636861 
 1000      7200
 1001              	.LASF12:
 1002 0130 696E7431 		.ascii	"int16\000"
 1002      3600
 1003              	.LASF5:
 1004 0136 6C6F6E67 		.ascii	"long unsigned int\000"
 1004      20756E73 
 1004      69676E65 
 1004      6420696E 
 1004      7400
 1005              	.LASF30:
 1006 0148 74656D70 		.ascii	"temp\000"
 1006      00
 1007              	.LASF9:
 1008 014d 75696E74 		.ascii	"uint8\000"
 1008      3800
 1009              	.LASF38:
 1010 0153 2E5C6D65 		.ascii	".\\menus.c\000"
 1010      6E75732E 
 1010      6300
ARM GAS  C:\Users\Snufkin\AppData\Local\Temp\ccdHed5r.s 			page 22


 1011              	.LASF33:
 1012 015d 63757272 		.ascii	"currentMenu\000"
 1012      656E744D 
 1012      656E7500 
 1013              	.LASF14:
 1014 0169 646F7562 		.ascii	"double\000"
 1014      6C6500
 1015              	.LASF17:
 1016 0170 4D41494E 		.ascii	"MAIN\000"
 1016      00
 1017              	.LASF31:
 1018 0175 636C6561 		.ascii	"clearLine\000"
 1018      724C696E 
 1018      6500
 1019              	.LASF27:
 1020 017f 75706461 		.ascii	"updateMenu\000"
 1020      74654D65 
 1020      6E7500
 1021              	.LASF10:
 1022 018a 75696E74 		.ascii	"uint16\000"
 1022      313600
 1023              	.LASF11:
 1024 0191 696E7438 		.ascii	"int8\000"
 1024      00
 1025              	.LASF8:
 1026 0196 756E7369 		.ascii	"unsigned int\000"
 1026      676E6564 
 1026      20696E74 
 1026      00
 1027              	.LASF7:
 1028 01a3 6C6F6E67 		.ascii	"long long unsigned int\000"
 1028      206C6F6E 
 1028      6720756E 
 1028      7369676E 
 1028      65642069 
 1029              	.LASF25:
 1030 01ba 52494748 		.ascii	"RIGHT\000"
 1030      5400
 1031              	.LASF28:
 1032 01c0 64726177 		.ascii	"drawMenu\000"
 1032      4D656E75 
 1032      00
 1033              	.LASF16:
 1034 01c9 73697A65 		.ascii	"sizetype\000"
 1034      74797065 
 1034      00
 1035              	.LASF6:
 1036 01d2 6C6F6E67 		.ascii	"long long int\000"
 1036      206C6F6E 
 1036      6720696E 
 1036      7400
 1037              	.LASF15:
 1038 01e0 63686172 		.ascii	"char\000"
 1038      00
 1039              	.LASF34:
 1040 01e5 6F6C644D 		.ascii	"oldMenu\000"
 1040      656E7500 
ARM GAS  C:\Users\Snufkin\AppData\Local\Temp\ccdHed5r.s 			page 23


 1041              	.LASF36:
 1042 01ed 6C696768 		.ascii	"lightMax\000"
 1042      744D6178 
 1042      00
 1043              	.LASF24:
 1044 01f6 444F574E 		.ascii	"DOWN\000"
 1044      00
 1045              	.LASF2:
 1046 01fb 73686F72 		.ascii	"short int\000"
 1046      7420696E 
 1046      7400
 1047              	.LASF19:
 1048 0205 52455355 		.ascii	"RESULTS\000"
 1048      4C545300 
 1049              	.LASF4:
 1050 020d 6C6F6E67 		.ascii	"long int\000"
 1050      20696E74 
 1050      00
 1051              	.LASF0:
 1052 0216 7369676E 		.ascii	"signed char\000"
 1052      65642063 
 1052      68617200 
 1053              		.ident	"GCC: (GNU Tools for ARM Embedded Processors) 4.8.4 20140526 (release) [ARM/embedded-4_8-br
