ARM GAS  C:\Users\Snufkin\AppData\Local\Temp\ccTeVxgZ.s 			page 1


   1              		.cpu cortex-m0
   2              		.fpu softvfp
   3              		.eabi_attribute 20, 1
   4              		.eabi_attribute 21, 1
   5              		.eabi_attribute 23, 3
   6              		.eabi_attribute 24, 1
   7              		.eabi_attribute 25, 1
   8              		.eabi_attribute 26, 1
   9              		.eabi_attribute 30, 6
  10              		.eabi_attribute 34, 0
  11              		.eabi_attribute 18, 4
  12              		.code	16
  13              		.file	"Timer_1_PM.c"
  14              		.text
  15              	.Ltext0:
  16              		.cfi_sections	.debug_frame
  17              		.bss
  18              		.align	2
  19              	Timer_1_backup:
  20 0000 00000000 		.space	12
  20      00000000 
  20      00000000 
  21              		.section	.text.Timer_1_SaveConfig,"ax",%progbits
  22              		.align	2
  23              		.global	Timer_1_SaveConfig
  24              		.code	16
  25              		.thumb_func
  26              		.type	Timer_1_SaveConfig, %function
  27              	Timer_1_SaveConfig:
  28              	.LFB0:
  29              		.file 1 ".\\Generated_Source\\PSoC4\\Timer_1_PM.c"
   1:.\Generated_Source\PSoC4/Timer_1_PM.c **** /*******************************************************************************
   2:.\Generated_Source\PSoC4/Timer_1_PM.c **** * File Name: Timer_1_PM.c
   3:.\Generated_Source\PSoC4/Timer_1_PM.c **** * Version 2.70
   4:.\Generated_Source\PSoC4/Timer_1_PM.c **** *
   5:.\Generated_Source\PSoC4/Timer_1_PM.c **** *  Description:
   6:.\Generated_Source\PSoC4/Timer_1_PM.c **** *     This file provides the power management source code to API for the
   7:.\Generated_Source\PSoC4/Timer_1_PM.c **** *     Timer.
   8:.\Generated_Source\PSoC4/Timer_1_PM.c **** *
   9:.\Generated_Source\PSoC4/Timer_1_PM.c **** *   Note:
  10:.\Generated_Source\PSoC4/Timer_1_PM.c **** *     None
  11:.\Generated_Source\PSoC4/Timer_1_PM.c **** *
  12:.\Generated_Source\PSoC4/Timer_1_PM.c **** *******************************************************************************
  13:.\Generated_Source\PSoC4/Timer_1_PM.c **** * Copyright 2008-2014, Cypress Semiconductor Corporation.  All rights reserved.
  14:.\Generated_Source\PSoC4/Timer_1_PM.c **** * You may use this file only in accordance with the license, terms, conditions,
  15:.\Generated_Source\PSoC4/Timer_1_PM.c **** * disclaimers, and limitations in the end user license agreement accompanying
  16:.\Generated_Source\PSoC4/Timer_1_PM.c **** * the software package with which this file was provided.
  17:.\Generated_Source\PSoC4/Timer_1_PM.c **** ********************************************************************************/
  18:.\Generated_Source\PSoC4/Timer_1_PM.c **** 
  19:.\Generated_Source\PSoC4/Timer_1_PM.c **** #include "Timer_1.h"
  20:.\Generated_Source\PSoC4/Timer_1_PM.c **** 
  21:.\Generated_Source\PSoC4/Timer_1_PM.c **** static Timer_1_backupStruct Timer_1_backup;
  22:.\Generated_Source\PSoC4/Timer_1_PM.c **** 
  23:.\Generated_Source\PSoC4/Timer_1_PM.c **** 
  24:.\Generated_Source\PSoC4/Timer_1_PM.c **** /*******************************************************************************
  25:.\Generated_Source\PSoC4/Timer_1_PM.c **** * Function Name: Timer_1_SaveConfig
  26:.\Generated_Source\PSoC4/Timer_1_PM.c **** ********************************************************************************
ARM GAS  C:\Users\Snufkin\AppData\Local\Temp\ccTeVxgZ.s 			page 2


  27:.\Generated_Source\PSoC4/Timer_1_PM.c **** *
  28:.\Generated_Source\PSoC4/Timer_1_PM.c **** * Summary:
  29:.\Generated_Source\PSoC4/Timer_1_PM.c **** *     Save the current user configuration
  30:.\Generated_Source\PSoC4/Timer_1_PM.c **** *
  31:.\Generated_Source\PSoC4/Timer_1_PM.c **** * Parameters:
  32:.\Generated_Source\PSoC4/Timer_1_PM.c **** *  void
  33:.\Generated_Source\PSoC4/Timer_1_PM.c **** *
  34:.\Generated_Source\PSoC4/Timer_1_PM.c **** * Return:
  35:.\Generated_Source\PSoC4/Timer_1_PM.c **** *  void
  36:.\Generated_Source\PSoC4/Timer_1_PM.c **** *
  37:.\Generated_Source\PSoC4/Timer_1_PM.c **** * Global variables:
  38:.\Generated_Source\PSoC4/Timer_1_PM.c **** *  Timer_1_backup:  Variables of this global structure are modified to
  39:.\Generated_Source\PSoC4/Timer_1_PM.c **** *  store the values of non retention configuration registers when Sleep() API is
  40:.\Generated_Source\PSoC4/Timer_1_PM.c **** *  called.
  41:.\Generated_Source\PSoC4/Timer_1_PM.c **** *
  42:.\Generated_Source\PSoC4/Timer_1_PM.c **** *******************************************************************************/
  43:.\Generated_Source\PSoC4/Timer_1_PM.c **** void Timer_1_SaveConfig(void) 
  44:.\Generated_Source\PSoC4/Timer_1_PM.c **** {
  30              		.loc 1 44 0
  31              		.cfi_startproc
  32 0000 80B5     		push	{r7, lr}
  33              		.cfi_def_cfa_offset 8
  34              		.cfi_offset 7, -8
  35              		.cfi_offset 14, -4
  36 0002 00AF     		add	r7, sp, #0
  37              		.cfi_def_cfa_register 7
  45:.\Generated_Source\PSoC4/Timer_1_PM.c ****     #if (!Timer_1_UsingFixedFunction)
  46:.\Generated_Source\PSoC4/Timer_1_PM.c ****         Timer_1_backup.TimerUdb = Timer_1_ReadCounter();
  38              		.loc 1 46 0
  39 0004 FFF7FEFF 		bl	Timer_1_ReadCounter
  40 0008 021C     		mov	r2, r0
  41 000a 044B     		ldr	r3, .L2
  42 000c 5A60     		str	r2, [r3, #4]
  47:.\Generated_Source\PSoC4/Timer_1_PM.c ****         Timer_1_backup.InterruptMaskValue = Timer_1_STATUS_MASK;
  43              		.loc 1 47 0
  44 000e 044B     		ldr	r3, .L2+4
  45 0010 1B78     		ldrb	r3, [r3]
  46 0012 DAB2     		uxtb	r2, r3
  47 0014 014B     		ldr	r3, .L2
  48 0016 1A72     		strb	r2, [r3, #8]
  48:.\Generated_Source\PSoC4/Timer_1_PM.c ****         #if (Timer_1_UsingHWCaptureCounter)
  49:.\Generated_Source\PSoC4/Timer_1_PM.c ****             Timer_1_backup.TimerCaptureCounter = Timer_1_ReadCaptureCount();
  50:.\Generated_Source\PSoC4/Timer_1_PM.c ****         #endif /* Back Up capture counter register  */
  51:.\Generated_Source\PSoC4/Timer_1_PM.c **** 
  52:.\Generated_Source\PSoC4/Timer_1_PM.c ****         #if(!Timer_1_UDB_CONTROL_REG_REMOVED)
  53:.\Generated_Source\PSoC4/Timer_1_PM.c ****             Timer_1_backup.TimerControlRegister = Timer_1_ReadControlRegister();
  54:.\Generated_Source\PSoC4/Timer_1_PM.c ****         #endif /* Backup the enable state of the Timer component */
  55:.\Generated_Source\PSoC4/Timer_1_PM.c ****     #endif /* Backup non retention registers in UDB implementation. All fixed function registers ar
  56:.\Generated_Source\PSoC4/Timer_1_PM.c **** }
  49              		.loc 1 56 0
  50 0018 BD46     		mov	sp, r7
  51              		@ sp needed
  52 001a 80BD     		pop	{r7, pc}
  53              	.L3:
  54              		.align	2
  55              	.L2:
  56 001c 00000000 		.word	Timer_1_backup
ARM GAS  C:\Users\Snufkin\AppData\Local\Temp\ccTeVxgZ.s 			page 3


  57 0020 83000F40 		.word	1074724995
  58              		.cfi_endproc
  59              	.LFE0:
  60              		.size	Timer_1_SaveConfig, .-Timer_1_SaveConfig
  61              		.section	.text.Timer_1_RestoreConfig,"ax",%progbits
  62              		.align	2
  63              		.global	Timer_1_RestoreConfig
  64              		.code	16
  65              		.thumb_func
  66              		.type	Timer_1_RestoreConfig, %function
  67              	Timer_1_RestoreConfig:
  68              	.LFB1:
  57:.\Generated_Source\PSoC4/Timer_1_PM.c **** 
  58:.\Generated_Source\PSoC4/Timer_1_PM.c **** 
  59:.\Generated_Source\PSoC4/Timer_1_PM.c **** /*******************************************************************************
  60:.\Generated_Source\PSoC4/Timer_1_PM.c **** * Function Name: Timer_1_RestoreConfig
  61:.\Generated_Source\PSoC4/Timer_1_PM.c **** ********************************************************************************
  62:.\Generated_Source\PSoC4/Timer_1_PM.c **** *
  63:.\Generated_Source\PSoC4/Timer_1_PM.c **** * Summary:
  64:.\Generated_Source\PSoC4/Timer_1_PM.c **** *  Restores the current user configuration.
  65:.\Generated_Source\PSoC4/Timer_1_PM.c **** *
  66:.\Generated_Source\PSoC4/Timer_1_PM.c **** * Parameters:
  67:.\Generated_Source\PSoC4/Timer_1_PM.c **** *  void
  68:.\Generated_Source\PSoC4/Timer_1_PM.c **** *
  69:.\Generated_Source\PSoC4/Timer_1_PM.c **** * Return:
  70:.\Generated_Source\PSoC4/Timer_1_PM.c **** *  void
  71:.\Generated_Source\PSoC4/Timer_1_PM.c **** *
  72:.\Generated_Source\PSoC4/Timer_1_PM.c **** * Global variables:
  73:.\Generated_Source\PSoC4/Timer_1_PM.c **** *  Timer_1_backup:  Variables of this global structure are used to
  74:.\Generated_Source\PSoC4/Timer_1_PM.c **** *  restore the values of non retention registers on wakeup from sleep mode.
  75:.\Generated_Source\PSoC4/Timer_1_PM.c **** *
  76:.\Generated_Source\PSoC4/Timer_1_PM.c **** *******************************************************************************/
  77:.\Generated_Source\PSoC4/Timer_1_PM.c **** void Timer_1_RestoreConfig(void) 
  78:.\Generated_Source\PSoC4/Timer_1_PM.c **** {   
  69              		.loc 1 78 0
  70              		.cfi_startproc
  71 0000 80B5     		push	{r7, lr}
  72              		.cfi_def_cfa_offset 8
  73              		.cfi_offset 7, -8
  74              		.cfi_offset 14, -4
  75 0002 00AF     		add	r7, sp, #0
  76              		.cfi_def_cfa_register 7
  79:.\Generated_Source\PSoC4/Timer_1_PM.c ****     #if (!Timer_1_UsingFixedFunction)
  80:.\Generated_Source\PSoC4/Timer_1_PM.c **** 
  81:.\Generated_Source\PSoC4/Timer_1_PM.c ****         Timer_1_WriteCounter(Timer_1_backup.TimerUdb);
  77              		.loc 1 81 0
  78 0004 054B     		ldr	r3, .L5
  79 0006 5B68     		ldr	r3, [r3, #4]
  80 0008 181C     		mov	r0, r3
  81 000a FFF7FEFF 		bl	Timer_1_WriteCounter
  82:.\Generated_Source\PSoC4/Timer_1_PM.c ****         Timer_1_STATUS_MASK =Timer_1_backup.InterruptMaskValue;
  82              		.loc 1 82 0
  83 000e 044B     		ldr	r3, .L5+4
  84 0010 024A     		ldr	r2, .L5
  85 0012 127A     		ldrb	r2, [r2, #8]
  86 0014 1A70     		strb	r2, [r3]
  83:.\Generated_Source\PSoC4/Timer_1_PM.c ****         #if (Timer_1_UsingHWCaptureCounter)
ARM GAS  C:\Users\Snufkin\AppData\Local\Temp\ccTeVxgZ.s 			page 4


  84:.\Generated_Source\PSoC4/Timer_1_PM.c ****             Timer_1_SetCaptureCount(Timer_1_backup.TimerCaptureCounter);
  85:.\Generated_Source\PSoC4/Timer_1_PM.c ****         #endif /* Restore Capture counter register*/
  86:.\Generated_Source\PSoC4/Timer_1_PM.c **** 
  87:.\Generated_Source\PSoC4/Timer_1_PM.c ****         #if(!Timer_1_UDB_CONTROL_REG_REMOVED)
  88:.\Generated_Source\PSoC4/Timer_1_PM.c ****             Timer_1_WriteControlRegister(Timer_1_backup.TimerControlRegister);
  89:.\Generated_Source\PSoC4/Timer_1_PM.c ****         #endif /* Restore the enable state of the Timer component */
  90:.\Generated_Source\PSoC4/Timer_1_PM.c ****     #endif /* Restore non retention registers in the UDB implementation only */
  91:.\Generated_Source\PSoC4/Timer_1_PM.c **** }
  87              		.loc 1 91 0
  88 0016 BD46     		mov	sp, r7
  89              		@ sp needed
  90 0018 80BD     		pop	{r7, pc}
  91              	.L6:
  92 001a C046     		.align	2
  93              	.L5:
  94 001c 00000000 		.word	Timer_1_backup
  95 0020 83000F40 		.word	1074724995
  96              		.cfi_endproc
  97              	.LFE1:
  98              		.size	Timer_1_RestoreConfig, .-Timer_1_RestoreConfig
  99              		.section	.text.Timer_1_Sleep,"ax",%progbits
 100              		.align	2
 101              		.global	Timer_1_Sleep
 102              		.code	16
 103              		.thumb_func
 104              		.type	Timer_1_Sleep, %function
 105              	Timer_1_Sleep:
 106              	.LFB2:
  92:.\Generated_Source\PSoC4/Timer_1_PM.c **** 
  93:.\Generated_Source\PSoC4/Timer_1_PM.c **** 
  94:.\Generated_Source\PSoC4/Timer_1_PM.c **** /*******************************************************************************
  95:.\Generated_Source\PSoC4/Timer_1_PM.c **** * Function Name: Timer_1_Sleep
  96:.\Generated_Source\PSoC4/Timer_1_PM.c **** ********************************************************************************
  97:.\Generated_Source\PSoC4/Timer_1_PM.c **** *
  98:.\Generated_Source\PSoC4/Timer_1_PM.c **** * Summary:
  99:.\Generated_Source\PSoC4/Timer_1_PM.c **** *     Stop and Save the user configuration
 100:.\Generated_Source\PSoC4/Timer_1_PM.c **** *
 101:.\Generated_Source\PSoC4/Timer_1_PM.c **** * Parameters:
 102:.\Generated_Source\PSoC4/Timer_1_PM.c **** *  void
 103:.\Generated_Source\PSoC4/Timer_1_PM.c **** *
 104:.\Generated_Source\PSoC4/Timer_1_PM.c **** * Return:
 105:.\Generated_Source\PSoC4/Timer_1_PM.c **** *  void
 106:.\Generated_Source\PSoC4/Timer_1_PM.c **** *
 107:.\Generated_Source\PSoC4/Timer_1_PM.c **** * Global variables:
 108:.\Generated_Source\PSoC4/Timer_1_PM.c **** *  Timer_1_backup.TimerEnableState:  Is modified depending on the
 109:.\Generated_Source\PSoC4/Timer_1_PM.c **** *  enable state of the block before entering sleep mode.
 110:.\Generated_Source\PSoC4/Timer_1_PM.c **** *
 111:.\Generated_Source\PSoC4/Timer_1_PM.c **** *******************************************************************************/
 112:.\Generated_Source\PSoC4/Timer_1_PM.c **** void Timer_1_Sleep(void) 
 113:.\Generated_Source\PSoC4/Timer_1_PM.c **** {
 107              		.loc 1 113 0
 108              		.cfi_startproc
 109 0000 80B5     		push	{r7, lr}
 110              		.cfi_def_cfa_offset 8
 111              		.cfi_offset 7, -8
 112              		.cfi_offset 14, -4
 113 0002 00AF     		add	r7, sp, #0
ARM GAS  C:\Users\Snufkin\AppData\Local\Temp\ccTeVxgZ.s 			page 5


 114              		.cfi_def_cfa_register 7
 114:.\Generated_Source\PSoC4/Timer_1_PM.c ****     #if(!Timer_1_UDB_CONTROL_REG_REMOVED)
 115:.\Generated_Source\PSoC4/Timer_1_PM.c ****         /* Save Counter's enable state */
 116:.\Generated_Source\PSoC4/Timer_1_PM.c ****         if(Timer_1_CTRL_ENABLE == (Timer_1_CONTROL & Timer_1_CTRL_ENABLE))
 117:.\Generated_Source\PSoC4/Timer_1_PM.c ****         {
 118:.\Generated_Source\PSoC4/Timer_1_PM.c ****             /* Timer is enabled */
 119:.\Generated_Source\PSoC4/Timer_1_PM.c ****             Timer_1_backup.TimerEnableState = 1u;
 120:.\Generated_Source\PSoC4/Timer_1_PM.c ****         }
 121:.\Generated_Source\PSoC4/Timer_1_PM.c ****         else
 122:.\Generated_Source\PSoC4/Timer_1_PM.c ****         {
 123:.\Generated_Source\PSoC4/Timer_1_PM.c ****             /* Timer is disabled */
 124:.\Generated_Source\PSoC4/Timer_1_PM.c ****             Timer_1_backup.TimerEnableState = 0u;
 125:.\Generated_Source\PSoC4/Timer_1_PM.c ****         }
 126:.\Generated_Source\PSoC4/Timer_1_PM.c ****     #endif /* Back up enable state from the Timer control register */
 127:.\Generated_Source\PSoC4/Timer_1_PM.c ****     Timer_1_Stop();
 115              		.loc 1 127 0
 116 0004 FFF7FEFF 		bl	Timer_1_Stop
 128:.\Generated_Source\PSoC4/Timer_1_PM.c ****     Timer_1_SaveConfig();
 117              		.loc 1 128 0
 118 0008 FFF7FEFF 		bl	Timer_1_SaveConfig
 129:.\Generated_Source\PSoC4/Timer_1_PM.c **** }
 119              		.loc 1 129 0
 120 000c BD46     		mov	sp, r7
 121              		@ sp needed
 122 000e 80BD     		pop	{r7, pc}
 123              		.cfi_endproc
 124              	.LFE2:
 125              		.size	Timer_1_Sleep, .-Timer_1_Sleep
 126              		.section	.text.Timer_1_Wakeup,"ax",%progbits
 127              		.align	2
 128              		.global	Timer_1_Wakeup
 129              		.code	16
 130              		.thumb_func
 131              		.type	Timer_1_Wakeup, %function
 132              	Timer_1_Wakeup:
 133              	.LFB3:
 130:.\Generated_Source\PSoC4/Timer_1_PM.c **** 
 131:.\Generated_Source\PSoC4/Timer_1_PM.c **** 
 132:.\Generated_Source\PSoC4/Timer_1_PM.c **** /*******************************************************************************
 133:.\Generated_Source\PSoC4/Timer_1_PM.c **** * Function Name: Timer_1_Wakeup
 134:.\Generated_Source\PSoC4/Timer_1_PM.c **** ********************************************************************************
 135:.\Generated_Source\PSoC4/Timer_1_PM.c **** *
 136:.\Generated_Source\PSoC4/Timer_1_PM.c **** * Summary:
 137:.\Generated_Source\PSoC4/Timer_1_PM.c **** *  Restores and enables the user configuration
 138:.\Generated_Source\PSoC4/Timer_1_PM.c **** *
 139:.\Generated_Source\PSoC4/Timer_1_PM.c **** * Parameters:
 140:.\Generated_Source\PSoC4/Timer_1_PM.c **** *  void
 141:.\Generated_Source\PSoC4/Timer_1_PM.c **** *
 142:.\Generated_Source\PSoC4/Timer_1_PM.c **** * Return:
 143:.\Generated_Source\PSoC4/Timer_1_PM.c **** *  void
 144:.\Generated_Source\PSoC4/Timer_1_PM.c **** *
 145:.\Generated_Source\PSoC4/Timer_1_PM.c **** * Global variables:
 146:.\Generated_Source\PSoC4/Timer_1_PM.c **** *  Timer_1_backup.enableState:  Is used to restore the enable state of
 147:.\Generated_Source\PSoC4/Timer_1_PM.c **** *  block on wakeup from sleep mode.
 148:.\Generated_Source\PSoC4/Timer_1_PM.c **** *
 149:.\Generated_Source\PSoC4/Timer_1_PM.c **** *******************************************************************************/
 150:.\Generated_Source\PSoC4/Timer_1_PM.c **** void Timer_1_Wakeup(void) 
ARM GAS  C:\Users\Snufkin\AppData\Local\Temp\ccTeVxgZ.s 			page 6


 151:.\Generated_Source\PSoC4/Timer_1_PM.c **** {
 134              		.loc 1 151 0
 135              		.cfi_startproc
 136 0000 80B5     		push	{r7, lr}
 137              		.cfi_def_cfa_offset 8
 138              		.cfi_offset 7, -8
 139              		.cfi_offset 14, -4
 140 0002 00AF     		add	r7, sp, #0
 141              		.cfi_def_cfa_register 7
 152:.\Generated_Source\PSoC4/Timer_1_PM.c ****     Timer_1_RestoreConfig();
 142              		.loc 1 152 0
 143 0004 FFF7FEFF 		bl	Timer_1_RestoreConfig
 153:.\Generated_Source\PSoC4/Timer_1_PM.c ****     #if(!Timer_1_UDB_CONTROL_REG_REMOVED)
 154:.\Generated_Source\PSoC4/Timer_1_PM.c ****         if(Timer_1_backup.TimerEnableState == 1u)
 155:.\Generated_Source\PSoC4/Timer_1_PM.c ****         {     /* Enable Timer's operation */
 156:.\Generated_Source\PSoC4/Timer_1_PM.c ****                 Timer_1_Enable();
 157:.\Generated_Source\PSoC4/Timer_1_PM.c ****         } /* Do nothing if Timer was disabled before */
 158:.\Generated_Source\PSoC4/Timer_1_PM.c ****     #endif /* Remove this code section if Control register is removed */
 159:.\Generated_Source\PSoC4/Timer_1_PM.c **** }
 144              		.loc 1 159 0
 145 0008 BD46     		mov	sp, r7
 146              		@ sp needed
 147 000a 80BD     		pop	{r7, pc}
 148              		.cfi_endproc
 149              	.LFE3:
 150              		.size	Timer_1_Wakeup, .-Timer_1_Wakeup
 151              		.text
 152              	.Letext0:
 153              		.file 2 ".\\Generated_Source\\PSoC4\\cytypes.h"
 154              		.file 3 ".\\Generated_Source\\PSoC4\\Timer_1.h"
 155              		.section	.debug_info,"",%progbits
 156              	.Ldebug_info0:
 157 0000 38010000 		.4byte	0x138
 158 0004 0400     		.2byte	0x4
 159 0006 00000000 		.4byte	.Ldebug_abbrev0
 160 000a 04       		.byte	0x4
 161 000b 01       		.uleb128 0x1
 162 000c 94000000 		.4byte	.LASF24
 163 0010 01       		.byte	0x1
 164 0011 97010000 		.4byte	.LASF25
 165 0015 37010000 		.4byte	.LASF26
 166 0019 00000000 		.4byte	.Ldebug_ranges0+0
 167 001d 00000000 		.4byte	0
 168 0021 00000000 		.4byte	.Ldebug_line0
 169 0025 02       		.uleb128 0x2
 170 0026 01       		.byte	0x1
 171 0027 06       		.byte	0x6
 172 0028 D0010000 		.4byte	.LASF0
 173 002c 02       		.uleb128 0x2
 174 002d 01       		.byte	0x1
 175 002e 08       		.byte	0x8
 176 002f DC010000 		.4byte	.LASF1
 177 0033 02       		.uleb128 0x2
 178 0034 02       		.byte	0x2
 179 0035 05       		.byte	0x5
 180 0036 86010000 		.4byte	.LASF2
 181 003a 02       		.uleb128 0x2
ARM GAS  C:\Users\Snufkin\AppData\Local\Temp\ccTeVxgZ.s 			page 7


 182 003b 02       		.byte	0x2
 183 003c 07       		.byte	0x7
 184 003d BD010000 		.4byte	.LASF3
 185 0041 02       		.uleb128 0x2
 186 0042 04       		.byte	0x4
 187 0043 05       		.byte	0x5
 188 0044 7D010000 		.4byte	.LASF4
 189 0048 02       		.uleb128 0x2
 190 0049 04       		.byte	0x4
 191 004a 07       		.byte	0x7
 192 004b 6B000000 		.4byte	.LASF5
 193 004f 02       		.uleb128 0x2
 194 0050 08       		.byte	0x8
 195 0051 05       		.byte	0x5
 196 0052 00000000 		.4byte	.LASF6
 197 0056 02       		.uleb128 0x2
 198 0057 08       		.byte	0x8
 199 0058 07       		.byte	0x7
 200 0059 7D000000 		.4byte	.LASF7
 201 005d 03       		.uleb128 0x3
 202 005e 04       		.byte	0x4
 203 005f 05       		.byte	0x5
 204 0060 696E7400 		.ascii	"int\000"
 205 0064 02       		.uleb128 0x2
 206 0065 04       		.byte	0x4
 207 0066 07       		.byte	0x7
 208 0067 15000000 		.4byte	.LASF8
 209 006b 04       		.uleb128 0x4
 210 006c 65000000 		.4byte	.LASF9
 211 0070 02       		.byte	0x2
 212 0071 A1       		.byte	0xa1
 213 0072 2C000000 		.4byte	0x2c
 214 0076 04       		.uleb128 0x4
 215 0077 0E000000 		.4byte	.LASF10
 216 007b 02       		.byte	0x2
 217 007c A3       		.byte	0xa3
 218 007d 48000000 		.4byte	0x48
 219 0081 02       		.uleb128 0x2
 220 0082 04       		.byte	0x4
 221 0083 04       		.byte	0x4
 222 0084 EA010000 		.4byte	.LASF11
 223 0088 02       		.uleb128 0x2
 224 0089 08       		.byte	0x8
 225 008a 04       		.byte	0x4
 226 008b 90010000 		.4byte	.LASF12
 227 008f 02       		.uleb128 0x2
 228 0090 01       		.byte	0x1
 229 0091 08       		.byte	0x8
 230 0092 32010000 		.4byte	.LASF13
 231 0096 05       		.uleb128 0x5
 232 0097 0F020000 		.4byte	.LASF14
 233 009b 02       		.byte	0x2
 234 009c 4B01     		.2byte	0x14b
 235 009e A2000000 		.4byte	0xa2
 236 00a2 06       		.uleb128 0x6
 237 00a3 6B000000 		.4byte	0x6b
 238 00a7 02       		.uleb128 0x2
ARM GAS  C:\Users\Snufkin\AppData\Local\Temp\ccTeVxgZ.s 			page 8


 239 00a8 04       		.byte	0x4
 240 00a9 07       		.byte	0x7
 241 00aa 27020000 		.4byte	.LASF15
 242 00ae 07       		.uleb128 0x7
 243 00af 0C       		.byte	0xc
 244 00b0 03       		.byte	0x3
 245 00b1 43       		.byte	0x43
 246 00b2 DB000000 		.4byte	0xdb
 247 00b6 08       		.uleb128 0x8
 248 00b7 54000000 		.4byte	.LASF16
 249 00bb 03       		.byte	0x3
 250 00bc 45       		.byte	0x45
 251 00bd 6B000000 		.4byte	0x6b
 252 00c1 00       		.byte	0
 253 00c2 08       		.uleb128 0x8
 254 00c3 06020000 		.4byte	.LASF17
 255 00c7 03       		.byte	0x3
 256 00c8 48       		.byte	0x48
 257 00c9 76000000 		.4byte	0x76
 258 00cd 04       		.byte	0x4
 259 00ce 08       		.uleb128 0x8
 260 00cf 14020000 		.4byte	.LASF18
 261 00d3 03       		.byte	0x3
 262 00d4 49       		.byte	0x49
 263 00d5 6B000000 		.4byte	0x6b
 264 00d9 08       		.byte	0x8
 265 00da 00       		.byte	0
 266 00db 04       		.uleb128 0x4
 267 00dc 22000000 		.4byte	.LASF19
 268 00e0 03       		.byte	0x3
 269 00e1 53       		.byte	0x53
 270 00e2 AE000000 		.4byte	0xae
 271 00e6 09       		.uleb128 0x9
 272 00e7 10010000 		.4byte	.LASF20
 273 00eb 01       		.byte	0x1
 274 00ec 2B       		.byte	0x2b
 275 00ed 00000000 		.4byte	.LFB0
 276 00f1 24000000 		.4byte	.LFE0-.LFB0
 277 00f5 01       		.uleb128 0x1
 278 00f6 9C       		.byte	0x9c
 279 00f7 09       		.uleb128 0x9
 280 00f8 F0010000 		.4byte	.LASF21
 281 00fc 01       		.byte	0x1
 282 00fd 4D       		.byte	0x4d
 283 00fe 00000000 		.4byte	.LFB1
 284 0102 24000000 		.4byte	.LFE1-.LFB1
 285 0106 01       		.uleb128 0x1
 286 0107 9C       		.byte	0x9c
 287 0108 09       		.uleb128 0x9
 288 0109 37000000 		.4byte	.LASF22
 289 010d 01       		.byte	0x1
 290 010e 70       		.byte	0x70
 291 010f 00000000 		.4byte	.LFB2
 292 0113 10000000 		.4byte	.LFE2-.LFB2
 293 0117 01       		.uleb128 0x1
 294 0118 9C       		.byte	0x9c
 295 0119 09       		.uleb128 0x9
ARM GAS  C:\Users\Snufkin\AppData\Local\Temp\ccTeVxgZ.s 			page 9


 296 011a 23010000 		.4byte	.LASF23
 297 011e 01       		.byte	0x1
 298 011f 96       		.byte	0x96
 299 0120 00000000 		.4byte	.LFB3
 300 0124 0C000000 		.4byte	.LFE3-.LFB3
 301 0128 01       		.uleb128 0x1
 302 0129 9C       		.byte	0x9c
 303 012a 0A       		.uleb128 0xa
 304 012b 45000000 		.4byte	.LASF27
 305 012f 01       		.byte	0x1
 306 0130 15       		.byte	0x15
 307 0131 DB000000 		.4byte	0xdb
 308 0135 05       		.uleb128 0x5
 309 0136 03       		.byte	0x3
 310 0137 00000000 		.4byte	Timer_1_backup
 311 013b 00       		.byte	0
 312              		.section	.debug_abbrev,"",%progbits
 313              	.Ldebug_abbrev0:
 314 0000 01       		.uleb128 0x1
 315 0001 11       		.uleb128 0x11
 316 0002 01       		.byte	0x1
 317 0003 25       		.uleb128 0x25
 318 0004 0E       		.uleb128 0xe
 319 0005 13       		.uleb128 0x13
 320 0006 0B       		.uleb128 0xb
 321 0007 03       		.uleb128 0x3
 322 0008 0E       		.uleb128 0xe
 323 0009 1B       		.uleb128 0x1b
 324 000a 0E       		.uleb128 0xe
 325 000b 55       		.uleb128 0x55
 326 000c 17       		.uleb128 0x17
 327 000d 11       		.uleb128 0x11
 328 000e 01       		.uleb128 0x1
 329 000f 10       		.uleb128 0x10
 330 0010 17       		.uleb128 0x17
 331 0011 00       		.byte	0
 332 0012 00       		.byte	0
 333 0013 02       		.uleb128 0x2
 334 0014 24       		.uleb128 0x24
 335 0015 00       		.byte	0
 336 0016 0B       		.uleb128 0xb
 337 0017 0B       		.uleb128 0xb
 338 0018 3E       		.uleb128 0x3e
 339 0019 0B       		.uleb128 0xb
 340 001a 03       		.uleb128 0x3
 341 001b 0E       		.uleb128 0xe
 342 001c 00       		.byte	0
 343 001d 00       		.byte	0
 344 001e 03       		.uleb128 0x3
 345 001f 24       		.uleb128 0x24
 346 0020 00       		.byte	0
 347 0021 0B       		.uleb128 0xb
 348 0022 0B       		.uleb128 0xb
 349 0023 3E       		.uleb128 0x3e
 350 0024 0B       		.uleb128 0xb
 351 0025 03       		.uleb128 0x3
 352 0026 08       		.uleb128 0x8
ARM GAS  C:\Users\Snufkin\AppData\Local\Temp\ccTeVxgZ.s 			page 10


 353 0027 00       		.byte	0
 354 0028 00       		.byte	0
 355 0029 04       		.uleb128 0x4
 356 002a 16       		.uleb128 0x16
 357 002b 00       		.byte	0
 358 002c 03       		.uleb128 0x3
 359 002d 0E       		.uleb128 0xe
 360 002e 3A       		.uleb128 0x3a
 361 002f 0B       		.uleb128 0xb
 362 0030 3B       		.uleb128 0x3b
 363 0031 0B       		.uleb128 0xb
 364 0032 49       		.uleb128 0x49
 365 0033 13       		.uleb128 0x13
 366 0034 00       		.byte	0
 367 0035 00       		.byte	0
 368 0036 05       		.uleb128 0x5
 369 0037 16       		.uleb128 0x16
 370 0038 00       		.byte	0
 371 0039 03       		.uleb128 0x3
 372 003a 0E       		.uleb128 0xe
 373 003b 3A       		.uleb128 0x3a
 374 003c 0B       		.uleb128 0xb
 375 003d 3B       		.uleb128 0x3b
 376 003e 05       		.uleb128 0x5
 377 003f 49       		.uleb128 0x49
 378 0040 13       		.uleb128 0x13
 379 0041 00       		.byte	0
 380 0042 00       		.byte	0
 381 0043 06       		.uleb128 0x6
 382 0044 35       		.uleb128 0x35
 383 0045 00       		.byte	0
 384 0046 49       		.uleb128 0x49
 385 0047 13       		.uleb128 0x13
 386 0048 00       		.byte	0
 387 0049 00       		.byte	0
 388 004a 07       		.uleb128 0x7
 389 004b 13       		.uleb128 0x13
 390 004c 01       		.byte	0x1
 391 004d 0B       		.uleb128 0xb
 392 004e 0B       		.uleb128 0xb
 393 004f 3A       		.uleb128 0x3a
 394 0050 0B       		.uleb128 0xb
 395 0051 3B       		.uleb128 0x3b
 396 0052 0B       		.uleb128 0xb
 397 0053 01       		.uleb128 0x1
 398 0054 13       		.uleb128 0x13
 399 0055 00       		.byte	0
 400 0056 00       		.byte	0
 401 0057 08       		.uleb128 0x8
 402 0058 0D       		.uleb128 0xd
 403 0059 00       		.byte	0
 404 005a 03       		.uleb128 0x3
 405 005b 0E       		.uleb128 0xe
 406 005c 3A       		.uleb128 0x3a
 407 005d 0B       		.uleb128 0xb
 408 005e 3B       		.uleb128 0x3b
 409 005f 0B       		.uleb128 0xb
ARM GAS  C:\Users\Snufkin\AppData\Local\Temp\ccTeVxgZ.s 			page 11


 410 0060 49       		.uleb128 0x49
 411 0061 13       		.uleb128 0x13
 412 0062 38       		.uleb128 0x38
 413 0063 0B       		.uleb128 0xb
 414 0064 00       		.byte	0
 415 0065 00       		.byte	0
 416 0066 09       		.uleb128 0x9
 417 0067 2E       		.uleb128 0x2e
 418 0068 00       		.byte	0
 419 0069 3F       		.uleb128 0x3f
 420 006a 19       		.uleb128 0x19
 421 006b 03       		.uleb128 0x3
 422 006c 0E       		.uleb128 0xe
 423 006d 3A       		.uleb128 0x3a
 424 006e 0B       		.uleb128 0xb
 425 006f 3B       		.uleb128 0x3b
 426 0070 0B       		.uleb128 0xb
 427 0071 27       		.uleb128 0x27
 428 0072 19       		.uleb128 0x19
 429 0073 11       		.uleb128 0x11
 430 0074 01       		.uleb128 0x1
 431 0075 12       		.uleb128 0x12
 432 0076 06       		.uleb128 0x6
 433 0077 40       		.uleb128 0x40
 434 0078 18       		.uleb128 0x18
 435 0079 9642     		.uleb128 0x2116
 436 007b 19       		.uleb128 0x19
 437 007c 00       		.byte	0
 438 007d 00       		.byte	0
 439 007e 0A       		.uleb128 0xa
 440 007f 34       		.uleb128 0x34
 441 0080 00       		.byte	0
 442 0081 03       		.uleb128 0x3
 443 0082 0E       		.uleb128 0xe
 444 0083 3A       		.uleb128 0x3a
 445 0084 0B       		.uleb128 0xb
 446 0085 3B       		.uleb128 0x3b
 447 0086 0B       		.uleb128 0xb
 448 0087 49       		.uleb128 0x49
 449 0088 13       		.uleb128 0x13
 450 0089 02       		.uleb128 0x2
 451 008a 18       		.uleb128 0x18
 452 008b 00       		.byte	0
 453 008c 00       		.byte	0
 454 008d 00       		.byte	0
 455              		.section	.debug_aranges,"",%progbits
 456 0000 34000000 		.4byte	0x34
 457 0004 0200     		.2byte	0x2
 458 0006 00000000 		.4byte	.Ldebug_info0
 459 000a 04       		.byte	0x4
 460 000b 00       		.byte	0
 461 000c 0000     		.2byte	0
 462 000e 0000     		.2byte	0
 463 0010 00000000 		.4byte	.LFB0
 464 0014 24000000 		.4byte	.LFE0-.LFB0
 465 0018 00000000 		.4byte	.LFB1
 466 001c 24000000 		.4byte	.LFE1-.LFB1
ARM GAS  C:\Users\Snufkin\AppData\Local\Temp\ccTeVxgZ.s 			page 12


 467 0020 00000000 		.4byte	.LFB2
 468 0024 10000000 		.4byte	.LFE2-.LFB2
 469 0028 00000000 		.4byte	.LFB3
 470 002c 0C000000 		.4byte	.LFE3-.LFB3
 471 0030 00000000 		.4byte	0
 472 0034 00000000 		.4byte	0
 473              		.section	.debug_ranges,"",%progbits
 474              	.Ldebug_ranges0:
 475 0000 00000000 		.4byte	.LFB0
 476 0004 24000000 		.4byte	.LFE0
 477 0008 00000000 		.4byte	.LFB1
 478 000c 24000000 		.4byte	.LFE1
 479 0010 00000000 		.4byte	.LFB2
 480 0014 10000000 		.4byte	.LFE2
 481 0018 00000000 		.4byte	.LFB3
 482 001c 0C000000 		.4byte	.LFE3
 483 0020 00000000 		.4byte	0
 484 0024 00000000 		.4byte	0
 485              		.section	.debug_line,"",%progbits
 486              	.Ldebug_line0:
 487 0000 AC000000 		.section	.debug_str,"MS",%progbits,1
 487      02005600 
 487      00000201 
 487      FB0E0D00 
 487      01010101 
 488              	.LASF6:
 489 0000 6C6F6E67 		.ascii	"long long int\000"
 489      206C6F6E 
 489      6720696E 
 489      7400
 490              	.LASF10:
 491 000e 75696E74 		.ascii	"uint32\000"
 491      333200
 492              	.LASF8:
 493 0015 756E7369 		.ascii	"unsigned int\000"
 493      676E6564 
 493      20696E74 
 493      00
 494              	.LASF19:
 495 0022 54696D65 		.ascii	"Timer_1_backupStruct\000"
 495      725F315F 
 495      6261636B 
 495      75705374 
 495      72756374 
 496              	.LASF22:
 497 0037 54696D65 		.ascii	"Timer_1_Sleep\000"
 497      725F315F 
 497      536C6565 
 497      7000
 498              	.LASF27:
 499 0045 54696D65 		.ascii	"Timer_1_backup\000"
 499      725F315F 
 499      6261636B 
 499      757000
 500              	.LASF16:
 501 0054 54696D65 		.ascii	"TimerEnableState\000"
 501      72456E61 
ARM GAS  C:\Users\Snufkin\AppData\Local\Temp\ccTeVxgZ.s 			page 13


 501      626C6553 
 501      74617465 
 501      00
 502              	.LASF9:
 503 0065 75696E74 		.ascii	"uint8\000"
 503      3800
 504              	.LASF5:
 505 006b 6C6F6E67 		.ascii	"long unsigned int\000"
 505      20756E73 
 505      69676E65 
 505      6420696E 
 505      7400
 506              	.LASF7:
 507 007d 6C6F6E67 		.ascii	"long long unsigned int\000"
 507      206C6F6E 
 507      6720756E 
 507      7369676E 
 507      65642069 
 508              	.LASF24:
 509 0094 474E5520 		.ascii	"GNU C 4.8.4 20140526 (release) [ARM/embedded-4_8-br"
 509      4320342E 
 509      382E3420 
 509      32303134 
 509      30353236 
 510 00c7 616E6368 		.ascii	"anch revision 211358] -mcpu=cortex-m0 -mthumb -g -O"
 510      20726576 
 510      6973696F 
 510      6E203231 
 510      31333538 
 511 00fa 30202D66 		.ascii	"0 -ffunction-sections\000"
 511      66756E63 
 511      74696F6E 
 511      2D736563 
 511      74696F6E 
 512              	.LASF20:
 513 0110 54696D65 		.ascii	"Timer_1_SaveConfig\000"
 513      725F315F 
 513      53617665 
 513      436F6E66 
 513      696700
 514              	.LASF23:
 515 0123 54696D65 		.ascii	"Timer_1_Wakeup\000"
 515      725F315F 
 515      57616B65 
 515      757000
 516              	.LASF13:
 517 0132 63686172 		.ascii	"char\000"
 517      00
 518              	.LASF26:
 519 0137 433A5C55 		.ascii	"C:\\Users\\Snufkin\\Documents\\GitHub\\KingFunk2\\C"
 519      73657273 
 519      5C536E75 
 519      666B696E 
 519      5C446F63 
 520 0164 52545F74 		.ascii	"RT_timer\\CRT_timer.cydsn\000"
 520      696D6572 
 520      5C435254 
ARM GAS  C:\Users\Snufkin\AppData\Local\Temp\ccTeVxgZ.s 			page 14


 520      5F74696D 
 520      65722E63 
 521              	.LASF4:
 522 017d 6C6F6E67 		.ascii	"long int\000"
 522      20696E74 
 522      00
 523              	.LASF2:
 524 0186 73686F72 		.ascii	"short int\000"
 524      7420696E 
 524      7400
 525              	.LASF12:
 526 0190 646F7562 		.ascii	"double\000"
 526      6C6500
 527              	.LASF25:
 528 0197 2E5C4765 		.ascii	".\\Generated_Source\\PSoC4\\Timer_1_PM.c\000"
 528      6E657261 
 528      7465645F 
 528      536F7572 
 528      63655C50 
 529              	.LASF3:
 530 01bd 73686F72 		.ascii	"short unsigned int\000"
 530      7420756E 
 530      7369676E 
 530      65642069 
 530      6E7400
 531              	.LASF0:
 532 01d0 7369676E 		.ascii	"signed char\000"
 532      65642063 
 532      68617200 
 533              	.LASF1:
 534 01dc 756E7369 		.ascii	"unsigned char\000"
 534      676E6564 
 534      20636861 
 534      7200
 535              	.LASF11:
 536 01ea 666C6F61 		.ascii	"float\000"
 536      7400
 537              	.LASF21:
 538 01f0 54696D65 		.ascii	"Timer_1_RestoreConfig\000"
 538      725F315F 
 538      52657374 
 538      6F726543 
 538      6F6E6669 
 539              	.LASF17:
 540 0206 54696D65 		.ascii	"TimerUdb\000"
 540      72556462 
 540      00
 541              	.LASF14:
 542 020f 72656738 		.ascii	"reg8\000"
 542      00
 543              	.LASF18:
 544 0214 496E7465 		.ascii	"InterruptMaskValue\000"
 544      72727570 
 544      744D6173 
 544      6B56616C 
 544      756500
 545              	.LASF15:
ARM GAS  C:\Users\Snufkin\AppData\Local\Temp\ccTeVxgZ.s 			page 15


 546 0227 73697A65 		.ascii	"sizetype\000"
 546      74797065 
 546      00
 547              		.ident	"GCC: (GNU Tools for ARM Embedded Processors) 4.8.4 20140526 (release) [ARM/embedded-4_8-br
